#! /c/Source/iverilog-install/bin/vvp
:ivl_version "12.0 (devel)" "(s20150603-1539-g2693dd32b)";
:ivl_delay_selection "TYPICAL";
:vpi_time_precision - 12;
:vpi_module "C:\iverilog\lib\ivl\system.vpi";
:vpi_module "C:\iverilog\lib\ivl\vhdl_sys.vpi";
:vpi_module "C:\iverilog\lib\ivl\vhdl_textio.vpi";
:vpi_module "C:\iverilog\lib\ivl\v2005_math.vpi";
:vpi_module "C:\iverilog\lib\ivl\va_math.vpi";
:vpi_module "C:\iverilog\lib\ivl\v2009.vpi";
S_000002c063878df0 .scope package, "$unit" "$unit" 2 1;
 .timescale 0 0;
S_000002c063892d70 .scope module, "pdf_q30_tb" "pdf_q30_tb" 3 4;
 .timescale -9 -12;
v000002c06387bcb0_0 .var "clk", 0 0;
v000002c06387bd50_0 .net "local_reset_n", 0 0, L_000002c0638cac20;  1 drivers
v000002c06387bdf0_0 .var "rst_n", 0 0;
E_000002c0638c94f0 .event posedge, v000002c06387bb70_0;
E_000002c0638c9ef0 .event negedge, v000002c06387bb70_0;
S_000002c063892f00 .scope module, "dut" "q30_reset_synchronizer" 3 9, 4 1 0, S_000002c063892d70;
 .timescale -9 -12;
    .port_info 0 /INPUT 1 "clk";
    .port_info 1 /INPUT 1 "rst_n";
    .port_info 2 /OUTPUT 1 "local_reset_n";
L_000002c0638cac20 .functor AND 1, v000002c06387bdf0_0, v000002c06387a530_0, C4<1>, C4<1>;
v000002c06387bb70_0 .net "clk", 0 0, v000002c06387bcb0_0;  1 drivers
v000002c063893610_0 .net "local_reset_n", 0 0, L_000002c0638cac20;  alias, 1 drivers
v000002c06387a530_0 .var "reset_deassert", 0 0;
v000002c063893090_0 .var "reset_deassert_sync", 0 0;
v000002c063893130_0 .net "rst_n", 0 0, v000002c06387bdf0_0;  1 drivers
E_000002c0638c9830/0 .event negedge, v000002c063893130_0;
E_000002c0638c9830/1 .event posedge, v000002c06387bb70_0;
E_000002c0638c9830 .event/or E_000002c0638c9830/0, E_000002c0638c9830/1;
    .scope S_000002c063892f00;
T_0 ;
    %wait E_000002c0638c9830;
    %load/vec4 v000002c063893130_0;
    %nor/r;
    %flag_set/vec4 8;
    %jmp/0xz  T_0.0, 8;
    %pushi/vec4 0, 0, 1;
    %assign/vec4 v000002c063893090_0, 0;
    %pushi/vec4 0, 0, 1;
    %assign/vec4 v000002c06387a530_0, 0;
    %jmp T_0.1;
T_0.0 ;
    %pushi/vec4 1, 0, 1;
    %assign/vec4 v000002c063893090_0, 0;
    %load/vec4 v000002c063893090_0;
    %assign/vec4 v000002c06387a530_0, 0;
T_0.1 ;
    %jmp T_0;
    .thread T_0;
    .scope S_000002c063892d70;
T_1 ;
    %delay 5000, 0;
    %load/vec4 v000002c06387bcb0_0;
    %inv;
    %store/vec4 v000002c06387bcb0_0, 0, 1;
    %jmp T_1;
    .thread T_1;
    .scope S_000002c063892d70;
T_2 ;
    %pushi/vec4 0, 0, 1;
    %store/vec4 v000002c06387bcb0_0, 0, 1;
    %pushi/vec4 0, 0, 1;
    %store/vec4 v000002c06387bdf0_0, 0, 1;
    %delay 1000, 0;
    %load/vec4 v000002c06387bd50_0;
    %cmpi/ne 0, 0, 1;
    %jmp/0xz  T_2.0, 6;
    %vpi_call/w 3 23 "$display", "FAIL Q30: local reset should assert immediately" {0 0 0};
    %vpi_call/w 3 24 "$finish" {0 0 0};
T_2.0 ;
    %wait E_000002c0638c9ef0;
    %pushi/vec4 1, 0, 1;
    %store/vec4 v000002c06387bdf0_0, 0, 1;
    %wait E_000002c0638c94f0;
    %delay 1000, 0;
    %load/vec4 v000002c06387bd50_0;
    %cmpi/ne 0, 0, 1;
    %jmp/0xz  T_2.2, 6;
    %vpi_call/w 3 32 "$display", "FAIL Q30: deasserted too early at first clock" {0 0 0};
    %vpi_call/w 3 33 "$finish" {0 0 0};
T_2.2 ;
    %wait E_000002c0638c94f0;
    %delay 1000, 0;
    %load/vec4 v000002c06387bd50_0;
    %cmpi/ne 1, 0, 1;
    %jmp/0xz  T_2.4, 6;
    %vpi_call/w 3 39 "$display", "FAIL Q30: did not deassert after two clocks" {0 0 0};
    %vpi_call/w 3 40 "$finish" {0 0 0};
T_2.4 ;
    %delay 2000, 0;
    %pushi/vec4 0, 0, 1;
    %store/vec4 v000002c06387bdf0_0, 0, 1;
    %delay 1000, 0;
    %load/vec4 v000002c06387bd50_0;
    %cmpi/ne 0, 0, 1;
    %jmp/0xz  T_2.6, 6;
    %vpi_call/w 3 47 "$display", "FAIL Q30: async assert failed" {0 0 0};
    %vpi_call/w 3 48 "$finish" {0 0 0};
T_2.6 ;
    %wait E_000002c0638c9ef0;
    %pushi/vec4 1, 0, 1;
    %store/vec4 v000002c06387bdf0_0, 0, 1;
    %wait E_000002c0638c94f0;
    %delay 1000, 0;
    %load/vec4 v000002c06387bd50_0;
    %cmpi/ne 0, 0, 1;
    %jmp/0xz  T_2.8, 6;
    %vpi_call/w 3 55 "$display", "FAIL Q30: re-deasserted too early" {0 0 0};
    %vpi_call/w 3 56 "$finish" {0 0 0};
T_2.8 ;
    %wait E_000002c0638c94f0;
    %delay 1000, 0;
    %load/vec4 v000002c06387bd50_0;
    %cmpi/ne 1, 0, 1;
    %jmp/0xz  T_2.10, 6;
    %vpi_call/w 3 61 "$display", "FAIL Q30: re-deassert failed" {0 0 0};
    %vpi_call/w 3 62 "$finish" {0 0 0};
T_2.10 ;
    %vpi_call/w 3 65 "$display", "PASS Q30" {0 0 0};
    %vpi_call/w 3 66 "$finish" {0 0 0};
    %end;
    .thread T_2;
# The file index is used to find the file name in the following table.
:file_names 5;
    "N/A";
    "<interactive>";
    "-";
    "C:\Users\kapil\OneDrive\Desktop\Practiceverilog\tb\pdf_q30_tb.v";
    "./qa/pdf_q28_q30/q30_reset_synchronizer.v";
