#! /c/Source/iverilog-install/bin/vvp
:ivl_version "12.0 (devel)" "(s20150603-1539-g2693dd32b)";
:ivl_delay_selection "TYPICAL";
:vpi_time_precision - 12;
:vpi_module "C:\iverilog\lib\ivl\system.vpi";
:vpi_module "C:\iverilog\lib\ivl\vhdl_sys.vpi";
:vpi_module "C:\iverilog\lib\ivl\vhdl_textio.vpi";
:vpi_module "C:\iverilog\lib\ivl\v2005_math.vpi";
:vpi_module "C:\iverilog\lib\ivl\va_math.vpi";
:vpi_module "C:\iverilog\lib\ivl\v2009.vpi";
S_000001cce40bbae0 .scope package, "$unit" "$unit" 2 1;
 .timescale 0 0;
S_000001cce40b9fb0 .scope module, "pdf_q29_tb" "pdf_q29_tb" 3 4;
 .timescale -9 -12;
v000001cce40bbd10_0 .var "clr_n", 0 0;
v000001cce3f12d40_0 .var "d_async", 0 0;
v000001cce3f12de0_0 .net "q", 0 0, v000001cce40bbc70_0;  1 drivers
S_000001cce40ba140 .scope module, "dut" "q29_async_rise_detect_when_clocks_off" 3 9, 4 1 0, S_000001cce40b9fb0;
 .timescale -9 -12;
    .port_info 0 /INPUT 1 "d_async";
    .port_info 1 /INPUT 1 "clr_n";
    .port_info 2 /OUTPUT 1 "q";
v000001cce3f135c0_0 .net "clr_n", 0 0, v000001cce40bbd10_0;  1 drivers
v000001cce3f133a0_0 .net "d_async", 0 0, v000001cce3f12d40_0;  1 drivers
v000001cce40bbc70_0 .var "q", 0 0;
E_000001cce40bb4e0/0 .event negedge, v000001cce3f135c0_0;
E_000001cce40bb4e0/1 .event posedge, v000001cce3f133a0_0;
E_000001cce40bb4e0 .event/or E_000001cce40bb4e0/0, E_000001cce40bb4e0/1;
    .scope S_000001cce40ba140;
T_0 ;
    %wait E_000001cce40bb4e0;
    %load/vec4 v000001cce3f135c0_0;
    %nor/r;
    %flag_set/vec4 8;
    %jmp/0xz  T_0.0, 8;
    %pushi/vec4 0, 0, 1;
    %assign/vec4 v000001cce40bbc70_0, 0;
    %jmp T_0.1;
T_0.0 ;
    %pushi/vec4 1, 0, 1;
    %assign/vec4 v000001cce40bbc70_0, 0;
T_0.1 ;
    %jmp T_0;
    .thread T_0;
    .scope S_000001cce40b9fb0;
T_1 ;
    %pushi/vec4 0, 0, 1;
    %store/vec4 v000001cce3f12d40_0, 0, 1;
    %pushi/vec4 0, 0, 1;
    %store/vec4 v000001cce40bbd10_0, 0, 1;
    %delay 1000, 0;
    %load/vec4 v000001cce3f12de0_0;
    %cmpi/ne 0, 0, 1;
    %jmp/0xz  T_1.0, 6;
    %vpi_call/w 3 20 "$display", "FAIL Q29: q should reset low" {0 0 0};
    %vpi_call/w 3 21 "$finish" {0 0 0};
T_1.0 ;
    %pushi/vec4 1, 0, 1;
    %store/vec4 v000001cce40bbd10_0, 0, 1;
    %delay 2000, 0;
    %load/vec4 v000001cce3f12de0_0;
    %cmpi/ne 0, 0, 1;
    %jmp/0xz  T_1.2, 6;
    %vpi_call/w 3 27 "$display", "FAIL Q29: q should stay low before rising edge" {0 0 0};
    %vpi_call/w 3 28 "$finish" {0 0 0};
T_1.2 ;
    %pushi/vec4 1, 0, 1;
    %store/vec4 v000001cce3f12d40_0, 0, 1;
    %delay 1000, 0;
    %load/vec4 v000001cce3f12de0_0;
    %cmpi/ne 1, 0, 1;
    %jmp/0xz  T_1.4, 6;
    %vpi_call/w 3 34 "$display", "FAIL Q29: q did not set on async rising edge" {0 0 0};
    %vpi_call/w 3 35 "$finish" {0 0 0};
T_1.4 ;
    %pushi/vec4 0, 0, 1;
    %store/vec4 v000001cce3f12d40_0, 0, 1;
    %delay 1000, 0;
    %load/vec4 v000001cce3f12de0_0;
    %cmpi/ne 1, 0, 1;
    %jmp/0xz  T_1.6, 6;
    %vpi_call/w 3 41 "$display", "FAIL Q29: q should hold high" {0 0 0};
    %vpi_call/w 3 42 "$finish" {0 0 0};
T_1.6 ;
    %pushi/vec4 0, 0, 1;
    %store/vec4 v000001cce40bbd10_0, 0, 1;
    %delay 1000, 0;
    %load/vec4 v000001cce3f12de0_0;
    %cmpi/ne 0, 0, 1;
    %jmp/0xz  T_1.8, 6;
    %vpi_call/w 3 48 "$display", "FAIL Q29: q did not clear" {0 0 0};
    %vpi_call/w 3 49 "$finish" {0 0 0};
T_1.8 ;
    %vpi_call/w 3 52 "$display", "PASS Q29" {0 0 0};
    %vpi_call/w 3 53 "$finish" {0 0 0};
    %end;
    .thread T_1;
# The file index is used to find the file name in the following table.
:file_names 5;
    "N/A";
    "<interactive>";
    "-";
    "tb/pdf_q29_tb.v";
    "./qa/pdf_q28_q30/q29_async_rise_detect_when_clocks_off.v";
