#! /c/Source/iverilog-install/bin/vvp
:ivl_version "12.0 (devel)" "(s20150603-1539-g2693dd32b)";
:ivl_delay_selection "TYPICAL";
:vpi_time_precision - 12;
:vpi_module "C:\iverilog\lib\ivl\system.vpi";
:vpi_module "C:\iverilog\lib\ivl\vhdl_sys.vpi";
:vpi_module "C:\iverilog\lib\ivl\vhdl_textio.vpi";
:vpi_module "C:\iverilog\lib\ivl\v2005_math.vpi";
:vpi_module "C:\iverilog\lib\ivl\va_math.vpi";
:vpi_module "C:\iverilog\lib\ivl\v2009.vpi";
S_000001cd12aaac60 .scope package, "$unit" "$unit" 2 1;
 .timescale 0 0;
S_000001cd12a6eb50 .scope module, "pdf_q07_tb" "pdf_q07_tb" 3 4;
 .timescale -9 -12;
v000001cd12ab4bc0_0 .var "a", 0 0;
v000001cd12ab4580_0 .var "b", 0 0;
v000001cd12ab4da0_0 .var "c", 0 0;
v000001cd12ab4800_0 .var "d", 0 0;
v000001cd12ab3ea0_0 .var "exp", 0 0;
v000001cd12ab4940_0 .var/i "i", 31 0;
v000001cd12ab3f40_0 .var "sel", 1 0;
v000001cd12ab4300_0 .net "y_a", 0 0, L_000001cd12b0f140;  1 drivers
v000001cd12ab4080_0 .net "y_b", 0 0, v000001cd12ab4b20_0;  1 drivers
v000001cd12b0ee20_0 .net "y_c", 0 0, v000001cd12ab48a0_0;  1 drivers
S_000001cd12a6ece0 .scope module, "dut_a" "q07_a" 3 11, 4 1 0, S_000001cd12a6eb50;
 .timescale -9 -12;
    .port_info 0 /INPUT 1 "a";
    .port_info 1 /INPUT 1 "b";
    .port_info 2 /INPUT 1 "c";
    .port_info 3 /INPUT 1 "d";
    .port_info 4 /INPUT 2 "sel";
    .port_info 5 /OUTPUT 1 "y";
L_000001cd12b10208 .functor BUFT 1, C4<00>, C4<0>, C4<0>, C4<0>;
v000001cd12a833d0_0 .net/2u *"_ivl_0", 1 0, L_000001cd12b10208;  1 drivers
v000001cd12a6ee70_0 .net *"_ivl_10", 0 0, L_000001cd12b0f000;  1 drivers
v000001cd12a6ef10_0 .net *"_ivl_12", 0 0, L_000001cd12b0e4c0;  1 drivers
v000001cd12a82d70_0 .net *"_ivl_14", 0 0, L_000001cd12b0ffa0;  1 drivers
v000001cd12a82e10_0 .net *"_ivl_2", 0 0, L_000001cd12b0e560;  1 drivers
L_000001cd12b10250 .functor BUFT 1, C4<01>, C4<0>, C4<0>, C4<0>;
v000001cd12a82eb0_0 .net/2u *"_ivl_4", 1 0, L_000001cd12b10250;  1 drivers
v000001cd12a82f50_0 .net *"_ivl_6", 0 0, L_000001cd12b0e2e0;  1 drivers
L_000001cd12b10298 .functor BUFT 1, C4<10>, C4<0>, C4<0>, C4<0>;
v000001cd12a82ff0_0 .net/2u *"_ivl_8", 1 0, L_000001cd12b10298;  1 drivers
v000001cd12a83090_0 .net "a", 0 0, v000001cd12ab4bc0_0;  1 drivers
v000001cd12a83130_0 .net "b", 0 0, v000001cd12ab4580_0;  1 drivers
v000001cd12ab49e0_0 .net "c", 0 0, v000001cd12ab4da0_0;  1 drivers
v000001cd12ab4120_0 .net "d", 0 0, v000001cd12ab4800_0;  1 drivers
v000001cd12ab4620_0 .net "sel", 1 0, v000001cd12ab3f40_0;  1 drivers
v000001cd12ab4d00_0 .net "y", 0 0, L_000001cd12b0f140;  alias, 1 drivers
L_000001cd12b0e560 .cmp/eq 2, v000001cd12ab3f40_0, L_000001cd12b10208;
L_000001cd12b0e2e0 .cmp/eq 2, v000001cd12ab3f40_0, L_000001cd12b10250;
L_000001cd12b0f000 .cmp/eq 2, v000001cd12ab3f40_0, L_000001cd12b10298;
L_000001cd12b0e4c0 .functor MUXZ 1, v000001cd12ab4800_0, v000001cd12ab4da0_0, L_000001cd12b0f000, C4<>;
L_000001cd12b0ffa0 .functor MUXZ 1, L_000001cd12b0e4c0, v000001cd12ab4580_0, L_000001cd12b0e2e0, C4<>;
L_000001cd12b0f140 .functor MUXZ 1, L_000001cd12b0ffa0, v000001cd12ab4bc0_0, L_000001cd12b0e560, C4<>;
S_000001cd12ab4e60 .scope module, "dut_b" "q07_b" 3 12, 4 14 0, S_000001cd12a6eb50;
 .timescale -9 -12;
    .port_info 0 /INPUT 1 "a";
    .port_info 1 /INPUT 1 "b";
    .port_info 2 /INPUT 1 "c";
    .port_info 3 /INPUT 1 "d";
    .port_info 4 /INPUT 2 "sel";
    .port_info 5 /OUTPUT 1 "y";
v000001cd12ab4c60_0 .net "a", 0 0, v000001cd12ab4bc0_0;  alias, 1 drivers
v000001cd12ab3fe0_0 .net "b", 0 0, v000001cd12ab4580_0;  alias, 1 drivers
v000001cd12ab44e0_0 .net "c", 0 0, v000001cd12ab4da0_0;  alias, 1 drivers
v000001cd12ab46c0_0 .net "d", 0 0, v000001cd12ab4800_0;  alias, 1 drivers
v000001cd12ab4a80_0 .net "sel", 1 0, v000001cd12ab3f40_0;  alias, 1 drivers
v000001cd12ab4b20_0 .var "y", 0 0;
E_000001cd12a6af80/0 .event anyedge, v000001cd12ab4620_0, v000001cd12a83090_0, v000001cd12a83130_0, v000001cd12ab49e0_0;
E_000001cd12a6af80/1 .event anyedge, v000001cd12ab4120_0;
E_000001cd12a6af80 .event/or E_000001cd12a6af80/0, E_000001cd12a6af80/1;
S_000001cd12b0d050 .scope module, "dut_c" "q07_c" 3 13, 4 34 0, S_000001cd12a6eb50;
 .timescale -9 -12;
    .port_info 0 /INPUT 1 "a";
    .port_info 1 /INPUT 1 "b";
    .port_info 2 /INPUT 1 "c";
    .port_info 3 /INPUT 1 "d";
    .port_info 4 /INPUT 2 "sel";
    .port_info 5 /OUTPUT 1 "y";
v000001cd12ab4760_0 .net "a", 0 0, v000001cd12ab4bc0_0;  alias, 1 drivers
v000001cd12ab4440_0 .net "b", 0 0, v000001cd12ab4580_0;  alias, 1 drivers
v000001cd12ab41c0_0 .net "c", 0 0, v000001cd12ab4da0_0;  alias, 1 drivers
v000001cd12ab4260_0 .net "d", 0 0, v000001cd12ab4800_0;  alias, 1 drivers
v000001cd12ab43a0_0 .net "sel", 1 0, v000001cd12ab3f40_0;  alias, 1 drivers
v000001cd12ab48a0_0 .var "y", 0 0;
    .scope S_000001cd12ab4e60;
T_0 ;
    %wait E_000001cd12a6af80;
    %load/vec4 v000001cd12ab4a80_0;
    %cmpi/e 0, 0, 2;
    %jmp/0xz  T_0.0, 4;
    %load/vec4 v000001cd12ab4c60_0;
    %store/vec4 v000001cd12ab4b20_0, 0, 1;
    %jmp T_0.1;
T_0.0 ;
    %load/vec4 v000001cd12ab4a80_0;
    %cmpi/e 1, 0, 2;
    %jmp/0xz  T_0.2, 4;
    %load/vec4 v000001cd12ab3fe0_0;
    %store/vec4 v000001cd12ab4b20_0, 0, 1;
    %jmp T_0.3;
T_0.2 ;
    %load/vec4 v000001cd12ab4a80_0;
    %cmpi/e 2, 0, 2;
    %jmp/0xz  T_0.4, 4;
    %load/vec4 v000001cd12ab44e0_0;
    %store/vec4 v000001cd12ab4b20_0, 0, 1;
    %jmp T_0.5;
T_0.4 ;
    %load/vec4 v000001cd12ab46c0_0;
    %store/vec4 v000001cd12ab4b20_0, 0, 1;
T_0.5 ;
T_0.3 ;
T_0.1 ;
    %jmp T_0;
    .thread T_0, $push;
    .scope S_000001cd12b0d050;
T_1 ;
    %wait E_000001cd12a6af80;
    %load/vec4 v000001cd12ab43a0_0;
    %dup/vec4;
    %pushi/vec4 0, 0, 2;
    %cmp/u;
    %jmp/1 T_1.0, 6;
    %dup/vec4;
    %pushi/vec4 1, 0, 2;
    %cmp/u;
    %jmp/1 T_1.1, 6;
    %dup/vec4;
    %pushi/vec4 2, 0, 2;
    %cmp/u;
    %jmp/1 T_1.2, 6;
    %load/vec4 v000001cd12ab4260_0;
    %store/vec4 v000001cd12ab48a0_0, 0, 1;
    %jmp T_1.4;
T_1.0 ;
    %load/vec4 v000001cd12ab4760_0;
    %store/vec4 v000001cd12ab48a0_0, 0, 1;
    %jmp T_1.4;
T_1.1 ;
    %load/vec4 v000001cd12ab4440_0;
    %store/vec4 v000001cd12ab48a0_0, 0, 1;
    %jmp T_1.4;
T_1.2 ;
    %load/vec4 v000001cd12ab41c0_0;
    %store/vec4 v000001cd12ab48a0_0, 0, 1;
    %jmp T_1.4;
T_1.4 ;
    %pop/vec4 1;
    %jmp T_1;
    .thread T_1, $push;
    .scope S_000001cd12a6eb50;
T_2 ;
    %pushi/vec4 0, 0, 32;
    %store/vec4 v000001cd12ab4940_0, 0, 32;
T_2.0 ;
    %load/vec4 v000001cd12ab4940_0;
    %cmpi/s 64, 0, 32;
    %jmp/0xz T_2.1, 5;
    %load/vec4 v000001cd12ab4940_0;
    %parti/s 6, 0, 2;
    %split/vec4 2;
    %store/vec4 v000001cd12ab3f40_0, 0, 2;
    %split/vec4 1;
    %store/vec4 v000001cd12ab4800_0, 0, 1;
    %split/vec4 1;
    %store/vec4 v000001cd12ab4da0_0, 0, 1;
    %split/vec4 1;
    %store/vec4 v000001cd12ab4580_0, 0, 1;
    %store/vec4 v000001cd12ab4bc0_0, 0, 1;
    %delay 1000, 0;
    %load/vec4 v000001cd12ab3f40_0;
    %dup/vec4;
    %pushi/vec4 0, 0, 2;
    %cmp/u;
    %jmp/1 T_2.2, 6;
    %dup/vec4;
    %pushi/vec4 1, 0, 2;
    %cmp/u;
    %jmp/1 T_2.3, 6;
    %dup/vec4;
    %pushi/vec4 2, 0, 2;
    %cmp/u;
    %jmp/1 T_2.4, 6;
    %load/vec4 v000001cd12ab4800_0;
    %store/vec4 v000001cd12ab3ea0_0, 0, 1;
    %jmp T_2.6;
T_2.2 ;
    %load/vec4 v000001cd12ab4bc0_0;
    %store/vec4 v000001cd12ab3ea0_0, 0, 1;
    %jmp T_2.6;
T_2.3 ;
    %load/vec4 v000001cd12ab4580_0;
    %store/vec4 v000001cd12ab3ea0_0, 0, 1;
    %jmp T_2.6;
T_2.4 ;
    %load/vec4 v000001cd12ab4da0_0;
    %store/vec4 v000001cd12ab3ea0_0, 0, 1;
    %jmp T_2.6;
T_2.6 ;
    %pop/vec4 1;
    %load/vec4 v000001cd12ab4300_0;
    %load/vec4 v000001cd12ab3ea0_0;
    %cmp/ne;
    %jmp/0xz  T_2.7, 6;
    %vpi_call/w 3 26 "$display", "FAIL Q07 A i=%0d", v000001cd12ab4940_0 {0 0 0};
    %vpi_call/w 3 26 "$finish" {0 0 0};
T_2.7 ;
    %load/vec4 v000001cd12ab4080_0;
    %load/vec4 v000001cd12ab3ea0_0;
    %cmp/ne;
    %jmp/0xz  T_2.9, 6;
    %vpi_call/w 3 27 "$display", "FAIL Q07 B i=%0d", v000001cd12ab4940_0 {0 0 0};
    %vpi_call/w 3 27 "$finish" {0 0 0};
T_2.9 ;
    %load/vec4 v000001cd12b0ee20_0;
    %load/vec4 v000001cd12ab3ea0_0;
    %cmp/ne;
    %jmp/0xz  T_2.11, 6;
    %vpi_call/w 3 28 "$display", "FAIL Q07 C i=%0d", v000001cd12ab4940_0 {0 0 0};
    %vpi_call/w 3 28 "$finish" {0 0 0};
T_2.11 ;
    %load/vec4 v000001cd12ab4940_0;
    %addi 1, 0, 32;
    %store/vec4 v000001cd12ab4940_0, 0, 32;
    %jmp T_2.0;
T_2.1 ;
    %vpi_call/w 3 30 "$display", "PASS Q07" {0 0 0};
    %vpi_call/w 3 31 "$finish" {0 0 0};
    %end;
    .thread T_2;
# The file index is used to find the file name in the following table.
:file_names 5;
    "N/A";
    "<interactive>";
    "-";
    "C:\Users\kapil\OneDrive\Desktop\Practiceverilog\tb\pdf_q07_tb.v";
    "./qa/pdf_q07_q11/q07_mux4_styles.v";
