#! /c/Source/iverilog-install/bin/vvp
:ivl_version "12.0 (devel)" "(s20150603-1539-g2693dd32b)";
:ivl_delay_selection "TYPICAL";
:vpi_time_precision - 12;
:vpi_module "C:\iverilog\lib\ivl\system.vpi";
:vpi_module "C:\iverilog\lib\ivl\vhdl_sys.vpi";
:vpi_module "C:\iverilog\lib\ivl\vhdl_textio.vpi";
:vpi_module "C:\iverilog\lib\ivl\v2005_math.vpi";
:vpi_module "C:\iverilog\lib\ivl\va_math.vpi";
:vpi_module "C:\iverilog\lib\ivl\v2009.vpi";
S_00000128d3abda80 .scope package, "$unit" "$unit" 2 1;
 .timescale 0 0;
S_00000128d3a7e930 .scope module, "pdf_q15_tb" "pdf_q15_tb" 3 4;
 .timescale -9 -12;
v00000128d3b22cb0_0 .var "clk", 0 0;
v00000128d3b23250_0 .net "cs1", 0 0, L_00000128d3ab8390;  1 drivers
v00000128d3b232f0_0 .net "cs2", 0 0, L_00000128d3ab7ec0;  1 drivers
v00000128d3b22d50_0 .net "cs3", 0 0, L_00000128d3ab82b0;  1 drivers
v00000128d3b23070_0 .var/i "cs_count", 31 0;
v00000128d3b23110_0 .var/i "i", 31 0;
v00000128d3b23610_0 .var/i "phase", 31 0;
v00000128d3b23750_0 .var "rst", 0 0;
v00000128d3b22b70_0 .net "start", 0 0, L_00000128d3b23390;  1 drivers
v00000128d3b22e90_0 .var/i "start_count", 31 0;
E_00000128d3abcd20 .event posedge, v00000128d3b22df0_0;
S_00000128d3a7eac0 .scope module, "dut" "q15_start_and_chipselects" 3 17, 4 1 0, S_00000128d3a7e930;
 .timescale -9 -12;
    .port_info 0 /INPUT 1 "clk";
    .port_info 1 /INPUT 1 "rst";
    .port_info 2 /OUTPUT 1 "start";
    .port_info 3 /OUTPUT 1 "cs1";
    .port_info 4 /OUTPUT 1 "cs2";
    .port_info 5 /OUTPUT 1 "cs3";
L_00000128d3ab8390 .functor AND 1, v00000128d3b22fd0_0, L_00000128d3b237f0, C4<1>, C4<1>;
L_00000128d3ab7ec0 .functor AND 1, v00000128d3b22fd0_0, L_00000128d3b228f0, C4<1>, C4<1>;
L_00000128d3ab82b0 .functor AND 1, v00000128d3b22fd0_0, L_00000128d3b22a30, C4<1>, C4<1>;
L_00000128d3b238b8 .functor BUFT 1, C4<01>, C4<0>, C4<0>, C4<0>;
v00000128d3ab92f0_0 .net/2u *"_ivl_0", 1 0, L_00000128d3b238b8;  1 drivers
L_00000128d3b23948 .functor BUFT 1, C4<01>, C4<0>, C4<0>, C4<0>;
v00000128d3a93170_0 .net/2u *"_ivl_10", 1 0, L_00000128d3b23948;  1 drivers
v00000128d3abdc10_0 .net *"_ivl_12", 0 0, L_00000128d3b228f0;  1 drivers
L_00000128d3b23990 .functor BUFT 1, C4<10>, C4<0>, C4<0>, C4<0>;
v00000128d3ab8860_0 .net/2u *"_ivl_16", 1 0, L_00000128d3b23990;  1 drivers
v00000128d3ab8900_0 .net *"_ivl_18", 0 0, L_00000128d3b22a30;  1 drivers
L_00000128d3b23900 .functor BUFT 1, C4<00>, C4<0>, C4<0>, C4<0>;
v00000128d3a7ec50_0 .net/2u *"_ivl_4", 1 0, L_00000128d3b23900;  1 drivers
v00000128d3a7ecf0_0 .net *"_ivl_6", 0 0, L_00000128d3b237f0;  1 drivers
v00000128d3b22df0_0 .net "clk", 0 0, v00000128d3b22cb0_0;  1 drivers
v00000128d3b23570_0 .var "counter", 1 0;
v00000128d3b22c10_0 .net "cs1", 0 0, L_00000128d3ab8390;  alias, 1 drivers
v00000128d3b236b0_0 .net "cs2", 0 0, L_00000128d3ab7ec0;  alias, 1 drivers
v00000128d3b22ad0_0 .net "cs3", 0 0, L_00000128d3ab82b0;  alias, 1 drivers
v00000128d3b22990_0 .net "rst", 0 0, v00000128d3b23750_0;  1 drivers
v00000128d3b23430_0 .var "sel", 1 0;
v00000128d3b231b0_0 .net "start", 0 0, L_00000128d3b23390;  alias, 1 drivers
v00000128d3b22fd0_0 .var "start_d", 0 0;
E_00000128d3abcf20 .event posedge, v00000128d3b22990_0, v00000128d3b22df0_0;
L_00000128d3b23390 .cmp/eq 2, v00000128d3b23570_0, L_00000128d3b238b8;
L_00000128d3b237f0 .cmp/eq 2, v00000128d3b23430_0, L_00000128d3b23900;
L_00000128d3b228f0 .cmp/eq 2, v00000128d3b23430_0, L_00000128d3b23948;
L_00000128d3b22a30 .cmp/eq 2, v00000128d3b23430_0, L_00000128d3b23990;
    .scope S_00000128d3a7eac0;
T_0 ;
    %wait E_00000128d3abcf20;
    %load/vec4 v00000128d3b22990_0;
    %flag_set/vec4 8;
    %jmp/0xz  T_0.0, 8;
    %pushi/vec4 0, 0, 2;
    %assign/vec4 v00000128d3b23570_0, 0;
    %jmp T_0.1;
T_0.0 ;
    %load/vec4 v00000128d3b23570_0;
    %cmpi/e 2, 0, 2;
    %jmp/0xz  T_0.2, 4;
    %pushi/vec4 0, 0, 2;
    %assign/vec4 v00000128d3b23570_0, 0;
    %jmp T_0.3;
T_0.2 ;
    %load/vec4 v00000128d3b23570_0;
    %addi 1, 0, 2;
    %assign/vec4 v00000128d3b23570_0, 0;
T_0.3 ;
T_0.1 ;
    %jmp T_0;
    .thread T_0;
    .scope S_00000128d3a7eac0;
T_1 ;
    %wait E_00000128d3abcf20;
    %load/vec4 v00000128d3b22990_0;
    %flag_set/vec4 8;
    %jmp/0xz  T_1.0, 8;
    %pushi/vec4 0, 0, 1;
    %assign/vec4 v00000128d3b22fd0_0, 0;
    %pushi/vec4 0, 0, 2;
    %assign/vec4 v00000128d3b23430_0, 0;
    %jmp T_1.1;
T_1.0 ;
    %load/vec4 v00000128d3b231b0_0;
    %assign/vec4 v00000128d3b22fd0_0, 0;
    %load/vec4 v00000128d3b22fd0_0;
    %flag_set/vec4 8;
    %jmp/0xz  T_1.2, 8;
    %load/vec4 v00000128d3b23430_0;
    %cmpi/e 2, 0, 2;
    %jmp/0xz  T_1.4, 4;
    %pushi/vec4 0, 0, 2;
    %assign/vec4 v00000128d3b23430_0, 0;
    %jmp T_1.5;
T_1.4 ;
    %load/vec4 v00000128d3b23430_0;
    %addi 1, 0, 2;
    %assign/vec4 v00000128d3b23430_0, 0;
T_1.5 ;
T_1.2 ;
T_1.1 ;
    %jmp T_1;
    .thread T_1;
    .scope S_00000128d3a7e930;
T_2 ;
    %delay 5000, 0;
    %load/vec4 v00000128d3b22cb0_0;
    %inv;
    %store/vec4 v00000128d3b22cb0_0, 0, 1;
    %jmp T_2;
    .thread T_2;
    .scope S_00000128d3a7e930;
T_3 ;
    %pushi/vec4 0, 0, 1;
    %store/vec4 v00000128d3b22cb0_0, 0, 1;
    %pushi/vec4 1, 0, 1;
    %store/vec4 v00000128d3b23750_0, 0, 1;
    %pushi/vec4 0, 0, 32;
    %store/vec4 v00000128d3b22e90_0, 0, 32;
    %pushi/vec4 0, 0, 32;
    %store/vec4 v00000128d3b23070_0, 0, 32;
    %pushi/vec4 0, 0, 32;
    %store/vec4 v00000128d3b23610_0, 0, 32;
    %pushi/vec4 2, 0, 32;
T_3.0 %dup/vec4;
    %pushi/vec4 0, 0, 32;
    %cmp/s;
    %jmp/1xz T_3.1, 5;
    %jmp/1 T_3.1, 4;
    %pushi/vec4 1, 0, 32;
    %sub;
    %wait E_00000128d3abcd20;
    %jmp T_3.0;
T_3.1 ;
    %pop/vec4 1;
    %pushi/vec4 0, 0, 1;
    %store/vec4 v00000128d3b23750_0, 0, 1;
    %pushi/vec4 0, 0, 32;
    %store/vec4 v00000128d3b23110_0, 0, 32;
T_3.2 ;
    %load/vec4 v00000128d3b23110_0;
    %cmpi/s 18, 0, 32;
    %jmp/0xz T_3.3, 5;
    %wait E_00000128d3abcd20;
    %delay 1000, 0;
    %load/vec4 v00000128d3b22b70_0;
    %flag_set/vec4 8;
    %jmp/0xz  T_3.4, 8;
    %load/vec4 v00000128d3b22e90_0;
    %addi 1, 0, 32;
    %store/vec4 v00000128d3b22e90_0, 0, 32;
T_3.4 ;
    %load/vec4 v00000128d3b23250_0;
    %pad/u 32;
    %load/vec4 v00000128d3b232f0_0;
    %pad/u 32;
    %add;
    %load/vec4 v00000128d3b22d50_0;
    %pad/u 32;
    %add;
    %cmpi/u 1, 0, 32;
    %flag_or 5, 4; GT is !LE
    %flag_inv 5;
    %jmp/0xz  T_3.6, 5;
    %vpi_call/w 3 46 "$display", "FAIL Q15: multiple chip-selects high" {0 0 0};
    %vpi_call/w 3 47 "$finish" {0 0 0};
T_3.6 ;
    %load/vec4 v00000128d3b23250_0;
    %flag_set/vec4 8;
    %jmp/1 T_3.11, 8;
    %load/vec4 v00000128d3b232f0_0;
    %flag_set/vec4 9;
    %flag_or 8, 9;
T_3.11;
    %jmp/1 T_3.10, 8;
    %load/vec4 v00000128d3b22d50_0;
    %flag_set/vec4 9;
    %flag_or 8, 9;
T_3.10;
    %jmp/0xz  T_3.8, 8;
    %load/vec4 v00000128d3b23070_0;
    %addi 1, 0, 32;
    %store/vec4 v00000128d3b23070_0, 0, 32;
    %load/vec4 v00000128d3b23610_0;
    %cmpi/e 0, 0, 32;
    %flag_get/vec4 4;
    %jmp/0 T_3.14, 4;
    %load/vec4 v00000128d3b23250_0;
    %nor/r;
    %and;
T_3.14;
    %flag_set/vec4 8;
    %jmp/0xz  T_3.12, 8;
    %vpi_call/w 3 53 "$display", "FAIL Q15: expected cs1" {0 0 0};
    %vpi_call/w 3 54 "$finish" {0 0 0};
T_3.12 ;
    %load/vec4 v00000128d3b23610_0;
    %cmpi/e 1, 0, 32;
    %flag_get/vec4 4;
    %jmp/0 T_3.17, 4;
    %load/vec4 v00000128d3b232f0_0;
    %nor/r;
    %and;
T_3.17;
    %flag_set/vec4 8;
    %jmp/0xz  T_3.15, 8;
    %vpi_call/w 3 57 "$display", "FAIL Q15: expected cs2" {0 0 0};
    %vpi_call/w 3 58 "$finish" {0 0 0};
T_3.15 ;
    %load/vec4 v00000128d3b23610_0;
    %cmpi/e 2, 0, 32;
    %flag_get/vec4 4;
    %jmp/0 T_3.20, 4;
    %load/vec4 v00000128d3b22d50_0;
    %nor/r;
    %and;
T_3.20;
    %flag_set/vec4 8;
    %jmp/0xz  T_3.18, 8;
    %vpi_call/w 3 61 "$display", "FAIL Q15: expected cs3" {0 0 0};
    %vpi_call/w 3 62 "$finish" {0 0 0};
T_3.18 ;
    %load/vec4 v00000128d3b23610_0;
    %cmpi/e 2, 0, 32;
    %flag_mov 8, 4;
    %jmp/0 T_3.21, 8;
    %pushi/vec4 0, 0, 32;
    %jmp/1 T_3.22, 8;
T_3.21 ; End of true expr.
    %load/vec4 v00000128d3b23610_0;
    %addi 1, 0, 32;
    %jmp/0 T_3.22, 8;
 ; End of false expr.
    %blend;
T_3.22;
    %store/vec4 v00000128d3b23610_0, 0, 32;
T_3.8 ;
    %load/vec4 v00000128d3b23110_0;
    %addi 1, 0, 32;
    %store/vec4 v00000128d3b23110_0, 0, 32;
    %jmp T_3.2;
T_3.3 ;
    %load/vec4 v00000128d3b22e90_0;
    %cmpi/ne 6, 0, 32;
    %jmp/0xz  T_3.23, 6;
    %vpi_call/w 3 69 "$display", "FAIL Q15: expected 6 start pulses, got %0d", v00000128d3b22e90_0 {0 0 0};
    %vpi_call/w 3 70 "$finish" {0 0 0};
T_3.23 ;
    %load/vec4 v00000128d3b23070_0;
    %cmpi/ne 6, 0, 32;
    %jmp/0xz  T_3.25, 6;
    %vpi_call/w 3 74 "$display", "FAIL Q15: expected 6 CS pulses, got %0d", v00000128d3b23070_0 {0 0 0};
    %vpi_call/w 3 75 "$finish" {0 0 0};
T_3.25 ;
    %vpi_call/w 3 78 "$display", "PASS Q15" {0 0 0};
    %vpi_call/w 3 79 "$finish" {0 0 0};
    %end;
    .thread T_3;
# The file index is used to find the file name in the following table.
:file_names 5;
    "N/A";
    "<interactive>";
    "-";
    "C:\Users\kapil\OneDrive\Desktop\Practiceverilog\tb\pdf_q15_tb.v";
    "./qa/pdf_q12_q18/q15_start_and_chipselects.v";
