#! /c/Source/iverilog-install/bin/vvp
:ivl_version "12.0 (devel)" "(s20150603-1539-g2693dd32b)";
:ivl_delay_selection "TYPICAL";
:vpi_time_precision - 12;
:vpi_module "C:\iverilog\lib\ivl\system.vpi";
:vpi_module "C:\iverilog\lib\ivl\vhdl_sys.vpi";
:vpi_module "C:\iverilog\lib\ivl\vhdl_textio.vpi";
:vpi_module "C:\iverilog\lib\ivl\v2005_math.vpi";
:vpi_module "C:\iverilog\lib\ivl\va_math.vpi";
:vpi_module "C:\iverilog\lib\ivl\v2009.vpi";
S_0000016399ab87f0 .scope package, "$unit" "$unit" 2 1;
 .timescale 0 0;
S_0000016399ab8980 .scope module, "pdf_q26_tb" "pdf_q26_tb" 3 4;
 .timescale -9 -12;
v0000016399b0acd0_0 .var "clk", 0 0;
v0000016399b0a910_0 .var/i "clk_cycles", 31 0;
v0000016399b0a9b0_0 .net "clk_div3", 0 0, L_0000016399aa92f0;  1 drivers
v0000016399b0a730_0 .var/i "last_rise_cycle", 31 0;
v0000016399b0a690_0 .var/i "rise_count", 31 0;
v0000016399b0a7d0_0 .var "rst_n", 0 0;
E_0000016399aa5810 .event posedge, v0000016399aa6ca0_0;
E_0000016399aa5d90 .event posedge, v000001639992bd20_0;
S_0000016399a82d70 .scope module, "dut" "q26_clock_div3_duty50" 3 13, 4 1 0, S_0000016399ab8980;
 .timescale -9 -12;
    .port_info 0 /INPUT 1 "clk";
    .port_info 1 /INPUT 1 "rst_n";
    .port_info 2 /OUTPUT 1 "clk_div3";
P_0000016399aa6010 .param/l "DUTY_MODE" 0 4 7, +C4<00000000000000000000000000000001>;
L_0000016399aa8d40 .functor BUFZ 1, v0000016399b0a0f0_0, C4<0>, C4<0>, C4<0>;
L_0000016399aa9440 .functor OR 1, v0000016399b0a0f0_0, v0000016399ab8bb0_0, C4<0>, C4<0>;
L_0000016399aa92f0 .functor BUFZ 1, L_0000016399aa9440, C4<0>, C4<0>, C4<0>;
L_0000016399b0b018 .functor BUFT 1, C4<00>, C4<0>, C4<0>, C4<0>;
v0000016399aa6b60_0 .net/2u *"_ivl_4", 1 0, L_0000016399b0b018;  1 drivers
v0000016399aa6ca0_0 .net "clk", 0 0, v0000016399b0acd0_0;  1 drivers
v000001639992bd20_0 .net "clk_div3", 0 0, L_0000016399aa92f0;  alias, 1 drivers
L_0000016399b0b060 .functor BUFT 1, C4<1>, C4<0>, C4<0>, C4<0>;
v0000016399aa5020_0 .net "clk_div3_100", 0 0, L_0000016399b0b060;  1 drivers
v0000016399a837d0_0 .net "clk_div3_33", 0 0, L_0000016399aa8d40;  1 drivers
v0000016399929170_0 .net "clk_div3_50", 0 0, L_0000016399aa9440;  1 drivers
v0000016399ab8b10_0 .net "clk_div3_66", 0 0, L_0000016399b0af50;  1 drivers
v0000016399ab8bb0_0 .var "negpulse", 0 0;
v0000016399b0a870_0 .var "posedge_cnt", 1 0;
v0000016399b0a0f0_0 .var "risepulse", 0 0;
v0000016399b0aaf0_0 .net "rst_n", 0 0, v0000016399b0a7d0_0;  1 drivers
E_0000016399aa5790 .event negedge, v0000016399b0aaf0_0, v0000016399aa6ca0_0;
E_0000016399aa5990/0 .event negedge, v0000016399b0aaf0_0;
E_0000016399aa5990/1 .event posedge, v0000016399aa6ca0_0;
E_0000016399aa5990 .event/or E_0000016399aa5990/0, E_0000016399aa5990/1;
L_0000016399b0af50 .cmp/ne 2, v0000016399b0a870_0, L_0000016399b0b018;
    .scope S_0000016399a82d70;
T_0 ;
    %wait E_0000016399aa5990;
    %load/vec4 v0000016399b0aaf0_0;
    %nor/r;
    %flag_set/vec4 8;
    %jmp/0xz  T_0.0, 8;
    %pushi/vec4 0, 0, 2;
    %assign/vec4 v0000016399b0a870_0, 0;
    %jmp T_0.1;
T_0.0 ;
    %load/vec4 v0000016399b0a870_0;
    %cmpi/e 2, 0, 2;
    %jmp/0xz  T_0.2, 4;
    %pushi/vec4 0, 0, 2;
    %assign/vec4 v0000016399b0a870_0, 0;
    %jmp T_0.3;
T_0.2 ;
    %load/vec4 v0000016399b0a870_0;
    %addi 1, 0, 2;
    %assign/vec4 v0000016399b0a870_0, 0;
T_0.3 ;
T_0.1 ;
    %jmp T_0;
    .thread T_0;
    .scope S_0000016399a82d70;
T_1 ;
    %wait E_0000016399aa5990;
    %load/vec4 v0000016399b0aaf0_0;
    %nor/r;
    %flag_set/vec4 8;
    %jmp/0xz  T_1.0, 8;
    %pushi/vec4 0, 0, 1;
    %assign/vec4 v0000016399b0a0f0_0, 0;
    %jmp T_1.1;
T_1.0 ;
    %load/vec4 v0000016399b0a870_0;
    %cmpi/e 2, 0, 2;
    %jmp/0xz  T_1.2, 4;
    %pushi/vec4 1, 0, 1;
    %assign/vec4 v0000016399b0a0f0_0, 0;
    %jmp T_1.3;
T_1.2 ;
    %pushi/vec4 0, 0, 1;
    %assign/vec4 v0000016399b0a0f0_0, 0;
T_1.3 ;
T_1.1 ;
    %jmp T_1;
    .thread T_1;
    .scope S_0000016399a82d70;
T_2 ;
    %wait E_0000016399aa5790;
    %load/vec4 v0000016399b0aaf0_0;
    %nor/r;
    %flag_set/vec4 8;
    %jmp/0xz  T_2.0, 8;
    %pushi/vec4 0, 0, 1;
    %assign/vec4 v0000016399ab8bb0_0, 0;
    %jmp T_2.1;
T_2.0 ;
    %load/vec4 v0000016399b0a0f0_0;
    %assign/vec4 v0000016399ab8bb0_0, 0;
T_2.1 ;
    %jmp T_2;
    .thread T_2;
    .scope S_0000016399ab8980;
T_3 ;
    %delay 5000, 0;
    %load/vec4 v0000016399b0acd0_0;
    %inv;
    %store/vec4 v0000016399b0acd0_0, 0, 1;
    %jmp T_3;
    .thread T_3;
    .scope S_0000016399ab8980;
T_4 ;
    %wait E_0000016399aa5810;
    %load/vec4 v0000016399b0a7d0_0;
    %nor/r;
    %flag_set/vec4 8;
    %jmp/0xz  T_4.0, 8;
    %pushi/vec4 0, 0, 32;
    %assign/vec4 v0000016399b0a910_0, 0;
    %jmp T_4.1;
T_4.0 ;
    %load/vec4 v0000016399b0a910_0;
    %addi 1, 0, 32;
    %assign/vec4 v0000016399b0a910_0, 0;
T_4.1 ;
    %jmp T_4;
    .thread T_4;
    .scope S_0000016399ab8980;
T_5 ;
    %wait E_0000016399aa5d90;
    %load/vec4 v0000016399b0a7d0_0;
    %flag_set/vec4 8;
    %jmp/0xz  T_5.0, 8;
    %load/vec4 v0000016399b0a690_0;
    %cmpi/s 0, 0, 32;
    %flag_or 5, 4; GT is !LE
    %flag_inv 5;
    %jmp/0xz  T_5.2, 5;
    %load/vec4 v0000016399b0a910_0;
    %load/vec4 v0000016399b0a730_0;
    %sub;
    %cmpi/ne 3, 0, 32;
    %jmp/0xz  T_5.4, 6;
    %load/vec4 v0000016399b0a910_0;
    %load/vec4 v0000016399b0a730_0;
    %sub;
    %vpi_call/w 3 32 "$display", "FAIL Q26: rising-edge spacing expected 3 cycles, got %0d", S<0,vec4,s32> {1 0 0};
    %vpi_call/w 3 34 "$finish" {0 0 0};
T_5.4 ;
T_5.2 ;
    %load/vec4 v0000016399b0a910_0;
    %assign/vec4 v0000016399b0a730_0, 0;
    %load/vec4 v0000016399b0a690_0;
    %addi 1, 0, 32;
    %assign/vec4 v0000016399b0a690_0, 0;
T_5.0 ;
    %jmp T_5;
    .thread T_5;
    .scope S_0000016399ab8980;
T_6 ;
    %pushi/vec4 0, 0, 1;
    %store/vec4 v0000016399b0acd0_0, 0, 1;
    %pushi/vec4 0, 0, 1;
    %store/vec4 v0000016399b0a7d0_0, 0, 1;
    %pushi/vec4 0, 0, 32;
    %store/vec4 v0000016399b0a910_0, 0, 32;
    %pushi/vec4 0, 0, 32;
    %store/vec4 v0000016399b0a690_0, 0, 32;
    %pushi/vec4 0, 0, 32;
    %store/vec4 v0000016399b0a730_0, 0, 32;
    %pushi/vec4 2, 0, 32;
T_6.0 %dup/vec4;
    %pushi/vec4 0, 0, 32;
    %cmp/s;
    %jmp/1xz T_6.1, 5;
    %jmp/1 T_6.1, 4;
    %pushi/vec4 1, 0, 32;
    %sub;
    %wait E_0000016399aa5810;
    %jmp T_6.0;
T_6.1 ;
    %pop/vec4 1;
    %pushi/vec4 1, 0, 1;
    %store/vec4 v0000016399b0a7d0_0, 0, 1;
    %pushi/vec4 80, 0, 32;
T_6.2 %dup/vec4;
    %pushi/vec4 0, 0, 32;
    %cmp/s;
    %jmp/1xz T_6.3, 5;
    %jmp/1 T_6.3, 4;
    %pushi/vec4 1, 0, 32;
    %sub;
    %wait E_0000016399aa5810;
    %load/vec4 v0000016399b0a690_0;
    %cmpi/s 4, 0, 32;
    %flag_inv 5; GE is !LT
    %jmp/0xz  T_6.4, 5;
    %vpi_call/w 3 55 "$display", "PASS Q26" {0 0 0};
    %vpi_call/w 3 56 "$finish" {0 0 0};
T_6.4 ;
    %jmp T_6.2;
T_6.3 ;
    %pop/vec4 1;
    %vpi_call/w 3 60 "$display", "FAIL Q26: timeout waiting for enough clk_div3 edges" {0 0 0};
    %vpi_call/w 3 61 "$finish" {0 0 0};
    %end;
    .thread T_6;
# The file index is used to find the file name in the following table.
:file_names 5;
    "N/A";
    "<interactive>";
    "-";
    "C:\Users\kapil\OneDrive\Desktop\Practiceverilog\tb\pdf_q26_tb.v";
    "./qa/pdf_q25_q26/q26_clock_div3_duty50.v";
