#! /c/Source/iverilog-install/bin/vvp
:ivl_version "12.0 (devel)" "(s20150603-1539-g2693dd32b)";
:ivl_delay_selection "TYPICAL";
:vpi_time_precision - 12;
:vpi_module "C:\iverilog\lib\ivl\system.vpi";
:vpi_module "C:\iverilog\lib\ivl\vhdl_sys.vpi";
:vpi_module "C:\iverilog\lib\ivl\vhdl_textio.vpi";
:vpi_module "C:\iverilog\lib\ivl\v2005_math.vpi";
:vpi_module "C:\iverilog\lib\ivl\va_math.vpi";
:vpi_module "C:\iverilog\lib\ivl\v2009.vpi";
S_00000135ed37b3b0 .scope package, "$unit" "$unit" 2 1;
 .timescale 0 0;
S_00000135ed3901c0 .scope module, "pdf_q18_tb" "pdf_q18_tb" 3 4;
 .timescale -9 -12;
v00000135ed3f1f30_0 .var "clk", 0 0;
v00000135ed3f1d50_0 .var "data_in", 7 0;
v00000135ed3f1170_0 .net "data_out", 7 0, v00000135ed37bfe0_0;  1 drivers
v00000135ed3f0a90_0 .net "fifo_empty", 0 0, L_00000135ed3f1a30;  1 drivers
v00000135ed3f15d0_0 .net "fifo_full", 0 0, L_00000135ed3f2430;  1 drivers
v00000135ed3f1030_0 .var "pop", 0 0;
v00000135ed3f09f0_0 .var "push", 0 0;
v00000135ed3f1cb0_0 .var "rst_n", 0 0;
S_00000135ed390350 .scope task, "do_cycle" "do_cycle" 3 30, 3 30 0, S_00000135ed3901c0;
 .timescale -9 -12;
v00000135ed37c300_0 .var "p_data", 7 0;
v00000135ed37c440_0 .var "p_pop", 0 0;
v00000135ed37b7c0_0 .var "p_push", 0 0;
E_00000135ed37d2d0 .event posedge, v00000135ed37bd60_0;
E_00000135ed37d3d0 .event negedge, v00000135ed37bd60_0;
TD_pdf_q18_tb.do_cycle ;
    %wait E_00000135ed37d3d0;
    %load/vec4 v00000135ed37b7c0_0;
    %store/vec4 v00000135ed3f09f0_0, 0, 1;
    %load/vec4 v00000135ed37c440_0;
    %store/vec4 v00000135ed3f1030_0, 0, 1;
    %load/vec4 v00000135ed37c300_0;
    %store/vec4 v00000135ed3f1d50_0, 0, 8;
    %wait E_00000135ed37d2d0;
    %delay 1000, 0;
    %end;
S_00000135ed352d70 .scope module, "dut" "fifo_sync_dualport" 3 17, 4 26 0, S_00000135ed3901c0;
 .timescale -9 -12;
    .port_info 0 /INPUT 1 "clk";
    .port_info 1 /INPUT 1 "rst_n";
    .port_info 2 /INPUT 1 "push";
    .port_info 3 /INPUT 1 "pop";
    .port_info 4 /INPUT 8 "data_in";
    .port_info 5 /OUTPUT 8 "data_out";
    .port_info 6 /OUTPUT 1 "fifo_full";
    .port_info 7 /OUTPUT 1 "fifo_empty";
P_00000135ed37b540 .param/l "ADDR_W" 0 4 28, +C4<00000000000000000000000000000010>;
P_00000135ed37b578 .param/l "DATA_W" 0 4 27, +C4<00000000000000000000000000001000>;
P_00000135ed37b5b0 .param/l "DEPTH" 1 4 39, +C4<00000000000000000000000000000100>;
L_00000135ed392310 .functor AND 1, v00000135ed3f1030_0, L_00000135ed3f1ad0, C4<1>, C4<1>;
L_00000135ed392460 .functor OR 1, L_00000135ed3f2250, L_00000135ed392310, C4<0>, C4<0>;
L_00000135ed3925b0 .functor AND 1, v00000135ed3f09f0_0, L_00000135ed392460, C4<1>, C4<1>;
v00000135ed37bae0_0 .net *"_ivl_0", 31 0, L_00000135ed3f1850;  1 drivers
L_00000135ed3f29a8 .functor BUFT 1, C4<00000000000000000000000000000>, C4<0>, C4<0>, C4<0>;
v00000135ed37b720_0 .net *"_ivl_11", 28 0, L_00000135ed3f29a8;  1 drivers
L_00000135ed3f29f0 .functor BUFT 1, C4<00000000000000000000000000000100>, C4<0>, C4<0>, C4<0>;
v00000135ed37c080_0 .net/2u *"_ivl_12", 31 0, L_00000135ed3f29f0;  1 drivers
v00000135ed37be00_0 .net *"_ivl_17", 0 0, L_00000135ed3f1ad0;  1 drivers
v00000135ed37b900_0 .net *"_ivl_21", 0 0, L_00000135ed3f2250;  1 drivers
v00000135ed37ba40_0 .net *"_ivl_23", 0 0, L_00000135ed392460;  1 drivers
L_00000135ed3f2918 .functor BUFT 1, C4<00000000000000000000000000000>, C4<0>, C4<0>, C4<0>;
v00000135ed37c120_0 .net *"_ivl_3", 28 0, L_00000135ed3f2918;  1 drivers
L_00000135ed3f2960 .functor BUFT 1, C4<00000000000000000000000000000000>, C4<0>, C4<0>, C4<0>;
v00000135ed37bea0_0 .net/2u *"_ivl_4", 31 0, L_00000135ed3f2960;  1 drivers
v00000135ed37c1c0_0 .net *"_ivl_8", 31 0, L_00000135ed3f1990;  1 drivers
v00000135ed37c4e0_0 .net "clk", 0 0, v00000135ed3f1f30_0;  1 drivers
v00000135ed37c260_0 .net "data_in", 7 0, v00000135ed3f1d50_0;  1 drivers
v00000135ed37bc20_0 .net "data_out", 7 0, v00000135ed37bfe0_0;  alias, 1 drivers
v00000135ed37c3a0_0 .var "fifo_count", 2 0;
v00000135ed37bb80_0 .net "fifo_empty", 0 0, L_00000135ed3f1a30;  alias, 1 drivers
v00000135ed3f1670_0 .net "fifo_full", 0 0, L_00000135ed3f2430;  alias, 1 drivers
v00000135ed3f21b0_0 .net "pop", 0 0, v00000135ed3f1030_0;  1 drivers
v00000135ed3f2610_0 .net "pop_ok", 0 0, L_00000135ed392310;  1 drivers
v00000135ed3f17b0_0 .net "push", 0 0, v00000135ed3f09f0_0;  1 drivers
v00000135ed3f18f0_0 .net "push_ok", 0 0, L_00000135ed3925b0;  1 drivers
v00000135ed3f1350_0 .var "read_address", 1 0;
v00000135ed3f0db0_0 .net "rst_n", 0 0, v00000135ed3f1cb0_0;  1 drivers
v00000135ed3f1710_0 .var "write_address", 1 0;
L_00000135ed3f1850 .concat [ 3 29 0 0], v00000135ed37c3a0_0, L_00000135ed3f2918;
L_00000135ed3f1a30 .cmp/eq 32, L_00000135ed3f1850, L_00000135ed3f2960;
L_00000135ed3f1990 .concat [ 3 29 0 0], v00000135ed37c3a0_0, L_00000135ed3f29a8;
L_00000135ed3f2430 .cmp/eq 32, L_00000135ed3f1990, L_00000135ed3f29f0;
L_00000135ed3f1ad0 .reduce/nor L_00000135ed3f1a30;
L_00000135ed3f2250 .reduce/nor L_00000135ed3f2430;
S_00000135ed352f00 .scope module, "u_ram" "dual_port_ram" 4 83, 4 1 0, S_00000135ed352d70;
 .timescale -9 -12;
    .port_info 0 /INPUT 1 "clk";
    .port_info 1 /INPUT 1 "rst_n";
    .port_info 2 /INPUT 1 "write";
    .port_info 3 /INPUT 2 "write_address";
    .port_info 4 /INPUT 8 "write_data";
    .port_info 5 /INPUT 2 "read_address";
    .port_info 6 /OUTPUT 8 "read_data";
P_00000135ed379590 .param/l "ADDR_W" 0 4 3, +C4<00000000000000000000000000000010>;
P_00000135ed3795c8 .param/l "DATA_W" 0 4 2, +C4<00000000000000000000000000001000>;
v00000135ed37bd60_0 .net "clk", 0 0, v00000135ed3f1f30_0;  alias, 1 drivers
v00000135ed37bcc0 .array "mem", 3 0, 7 0;
v00000135ed37b9a0_0 .net "read_address", 1 0, v00000135ed3f1350_0;  1 drivers
v00000135ed37bfe0_0 .var "read_data", 7 0;
v00000135ed37b860_0 .net "rst_n", 0 0, v00000135ed3f1cb0_0;  alias, 1 drivers
v00000135ed37bf40_0 .net "write", 0 0, L_00000135ed3925b0;  alias, 1 drivers
v00000135ed37c580_0 .net "write_address", 1 0, v00000135ed3f1710_0;  1 drivers
v00000135ed37b680_0 .net "write_data", 7 0, v00000135ed3f1d50_0;  alias, 1 drivers
E_00000135ed37d350/0 .event negedge, v00000135ed37b860_0;
E_00000135ed37d350/1 .event posedge, v00000135ed37bd60_0;
E_00000135ed37d350 .event/or E_00000135ed37d350/0, E_00000135ed37d350/1;
    .scope S_00000135ed352f00;
T_1 ;
    %wait E_00000135ed37d350;
    %load/vec4 v00000135ed37b860_0;
    %nor/r;
    %flag_set/vec4 8;
    %jmp/0xz  T_1.0, 8;
    %pushi/vec4 0, 0, 8;
    %assign/vec4 v00000135ed37bfe0_0, 0;
    %jmp T_1.1;
T_1.0 ;
    %load/vec4 v00000135ed37bf40_0;
    %flag_set/vec4 8;
    %jmp/0xz  T_1.2, 8;
    %load/vec4 v00000135ed37b680_0;
    %load/vec4 v00000135ed37c580_0;
    %pad/u 4;
    %ix/vec4 3;
    %ix/load 4, 0, 0; Constant delay
    %assign/vec4/a/d v00000135ed37bcc0, 0, 4;
T_1.2 ;
    %load/vec4 v00000135ed37b9a0_0;
    %pad/u 4;
    %ix/vec4 4;
    %load/vec4a v00000135ed37bcc0, 4;
    %assign/vec4 v00000135ed37bfe0_0, 0;
T_1.1 ;
    %jmp T_1;
    .thread T_1;
    .scope S_00000135ed352d70;
T_2 ;
    %wait E_00000135ed37d350;
    %load/vec4 v00000135ed3f0db0_0;
    %nor/r;
    %flag_set/vec4 8;
    %jmp/0xz  T_2.0, 8;
    %pushi/vec4 0, 0, 2;
    %assign/vec4 v00000135ed3f1710_0, 0;
    %jmp T_2.1;
T_2.0 ;
    %load/vec4 v00000135ed3f18f0_0;
    %flag_set/vec4 8;
    %jmp/0xz  T_2.2, 8;
    %load/vec4 v00000135ed3f1710_0;
    %addi 1, 0, 2;
    %assign/vec4 v00000135ed3f1710_0, 0;
T_2.2 ;
T_2.1 ;
    %jmp T_2;
    .thread T_2;
    .scope S_00000135ed352d70;
T_3 ;
    %wait E_00000135ed37d350;
    %load/vec4 v00000135ed3f0db0_0;
    %nor/r;
    %flag_set/vec4 8;
    %jmp/0xz  T_3.0, 8;
    %pushi/vec4 0, 0, 2;
    %assign/vec4 v00000135ed3f1350_0, 0;
    %jmp T_3.1;
T_3.0 ;
    %load/vec4 v00000135ed3f2610_0;
    %flag_set/vec4 8;
    %jmp/0xz  T_3.2, 8;
    %load/vec4 v00000135ed3f1350_0;
    %addi 1, 0, 2;
    %assign/vec4 v00000135ed3f1350_0, 0;
T_3.2 ;
T_3.1 ;
    %jmp T_3;
    .thread T_3;
    .scope S_00000135ed352d70;
T_4 ;
    %wait E_00000135ed37d350;
    %load/vec4 v00000135ed3f0db0_0;
    %nor/r;
    %flag_set/vec4 8;
    %jmp/0xz  T_4.0, 8;
    %pushi/vec4 0, 0, 3;
    %assign/vec4 v00000135ed37c3a0_0, 0;
    %jmp T_4.1;
T_4.0 ;
    %load/vec4 v00000135ed3f18f0_0;
    %load/vec4 v00000135ed3f2610_0;
    %concat/vec4; draw_concat_vec4
    %dup/vec4;
    %pushi/vec4 2, 0, 2;
    %cmp/u;
    %jmp/1 T_4.2, 6;
    %dup/vec4;
    %pushi/vec4 1, 0, 2;
    %cmp/u;
    %jmp/1 T_4.3, 6;
    %load/vec4 v00000135ed37c3a0_0;
    %assign/vec4 v00000135ed37c3a0_0, 0;
    %jmp T_4.5;
T_4.2 ;
    %load/vec4 v00000135ed37c3a0_0;
    %addi 1, 0, 3;
    %assign/vec4 v00000135ed37c3a0_0, 0;
    %jmp T_4.5;
T_4.3 ;
    %load/vec4 v00000135ed37c3a0_0;
    %subi 1, 0, 3;
    %assign/vec4 v00000135ed37c3a0_0, 0;
    %jmp T_4.5;
T_4.5 ;
    %pop/vec4 1;
T_4.1 ;
    %jmp T_4;
    .thread T_4;
    .scope S_00000135ed3901c0;
T_5 ;
    %delay 5000, 0;
    %load/vec4 v00000135ed3f1f30_0;
    %inv;
    %store/vec4 v00000135ed3f1f30_0, 0, 1;
    %jmp T_5;
    .thread T_5;
    .scope S_00000135ed3901c0;
T_6 ;
    %pushi/vec4 0, 0, 1;
    %store/vec4 v00000135ed3f1f30_0, 0, 1;
    %pushi/vec4 0, 0, 1;
    %store/vec4 v00000135ed3f1cb0_0, 0, 1;
    %pushi/vec4 0, 0, 1;
    %store/vec4 v00000135ed3f09f0_0, 0, 1;
    %pushi/vec4 0, 0, 1;
    %store/vec4 v00000135ed3f1030_0, 0, 1;
    %pushi/vec4 0, 0, 8;
    %store/vec4 v00000135ed3f1d50_0, 0, 8;
    %pushi/vec4 2, 0, 32;
T_6.0 %dup/vec4;
    %pushi/vec4 0, 0, 32;
    %cmp/s;
    %jmp/1xz T_6.1, 5;
    %jmp/1 T_6.1, 4;
    %pushi/vec4 1, 0, 32;
    %sub;
    %wait E_00000135ed37d2d0;
    %jmp T_6.0;
T_6.1 ;
    %pop/vec4 1;
    %pushi/vec4 1, 0, 1;
    %store/vec4 v00000135ed3f1cb0_0, 0, 1;
    %wait E_00000135ed37d2d0;
    %delay 1000, 0;
    %load/vec4 v00000135ed3f0a90_0;
    %cmpi/ne 1, 0, 1;
    %jmp/1 T_6.4, 6;
    %flag_mov 8, 6;
    %load/vec4 v00000135ed3f15d0_0;
    %cmpi/ne 0, 0, 1;
    %flag_or 6, 8;
T_6.4;
    %jmp/0xz  T_6.2, 6;
    %vpi_call/w 3 57 "$display", "FAIL Q18: bad reset flags" {0 0 0};
    %vpi_call/w 3 58 "$finish" {0 0 0};
T_6.2 ;
    %pushi/vec4 1, 0, 1;
    %store/vec4 v00000135ed37b7c0_0, 0, 1;
    %pushi/vec4 0, 0, 1;
    %store/vec4 v00000135ed37c440_0, 0, 1;
    %pushi/vec4 17, 0, 8;
    %store/vec4 v00000135ed37c300_0, 0, 8;
    %fork TD_pdf_q18_tb.do_cycle, S_00000135ed390350;
    %join;
    %pushi/vec4 1, 0, 1;
    %store/vec4 v00000135ed37b7c0_0, 0, 1;
    %pushi/vec4 0, 0, 1;
    %store/vec4 v00000135ed37c440_0, 0, 1;
    %pushi/vec4 34, 0, 8;
    %store/vec4 v00000135ed37c300_0, 0, 8;
    %fork TD_pdf_q18_tb.do_cycle, S_00000135ed390350;
    %join;
    %pushi/vec4 1, 0, 1;
    %store/vec4 v00000135ed37b7c0_0, 0, 1;
    %pushi/vec4 0, 0, 1;
    %store/vec4 v00000135ed37c440_0, 0, 1;
    %pushi/vec4 51, 0, 8;
    %store/vec4 v00000135ed37c300_0, 0, 8;
    %fork TD_pdf_q18_tb.do_cycle, S_00000135ed390350;
    %join;
    %pushi/vec4 1, 0, 1;
    %store/vec4 v00000135ed37b7c0_0, 0, 1;
    %pushi/vec4 0, 0, 1;
    %store/vec4 v00000135ed37c440_0, 0, 1;
    %pushi/vec4 68, 0, 8;
    %store/vec4 v00000135ed37c300_0, 0, 8;
    %fork TD_pdf_q18_tb.do_cycle, S_00000135ed390350;
    %join;
    %load/vec4 v00000135ed3f15d0_0;
    %cmpi/ne 1, 0, 1;
    %jmp/0xz  T_6.5, 6;
    %vpi_call/w 3 67 "$display", "FAIL Q18: fifo_full not asserted after 4 pushes" {0 0 0};
    %vpi_call/w 3 68 "$finish" {0 0 0};
T_6.5 ;
    %pushi/vec4 0, 0, 1;
    %store/vec4 v00000135ed37b7c0_0, 0, 1;
    %pushi/vec4 1, 0, 1;
    %store/vec4 v00000135ed37c440_0, 0, 1;
    %pushi/vec4 0, 0, 8;
    %store/vec4 v00000135ed37c300_0, 0, 8;
    %fork TD_pdf_q18_tb.do_cycle, S_00000135ed390350;
    %join;
    %load/vec4 v00000135ed3f1170_0;
    %cmpi/ne 17, 0, 8;
    %jmp/0xz  T_6.7, 6;
    %vpi_call/w 3 73 "$display", "FAIL Q18: first pop expected 0x11 got 0x%0h", v00000135ed3f1170_0 {0 0 0};
    %vpi_call/w 3 74 "$finish" {0 0 0};
T_6.7 ;
    %pushi/vec4 0, 0, 1;
    %store/vec4 v00000135ed37b7c0_0, 0, 1;
    %pushi/vec4 1, 0, 1;
    %store/vec4 v00000135ed37c440_0, 0, 1;
    %pushi/vec4 0, 0, 8;
    %store/vec4 v00000135ed37c300_0, 0, 8;
    %fork TD_pdf_q18_tb.do_cycle, S_00000135ed390350;
    %join;
    %load/vec4 v00000135ed3f1170_0;
    %cmpi/ne 34, 0, 8;
    %jmp/0xz  T_6.9, 6;
    %vpi_call/w 3 79 "$display", "FAIL Q18: second pop expected 0x22 got 0x%0h", v00000135ed3f1170_0 {0 0 0};
    %vpi_call/w 3 80 "$finish" {0 0 0};
T_6.9 ;
    %pushi/vec4 0, 0, 1;
    %store/vec4 v00000135ed37b7c0_0, 0, 1;
    %pushi/vec4 1, 0, 1;
    %store/vec4 v00000135ed37c440_0, 0, 1;
    %pushi/vec4 0, 0, 8;
    %store/vec4 v00000135ed37c300_0, 0, 8;
    %fork TD_pdf_q18_tb.do_cycle, S_00000135ed390350;
    %join;
    %load/vec4 v00000135ed3f1170_0;
    %cmpi/ne 51, 0, 8;
    %jmp/0xz  T_6.11, 6;
    %vpi_call/w 3 85 "$display", "FAIL Q18: third pop expected 0x33 got 0x%0h", v00000135ed3f1170_0 {0 0 0};
    %vpi_call/w 3 86 "$finish" {0 0 0};
T_6.11 ;
    %pushi/vec4 0, 0, 1;
    %store/vec4 v00000135ed37b7c0_0, 0, 1;
    %pushi/vec4 1, 0, 1;
    %store/vec4 v00000135ed37c440_0, 0, 1;
    %pushi/vec4 0, 0, 8;
    %store/vec4 v00000135ed37c300_0, 0, 8;
    %fork TD_pdf_q18_tb.do_cycle, S_00000135ed390350;
    %join;
    %load/vec4 v00000135ed3f1170_0;
    %cmpi/ne 68, 0, 8;
    %jmp/0xz  T_6.13, 6;
    %vpi_call/w 3 91 "$display", "FAIL Q18: fourth pop expected 0x44 got 0x%0h", v00000135ed3f1170_0 {0 0 0};
    %vpi_call/w 3 92 "$finish" {0 0 0};
T_6.13 ;
    %load/vec4 v00000135ed3f0a90_0;
    %cmpi/ne 1, 0, 1;
    %jmp/0xz  T_6.15, 6;
    %vpi_call/w 3 96 "$display", "FAIL Q18: fifo_empty not asserted after pops" {0 0 0};
    %vpi_call/w 3 97 "$finish" {0 0 0};
T_6.15 ;
    %vpi_call/w 3 100 "$display", "PASS Q18" {0 0 0};
    %vpi_call/w 3 101 "$finish" {0 0 0};
    %end;
    .thread T_6;
# The file index is used to find the file name in the following table.
:file_names 5;
    "N/A";
    "<interactive>";
    "-";
    "C:\Users\kapil\OneDrive\Desktop\Practiceverilog\tb\pdf_q18_tb.v";
    "./qa/pdf_q12_q18/q18_fifo_sync_dualport.v";
