#! /c/Source/iverilog-install/bin/vvp
:ivl_version "12.0 (devel)" "(s20150603-1539-g2693dd32b)";
:ivl_delay_selection "TYPICAL";
:vpi_time_precision - 12;
:vpi_module "C:\iverilog\lib\ivl\system.vpi";
:vpi_module "C:\iverilog\lib\ivl\vhdl_sys.vpi";
:vpi_module "C:\iverilog\lib\ivl\vhdl_textio.vpi";
:vpi_module "C:\iverilog\lib\ivl\v2005_math.vpi";
:vpi_module "C:\iverilog\lib\ivl\va_math.vpi";
:vpi_module "C:\iverilog\lib\ivl\v2009.vpi";
S_0000028af503b580 .scope package, "$unit" "$unit" 2 1;
 .timescale 0 0;
S_0000028af4ef5dc0 .scope module, "pdf_q09_tb" "pdf_q09_tb" 3 4;
 .timescale -9 -12;
v0000028af4ee6700_0 .var "clk", 0 0;
v0000028af4ee67a0_0 .var "d", 0 0;
v0000028af4ee6840_0 .net "q_async", 0 0, v0000028af4ec33d0_0;  1 drivers
v0000028af4ee68e0_0 .net "q_sync", 0 0, v0000028af4ef60e0_0;  1 drivers
v0000028af4ee6980_0 .var "rst", 0 0;
E_0000028af4ee55b0 .event negedge, v0000028af4ec35f0_0;
S_0000028af4ef5f50 .scope module, "dut_async" "q09_a" 3 8, 4 1 0, S_0000028af4ef5dc0;
 .timescale -9 -12;
    .port_info 0 /INPUT 1 "clk";
    .port_info 1 /INPUT 1 "rst";
    .port_info 2 /INPUT 1 "d";
    .port_info 3 /OUTPUT 1 "q";
v0000028af4ec35f0_0 .net "clk", 0 0, v0000028af4ee6700_0;  1 drivers
v0000028af4ec3170_0 .net "d", 0 0, v0000028af4ee67a0_0;  1 drivers
v0000028af4ec33d0_0 .var "q", 0 0;
v0000028af503bce0_0 .net "rst", 0 0, v0000028af4ee6980_0;  1 drivers
E_0000028af4ee56b0 .event posedge, v0000028af503bce0_0, v0000028af4ec35f0_0;
S_0000028af4ee6570 .scope module, "dut_sync" "q09_b" 3 9, 4 15 0, S_0000028af4ef5dc0;
 .timescale -9 -12;
    .port_info 0 /INPUT 1 "clk";
    .port_info 1 /INPUT 1 "rst";
    .port_info 2 /INPUT 1 "d";
    .port_info 3 /OUTPUT 1 "q";
v0000028af503bb00_0 .net "clk", 0 0, v0000028af4ee6700_0;  alias, 1 drivers
v0000028af503bba0_0 .net "d", 0 0, v0000028af4ee67a0_0;  alias, 1 drivers
v0000028af4ef60e0_0 .var "q", 0 0;
v0000028af4ef6180_0 .net "rst", 0 0, v0000028af4ee6980_0;  alias, 1 drivers
E_0000028af4ee56f0 .event posedge, v0000028af4ec35f0_0;
    .scope S_0000028af4ef5f50;
T_0 ;
    %wait E_0000028af4ee56b0;
    %load/vec4 v0000028af503bce0_0;
    %flag_set/vec4 8;
    %jmp/0xz  T_0.0, 8;
    %pushi/vec4 0, 0, 1;
    %assign/vec4 v0000028af4ec33d0_0, 0;
    %jmp T_0.1;
T_0.0 ;
    %load/vec4 v0000028af4ec3170_0;
    %assign/vec4 v0000028af4ec33d0_0, 0;
T_0.1 ;
    %jmp T_0;
    .thread T_0;
    .scope S_0000028af4ee6570;
T_1 ;
    %wait E_0000028af4ee56f0;
    %load/vec4 v0000028af4ef6180_0;
    %flag_set/vec4 8;
    %jmp/0xz  T_1.0, 8;
    %pushi/vec4 0, 0, 1;
    %assign/vec4 v0000028af4ef60e0_0, 0;
    %jmp T_1.1;
T_1.0 ;
    %load/vec4 v0000028af503bba0_0;
    %assign/vec4 v0000028af4ef60e0_0, 0;
T_1.1 ;
    %jmp T_1;
    .thread T_1;
    .scope S_0000028af4ef5dc0;
T_2 ;
    %pushi/vec4 0, 0, 1;
    %store/vec4 v0000028af4ee6700_0, 0, 1;
    %end;
    .thread T_2;
    .scope S_0000028af4ef5dc0;
T_3 ;
    %delay 5000, 0;
    %load/vec4 v0000028af4ee6700_0;
    %inv;
    %store/vec4 v0000028af4ee6700_0, 0, 1;
    %jmp T_3;
    .thread T_3;
    .scope S_0000028af4ef5dc0;
T_4 ;
    %pushi/vec4 1, 0, 1;
    %store/vec4 v0000028af4ee6980_0, 0, 1;
    %pushi/vec4 1, 0, 1;
    %store/vec4 v0000028af4ee67a0_0, 0, 1;
    %delay 1000, 0;
    %load/vec4 v0000028af4ee6840_0;
    %cmpi/ne 0, 0, 1;
    %jmp/0xz  T_4.0, 6;
    %vpi_call/w 3 19 "$display", "FAIL Q09 async reset immediate" {0 0 0};
    %vpi_call/w 3 19 "$finish" {0 0 0};
T_4.0 ;
    %wait E_0000028af4ee56f0;
    %delay 1000, 0;
    %load/vec4 v0000028af4ee68e0_0;
    %cmpi/ne 0, 0, 1;
    %jmp/0xz  T_4.2, 6;
    %vpi_call/w 3 22 "$display", "FAIL Q09 sync reset on clk" {0 0 0};
    %vpi_call/w 3 22 "$finish" {0 0 0};
T_4.2 ;
    %pushi/vec4 0, 0, 1;
    %store/vec4 v0000028af4ee6980_0, 0, 1;
    %wait E_0000028af4ee56f0;
    %delay 1000, 0;
    %load/vec4 v0000028af4ee6840_0;
    %cmpi/ne 1, 0, 1;
    %jmp/1 T_4.6, 6;
    %flag_mov 8, 6;
    %load/vec4 v0000028af4ee68e0_0;
    %cmpi/ne 1, 0, 1;
    %flag_or 6, 8;
T_4.6;
    %jmp/0xz  T_4.4, 6;
    %vpi_call/w 3 27 "$display", "FAIL Q09 load d" {0 0 0};
    %vpi_call/w 3 28 "$finish" {0 0 0};
T_4.4 ;
    %wait E_0000028af4ee55b0;
    %pushi/vec4 1, 0, 1;
    %store/vec4 v0000028af4ee6980_0, 0, 1;
    %delay 1000, 0;
    %load/vec4 v0000028af4ee6840_0;
    %cmpi/ne 0, 0, 1;
    %jmp/0xz  T_4.7, 6;
    %vpi_call/w 3 34 "$display", "FAIL Q09 async did not reset immediately" {0 0 0};
    %vpi_call/w 3 34 "$finish" {0 0 0};
T_4.7 ;
    %load/vec4 v0000028af4ee68e0_0;
    %cmpi/ne 1, 0, 1;
    %jmp/0xz  T_4.9, 6;
    %vpi_call/w 3 35 "$display", "FAIL Q09 sync changed before clk" {0 0 0};
    %vpi_call/w 3 35 "$finish" {0 0 0};
T_4.9 ;
    %wait E_0000028af4ee56f0;
    %delay 1000, 0;
    %load/vec4 v0000028af4ee68e0_0;
    %cmpi/ne 0, 0, 1;
    %jmp/0xz  T_4.11, 6;
    %vpi_call/w 3 38 "$display", "FAIL Q09 sync reset missing on clk" {0 0 0};
    %vpi_call/w 3 38 "$finish" {0 0 0};
T_4.11 ;
    %vpi_call/w 3 40 "$display", "PASS Q09" {0 0 0};
    %vpi_call/w 3 41 "$finish" {0 0 0};
    %end;
    .thread T_4;
# The file index is used to find the file name in the following table.
:file_names 5;
    "N/A";
    "<interactive>";
    "-";
    "C:\Users\kapil\OneDrive\Desktop\Practiceverilog\tb\pdf_q09_tb.v";
    "./qa/pdf_q07_q11/q09_ff_reset_styles.v";
