#! /c/Source/iverilog-install/bin/vvp
:ivl_version "12.0 (devel)" "(s20150603-1539-g2693dd32b)";
:ivl_delay_selection "TYPICAL";
:vpi_time_precision - 12;
:vpi_module "C:\iverilog\lib\ivl\system.vpi";
:vpi_module "C:\iverilog\lib\ivl\vhdl_sys.vpi";
:vpi_module "C:\iverilog\lib\ivl\vhdl_textio.vpi";
:vpi_module "C:\iverilog\lib\ivl\v2005_math.vpi";
:vpi_module "C:\iverilog\lib\ivl\va_math.vpi";
:vpi_module "C:\iverilog\lib\ivl\v2009.vpi";
S_0000024e9ba0df30 .scope package, "$unit" "$unit" 2 1;
 .timescale 0 0;
S_0000024e9ba0e0c0 .scope module, "pdf_q20_tb" "pdf_q20_tb" 3 4;
 .timescale -9 -12;
v0000024e9ba0e2f0_0 .var "clk", 0 0;
v0000024e9ba46490_0 .net "cur_num", 15 0, v0000024e9ba23320_0;  1 drivers
v0000024e9ba46530_0 .var "enable", 0 0;
v0000024e9ba22f00_0 .var "exp_cur", 15 0;
v0000024e9ba22fa0_0 .var "exp_next", 15 0;
v0000024e9ba23040_0 .var "exp_sum", 15 0;
v0000024e9ba230e0_0 .var/i "i", 31 0;
v0000024e9baa9ef0_0 .net "next_num", 15 0, v0000024e9ba46210_0;  1 drivers
v0000024e9baa9f90_0 .var "rst_n", 0 0;
v0000024e9baa93b0_0 .net "sum", 15 0, L_0000024e9baa9950;  1 drivers
E_0000024e9ba452d0 .event posedge, v0000024e9ba45160_0;
E_0000024e9ba45410 .event negedge, v0000024e9ba45160_0;
S_0000024e9ba22d70 .scope module, "dut" "q20_fibonacci_enable" 3 17, 4 1 0, S_0000024e9ba0e0c0;
 .timescale -9 -12;
    .port_info 0 /INPUT 1 "clk";
    .port_info 1 /INPUT 1 "rst_n";
    .port_info 2 /INPUT 1 "enable";
    .port_info 3 /OUTPUT 16 "sum";
    .port_info 4 /OUTPUT 16 "cur_num";
    .port_info 5 /OUTPUT 16 "next_num";
P_0000024e9ba45590 .param/l "WIDTH" 0 4 3, +C4<00000000000000000000000000010000>;
v0000024e9ba45160_0 .net "clk", 0 0, v0000024e9ba0e2f0_0;  1 drivers
v0000024e9ba23320_0 .var "cur_num", 15 0;
v0000024e9ba23540_0 .net "enable", 0 0, v0000024e9ba46530_0;  1 drivers
v0000024e9ba46210_0 .var "next_num", 15 0;
v0000024e9ba462b0_0 .net "rst_n", 0 0, v0000024e9baa9f90_0;  1 drivers
v0000024e9ba0e250_0 .net "sum", 15 0, L_0000024e9baa9950;  alias, 1 drivers
E_0000024e9ba45310/0 .event negedge, v0000024e9ba462b0_0;
E_0000024e9ba45310/1 .event posedge, v0000024e9ba45160_0;
E_0000024e9ba45310 .event/or E_0000024e9ba45310/0, E_0000024e9ba45310/1;
L_0000024e9baa9950 .arith/sum 16, v0000024e9ba23320_0, v0000024e9ba46210_0;
    .scope S_0000024e9ba22d70;
T_0 ;
    %wait E_0000024e9ba45310;
    %load/vec4 v0000024e9ba462b0_0;
    %nor/r;
    %flag_set/vec4 8;
    %jmp/0xz  T_0.0, 8;
    %pushi/vec4 0, 0, 16;
    %assign/vec4 v0000024e9ba23320_0, 0;
    %pushi/vec4 1, 0, 16;
    %assign/vec4 v0000024e9ba46210_0, 0;
    %jmp T_0.1;
T_0.0 ;
    %load/vec4 v0000024e9ba23540_0;
    %flag_set/vec4 8;
    %jmp/0xz  T_0.2, 8;
    %load/vec4 v0000024e9ba46210_0;
    %assign/vec4 v0000024e9ba23320_0, 0;
    %load/vec4 v0000024e9ba0e250_0;
    %assign/vec4 v0000024e9ba46210_0, 0;
T_0.2 ;
T_0.1 ;
    %jmp T_0;
    .thread T_0;
    .scope S_0000024e9ba0e0c0;
T_1 ;
    %delay 5000, 0;
    %load/vec4 v0000024e9ba0e2f0_0;
    %inv;
    %store/vec4 v0000024e9ba0e2f0_0, 0, 1;
    %jmp T_1;
    .thread T_1;
    .scope S_0000024e9ba0e0c0;
T_2 ;
    %pushi/vec4 0, 0, 1;
    %store/vec4 v0000024e9ba0e2f0_0, 0, 1;
    %pushi/vec4 0, 0, 1;
    %store/vec4 v0000024e9baa9f90_0, 0, 1;
    %pushi/vec4 0, 0, 1;
    %store/vec4 v0000024e9ba46530_0, 0, 1;
    %pushi/vec4 0, 0, 16;
    %store/vec4 v0000024e9ba22f00_0, 0, 16;
    %pushi/vec4 1, 0, 16;
    %store/vec4 v0000024e9ba22fa0_0, 0, 16;
    %pushi/vec4 2, 0, 32;
T_2.0 %dup/vec4;
    %pushi/vec4 0, 0, 32;
    %cmp/s;
    %jmp/1xz T_2.1, 5;
    %jmp/1 T_2.1, 4;
    %pushi/vec4 1, 0, 32;
    %sub;
    %wait E_0000024e9ba452d0;
    %jmp T_2.0;
T_2.1 ;
    %pop/vec4 1;
    %pushi/vec4 1, 0, 1;
    %store/vec4 v0000024e9baa9f90_0, 0, 1;
    %delay 1000, 0;
    %load/vec4 v0000024e9ba46490_0;
    %cmpi/ne 0, 0, 16;
    %jmp/1 T_2.5, 6;
    %flag_mov 8, 6;
    %load/vec4 v0000024e9baa9ef0_0;
    %cmpi/ne 1, 0, 16;
    %flag_or 6, 8;
T_2.5;
    %jmp/1 T_2.4, 6;
    %flag_mov 8, 6;
    %load/vec4 v0000024e9baa93b0_0;
    %cmpi/ne 1, 0, 16;
    %flag_or 6, 8;
T_2.4;
    %jmp/0xz  T_2.2, 6;
    %vpi_call/w 3 40 "$display", "FAIL Q20: reset values mismatch" {0 0 0};
    %vpi_call/w 3 41 "$finish" {0 0 0};
T_2.2 ;
    %pushi/vec4 0, 0, 32;
    %store/vec4 v0000024e9ba230e0_0, 0, 32;
T_2.6 ;
    %load/vec4 v0000024e9ba230e0_0;
    %cmpi/s 6, 0, 32;
    %jmp/0xz T_2.7, 5;
    %wait E_0000024e9ba45410;
    %pushi/vec4 1, 0, 1;
    %store/vec4 v0000024e9ba46530_0, 0, 1;
    %wait E_0000024e9ba452d0;
    %load/vec4 v0000024e9ba22f00_0;
    %load/vec4 v0000024e9ba22fa0_0;
    %add;
    %store/vec4 v0000024e9ba23040_0, 0, 16;
    %load/vec4 v0000024e9ba22fa0_0;
    %store/vec4 v0000024e9ba22f00_0, 0, 16;
    %load/vec4 v0000024e9ba23040_0;
    %store/vec4 v0000024e9ba22fa0_0, 0, 16;
    %delay 1000, 0;
    %load/vec4 v0000024e9ba46490_0;
    %load/vec4 v0000024e9ba22f00_0;
    %cmp/ne;
    %jmp/1 T_2.10, 6;
    %flag_mov 8, 6;
    %load/vec4 v0000024e9baa9ef0_0;
    %load/vec4 v0000024e9ba22fa0_0;
    %cmp/ne;
    %flag_or 6, 8;
T_2.10;
    %jmp/0xz  T_2.8, 6;
    %vpi_call/w 3 52 "$display", "FAIL Q20 at step %0d: expected cur=%0d next=%0d, got cur=%0d next=%0d", v0000024e9ba230e0_0, v0000024e9ba22f00_0, v0000024e9ba22fa0_0, v0000024e9ba46490_0, v0000024e9baa9ef0_0 {0 0 0};
    %vpi_call/w 3 54 "$finish" {0 0 0};
T_2.8 ;
    %load/vec4 v0000024e9ba230e0_0;
    %addi 1, 0, 32;
    %store/vec4 v0000024e9ba230e0_0, 0, 32;
    %jmp T_2.6;
T_2.7 ;
    %wait E_0000024e9ba45410;
    %pushi/vec4 0, 0, 1;
    %store/vec4 v0000024e9ba46530_0, 0, 1;
    %pushi/vec4 2, 0, 32;
T_2.11 %dup/vec4;
    %pushi/vec4 0, 0, 32;
    %cmp/s;
    %jmp/1xz T_2.12, 5;
    %jmp/1 T_2.12, 4;
    %pushi/vec4 1, 0, 32;
    %sub;
    %wait E_0000024e9ba452d0;
    %delay 1000, 0;
    %load/vec4 v0000024e9ba46490_0;
    %load/vec4 v0000024e9ba22f00_0;
    %cmp/ne;
    %jmp/1 T_2.15, 6;
    %flag_mov 8, 6;
    %load/vec4 v0000024e9baa9ef0_0;
    %load/vec4 v0000024e9ba22fa0_0;
    %cmp/ne;
    %flag_or 6, 8;
T_2.15;
    %jmp/0xz  T_2.13, 6;
    %vpi_call/w 3 63 "$display", "FAIL Q20: values changed while enable=0" {0 0 0};
    %vpi_call/w 3 64 "$finish" {0 0 0};
T_2.13 ;
    %jmp T_2.11;
T_2.12 ;
    %pop/vec4 1;
    %vpi_call/w 3 68 "$display", "PASS Q20" {0 0 0};
    %vpi_call/w 3 69 "$finish" {0 0 0};
    %end;
    .thread T_2;
# The file index is used to find the file name in the following table.
:file_names 5;
    "N/A";
    "<interactive>";
    "-";
    "C:\Users\kapil\OneDrive\Desktop\Practiceverilog\tb\pdf_q20_tb.v";
    "./qa/pdf_q19_q20/q20_fibonacci_enable.v";
