#! /c/Source/iverilog-install/bin/vvp
:ivl_version "12.0 (devel)" "(s20150603-1539-g2693dd32b)";
:ivl_delay_selection "TYPICAL";
:vpi_time_precision - 12;
:vpi_module "C:\iverilog\lib\ivl\system.vpi";
:vpi_module "C:\iverilog\lib\ivl\vhdl_sys.vpi";
:vpi_module "C:\iverilog\lib\ivl\vhdl_textio.vpi";
:vpi_module "C:\iverilog\lib\ivl\v2005_math.vpi";
:vpi_module "C:\iverilog\lib\ivl\va_math.vpi";
:vpi_module "C:\iverilog\lib\ivl\v2009.vpi";
S_0000026d2c999580 .scope package, "$unit" "$unit" 2 1;
 .timescale 0 0;
S_0000026d2c8962b0 .scope module, "pdf_q28_tb" "pdf_q28_tb" 3 4;
 .timescale -9 -12;
v0000026d2c896670_0 .var "clk_in", 0 0;
v0000026d2c99bc60_0 .var "enable", 0 0;
v0000026d2c99bd00_0 .net "gated_clk", 0 0, L_0000026d2c899ec0;  1 drivers
E_0000026d2c89ac90 .event posedge, v0000026d2c8635f0_0;
E_0000026d2c89af10 .event negedge, v0000026d2c8635f0_0;
S_0000026d2c896440 .scope module, "dut" "q28_glitch_free_clock_gate" 3 9, 4 1 0, S_0000026d2c8962b0;
 .timescale -9 -12;
    .port_info 0 /INPUT 1 "clk_in";
    .port_info 1 /INPUT 1 "enable";
    .port_info 2 /OUTPUT 1 "gated_clk";
L_0000026d2c899ec0 .functor AND 1, v0000026d2c896670_0, v0000026d2c863170_0, C4<1>, C4<1>;
v0000026d2c8635f0_0 .net "clk_in", 0 0, v0000026d2c896670_0;  1 drivers
v0000026d2c863170_0 .var "en_latched", 0 0;
v0000026d2c8856a0_0 .net "enable", 0 0, v0000026d2c99bc60_0;  1 drivers
v0000026d2c8965d0_0 .net "gated_clk", 0 0, L_0000026d2c899ec0;  alias, 1 drivers
E_0000026d2c89a790 .event anyedge, v0000026d2c8856a0_0, v0000026d2c8635f0_0;
    .scope S_0000026d2c896440;
T_0 ;
    %wait E_0000026d2c89a790;
    %load/vec4 v0000026d2c8635f0_0;
    %nor/r;
    %flag_set/vec4 8;
    %jmp/0xz  T_0.0, 8;
    %load/vec4 v0000026d2c8856a0_0;
    %assign/vec4 v0000026d2c863170_0, 0;
T_0.0 ;
    %jmp T_0;
    .thread T_0, $push;
    .scope S_0000026d2c8962b0;
T_1 ;
    %delay 5000, 0;
    %load/vec4 v0000026d2c896670_0;
    %inv;
    %store/vec4 v0000026d2c896670_0, 0, 1;
    %jmp T_1;
    .thread T_1;
    .scope S_0000026d2c8962b0;
T_2 ;
    %pushi/vec4 0, 0, 1;
    %store/vec4 v0000026d2c896670_0, 0, 1;
    %pushi/vec4 0, 0, 1;
    %store/vec4 v0000026d2c99bc60_0, 0, 1;
    %wait E_0000026d2c89ac90;
    %delay 1000, 0;
    %pushi/vec4 1, 0, 1;
    %store/vec4 v0000026d2c99bc60_0, 0, 1;
    %delay 1000, 0;
    %load/vec4 v0000026d2c99bd00_0;
    %cmpi/ne 0, 0, 1;
    %jmp/0xz  T_2.0, 6;
    %vpi_call/w 3 26 "$display", "FAIL Q28: gated clock changed while input clock high" {0 0 0};
    %vpi_call/w 3 27 "$finish" {0 0 0};
T_2.0 ;
    %wait E_0000026d2c89af10;
    %delay 1000, 0;
    %load/vec4 v0000026d2c99bd00_0;
    %cmpi/ne 0, 0, 1;
    %jmp/0xz  T_2.2, 6;
    %vpi_call/w 3 33 "$display", "FAIL Q28: gated clock should stay low on low phase" {0 0 0};
    %vpi_call/w 3 34 "$finish" {0 0 0};
T_2.2 ;
    %wait E_0000026d2c89ac90;
    %delay 1000, 0;
    %load/vec4 v0000026d2c99bd00_0;
    %cmpi/ne 1, 0, 1;
    %jmp/0xz  T_2.4, 6;
    %vpi_call/w 3 40 "$display", "FAIL Q28: gated clock did not pass clock after enable latch" {0 0 0};
    %vpi_call/w 3 41 "$finish" {0 0 0};
T_2.4 ;
    %delay 1000, 0;
    %pushi/vec4 0, 0, 1;
    %store/vec4 v0000026d2c99bc60_0, 0, 1;
    %delay 1000, 0;
    %load/vec4 v0000026d2c99bd00_0;
    %cmpi/ne 1, 0, 1;
    %jmp/0xz  T_2.6, 6;
    %vpi_call/w 3 48 "$display", "FAIL Q28: gated clock dropped early during high phase" {0 0 0};
    %vpi_call/w 3 49 "$finish" {0 0 0};
T_2.6 ;
    %wait E_0000026d2c89af10;
    %delay 1000, 0;
    %load/vec4 v0000026d2c99bd00_0;
    %cmpi/ne 0, 0, 1;
    %jmp/0xz  T_2.8, 6;
    %vpi_call/w 3 55 "$display", "FAIL Q28: gated clock should be low after disable latched" {0 0 0};
    %vpi_call/w 3 56 "$finish" {0 0 0};
T_2.8 ;
    %wait E_0000026d2c89ac90;
    %delay 1000, 0;
    %load/vec4 v0000026d2c99bd00_0;
    %cmpi/ne 0, 0, 1;
    %jmp/0xz  T_2.10, 6;
    %vpi_call/w 3 62 "$display", "FAIL Q28: gated clock should remain blocked" {0 0 0};
    %vpi_call/w 3 63 "$finish" {0 0 0};
T_2.10 ;
    %vpi_call/w 3 66 "$display", "PASS Q28" {0 0 0};
    %vpi_call/w 3 67 "$finish" {0 0 0};
    %end;
    .thread T_2;
# The file index is used to find the file name in the following table.
:file_names 5;
    "N/A";
    "<interactive>";
    "-";
    "C:\Users\kapil\OneDrive\Desktop\Practiceverilog\tb\pdf_q28_tb.v";
    "./qa/pdf_q28_q30/q28_glitch_free_clock_gate.v";
