#! /c/Source/iverilog-install/bin/vvp
:ivl_version "12.0 (devel)" "(s20150603-1539-g2693dd32b)";
:ivl_delay_selection "TYPICAL";
:vpi_time_precision - 12;
:vpi_module "C:\iverilog\lib\ivl\system.vpi";
:vpi_module "C:\iverilog\lib\ivl\vhdl_sys.vpi";
:vpi_module "C:\iverilog\lib\ivl\vhdl_textio.vpi";
:vpi_module "C:\iverilog\lib\ivl\v2005_math.vpi";
:vpi_module "C:\iverilog\lib\ivl\va_math.vpi";
:vpi_module "C:\iverilog\lib\ivl\v2009.vpi";
S_0000020c08afa7d0 .scope package, "$unit" "$unit" 2 1;
 .timescale 0 0;
S_0000020c08af6ea0 .scope module, "pdf_q22_tb" "pdf_q22_tb" 3 4;
 .timescale -9 -12;
v0000020c08afd790_0 .var "clk", 0 0;
v0000020c08afdd30_0 .net "hour", 0 0, L_0000020c08af7250;  1 drivers
v0000020c08afddd0_0 .net "minute", 0 0, L_0000020c08af7d40;  1 drivers
v0000020c08afde70_0 .var "one_ms_pulse", 0 0;
v0000020c08afd8d0_0 .var "rst_n", 0 0;
v0000020c08afd830_0 .net "second", 0 0, L_0000020c08af7b80;  1 drivers
E_0000020c08af9610 .event negedge, v0000020c08afdbf0_0;
E_0000020c08af9f90 .event posedge, v0000020c08afdbf0_0;
S_0000020c08b09aa0 .scope module, "dut" "q22_time_ticks" 3 12, 4 1 0, S_0000020c08af6ea0;
 .timescale -9 -12;
    .port_info 0 /INPUT 1 "clk";
    .port_info 1 /INPUT 1 "rst_n";
    .port_info 2 /INPUT 1 "one_ms_pulse";
    .port_info 3 /OUTPUT 1 "second";
    .port_info 4 /OUTPUT 1 "minute";
    .port_info 5 /OUTPUT 1 "hour";
L_0000020c08af7b80 .functor AND 1, v0000020c08afde70_0, L_0000020c08afd970, C4<1>, C4<1>;
L_0000020c08af7d40 .functor AND 1, L_0000020c08af7b80, L_0000020c08afdf10, C4<1>, C4<1>;
L_0000020c08af7250 .functor AND 1, L_0000020c08af7d40, L_0000020c08afe050, C4<1>, C4<1>;
L_0000020c08b5f038 .functor BUFT 1, C4<1111100111>, C4<0>, C4<0>, C4<0>;
v0000020c08afdfb0_0 .net/2u *"_ivl_0", 9 0, L_0000020c08b5f038;  1 drivers
L_0000020c08b5f0c8 .functor BUFT 1, C4<111011>, C4<0>, C4<0>, C4<0>;
v0000020c08afd470_0 .net/2u *"_ivl_12", 5 0, L_0000020c08b5f0c8;  1 drivers
v0000020c08afd510_0 .net *"_ivl_14", 0 0, L_0000020c08afe050;  1 drivers
v0000020c08afdab0_0 .net *"_ivl_2", 0 0, L_0000020c08afd970;  1 drivers
L_0000020c08b5f080 .functor BUFT 1, C4<111011>, C4<0>, C4<0>, C4<0>;
v0000020c08afd6f0_0 .net/2u *"_ivl_6", 5 0, L_0000020c08b5f080;  1 drivers
v0000020c08afdb50_0 .net *"_ivl_8", 0 0, L_0000020c08afdf10;  1 drivers
v0000020c08afdbf0_0 .net "clk", 0 0, v0000020c08afd790_0;  1 drivers
v0000020c08afd1f0_0 .net "hour", 0 0, L_0000020c08af7250;  alias, 1 drivers
v0000020c08afd5b0_0 .var "min_counter", 5 0;
v0000020c08afe0f0_0 .net "minute", 0 0, L_0000020c08af7d40;  alias, 1 drivers
v0000020c08afda10_0 .var "ms_counter", 9 0;
v0000020c08afd330_0 .net "one_ms_pulse", 0 0, v0000020c08afde70_0;  1 drivers
v0000020c08afd3d0_0 .net "rst_n", 0 0, v0000020c08afd8d0_0;  1 drivers
v0000020c08afd650_0 .var "sec_counter", 5 0;
v0000020c08afdc90_0 .net "second", 0 0, L_0000020c08af7b80;  alias, 1 drivers
E_0000020c08af9650/0 .event negedge, v0000020c08afd3d0_0;
E_0000020c08af9650/1 .event posedge, v0000020c08afdbf0_0;
E_0000020c08af9650 .event/or E_0000020c08af9650/0, E_0000020c08af9650/1;
L_0000020c08afd970 .cmp/eq 10, v0000020c08afda10_0, L_0000020c08b5f038;
L_0000020c08afdf10 .cmp/eq 6, v0000020c08afd650_0, L_0000020c08b5f080;
L_0000020c08afe050 .cmp/eq 6, v0000020c08afd5b0_0, L_0000020c08b5f0c8;
    .scope S_0000020c08b09aa0;
T_0 ;
    %wait E_0000020c08af9650;
    %load/vec4 v0000020c08afd3d0_0;
    %nor/r;
    %flag_set/vec4 8;
    %jmp/0xz  T_0.0, 8;
    %pushi/vec4 0, 0, 10;
    %assign/vec4 v0000020c08afda10_0, 0;
    %jmp T_0.1;
T_0.0 ;
    %load/vec4 v0000020c08afd330_0;
    %flag_set/vec4 8;
    %jmp/0xz  T_0.2, 8;
    %load/vec4 v0000020c08afda10_0;
    %cmpi/e 999, 0, 10;
    %jmp/0xz  T_0.4, 4;
    %pushi/vec4 0, 0, 10;
    %assign/vec4 v0000020c08afda10_0, 0;
    %jmp T_0.5;
T_0.4 ;
    %load/vec4 v0000020c08afda10_0;
    %addi 1, 0, 10;
    %assign/vec4 v0000020c08afda10_0, 0;
T_0.5 ;
T_0.2 ;
T_0.1 ;
    %jmp T_0;
    .thread T_0;
    .scope S_0000020c08b09aa0;
T_1 ;
    %wait E_0000020c08af9650;
    %load/vec4 v0000020c08afd3d0_0;
    %nor/r;
    %flag_set/vec4 8;
    %jmp/0xz  T_1.0, 8;
    %pushi/vec4 0, 0, 6;
    %assign/vec4 v0000020c08afd650_0, 0;
    %jmp T_1.1;
T_1.0 ;
    %load/vec4 v0000020c08afdc90_0;
    %flag_set/vec4 8;
    %jmp/0xz  T_1.2, 8;
    %load/vec4 v0000020c08afd650_0;
    %cmpi/e 59, 0, 6;
    %jmp/0xz  T_1.4, 4;
    %pushi/vec4 0, 0, 6;
    %assign/vec4 v0000020c08afd650_0, 0;
    %jmp T_1.5;
T_1.4 ;
    %load/vec4 v0000020c08afd650_0;
    %addi 1, 0, 6;
    %assign/vec4 v0000020c08afd650_0, 0;
T_1.5 ;
T_1.2 ;
T_1.1 ;
    %jmp T_1;
    .thread T_1;
    .scope S_0000020c08b09aa0;
T_2 ;
    %wait E_0000020c08af9650;
    %load/vec4 v0000020c08afd3d0_0;
    %nor/r;
    %flag_set/vec4 8;
    %jmp/0xz  T_2.0, 8;
    %pushi/vec4 0, 0, 6;
    %assign/vec4 v0000020c08afd5b0_0, 0;
    %jmp T_2.1;
T_2.0 ;
    %load/vec4 v0000020c08afe0f0_0;
    %flag_set/vec4 8;
    %jmp/0xz  T_2.2, 8;
    %load/vec4 v0000020c08afd5b0_0;
    %cmpi/e 59, 0, 6;
    %jmp/0xz  T_2.4, 4;
    %pushi/vec4 0, 0, 6;
    %assign/vec4 v0000020c08afd5b0_0, 0;
    %jmp T_2.5;
T_2.4 ;
    %load/vec4 v0000020c08afd5b0_0;
    %addi 1, 0, 6;
    %assign/vec4 v0000020c08afd5b0_0, 0;
T_2.5 ;
T_2.2 ;
T_2.1 ;
    %jmp T_2;
    .thread T_2;
    .scope S_0000020c08af6ea0;
T_3 ;
    %delay 5000, 0;
    %load/vec4 v0000020c08afd790_0;
    %inv;
    %store/vec4 v0000020c08afd790_0, 0, 1;
    %jmp T_3;
    .thread T_3;
    .scope S_0000020c08af6ea0;
T_4 ;
    %pushi/vec4 0, 0, 1;
    %store/vec4 v0000020c08afd790_0, 0, 1;
    %pushi/vec4 0, 0, 1;
    %store/vec4 v0000020c08afd8d0_0, 0, 1;
    %pushi/vec4 1, 0, 1;
    %store/vec4 v0000020c08afde70_0, 0, 1;
    %pushi/vec4 2, 0, 32;
T_4.0 %dup/vec4;
    %pushi/vec4 0, 0, 32;
    %cmp/s;
    %jmp/1xz T_4.1, 5;
    %jmp/1 T_4.1, 4;
    %pushi/vec4 1, 0, 32;
    %sub;
    %wait E_0000020c08af9f90;
    %jmp T_4.0;
T_4.1 ;
    %pop/vec4 1;
    %pushi/vec4 1, 0, 1;
    %store/vec4 v0000020c08afd8d0_0, 0, 1;
    %wait E_0000020c08af9610;
    %pushi/vec4 998, 0, 10;
    %store/vec4 v0000020c08afda10_0, 0, 10;
    %pushi/vec4 0, 0, 6;
    %store/vec4 v0000020c08afd650_0, 0, 6;
    %pushi/vec4 0, 0, 6;
    %store/vec4 v0000020c08afd5b0_0, 0, 6;
    %delay 1000, 0;
    %load/vec4 v0000020c08afd830_0;
    %cmpi/ne 0, 0, 1;
    %jmp/1 T_4.5, 6;
    %flag_mov 8, 6;
    %load/vec4 v0000020c08afddd0_0;
    %cmpi/ne 0, 0, 1;
    %flag_or 6, 8;
T_4.5;
    %jmp/1 T_4.4, 6;
    %flag_mov 8, 6;
    %load/vec4 v0000020c08afdd30_0;
    %cmpi/ne 0, 0, 1;
    %flag_or 6, 8;
T_4.4;
    %jmp/0xz  T_4.2, 6;
    %vpi_call/w 3 38 "$display", "FAIL Q22: unexpected tick before terminal count" {0 0 0};
    %vpi_call/w 3 39 "$finish" {0 0 0};
T_4.2 ;
    %wait E_0000020c08af9f90;
    %delay 1000, 0;
    %load/vec4 v0000020c08afd830_0;
    %cmpi/ne 1, 0, 1;
    %jmp/1 T_4.9, 6;
    %flag_mov 8, 6;
    %load/vec4 v0000020c08afddd0_0;
    %cmpi/ne 0, 0, 1;
    %flag_or 6, 8;
T_4.9;
    %jmp/1 T_4.8, 6;
    %flag_mov 8, 6;
    %load/vec4 v0000020c08afdd30_0;
    %cmpi/ne 0, 0, 1;
    %flag_or 6, 8;
T_4.8;
    %jmp/0xz  T_4.6, 6;
    %vpi_call/w 3 45 "$display", "FAIL Q22: second tick missing" {0 0 0};
    %vpi_call/w 3 46 "$finish" {0 0 0};
T_4.6 ;
    %wait E_0000020c08af9610;
    %pushi/vec4 999, 0, 10;
    %store/vec4 v0000020c08afda10_0, 0, 10;
    %pushi/vec4 59, 0, 6;
    %store/vec4 v0000020c08afd650_0, 0, 6;
    %pushi/vec4 10, 0, 6;
    %store/vec4 v0000020c08afd5b0_0, 0, 6;
    %delay 1000, 0;
    %load/vec4 v0000020c08afd830_0;
    %cmpi/ne 1, 0, 1;
    %jmp/1 T_4.13, 6;
    %flag_mov 8, 6;
    %load/vec4 v0000020c08afddd0_0;
    %cmpi/ne 1, 0, 1;
    %flag_or 6, 8;
T_4.13;
    %jmp/1 T_4.12, 6;
    %flag_mov 8, 6;
    %load/vec4 v0000020c08afdd30_0;
    %cmpi/ne 0, 0, 1;
    %flag_or 6, 8;
T_4.12;
    %jmp/0xz  T_4.10, 6;
    %vpi_call/w 3 56 "$display", "FAIL Q22: minute tick condition failed" {0 0 0};
    %vpi_call/w 3 57 "$finish" {0 0 0};
T_4.10 ;
    %wait E_0000020c08af9610;
    %pushi/vec4 999, 0, 10;
    %store/vec4 v0000020c08afda10_0, 0, 10;
    %pushi/vec4 59, 0, 6;
    %store/vec4 v0000020c08afd650_0, 0, 6;
    %pushi/vec4 59, 0, 6;
    %store/vec4 v0000020c08afd5b0_0, 0, 6;
    %delay 1000, 0;
    %load/vec4 v0000020c08afd830_0;
    %cmpi/ne 1, 0, 1;
    %jmp/1 T_4.17, 6;
    %flag_mov 8, 6;
    %load/vec4 v0000020c08afddd0_0;
    %cmpi/ne 1, 0, 1;
    %flag_or 6, 8;
T_4.17;
    %jmp/1 T_4.16, 6;
    %flag_mov 8, 6;
    %load/vec4 v0000020c08afdd30_0;
    %cmpi/ne 1, 0, 1;
    %flag_or 6, 8;
T_4.16;
    %jmp/0xz  T_4.14, 6;
    %vpi_call/w 3 67 "$display", "FAIL Q22: hour tick condition failed" {0 0 0};
    %vpi_call/w 3 68 "$finish" {0 0 0};
T_4.14 ;
    %vpi_call/w 3 71 "$display", "PASS Q22" {0 0 0};
    %vpi_call/w 3 72 "$finish" {0 0 0};
    %end;
    .thread T_4;
# The file index is used to find the file name in the following table.
:file_names 5;
    "N/A";
    "<interactive>";
    "-";
    "C:\Users\kapil\OneDrive\Desktop\Practiceverilog\tb\pdf_q22_tb.v";
    "./qa/pdf_q22_q23/q22_time_ticks.v";
