#! /c/Source/iverilog-install/bin/vvp
:ivl_version "12.0 (devel)" "(s20150603-1539-g2693dd32b)";
:ivl_delay_selection "TYPICAL";
:vpi_time_precision - 12;
:vpi_module "C:\iverilog\lib\ivl\system.vpi";
:vpi_module "C:\iverilog\lib\ivl\vhdl_sys.vpi";
:vpi_module "C:\iverilog\lib\ivl\vhdl_textio.vpi";
:vpi_module "C:\iverilog\lib\ivl\v2005_math.vpi";
:vpi_module "C:\iverilog\lib\ivl\va_math.vpi";
:vpi_module "C:\iverilog\lib\ivl\v2009.vpi";
S_000002922d4470e0 .scope package, "$unit" "$unit" 2 1;
 .timescale 0 0;
S_000002922d4480d0 .scope module, "pdf_q11_tb" "pdf_q11_tb" 3 4;
 .timescale -9 -12;
v000002922d4a8050_0 .var "clk", 0 0;
v000002922d4a8af0_0 .var "d", 0 0;
v000002922d4a8eb0_0 .net "falling", 0 0, L_000002922d55ac50;  1 drivers
v000002922d4a8f50_0 .net "rising", 0 0, L_000002922d55ab00;  1 drivers
v000002922d4a8370_0 .var "rst", 0 0;
v000002922d4a80f0_0 .net "toggle", 0 0, L_000002922d55ae10;  1 drivers
E_000002922d4497f0 .event posedge, v000002922d4483f0_0;
E_000002922d449b30 .event negedge, v000002922d4483f0_0;
S_000002922d448260 .scope module, "dut" "q11" 3 8, 4 1 0, S_000002922d4480d0;
 .timescale -9 -12;
    .port_info 0 /INPUT 1 "clk";
    .port_info 1 /INPUT 1 "rst";
    .port_info 2 /INPUT 1 "d";
    .port_info 3 /OUTPUT 1 "rising";
    .port_info 4 /OUTPUT 1 "falling";
    .port_info 5 /OUTPUT 1 "toggle";
L_000002922d55ae10 .functor XOR 1, v000002922d4a8af0_0, v000002922d422d70_0, C4<0>, C4<0>;
L_000002922d55ad30 .functor NOT 1, v000002922d4a8af0_0, C4<0>, C4<0>, C4<0>;
L_000002922d55ac50 .functor AND 1, L_000002922d55ad30, v000002922d422d70_0, C4<1>, C4<1>;
L_000002922d55acc0 .functor NOT 1, v000002922d422d70_0, C4<0>, C4<0>, C4<0>;
L_000002922d55ab00 .functor AND 1, v000002922d4a8af0_0, L_000002922d55acc0, C4<1>, C4<1>;
v000002922d4235f0_0 .net *"_ivl_2", 0 0, L_000002922d55ad30;  1 drivers
v000002922d447d50_0 .net *"_ivl_6", 0 0, L_000002922d55acc0;  1 drivers
v000002922d4483f0_0 .net "clk", 0 0, v000002922d4a8050_0;  1 drivers
v000002922d55a880_0 .net "d", 0 0, v000002922d4a8af0_0;  1 drivers
v000002922d55a5a0_0 .net "falling", 0 0, L_000002922d55ac50;  alias, 1 drivers
v000002922d422d70_0 .var "q_prev", 0 0;
v000002922d422e10_0 .net "rising", 0 0, L_000002922d55ab00;  alias, 1 drivers
v000002922d422eb0_0 .net "rst", 0 0, v000002922d4a8370_0;  1 drivers
v000002922d4a87d0_0 .net "toggle", 0 0, L_000002922d55ae10;  alias, 1 drivers
E_000002922d4495f0 .event posedge, v000002922d422eb0_0, v000002922d4483f0_0;
    .scope S_000002922d448260;
T_0 ;
    %wait E_000002922d4495f0;
    %load/vec4 v000002922d422eb0_0;
    %flag_set/vec4 8;
    %jmp/0xz  T_0.0, 8;
    %pushi/vec4 0, 0, 1;
    %assign/vec4 v000002922d422d70_0, 0;
    %jmp T_0.1;
T_0.0 ;
    %load/vec4 v000002922d55a880_0;
    %assign/vec4 v000002922d422d70_0, 0;
T_0.1 ;
    %jmp T_0;
    .thread T_0;
    .scope S_000002922d4480d0;
T_1 ;
    %pushi/vec4 0, 0, 1;
    %store/vec4 v000002922d4a8050_0, 0, 1;
    %end;
    .thread T_1;
    .scope S_000002922d4480d0;
T_2 ;
    %delay 5000, 0;
    %load/vec4 v000002922d4a8050_0;
    %inv;
    %store/vec4 v000002922d4a8050_0, 0, 1;
    %jmp T_2;
    .thread T_2;
    .scope S_000002922d4480d0;
T_3 ;
    %pushi/vec4 1, 0, 1;
    %store/vec4 v000002922d4a8370_0, 0, 1;
    %pushi/vec4 0, 0, 1;
    %store/vec4 v000002922d4a8af0_0, 0, 1;
    %wait E_000002922d4497f0;
    %delay 1000, 0;
    %pushi/vec4 0, 0, 1;
    %store/vec4 v000002922d4a8370_0, 0, 1;
    %load/vec4 v000002922d4a8f50_0;
    %cmpi/ne 0, 0, 1;
    %jmp/1 T_3.3, 6;
    %flag_mov 8, 6;
    %load/vec4 v000002922d4a8eb0_0;
    %cmpi/ne 0, 0, 1;
    %flag_or 6, 8;
T_3.3;
    %jmp/1 T_3.2, 6;
    %flag_mov 8, 6;
    %load/vec4 v000002922d4a80f0_0;
    %cmpi/ne 0, 0, 1;
    %flag_or 6, 8;
T_3.2;
    %jmp/0xz  T_3.0, 6;
    %vpi_call/w 3 27 "$display", "FAIL Q11 reset outputs" {0 0 0};
    %vpi_call/w 3 28 "$finish" {0 0 0};
T_3.0 ;
    %wait E_000002922d449b30;
    %pushi/vec4 1, 0, 1;
    %store/vec4 v000002922d4a8af0_0, 0, 1;
    %delay 1000, 0;
    %load/vec4 v000002922d4a8f50_0;
    %cmpi/ne 1, 0, 1;
    %jmp/1 T_3.7, 6;
    %flag_mov 8, 6;
    %load/vec4 v000002922d4a8eb0_0;
    %cmpi/ne 0, 0, 1;
    %flag_or 6, 8;
T_3.7;
    %jmp/1 T_3.6, 6;
    %flag_mov 8, 6;
    %load/vec4 v000002922d4a80f0_0;
    %cmpi/ne 1, 0, 1;
    %flag_or 6, 8;
T_3.6;
    %jmp/0xz  T_3.4, 6;
    %vpi_call/w 3 34 "$display", "FAIL Q11 rising detect" {0 0 0};
    %vpi_call/w 3 35 "$finish" {0 0 0};
T_3.4 ;
    %wait E_000002922d4497f0;
    %delay 1000, 0;
    %load/vec4 v000002922d4a8f50_0;
    %cmpi/ne 0, 0, 1;
    %jmp/1 T_3.11, 6;
    %flag_mov 8, 6;
    %load/vec4 v000002922d4a8eb0_0;
    %cmpi/ne 0, 0, 1;
    %flag_or 6, 8;
T_3.11;
    %jmp/1 T_3.10, 6;
    %flag_mov 8, 6;
    %load/vec4 v000002922d4a80f0_0;
    %cmpi/ne 0, 0, 1;
    %flag_or 6, 8;
T_3.10;
    %jmp/0xz  T_3.8, 6;
    %vpi_call/w 3 40 "$display", "FAIL Q11 clear after sample high" {0 0 0};
    %vpi_call/w 3 41 "$finish" {0 0 0};
T_3.8 ;
    %wait E_000002922d449b30;
    %pushi/vec4 0, 0, 1;
    %store/vec4 v000002922d4a8af0_0, 0, 1;
    %delay 1000, 0;
    %load/vec4 v000002922d4a8f50_0;
    %cmpi/ne 0, 0, 1;
    %jmp/1 T_3.15, 6;
    %flag_mov 8, 6;
    %load/vec4 v000002922d4a8eb0_0;
    %cmpi/ne 1, 0, 1;
    %flag_or 6, 8;
T_3.15;
    %jmp/1 T_3.14, 6;
    %flag_mov 8, 6;
    %load/vec4 v000002922d4a80f0_0;
    %cmpi/ne 1, 0, 1;
    %flag_or 6, 8;
T_3.14;
    %jmp/0xz  T_3.12, 6;
    %vpi_call/w 3 47 "$display", "FAIL Q11 falling detect" {0 0 0};
    %vpi_call/w 3 48 "$finish" {0 0 0};
T_3.12 ;
    %wait E_000002922d4497f0;
    %delay 1000, 0;
    %load/vec4 v000002922d4a8f50_0;
    %cmpi/ne 0, 0, 1;
    %jmp/1 T_3.19, 6;
    %flag_mov 8, 6;
    %load/vec4 v000002922d4a8eb0_0;
    %cmpi/ne 0, 0, 1;
    %flag_or 6, 8;
T_3.19;
    %jmp/1 T_3.18, 6;
    %flag_mov 8, 6;
    %load/vec4 v000002922d4a80f0_0;
    %cmpi/ne 0, 0, 1;
    %flag_or 6, 8;
T_3.18;
    %jmp/0xz  T_3.16, 6;
    %vpi_call/w 3 53 "$display", "FAIL Q11 clear after sample low" {0 0 0};
    %vpi_call/w 3 54 "$finish" {0 0 0};
T_3.16 ;
    %vpi_call/w 3 57 "$display", "PASS Q11" {0 0 0};
    %vpi_call/w 3 58 "$finish" {0 0 0};
    %end;
    .thread T_3;
# The file index is used to find the file name in the following table.
:file_names 5;
    "N/A";
    "<interactive>";
    "-";
    "C:\Users\kapil\OneDrive\Desktop\Practiceverilog\tb\pdf_q11_tb.v";
    "./qa/pdf_q07_q11/q11_edge_detect.v";
