#! /c/Source/iverilog-install/bin/vvp
:ivl_version "12.0 (devel)" "(s20150603-1539-g2693dd32b)";
:ivl_delay_selection "TYPICAL";
:vpi_time_precision - 12;
:vpi_module "C:\iverilog\lib\ivl\system.vpi";
:vpi_module "C:\iverilog\lib\ivl\vhdl_sys.vpi";
:vpi_module "C:\iverilog\lib\ivl\vhdl_textio.vpi";
:vpi_module "C:\iverilog\lib\ivl\v2005_math.vpi";
:vpi_module "C:\iverilog\lib\ivl\va_math.vpi";
:vpi_module "C:\iverilog\lib\ivl\v2009.vpi";
S_000002b8dd54e470 .scope package, "$unit" "$unit" 2 1;
 .timescale 0 0;
S_000002b8dd55b8a0 .scope module, "pdf_q27_tb" "pdf_q27_tb" 3 4;
 .timescale -9 -12;
v000002b8dd551e80_0 .var "clk", 0 0;
v000002b8dd551fc0_0 .var/i "clk_cycles", 31 0;
v000002b8dd552060_0 .net "clk_out", 0 0, L_000002b8dd562100;  1 drivers
v000002b8dd5521a0_0 .var "divider_value", 3 0;
v000002b8dd552240_0 .var/i "last_rise_cycle", 31 0;
v000002b8dd5b77a0_0 .var/i "rise_count", 31 0;
v000002b8dd5b61c0_0 .var "rst_n", 0 0;
E_000002b8dd54efe0 .event posedge, v000002b8dd5524c0_0;
E_000002b8dd54f0a0 .event posedge, v000002b8dd551ac0_0;
S_000002b8dd55ba30 .scope module, "dut" "q27_clock_div_n" 3 17, 4 1 0, S_000002b8dd55b8a0;
 .timescale -9 -12;
    .port_info 0 /INPUT 1 "clk";
    .port_info 1 /INPUT 1 "rst_n";
    .port_info 2 /INPUT 4 "divider_value";
    .port_info 3 /OUTPUT 1 "clk_out";
P_000002b8dd54e600 .param/l "DUTY_MODE" 0 4 10, +C4<00000000000000000000000000000001>;
P_000002b8dd54e638 .param/l "MAX_N" 0 4 4, +C4<00000000000000000000000000010000>;
P_000002b8dd54e670 .param/l "WIDTH" 1 4 28, +C4<00000000000000000000000000000100>;
L_000002b8dd562090 .functor NOT 1, L_000002b8dd5b7700, C4<0>, C4<0>, C4<0>;
L_000002b8dd5616f0 .functor OR 1, v000002b8dd552600_0, v000002b8dd551a20_0, C4<0>, C4<0>;
L_000002b8dd562100 .functor BUFZ 1, L_000002b8dd5616f0, C4<0>, C4<0>, C4<0>;
v000002b8dd552380_0 .net *"_ivl_1", 0 0, L_000002b8dd5b7700;  1 drivers
L_000002b8dd5b8130 .functor BUFT 1, C4<0000>, C4<0>, C4<0>, C4<0>;
v000002b8dd551f20_0 .net/2u *"_ivl_14", 3 0, L_000002b8dd5b8130;  1 drivers
v000002b8dd552420_0 .net *"_ivl_6", 2 0, L_000002b8dd5b6f80;  1 drivers
L_000002b8dd5b80e8 .functor BUFT 1, C4<0>, C4<0>, C4<0>, C4<0>;
v000002b8dd551de0_0 .net *"_ivl_8", 0 0, L_000002b8dd5b80e8;  1 drivers
v000002b8dd5524c0_0 .net "clk", 0 0, v000002b8dd551e80_0;  1 drivers
v000002b8dd551ac0_0 .net "clk_out", 0 0, L_000002b8dd562100;  alias, 1 drivers
v000002b8dd552740_0 .net "divider_value", 3 0, v000002b8dd5521a0_0;  1 drivers
v000002b8dd551d40_0 .net "duty1", 0 0, L_000002b8dd5b7480;  1 drivers
L_000002b8dd5b8178 .functor BUFT 1, C4<1>, C4<0>, C4<0>, C4<0>;
v000002b8dd5526a0_0 .net "duty100", 0 0, L_000002b8dd5b8178;  1 drivers
v000002b8dd552560_0 .net "duty50", 0 0, L_000002b8dd5616f0;  1 drivers
v000002b8dd552920_0 .net "dutyNminus1", 0 0, L_000002b8dd5b6da0;  1 drivers
v000002b8dd551b60_0 .net "half_point", 3 0, L_000002b8dd5b7840;  1 drivers
v000002b8dd551a20_0 .var "neg_pulse_reg", 0 0;
v000002b8dd551c00_0 .net "odd_n", 0 0, L_000002b8dd562090;  1 drivers
v000002b8dd551ca0_0 .var "posedge_cnt", 3 0;
v000002b8dd552600_0 .var "rise_pulse_reg", 0 0;
v000002b8dd552100_0 .net "rst_n", 0 0, v000002b8dd5b61c0_0;  1 drivers
E_000002b8dd54f8e0 .event negedge, v000002b8dd552100_0, v000002b8dd5524c0_0;
E_000002b8dd54f3e0/0 .event negedge, v000002b8dd552100_0;
E_000002b8dd54f3e0/1 .event posedge, v000002b8dd5524c0_0;
E_000002b8dd54f3e0 .event/or E_000002b8dd54f3e0/0, E_000002b8dd54f3e0/1;
L_000002b8dd5b7700 .part v000002b8dd5521a0_0, 0, 1;
L_000002b8dd5b6f80 .part v000002b8dd5521a0_0, 1, 3;
L_000002b8dd5b7840 .concat [ 3 1 0 0], L_000002b8dd5b6f80, L_000002b8dd5b80e8;
L_000002b8dd5b7480 .cmp/eq 4, v000002b8dd551ca0_0, v000002b8dd5521a0_0;
L_000002b8dd5b6da0 .cmp/ne 4, v000002b8dd551ca0_0, L_000002b8dd5b8130;
S_000002b8dd522d70 .scope function.vec4.u32, "clog2" "clog2" 4 17, 4 17 0, S_000002b8dd55ba30;
 .timescale -9 -12;
; Variable clog2 is vec4 return value of scope S_000002b8dd522d70
v000002b8dd5527e0_0 .var/i "i", 31 0;
v000002b8dd5522e0_0 .var/i "value", 31 0;
TD_pdf_q27_tb.dut.clog2 ;
    %load/vec4 v000002b8dd5522e0_0;
    %subi 1, 0, 32;
    %store/vec4 v000002b8dd5522e0_0, 0, 32;
    %pushi/vec4 0, 0, 32;
    %store/vec4 v000002b8dd5527e0_0, 0, 32;
T_0.0 ;
    %load/vec4 v000002b8dd5522e0_0;
    %cmpi/s 0, 0, 32;
    %flag_or 5, 4; GT is !LE
    %flag_inv 5;
    %jmp/0xz T_0.1, 5;
    %load/vec4 v000002b8dd5522e0_0;
    %ix/load 4, 1, 0;
    %flag_set/imm 4, 0;
    %shiftr 4;
    %store/vec4 v000002b8dd5522e0_0, 0, 32;
    %load/vec4 v000002b8dd5527e0_0;
    %addi 1, 0, 32;
    %store/vec4 v000002b8dd5527e0_0, 0, 32;
    %jmp T_0.0;
T_0.1 ;
    %load/vec4 v000002b8dd5527e0_0;
    %ret/vec4 0, 0, 32;  Assign to clog2 (store_vec4_to_lval)
    %end;
    .scope S_000002b8dd55ba30;
T_1 ;
    %wait E_000002b8dd54f3e0;
    %load/vec4 v000002b8dd552100_0;
    %nor/r;
    %flag_set/vec4 8;
    %jmp/0xz  T_1.0, 8;
    %pushi/vec4 0, 0, 4;
    %assign/vec4 v000002b8dd551ca0_0, 0;
    %jmp T_1.1;
T_1.0 ;
    %load/vec4 v000002b8dd551ca0_0;
    %load/vec4 v000002b8dd552740_0;
    %cmp/e;
    %jmp/0xz  T_1.2, 4;
    %pushi/vec4 0, 0, 4;
    %assign/vec4 v000002b8dd551ca0_0, 0;
    %jmp T_1.3;
T_1.2 ;
    %load/vec4 v000002b8dd551ca0_0;
    %addi 1, 0, 4;
    %assign/vec4 v000002b8dd551ca0_0, 0;
T_1.3 ;
T_1.1 ;
    %jmp T_1;
    .thread T_1;
    .scope S_000002b8dd55ba30;
T_2 ;
    %wait E_000002b8dd54f3e0;
    %load/vec4 v000002b8dd552100_0;
    %nor/r;
    %flag_set/vec4 8;
    %jmp/0xz  T_2.0, 8;
    %pushi/vec4 0, 0, 1;
    %assign/vec4 v000002b8dd552600_0, 0;
    %jmp T_2.1;
T_2.0 ;
    %load/vec4 v000002b8dd551ca0_0;
    %load/vec4 v000002b8dd551b60_0;
    %cmp/e;
    %jmp/0xz  T_2.2, 4;
    %pushi/vec4 1, 0, 1;
    %assign/vec4 v000002b8dd552600_0, 0;
    %jmp T_2.3;
T_2.2 ;
    %load/vec4 v000002b8dd551ca0_0;
    %load/vec4 v000002b8dd552740_0;
    %cmp/e;
    %jmp/0xz  T_2.4, 4;
    %pushi/vec4 0, 0, 1;
    %assign/vec4 v000002b8dd552600_0, 0;
T_2.4 ;
T_2.3 ;
T_2.1 ;
    %jmp T_2;
    .thread T_2;
    .scope S_000002b8dd55ba30;
T_3 ;
    %wait E_000002b8dd54f8e0;
    %load/vec4 v000002b8dd552100_0;
    %nor/r;
    %flag_set/vec4 8;
    %jmp/0xz  T_3.0, 8;
    %pushi/vec4 0, 0, 1;
    %assign/vec4 v000002b8dd551a20_0, 0;
    %jmp T_3.1;
T_3.0 ;
    %load/vec4 v000002b8dd551c00_0;
    %flag_set/vec4 8;
    %jmp/0xz  T_3.2, 8;
    %load/vec4 v000002b8dd552600_0;
    %assign/vec4 v000002b8dd551a20_0, 0;
    %jmp T_3.3;
T_3.2 ;
    %pushi/vec4 0, 0, 1;
    %assign/vec4 v000002b8dd551a20_0, 0;
T_3.3 ;
T_3.1 ;
    %jmp T_3;
    .thread T_3;
    .scope S_000002b8dd55b8a0;
T_4 ;
    %delay 5000, 0;
    %load/vec4 v000002b8dd551e80_0;
    %inv;
    %store/vec4 v000002b8dd551e80_0, 0, 1;
    %jmp T_4;
    .thread T_4;
    .scope S_000002b8dd55b8a0;
T_5 ;
    %wait E_000002b8dd54efe0;
    %load/vec4 v000002b8dd5b61c0_0;
    %nor/r;
    %flag_set/vec4 8;
    %jmp/0xz  T_5.0, 8;
    %pushi/vec4 0, 0, 32;
    %assign/vec4 v000002b8dd551fc0_0, 0;
    %jmp T_5.1;
T_5.0 ;
    %load/vec4 v000002b8dd551fc0_0;
    %addi 1, 0, 32;
    %assign/vec4 v000002b8dd551fc0_0, 0;
T_5.1 ;
    %jmp T_5;
    .thread T_5;
    .scope S_000002b8dd55b8a0;
T_6 ;
    %wait E_000002b8dd54f0a0;
    %load/vec4 v000002b8dd5b61c0_0;
    %flag_set/vec4 8;
    %jmp/0xz  T_6.0, 8;
    %load/vec4 v000002b8dd5b77a0_0;
    %cmpi/s 0, 0, 32;
    %flag_or 5, 4; GT is !LE
    %flag_inv 5;
    %jmp/0xz  T_6.2, 5;
    %load/vec4 v000002b8dd551fc0_0;
    %load/vec4 v000002b8dd552240_0;
    %sub;
    %cmpi/ne 5, 0, 32;
    %jmp/0xz  T_6.4, 6;
    %load/vec4 v000002b8dd551fc0_0;
    %load/vec4 v000002b8dd552240_0;
    %sub;
    %vpi_call/w 3 37 "$display", "FAIL Q27: expected /5 rising-edge spacing, got %0d", S<0,vec4,s32> {1 0 0};
    %vpi_call/w 3 39 "$finish" {0 0 0};
T_6.4 ;
T_6.2 ;
    %load/vec4 v000002b8dd551fc0_0;
    %assign/vec4 v000002b8dd552240_0, 0;
    %load/vec4 v000002b8dd5b77a0_0;
    %addi 1, 0, 32;
    %assign/vec4 v000002b8dd5b77a0_0, 0;
T_6.0 ;
    %jmp T_6;
    .thread T_6;
    .scope S_000002b8dd55b8a0;
T_7 ;
    %pushi/vec4 0, 0, 1;
    %store/vec4 v000002b8dd551e80_0, 0, 1;
    %pushi/vec4 0, 0, 1;
    %store/vec4 v000002b8dd5b61c0_0, 0, 1;
    %pushi/vec4 4, 0, 4;
    %store/vec4 v000002b8dd5521a0_0, 0, 4;
    %pushi/vec4 0, 0, 32;
    %store/vec4 v000002b8dd551fc0_0, 0, 32;
    %pushi/vec4 0, 0, 32;
    %store/vec4 v000002b8dd5b77a0_0, 0, 32;
    %pushi/vec4 0, 0, 32;
    %store/vec4 v000002b8dd552240_0, 0, 32;
    %pushi/vec4 2, 0, 32;
T_7.0 %dup/vec4;
    %pushi/vec4 0, 0, 32;
    %cmp/s;
    %jmp/1xz T_7.1, 5;
    %jmp/1 T_7.1, 4;
    %pushi/vec4 1, 0, 32;
    %sub;
    %wait E_000002b8dd54efe0;
    %jmp T_7.0;
T_7.1 ;
    %pop/vec4 1;
    %pushi/vec4 1, 0, 1;
    %store/vec4 v000002b8dd5b61c0_0, 0, 1;
    %pushi/vec4 120, 0, 32;
T_7.2 %dup/vec4;
    %pushi/vec4 0, 0, 32;
    %cmp/s;
    %jmp/1xz T_7.3, 5;
    %jmp/1 T_7.3, 4;
    %pushi/vec4 1, 0, 32;
    %sub;
    %wait E_000002b8dd54efe0;
    %load/vec4 v000002b8dd5b77a0_0;
    %cmpi/s 4, 0, 32;
    %flag_inv 5; GE is !LT
    %jmp/0xz  T_7.4, 5;
    %vpi_call/w 3 61 "$display", "PASS Q27" {0 0 0};
    %vpi_call/w 3 62 "$finish" {0 0 0};
T_7.4 ;
    %jmp T_7.2;
T_7.3 ;
    %pop/vec4 1;
    %vpi_call/w 3 66 "$display", "FAIL Q27: timeout waiting for enough clk_out edges" {0 0 0};
    %vpi_call/w 3 67 "$finish" {0 0 0};
    %end;
    .thread T_7;
# The file index is used to find the file name in the following table.
:file_names 5;
    "N/A";
    "<interactive>";
    "-";
    "C:\Users\kapil\OneDrive\Desktop\Practiceverilog\tb\pdf_q27_tb.v";
    "./qa/pdf_q27/q27_clock_div_n.v";
