#! /c/Source/iverilog-install/bin/vvp
:ivl_version "12.0 (devel)" "(s20150603-1539-g2693dd32b)";
:ivl_delay_selection "TYPICAL";
:vpi_time_precision - 12;
:vpi_module "C:\iverilog\lib\ivl\system.vpi";
:vpi_module "C:\iverilog\lib\ivl\vhdl_sys.vpi";
:vpi_module "C:\iverilog\lib\ivl\vhdl_textio.vpi";
:vpi_module "C:\iverilog\lib\ivl\v2005_math.vpi";
:vpi_module "C:\iverilog\lib\ivl\va_math.vpi";
:vpi_module "C:\iverilog\lib\ivl\v2009.vpi";
S_0000020812b2bb70 .scope package, "$unit" "$unit" 2 1;
 .timescale 0 0;
S_0000020812cc64a0 .scope module, "pdf_q23_tb" "pdf_q23_tb" 3 4;
 .timescale -9 -12;
v0000020812cc67c0_0 .var "A", 0 0;
v0000020812cc6860_0 .net "B", 0 0, L_0000020812b2a010;  1 drivers
v0000020812cb5020_0 .var "a_delay_ref", 0 0;
v0000020812cb50c0_0 .var "clk", 0 0;
v0000020812cc4cc0_0 .var "expected_b", 0 0;
v0000020812cc4d60_0 .var/i "i", 31 0;
v0000020812cc4e00_0 .var "rst_n", 0 0;
v0000020812d12d80_0 .var "seq_bits", 9 0;
E_0000020812cc8bb0 .event posedge, v0000020812b2bd00_0;
E_0000020812cc9730 .event negedge, v0000020812b2bd00_0;
S_0000020812cc6630 .scope module, "dut" "q23_timing_b_from_a" 3 15, 4 1 0, S_0000020812cc64a0;
 .timescale -9 -12;
    .port_info 0 /INPUT 1 "clk";
    .port_info 1 /INPUT 1 "rst_n";
    .port_info 2 /INPUT 1 "A";
    .port_info 3 /OUTPUT 1 "B";
L_0000020812b2a010 .functor OR 1, v0000020812cc67c0_0, v0000020812c93170_0, C4<0>, C4<0>;
v0000020812b2b770_0 .net "A", 0 0, v0000020812cc67c0_0;  1 drivers
v0000020812c93610_0 .net "B", 0 0, L_0000020812b2a010;  alias, 1 drivers
v0000020812c93170_0 .var "a_delay", 0 0;
v0000020812b2bd00_0 .net "clk", 0 0, v0000020812cb50c0_0;  1 drivers
v0000020812b29880_0 .net "rst_n", 0 0, v0000020812cc4e00_0;  1 drivers
E_0000020812cc5680/0 .event negedge, v0000020812b29880_0;
E_0000020812cc5680/1 .event posedge, v0000020812b2bd00_0;
E_0000020812cc5680 .event/or E_0000020812cc5680/0, E_0000020812cc5680/1;
    .scope S_0000020812cc6630;
T_0 ;
    %wait E_0000020812cc5680;
    %load/vec4 v0000020812b29880_0;
    %nor/r;
    %flag_set/vec4 8;
    %jmp/0xz  T_0.0, 8;
    %pushi/vec4 0, 0, 1;
    %assign/vec4 v0000020812c93170_0, 0;
    %jmp T_0.1;
T_0.0 ;
    %load/vec4 v0000020812b2b770_0;
    %assign/vec4 v0000020812c93170_0, 0;
T_0.1 ;
    %jmp T_0;
    .thread T_0;
    .scope S_0000020812cc64a0;
T_1 ;
    %delay 5000, 0;
    %load/vec4 v0000020812cb50c0_0;
    %inv;
    %store/vec4 v0000020812cb50c0_0, 0, 1;
    %jmp T_1;
    .thread T_1;
    .scope S_0000020812cc64a0;
T_2 ;
    %pushi/vec4 0, 0, 1;
    %store/vec4 v0000020812cb50c0_0, 0, 1;
    %pushi/vec4 0, 0, 1;
    %store/vec4 v0000020812cc4e00_0, 0, 1;
    %pushi/vec4 0, 0, 1;
    %store/vec4 v0000020812cc67c0_0, 0, 1;
    %pushi/vec4 0, 0, 1;
    %store/vec4 v0000020812cb5020_0, 0, 1;
    %pushi/vec4 669, 0, 10;
    %store/vec4 v0000020812d12d80_0, 0, 10;
    %pushi/vec4 2, 0, 32;
T_2.0 %dup/vec4;
    %pushi/vec4 0, 0, 32;
    %cmp/s;
    %jmp/1xz T_2.1, 5;
    %jmp/1 T_2.1, 4;
    %pushi/vec4 1, 0, 32;
    %sub;
    %wait E_0000020812cc8bb0;
    %jmp T_2.0;
T_2.1 ;
    %pop/vec4 1;
    %pushi/vec4 1, 0, 1;
    %store/vec4 v0000020812cc4e00_0, 0, 1;
    %pushi/vec4 9, 0, 32;
    %store/vec4 v0000020812cc4d60_0, 0, 32;
T_2.2 ;
    %load/vec4 v0000020812cc4d60_0;
    %cmpi/s 0, 0, 32;
    %flag_inv 5; GE is !LT
    %jmp/0xz T_2.3, 5;
    %wait E_0000020812cc9730;
    %load/vec4 v0000020812d12d80_0;
    %load/vec4 v0000020812cc4d60_0;
    %part/s 1;
    %store/vec4 v0000020812cc67c0_0, 0, 1;
    %delay 1000, 0;
    %load/vec4 v0000020812cc67c0_0;
    %load/vec4 v0000020812cb5020_0;
    %or;
    %store/vec4 v0000020812cc4cc0_0, 0, 1;
    %load/vec4 v0000020812cc6860_0;
    %load/vec4 v0000020812cc4cc0_0;
    %cmp/ne;
    %jmp/0xz  T_2.4, 6;
    %vpi_call/w 3 39 "$display", "FAIL Q23 at step %0d (negedge): expected %0b got %0b", v0000020812cc4d60_0, v0000020812cc4cc0_0, v0000020812cc6860_0 {0 0 0};
    %vpi_call/w 3 40 "$finish" {0 0 0};
T_2.4 ;
    %wait E_0000020812cc8bb0;
    %load/vec4 v0000020812cc67c0_0;
    %store/vec4 v0000020812cb5020_0, 0, 1;
    %delay 1000, 0;
    %load/vec4 v0000020812cc67c0_0;
    %load/vec4 v0000020812cb5020_0;
    %or;
    %store/vec4 v0000020812cc4cc0_0, 0, 1;
    %load/vec4 v0000020812cc6860_0;
    %load/vec4 v0000020812cc4cc0_0;
    %cmp/ne;
    %jmp/0xz  T_2.6, 6;
    %vpi_call/w 3 48 "$display", "FAIL Q23 at step %0d (posedge): expected %0b got %0b", v0000020812cc4d60_0, v0000020812cc4cc0_0, v0000020812cc6860_0 {0 0 0};
    %vpi_call/w 3 49 "$finish" {0 0 0};
T_2.6 ;
    %load/vec4 v0000020812cc4d60_0;
    %subi 1, 0, 32;
    %store/vec4 v0000020812cc4d60_0, 0, 32;
    %jmp T_2.2;
T_2.3 ;
    %vpi_call/w 3 53 "$display", "PASS Q23" {0 0 0};
    %vpi_call/w 3 54 "$finish" {0 0 0};
    %end;
    .thread T_2;
# The file index is used to find the file name in the following table.
:file_names 5;
    "N/A";
    "<interactive>";
    "-";
    "C:\Users\kapil\OneDrive\Desktop\Practiceverilog\tb\pdf_q23_tb.v";
    "./qa/pdf_q22_q23/q23_timing_b_from_a.v";
