#! /c/Source/iverilog-install/bin/vvp
:ivl_version "12.0 (devel)" "(s20150603-1539-g2693dd32b)";
:ivl_delay_selection "TYPICAL";
:vpi_time_precision - 12;
:vpi_module "C:\iverilog\lib\ivl\system.vpi";
:vpi_module "C:\iverilog\lib\ivl\vhdl_sys.vpi";
:vpi_module "C:\iverilog\lib\ivl\vhdl_textio.vpi";
:vpi_module "C:\iverilog\lib\ivl\v2005_math.vpi";
:vpi_module "C:\iverilog\lib\ivl\va_math.vpi";
:vpi_module "C:\iverilog\lib\ivl\v2009.vpi";
S_000002451d5e2990 .scope package, "$unit" "$unit" 2 1;
 .timescale 0 0;
S_000002451d5e2b20 .scope module, "pdf_q24_tb" "pdf_q24_tb" 3 4;
 .timescale -9 -12;
v000002451d649c30_0 .var "clk", 0 0;
v000002451d64ab30_0 .var/s "expected_y", 34 0;
v000002451d64b0d0_0 .var/i "i", 31 0;
v000002451d649d70_0 .var/s "r1", 15 0;
v000002451d6499b0_0 .var/s "r2", 15 0;
v000002451d64b5d0_0 .var/s "r3", 15 0;
v000002451d64b210_0 .var/s "r4", 15 0;
v000002451d64a630_0 .var "rst_n", 0 0;
v000002451d64a4f0_0 .var/s "sample_in", 15 0;
v000002451d64a6d0_0 .net/s "sample_out", 34 0, v000002451d649b90_0;  1 drivers
v000002451d64b710 .array/s "x_seq", 6 0, 15 0;
E_000002451d5e0010 .event posedge, v000002451d64b3f0_0;
E_000002451d5e0d50 .event negedge, v000002451d64b3f0_0;
S_000002451d5ee130 .scope module, "dut" "q24_fir_5tap" 3 18, 4 1 0, S_000002451d5e2b20;
 .timescale -9 -12;
    .port_info 0 /INPUT 1 "clk";
    .port_info 1 /INPUT 1 "rst_n";
    .port_info 2 /INPUT 16 "sample_in";
    .port_info 3 /OUTPUT 35 "sample_out";
P_000002451d5ee2c0 .param/l "C1" 0 4 4, +C4<0000000000000001>;
P_000002451d5ee2f8 .param/l "C2" 0 4 5, +C4<0000000000000010>;
P_000002451d5ee330 .param/l "C3" 0 4 6, +C4<0000000000000011>;
P_000002451d5ee368 .param/l "C4" 0 4 7, +C4<0000000000000010>;
P_000002451d5ee3a0 .param/l "C5" 0 4 8, +C4<0000000000000001>;
P_000002451d5ee3d8 .param/l "COEFF_W" 0 4 3, +C4<00000000000000000000000000010000>;
P_000002451d5ee410 .param/l "DATA_W" 0 4 2, +C4<00000000000000000000000000010000>;
P_000002451d5ee448 .param/l "OUT_W" 0 4 9, +C4<00000000000000000000000000100011>;
P_000002451d5ee480 .param/l "PROD_W" 1 4 16, +C4<00000000000000000000000000100000>;
v000002451d5dd9e0_0 .net/s *"_ivl_0", 31 0, L_000002451d64adb0;  1 drivers
v000002451d5ddda0_0 .net/s *"_ivl_12", 31 0, L_000002451d649cd0;  1 drivers
L_000002451d64b968 .functor BUFT 1, C4<00000000000000000000000000000011>, C4<0>, C4<0>, C4<0>;
v000002451d5dde40_0 .net/2s *"_ivl_14", 31 0, L_000002451d64b968;  1 drivers
v000002451d5dd8a0_0 .net/s *"_ivl_18", 31 0, L_000002451d649f50;  1 drivers
L_000002451d64b8d8 .functor BUFT 1, C4<00000000000000000000000000000001>, C4<0>, C4<0>, C4<0>;
v000002451d5ddf80_0 .net/2s *"_ivl_2", 31 0, L_000002451d64b8d8;  1 drivers
L_000002451d64b9b0 .functor BUFT 1, C4<00000000000000000000000000000010>, C4<0>, C4<0>, C4<0>;
v000002451d5de200_0 .net/2s *"_ivl_20", 31 0, L_000002451d64b9b0;  1 drivers
v000002451d5de340_0 .net/s *"_ivl_24", 31 0, L_000002451d649ff0;  1 drivers
L_000002451d64b9f8 .functor BUFT 1, C4<00000000000000000000000000000001>, C4<0>, C4<0>, C4<0>;
v000002451d5de480_0 .net/2s *"_ivl_26", 31 0, L_000002451d64b9f8;  1 drivers
v000002451d5de660_0 .net *"_ivl_31", 34 0, L_000002451d64a3b0;  1 drivers
v000002451d5dd940_0 .net *"_ivl_33", 34 0, L_000002451d64a090;  1 drivers
v000002451d5ddb20_0 .net/s *"_ivl_34", 34 0, L_000002451d64a950;  1 drivers
v000002451d5ddbc0_0 .net *"_ivl_37", 34 0, L_000002451d64a130;  1 drivers
v000002451d5ddee0_0 .net/s *"_ivl_38", 34 0, L_000002451d64a1d0;  1 drivers
v000002451d649e10_0 .net *"_ivl_41", 34 0, L_000002451d64a770;  1 drivers
v000002451d64a310_0 .net/s *"_ivl_42", 34 0, L_000002451d64a810;  1 drivers
v000002451d64b170_0 .net *"_ivl_45", 34 0, L_000002451d64abd0;  1 drivers
v000002451d64ae50_0 .net/s *"_ivl_6", 31 0, L_000002451d649a50;  1 drivers
L_000002451d64b920 .functor BUFT 1, C4<00000000000000000000000000000010>, C4<0>, C4<0>, C4<0>;
v000002451d649af0_0 .net/2s *"_ivl_8", 31 0, L_000002451d64b920;  1 drivers
v000002451d64b3f0_0 .net "clk", 0 0, v000002451d649c30_0;  1 drivers
v000002451d64a450_0 .var/s "d1", 15 0;
v000002451d64b2b0_0 .var/s "d2", 15 0;
v000002451d64af90_0 .var/s "d3", 15 0;
v000002451d64a270_0 .var/s "d4", 15 0;
v000002451d64aa90_0 .net/s "m1", 31 0, L_000002451d64b7b0;  1 drivers
v000002451d64b030_0 .net/s "m2", 31 0, L_000002451d649910;  1 drivers
v000002451d64b350_0 .net/s "m3", 31 0, L_000002451d64a590;  1 drivers
v000002451d64b530_0 .net/s "m4", 31 0, L_000002451d649eb0;  1 drivers
v000002451d64ac70_0 .net/s "m5", 31 0, L_000002451d64ad10;  1 drivers
v000002451d64b490_0 .net "rst_n", 0 0, v000002451d64a630_0;  1 drivers
v000002451d64b670_0 .net/s "sample_in", 15 0, v000002451d64a4f0_0;  1 drivers
v000002451d649b90_0 .var/s "sample_out", 34 0;
v000002451d64aef0_0 .net/s "y_next", 34 0, L_000002451d64a8b0;  1 drivers
E_000002451d5e0150/0 .event negedge, v000002451d64b490_0;
E_000002451d5e0150/1 .event posedge, v000002451d64b3f0_0;
E_000002451d5e0150 .event/or E_000002451d5e0150/0, E_000002451d5e0150/1;
L_000002451d64adb0 .extend/s 32, v000002451d64a4f0_0;
L_000002451d64b7b0 .arith/mult 32, L_000002451d64adb0, L_000002451d64b8d8;
L_000002451d649a50 .extend/s 32, v000002451d64a450_0;
L_000002451d649910 .arith/mult 32, L_000002451d649a50, L_000002451d64b920;
L_000002451d649cd0 .extend/s 32, v000002451d64b2b0_0;
L_000002451d64a590 .arith/mult 32, L_000002451d649cd0, L_000002451d64b968;
L_000002451d649f50 .extend/s 32, v000002451d64af90_0;
L_000002451d649eb0 .arith/mult 32, L_000002451d649f50, L_000002451d64b9b0;
L_000002451d649ff0 .extend/s 32, v000002451d64a270_0;
L_000002451d64ad10 .arith/mult 32, L_000002451d649ff0, L_000002451d64b9f8;
L_000002451d64a3b0 .ufunc/vec4 TD_pdf_q24_tb.dut.sx, 35, L_000002451d64b7b0 (v000002451d5de160_0) S_000002451d5b2d70;
L_000002451d64a090 .ufunc/vec4 TD_pdf_q24_tb.dut.sx, 35, L_000002451d649910 (v000002451d5de160_0) S_000002451d5b2d70;
L_000002451d64a950 .arith/sum 35, L_000002451d64a3b0, L_000002451d64a090;
L_000002451d64a130 .ufunc/vec4 TD_pdf_q24_tb.dut.sx, 35, L_000002451d64a590 (v000002451d5de160_0) S_000002451d5b2d70;
L_000002451d64a1d0 .arith/sum 35, L_000002451d64a950, L_000002451d64a130;
L_000002451d64a770 .ufunc/vec4 TD_pdf_q24_tb.dut.sx, 35, L_000002451d649eb0 (v000002451d5de160_0) S_000002451d5b2d70;
L_000002451d64a810 .arith/sum 35, L_000002451d64a1d0, L_000002451d64a770;
L_000002451d64abd0 .ufunc/vec4 TD_pdf_q24_tb.dut.sx, 35, L_000002451d64ad10 (v000002451d5de160_0) S_000002451d5b2d70;
L_000002451d64a8b0 .arith/sum 35, L_000002451d64a810, L_000002451d64abd0;
S_000002451d5b2d70 .scope function.vec4.u35, "sx" "sx" 4 29, 4 29 0, S_000002451d5ee130;
 .timescale -9 -12;
; Variable sx is vec4 return value of scope S_000002451d5b2d70
v000002451d5de160_0 .var/s "v", 31 0;
TD_pdf_q24_tb.dut.sx ;
    %load/vec4 v000002451d5de160_0;
    %parti/s 1, 31, 6;
    %replicate 3;
    %load/vec4 v000002451d5de160_0;
    %concat/vec4; draw_concat_vec4
    %ret/vec4 0, 0, 35;  Assign to sx (store_vec4_to_lval)
    %end;
    .scope S_000002451d5ee130;
T_1 ;
    %wait E_000002451d5e0150;
    %load/vec4 v000002451d64b490_0;
    %nor/r;
    %flag_set/vec4 8;
    %jmp/0xz  T_1.0, 8;
    %pushi/vec4 0, 0, 16;
    %assign/vec4 v000002451d64a450_0, 0;
    %pushi/vec4 0, 0, 16;
    %assign/vec4 v000002451d64b2b0_0, 0;
    %pushi/vec4 0, 0, 16;
    %assign/vec4 v000002451d64af90_0, 0;
    %pushi/vec4 0, 0, 16;
    %assign/vec4 v000002451d64a270_0, 0;
    %pushi/vec4 0, 0, 35;
    %assign/vec4 v000002451d649b90_0, 0;
    %jmp T_1.1;
T_1.0 ;
    %load/vec4 v000002451d64aef0_0;
    %assign/vec4 v000002451d649b90_0, 0;
    %load/vec4 v000002451d64af90_0;
    %assign/vec4 v000002451d64a270_0, 0;
    %load/vec4 v000002451d64b2b0_0;
    %assign/vec4 v000002451d64af90_0, 0;
    %load/vec4 v000002451d64a450_0;
    %assign/vec4 v000002451d64b2b0_0, 0;
    %load/vec4 v000002451d64b670_0;
    %assign/vec4 v000002451d64a450_0, 0;
T_1.1 ;
    %jmp T_1;
    .thread T_1;
    .scope S_000002451d5e2b20;
T_2 ;
    %delay 5000, 0;
    %load/vec4 v000002451d649c30_0;
    %inv;
    %store/vec4 v000002451d649c30_0, 0, 1;
    %jmp T_2;
    .thread T_2;
    .scope S_000002451d5e2b20;
T_3 ;
    %pushi/vec4 0, 0, 1;
    %store/vec4 v000002451d649c30_0, 0, 1;
    %pushi/vec4 0, 0, 1;
    %store/vec4 v000002451d64a630_0, 0, 1;
    %pushi/vec4 0, 0, 16;
    %store/vec4 v000002451d64a4f0_0, 0, 16;
    %pushi/vec4 0, 0, 16;
    %store/vec4 v000002451d649d70_0, 0, 16;
    %pushi/vec4 0, 0, 16;
    %store/vec4 v000002451d6499b0_0, 0, 16;
    %pushi/vec4 0, 0, 16;
    %store/vec4 v000002451d64b5d0_0, 0, 16;
    %pushi/vec4 0, 0, 16;
    %store/vec4 v000002451d64b210_0, 0, 16;
    %pushi/vec4 1, 0, 16;
    %ix/load 4, 0, 0;
    %flag_set/imm 4, 0;
    %store/vec4a v000002451d64b710, 4, 0;
    %pushi/vec4 2, 0, 16;
    %ix/load 4, 1, 0;
    %flag_set/imm 4, 0;
    %store/vec4a v000002451d64b710, 4, 0;
    %pushi/vec4 3, 0, 16;
    %ix/load 4, 2, 0;
    %flag_set/imm 4, 0;
    %store/vec4a v000002451d64b710, 4, 0;
    %pushi/vec4 4, 0, 16;
    %ix/load 4, 3, 0;
    %flag_set/imm 4, 0;
    %store/vec4a v000002451d64b710, 4, 0;
    %pushi/vec4 5, 0, 16;
    %ix/load 4, 4, 0;
    %flag_set/imm 4, 0;
    %store/vec4a v000002451d64b710, 4, 0;
    %pushi/vec4 0, 0, 16;
    %ix/load 4, 5, 0;
    %flag_set/imm 4, 0;
    %store/vec4a v000002451d64b710, 4, 0;
    %pushi/vec4 65535, 0, 16;
    %ix/load 4, 6, 0;
    %flag_set/imm 4, 0;
    %store/vec4a v000002451d64b710, 4, 0;
    %pushi/vec4 2, 0, 32;
T_3.0 %dup/vec4;
    %pushi/vec4 0, 0, 32;
    %cmp/s;
    %jmp/1xz T_3.1, 5;
    %jmp/1 T_3.1, 4;
    %pushi/vec4 1, 0, 32;
    %sub;
    %wait E_000002451d5e0010;
    %jmp T_3.0;
T_3.1 ;
    %pop/vec4 1;
    %pushi/vec4 1, 0, 1;
    %store/vec4 v000002451d64a630_0, 0, 1;
    %pushi/vec4 0, 0, 32;
    %store/vec4 v000002451d64b0d0_0, 0, 32;
T_3.2 ;
    %load/vec4 v000002451d64b0d0_0;
    %cmpi/s 7, 0, 32;
    %jmp/0xz T_3.3, 5;
    %wait E_000002451d5e0d50;
    %ix/getv/s 4, v000002451d64b0d0_0;
    %load/vec4a v000002451d64b710, 4;
    %store/vec4 v000002451d64a4f0_0, 0, 16;
    %wait E_000002451d5e0010;
    %load/vec4 v000002451d64a4f0_0;
    %pad/s 35;
    %muli 1, 0, 35;
    %load/vec4 v000002451d649d70_0;
    %pad/s 35;
    %muli 2, 0, 35;
    %add;
    %load/vec4 v000002451d6499b0_0;
    %pad/s 35;
    %muli 3, 0, 35;
    %add;
    %load/vec4 v000002451d64b5d0_0;
    %pad/s 35;
    %muli 2, 0, 35;
    %add;
    %load/vec4 v000002451d64b210_0;
    %pad/s 35;
    %muli 1, 0, 35;
    %add;
    %store/vec4 v000002451d64ab30_0, 0, 35;
    %load/vec4 v000002451d64b5d0_0;
    %store/vec4 v000002451d64b210_0, 0, 16;
    %load/vec4 v000002451d6499b0_0;
    %store/vec4 v000002451d64b5d0_0, 0, 16;
    %load/vec4 v000002451d649d70_0;
    %store/vec4 v000002451d6499b0_0, 0, 16;
    %load/vec4 v000002451d64a4f0_0;
    %store/vec4 v000002451d649d70_0, 0, 16;
    %delay 1000, 0;
    %load/vec4 v000002451d64a6d0_0;
    %load/vec4 v000002451d64ab30_0;
    %cmp/ne;
    %jmp/0xz  T_3.4, 6;
    %vpi_call/w 3 57 "$display", "FAIL Q24 at step %0d: expected %0d got %0d", v000002451d64b0d0_0, v000002451d64ab30_0, v000002451d64a6d0_0 {0 0 0};
    %vpi_call/w 3 58 "$finish" {0 0 0};
T_3.4 ;
    %load/vec4 v000002451d64b0d0_0;
    %addi 1, 0, 32;
    %store/vec4 v000002451d64b0d0_0, 0, 32;
    %jmp T_3.2;
T_3.3 ;
    %vpi_call/w 3 62 "$display", "PASS Q24" {0 0 0};
    %vpi_call/w 3 63 "$finish" {0 0 0};
    %end;
    .thread T_3;
# The file index is used to find the file name in the following table.
:file_names 5;
    "N/A";
    "<interactive>";
    "-";
    "C:\Users\kapil\OneDrive\Desktop\Practiceverilog\tb\pdf_q24_tb.v";
    "./qa/pdf_q24/q24_fir_5tap.v";
