#! /c/Source/iverilog-install/bin/vvp
:ivl_version "12.0 (devel)" "(s20150603-1539-g2693dd32b)";
:ivl_delay_selection "TYPICAL";
:vpi_time_precision - 12;
:vpi_module "C:\iverilog\lib\ivl\system.vpi";
:vpi_module "C:\iverilog\lib\ivl\vhdl_sys.vpi";
:vpi_module "C:\iverilog\lib\ivl\vhdl_textio.vpi";
:vpi_module "C:\iverilog\lib\ivl\v2005_math.vpi";
:vpi_module "C:\iverilog\lib\ivl\va_math.vpi";
:vpi_module "C:\iverilog\lib\ivl\v2009.vpi";
S_0000017a9f3bbc10 .scope package, "$unit" "$unit" 2 1;
 .timescale 0 0;
S_0000017a9f3bb280 .scope module, "pdf_q14_tb" "pdf_q14_tb" 3 4;
 .timescale -9 -12;
v0000017a9f5d2ff0_0 .var "clk", 0 0;
v0000017a9f5d3090_0 .var "din", 0 0;
v0000017a9f5d3130_0 .var/i "i", 31 0;
v0000017a9f604900_0 .net "match", 0 0, L_0000017a9f652890;  1 drivers
v0000017a9f6049a0_0 .var "ref_match", 0 0;
v0000017a9f604a40_0 .var "ref_window", 4 0;
v0000017a9f652bb0_0 .var "rst", 0 0;
v0000017a9f652250_0 .var "seq_bits", 11 0;
E_0000017a9f609470 .event posedge, v0000017a9f3bb5a0_0;
E_0000017a9f608b30 .event negedge, v0000017a9f3bb5a0_0;
S_0000017a9f3bb410 .scope module, "dut" "q14_last5_detect_10110" 3 15, 4 1 0, S_0000017a9f3bb280;
 .timescale -9 -12;
    .port_info 0 /INPUT 1 "clk";
    .port_info 1 /INPUT 1 "rst";
    .port_info 2 /INPUT 1 "din";
    .port_info 3 /OUTPUT 1 "match";
L_0000017a9f653038 .functor BUFT 1, C4<10110>, C4<0>, C4<0>, C4<0>;
v0000017a9f3baf90_0 .net/2u *"_ivl_0", 4 0, L_0000017a9f653038;  1 drivers
v0000017a9f3bb5a0_0 .net "clk", 0 0, v0000017a9f5d2ff0_0;  1 drivers
v0000017a9f5d2d70_0 .net "din", 0 0, v0000017a9f5d3090_0;  1 drivers
v0000017a9f5d2e10_0 .net "match", 0 0, L_0000017a9f652890;  alias, 1 drivers
v0000017a9f5d2eb0_0 .net "rst", 0 0, v0000017a9f652bb0_0;  1 drivers
v0000017a9f5d2f50_0 .var "window", 4 0;
E_0000017a9f608d30 .event posedge, v0000017a9f5d2eb0_0, v0000017a9f3bb5a0_0;
L_0000017a9f652890 .cmp/eq 5, v0000017a9f5d2f50_0, L_0000017a9f653038;
    .scope S_0000017a9f3bb410;
T_0 ;
    %wait E_0000017a9f608d30;
    %load/vec4 v0000017a9f5d2eb0_0;
    %flag_set/vec4 8;
    %jmp/0xz  T_0.0, 8;
    %pushi/vec4 0, 0, 5;
    %assign/vec4 v0000017a9f5d2f50_0, 0;
    %jmp T_0.1;
T_0.0 ;
    %load/vec4 v0000017a9f5d2f50_0;
    %parti/s 4, 0, 2;
    %load/vec4 v0000017a9f5d2d70_0;
    %concat/vec4; draw_concat_vec4
    %assign/vec4 v0000017a9f5d2f50_0, 0;
T_0.1 ;
    %jmp T_0;
    .thread T_0;
    .scope S_0000017a9f3bb280;
T_1 ;
    %delay 5000, 0;
    %load/vec4 v0000017a9f5d2ff0_0;
    %inv;
    %store/vec4 v0000017a9f5d2ff0_0, 0, 1;
    %jmp T_1;
    .thread T_1;
    .scope S_0000017a9f3bb280;
T_2 ;
    %pushi/vec4 0, 0, 1;
    %store/vec4 v0000017a9f5d2ff0_0, 0, 1;
    %pushi/vec4 1, 0, 1;
    %store/vec4 v0000017a9f652bb0_0, 0, 1;
    %pushi/vec4 0, 0, 1;
    %store/vec4 v0000017a9f5d3090_0, 0, 1;
    %pushi/vec4 0, 0, 5;
    %store/vec4 v0000017a9f604a40_0, 0, 5;
    %pushi/vec4 730, 0, 12;
    %store/vec4 v0000017a9f652250_0, 0, 12;
    %pushi/vec4 2, 0, 32;
T_2.0 %dup/vec4;
    %pushi/vec4 0, 0, 32;
    %cmp/s;
    %jmp/1xz T_2.1, 5;
    %jmp/1 T_2.1, 4;
    %pushi/vec4 1, 0, 32;
    %sub;
    %wait E_0000017a9f609470;
    %jmp T_2.0;
T_2.1 ;
    %pop/vec4 1;
    %pushi/vec4 0, 0, 1;
    %store/vec4 v0000017a9f652bb0_0, 0, 1;
    %pushi/vec4 11, 0, 32;
    %store/vec4 v0000017a9f5d3130_0, 0, 32;
T_2.2 ;
    %load/vec4 v0000017a9f5d3130_0;
    %cmpi/s 0, 0, 32;
    %flag_inv 5; GE is !LT
    %jmp/0xz T_2.3, 5;
    %wait E_0000017a9f608b30;
    %load/vec4 v0000017a9f652250_0;
    %load/vec4 v0000017a9f5d3130_0;
    %part/s 1;
    %store/vec4 v0000017a9f5d3090_0, 0, 1;
    %wait E_0000017a9f609470;
    %load/vec4 v0000017a9f604a40_0;
    %parti/s 4, 0, 2;
    %load/vec4 v0000017a9f5d3090_0;
    %concat/vec4; draw_concat_vec4
    %store/vec4 v0000017a9f604a40_0, 0, 5;
    %load/vec4 v0000017a9f604a40_0;
    %pushi/vec4 22, 0, 5;
    %cmp/e;
    %flag_get/vec4 4;
    %store/vec4 v0000017a9f6049a0_0, 0, 1;
    %delay 1000, 0;
    %load/vec4 v0000017a9f604900_0;
    %load/vec4 v0000017a9f6049a0_0;
    %cmp/ne;
    %jmp/0xz  T_2.4, 6;
    %vpi_call/w 3 41 "$display", "FAIL Q14 at step %0d: expected %0b got %0b", v0000017a9f5d3130_0, v0000017a9f6049a0_0, v0000017a9f604900_0 {0 0 0};
    %vpi_call/w 3 42 "$finish" {0 0 0};
T_2.4 ;
    %load/vec4 v0000017a9f5d3130_0;
    %subi 1, 0, 32;
    %store/vec4 v0000017a9f5d3130_0, 0, 32;
    %jmp T_2.2;
T_2.3 ;
    %vpi_call/w 3 46 "$display", "PASS Q14" {0 0 0};
    %vpi_call/w 3 47 "$finish" {0 0 0};
    %end;
    .thread T_2;
# The file index is used to find the file name in the following table.
:file_names 5;
    "N/A";
    "<interactive>";
    "-";
    "C:\Users\kapil\OneDrive\Desktop\Practiceverilog\tb\pdf_q14_tb.v";
    "./qa/pdf_q12_q18/q14_last5_detect_10110.v";
