#! /c/Source/iverilog-install/bin/vvp
:ivl_version "12.0 (devel)" "(s20150603-1539-g2693dd32b)";
:ivl_delay_selection "TYPICAL";
:vpi_time_precision - 12;
:vpi_module "C:\iverilog\lib\ivl\system.vpi";
:vpi_module "C:\iverilog\lib\ivl\vhdl_sys.vpi";
:vpi_module "C:\iverilog\lib\ivl\vhdl_textio.vpi";
:vpi_module "C:\iverilog\lib\ivl\v2005_math.vpi";
:vpi_module "C:\iverilog\lib\ivl\va_math.vpi";
:vpi_module "C:\iverilog\lib\ivl\v2009.vpi";
S_000001a2bb2b69b0 .scope package, "$unit" "$unit" 2 1;
 .timescale 0 0;
S_000001a2bb3acdd0 .scope module, "pdf_q03_tb" "pdf_q03_tb" 3 4;
 .timescale -9 -12;
v000001a2bb3150a0_0 .var "a", 0 0;
v000001a2bb314f60_0 .net "and_y", 0 0, L_000001a2bb315fc0;  1 drivers
v000001a2bb314ce0_0 .var "b", 0 0;
v000001a2bb3149c0_0 .var/i "i", 31 0;
v000001a2bb314c40_0 .net "nand_y", 0 0, L_000001a2bb315cb0;  1 drivers
v000001a2bb314d80_0 .net "nor_y", 0 0, L_000001a2bb315af0;  1 drivers
v000001a2bb314e20_0 .net "or_y", 0 0, L_000001a2bb316030;  1 drivers
v000001a2bb315640_0 .net "xnor_y", 0 0, L_000001a2bb315d20;  1 drivers
v000001a2bb315460_0 .net "xor_y", 0 0, L_000001a2bb315ee0;  1 drivers
S_000001a2bb3acf60 .scope module, "dut" "q03" 3 9, 4 1 0, S_000001a2bb3acdd0;
 .timescale -9 -12;
    .port_info 0 /INPUT 1 "a";
    .port_info 1 /INPUT 1 "b";
    .port_info 2 /OUTPUT 1 "and_y";
    .port_info 3 /OUTPUT 1 "or_y";
    .port_info 4 /OUTPUT 1 "xor_y";
    .port_info 5 /OUTPUT 1 "nand_y";
    .port_info 6 /OUTPUT 1 "nor_y";
    .port_info 7 /OUTPUT 1 "xnor_y";
L_000001a2bb315fc0 .functor AND 1, v000001a2bb3150a0_0, v000001a2bb314ce0_0, C4<1>, C4<1>;
L_000001a2bb316030 .functor OR 1, v000001a2bb3150a0_0, v000001a2bb314ce0_0, C4<0>, C4<0>;
L_000001a2bb315ee0 .functor XOR 1, v000001a2bb3150a0_0, v000001a2bb314ce0_0, C4<0>, C4<0>;
L_000001a2bb315d90 .functor AND 1, v000001a2bb3150a0_0, v000001a2bb314ce0_0, C4<1>, C4<1>;
L_000001a2bb315cb0 .functor NOT 1, L_000001a2bb315d90, C4<0>, C4<0>, C4<0>;
L_000001a2bb315f50 .functor OR 1, v000001a2bb3150a0_0, v000001a2bb314ce0_0, C4<0>, C4<0>;
L_000001a2bb315af0 .functor NOT 1, L_000001a2bb315f50, C4<0>, C4<0>, C4<0>;
L_000001a2bb315bd0 .functor XOR 1, v000001a2bb3150a0_0, v000001a2bb314ce0_0, C4<0>, C4<0>;
L_000001a2bb315d20 .functor NOT 1, L_000001a2bb315bd0, C4<0>, C4<0>, C4<0>;
v000001a2bb2935f0_0 .net *"_ivl_10", 0 0, L_000001a2bb315f50;  1 drivers
v000001a2bb293170_0 .net *"_ivl_14", 0 0, L_000001a2bb315bd0;  1 drivers
v000001a2bb3ad0f0_0 .net *"_ivl_6", 0 0, L_000001a2bb315d90;  1 drivers
v000001a2bb3ad190_0 .net "a", 0 0, v000001a2bb3150a0_0;  1 drivers
v000001a2bb2c4df0_0 .net "and_y", 0 0, L_000001a2bb315fc0;  alias, 1 drivers
v000001a2bb2c4e90_0 .net "b", 0 0, v000001a2bb314ce0_0;  1 drivers
v000001a2bb2c4f30_0 .net "nand_y", 0 0, L_000001a2bb315cb0;  alias, 1 drivers
v000001a2bb314830_0 .net "nor_y", 0 0, L_000001a2bb315af0;  alias, 1 drivers
v000001a2bb314b00_0 .net "or_y", 0 0, L_000001a2bb316030;  alias, 1 drivers
v000001a2bb315500_0 .net "xnor_y", 0 0, L_000001a2bb315d20;  alias, 1 drivers
v000001a2bb314ba0_0 .net "xor_y", 0 0, L_000001a2bb315ee0;  alias, 1 drivers
    .scope S_000001a2bb3acdd0;
T_0 ;
    %pushi/vec4 0, 0, 32;
    %store/vec4 v000001a2bb3149c0_0, 0, 32;
T_0.0 ;
    %load/vec4 v000001a2bb3149c0_0;
    %cmpi/s 4, 0, 32;
    %jmp/0xz T_0.1, 5;
    %load/vec4 v000001a2bb3149c0_0;
    %parti/s 2, 0, 2;
    %split/vec4 1;
    %store/vec4 v000001a2bb314ce0_0, 0, 1;
    %store/vec4 v000001a2bb3150a0_0, 0, 1;
    %delay 1000, 0;
    %load/vec4 v000001a2bb314f60_0;
    %load/vec4 v000001a2bb3150a0_0;
    %load/vec4 v000001a2bb314ce0_0;
    %and;
    %cmp/ne;
    %jmp/0xz  T_0.2, 6;
    %vpi_call/w 3 19 "$display", "FAIL Q03 and" {0 0 0};
    %vpi_call/w 3 19 "$finish" {0 0 0};
T_0.2 ;
    %load/vec4 v000001a2bb314e20_0;
    %load/vec4 v000001a2bb3150a0_0;
    %load/vec4 v000001a2bb314ce0_0;
    %or;
    %cmp/ne;
    %jmp/0xz  T_0.4, 6;
    %vpi_call/w 3 20 "$display", "FAIL Q03 or" {0 0 0};
    %vpi_call/w 3 20 "$finish" {0 0 0};
T_0.4 ;
    %load/vec4 v000001a2bb315460_0;
    %load/vec4 v000001a2bb3150a0_0;
    %load/vec4 v000001a2bb314ce0_0;
    %xor;
    %cmp/ne;
    %jmp/0xz  T_0.6, 6;
    %vpi_call/w 3 21 "$display", "FAIL Q03 xor" {0 0 0};
    %vpi_call/w 3 21 "$finish" {0 0 0};
T_0.6 ;
    %load/vec4 v000001a2bb314c40_0;
    %load/vec4 v000001a2bb3150a0_0;
    %load/vec4 v000001a2bb314ce0_0;
    %and;
    %inv;
    %cmp/ne;
    %jmp/0xz  T_0.8, 6;
    %vpi_call/w 3 22 "$display", "FAIL Q03 nand" {0 0 0};
    %vpi_call/w 3 22 "$finish" {0 0 0};
T_0.8 ;
    %load/vec4 v000001a2bb314d80_0;
    %load/vec4 v000001a2bb3150a0_0;
    %load/vec4 v000001a2bb314ce0_0;
    %or;
    %inv;
    %cmp/ne;
    %jmp/0xz  T_0.10, 6;
    %vpi_call/w 3 23 "$display", "FAIL Q03 nor" {0 0 0};
    %vpi_call/w 3 23 "$finish" {0 0 0};
T_0.10 ;
    %load/vec4 v000001a2bb315640_0;
    %load/vec4 v000001a2bb3150a0_0;
    %load/vec4 v000001a2bb314ce0_0;
    %xor;
    %inv;
    %cmp/ne;
    %jmp/0xz  T_0.12, 6;
    %vpi_call/w 3 24 "$display", "FAIL Q03 xnor" {0 0 0};
    %vpi_call/w 3 24 "$finish" {0 0 0};
T_0.12 ;
    %load/vec4 v000001a2bb3149c0_0;
    %addi 1, 0, 32;
    %store/vec4 v000001a2bb3149c0_0, 0, 32;
    %jmp T_0.0;
T_0.1 ;
    %vpi_call/w 3 26 "$display", "PASS Q03" {0 0 0};
    %vpi_call/w 3 27 "$finish" {0 0 0};
    %end;
    .thread T_0;
# The file index is used to find the file name in the following table.
:file_names 5;
    "N/A";
    "<interactive>";
    "-";
    "C:\Users\kapil\OneDrive\Desktop\Practiceverilog\tb\pdf_q03_tb.v";
    "./qa/pdf_q03_q06/q03_logic_gates.v";
