#! /c/Source/iverilog-install/bin/vvp
:ivl_version "12.0 (devel)" "(s20150603-1539-g2693dd32b)";
:ivl_delay_selection "TYPICAL";
:vpi_time_precision - 12;
:vpi_module "C:\iverilog\lib\ivl\system.vpi";
:vpi_module "C:\iverilog\lib\ivl\vhdl_sys.vpi";
:vpi_module "C:\iverilog\lib\ivl\vhdl_textio.vpi";
:vpi_module "C:\iverilog\lib\ivl\v2005_math.vpi";
:vpi_module "C:\iverilog\lib\ivl\va_math.vpi";
:vpi_module "C:\iverilog\lib\ivl\v2009.vpi";
S_0000016664d9bbe0 .scope package, "$unit" "$unit" 2 1;
 .timescale 0 0;
S_0000016664dd6550 .scope module, "pdf_q19_tb" "pdf_q19_tb" 3 4;
 .timescale -9 -12;
v0000016664db3130_0 .var "bit_in", 0 0;
v0000016664dd7eb0_0 .var "clk", 0 0;
v0000016664dd7f50_0 .net "div_by_3", 0 0, L_0000016664de3f60;  1 drivers
v0000016664dd7ff0_0 .var "expected_div", 0 0;
v0000016664de4140_0 .var/i "i", 31 0;
v0000016664de3ba0_0 .var/i "remainder_ref", 31 0;
v0000016664de3ce0_0 .var "rst", 0 0;
v0000016664de4780_0 .var "seq_bits", 11 0;
E_0000016664d98bb0 .event posedge, v0000016664db2e10_0;
E_0000016664d984b0 .event negedge, v0000016664db2e10_0;
S_0000016664dd66e0 .scope module, "dut" "q19_divisible_by3_fsm" 3 15, 4 1 0, S_0000016664dd6550;
 .timescale -9 -12;
    .port_info 0 /INPUT 1 "clk";
    .port_info 1 /INPUT 1 "rst";
    .port_info 2 /INPUT 1 "bit_in";
    .port_info 3 /OUTPUT 1 "div_by_3";
P_0000016664dd6870 .param/l "MOD0" 1 4 10, C4<00>;
P_0000016664dd68a8 .param/l "MOD1" 1 4 11, C4<01>;
P_0000016664dd68e0 .param/l "MOD2" 1 4 12, C4<10>;
L_0000016664e36868 .functor BUFT 1, C4<00>, C4<0>, C4<0>, C4<0>;
v0000016664d9ba00_0 .net/2u *"_ivl_0", 1 0, L_0000016664e36868;  1 drivers
v0000016664db2d70_0 .net "bit_in", 0 0, v0000016664db3130_0;  1 drivers
v0000016664db2e10_0 .net "clk", 0 0, v0000016664dd7eb0_0;  1 drivers
v0000016664db2eb0_0 .net "div_by_3", 0 0, L_0000016664de3f60;  alias, 1 drivers
v0000016664db2f50_0 .var "next_state", 1 0;
v0000016664db2ff0_0 .net "rst", 0 0, v0000016664de3ce0_0;  1 drivers
v0000016664db3090_0 .var "state", 1 0;
E_0000016664d990b0 .event anyedge, v0000016664db3090_0, v0000016664db2d70_0;
E_0000016664d98cb0 .event posedge, v0000016664db2ff0_0, v0000016664db2e10_0;
L_0000016664de3f60 .cmp/eq 2, v0000016664db3090_0, L_0000016664e36868;
    .scope S_0000016664dd66e0;
T_0 ;
    %wait E_0000016664d98cb0;
    %load/vec4 v0000016664db2ff0_0;
    %flag_set/vec4 8;
    %jmp/0xz  T_0.0, 8;
    %pushi/vec4 0, 0, 2;
    %assign/vec4 v0000016664db3090_0, 0;
    %jmp T_0.1;
T_0.0 ;
    %load/vec4 v0000016664db2f50_0;
    %assign/vec4 v0000016664db3090_0, 0;
T_0.1 ;
    %jmp T_0;
    .thread T_0;
    .scope S_0000016664dd66e0;
T_1 ;
    %wait E_0000016664d990b0;
    %load/vec4 v0000016664db3090_0;
    %dup/vec4;
    %pushi/vec4 0, 0, 2;
    %cmp/u;
    %jmp/1 T_1.0, 6;
    %dup/vec4;
    %pushi/vec4 1, 0, 2;
    %cmp/u;
    %jmp/1 T_1.1, 6;
    %dup/vec4;
    %pushi/vec4 2, 0, 2;
    %cmp/u;
    %jmp/1 T_1.2, 6;
    %pushi/vec4 0, 0, 2;
    %store/vec4 v0000016664db2f50_0, 0, 2;
    %jmp T_1.4;
T_1.0 ;
    %load/vec4 v0000016664db2d70_0;
    %flag_set/vec4 8;
    %jmp/0 T_1.5, 8;
    %pushi/vec4 1, 0, 2;
    %jmp/1 T_1.6, 8;
T_1.5 ; End of true expr.
    %pushi/vec4 0, 0, 2;
    %jmp/0 T_1.6, 8;
 ; End of false expr.
    %blend;
T_1.6;
    %store/vec4 v0000016664db2f50_0, 0, 2;
    %jmp T_1.4;
T_1.1 ;
    %load/vec4 v0000016664db2d70_0;
    %flag_set/vec4 8;
    %jmp/0 T_1.7, 8;
    %pushi/vec4 0, 0, 2;
    %jmp/1 T_1.8, 8;
T_1.7 ; End of true expr.
    %pushi/vec4 2, 0, 2;
    %jmp/0 T_1.8, 8;
 ; End of false expr.
    %blend;
T_1.8;
    %store/vec4 v0000016664db2f50_0, 0, 2;
    %jmp T_1.4;
T_1.2 ;
    %load/vec4 v0000016664db2d70_0;
    %flag_set/vec4 8;
    %jmp/0 T_1.9, 8;
    %pushi/vec4 2, 0, 2;
    %jmp/1 T_1.10, 8;
T_1.9 ; End of true expr.
    %pushi/vec4 1, 0, 2;
    %jmp/0 T_1.10, 8;
 ; End of false expr.
    %blend;
T_1.10;
    %store/vec4 v0000016664db2f50_0, 0, 2;
    %jmp T_1.4;
T_1.4 ;
    %pop/vec4 1;
    %jmp T_1;
    .thread T_1, $push;
    .scope S_0000016664dd6550;
T_2 ;
    %delay 5000, 0;
    %load/vec4 v0000016664dd7eb0_0;
    %inv;
    %store/vec4 v0000016664dd7eb0_0, 0, 1;
    %jmp T_2;
    .thread T_2;
    .scope S_0000016664dd6550;
T_3 ;
    %pushi/vec4 0, 0, 1;
    %store/vec4 v0000016664dd7eb0_0, 0, 1;
    %pushi/vec4 1, 0, 1;
    %store/vec4 v0000016664de3ce0_0, 0, 1;
    %pushi/vec4 0, 0, 1;
    %store/vec4 v0000016664db3130_0, 0, 1;
    %pushi/vec4 0, 0, 32;
    %store/vec4 v0000016664de3ba0_0, 0, 32;
    %pushi/vec4 3243, 0, 12;
    %store/vec4 v0000016664de4780_0, 0, 12;
    %pushi/vec4 2, 0, 32;
T_3.0 %dup/vec4;
    %pushi/vec4 0, 0, 32;
    %cmp/s;
    %jmp/1xz T_3.1, 5;
    %jmp/1 T_3.1, 4;
    %pushi/vec4 1, 0, 32;
    %sub;
    %wait E_0000016664d98bb0;
    %jmp T_3.0;
T_3.1 ;
    %pop/vec4 1;
    %pushi/vec4 0, 0, 1;
    %store/vec4 v0000016664de3ce0_0, 0, 1;
    %delay 1000, 0;
    %load/vec4 v0000016664dd7f50_0;
    %cmpi/ne 1, 0, 1;
    %jmp/0xz  T_3.2, 6;
    %vpi_call/w 3 35 "$display", "FAIL Q19: reset state should be divisible" {0 0 0};
    %vpi_call/w 3 36 "$finish" {0 0 0};
T_3.2 ;
    %pushi/vec4 11, 0, 32;
    %store/vec4 v0000016664de4140_0, 0, 32;
T_3.4 ;
    %load/vec4 v0000016664de4140_0;
    %cmpi/s 0, 0, 32;
    %flag_inv 5; GE is !LT
    %jmp/0xz T_3.5, 5;
    %wait E_0000016664d984b0;
    %load/vec4 v0000016664de4780_0;
    %load/vec4 v0000016664de4140_0;
    %part/s 1;
    %store/vec4 v0000016664db3130_0, 0, 1;
    %wait E_0000016664d98bb0;
    %load/vec4 v0000016664de3ba0_0;
    %muli 2, 0, 32;
    %load/vec4 v0000016664db3130_0;
    %pad/u 32;
    %add;
    %pushi/vec4 3, 0, 32;
    %mod;
    %store/vec4 v0000016664de3ba0_0, 0, 32;
    %load/vec4 v0000016664de3ba0_0;
    %pushi/vec4 0, 0, 32;
    %cmp/e;
    %flag_get/vec4 4;
    %store/vec4 v0000016664dd7ff0_0, 0, 1;
    %delay 1000, 0;
    %load/vec4 v0000016664dd7f50_0;
    %load/vec4 v0000016664dd7ff0_0;
    %cmp/ne;
    %jmp/0xz  T_3.6, 6;
    %vpi_call/w 3 46 "$display", "FAIL Q19 at step %0d: expected %0b got %0b", v0000016664de4140_0, v0000016664dd7ff0_0, v0000016664dd7f50_0 {0 0 0};
    %vpi_call/w 3 47 "$finish" {0 0 0};
T_3.6 ;
    %load/vec4 v0000016664de4140_0;
    %subi 1, 0, 32;
    %store/vec4 v0000016664de4140_0, 0, 32;
    %jmp T_3.4;
T_3.5 ;
    %vpi_call/w 3 51 "$display", "PASS Q19" {0 0 0};
    %vpi_call/w 3 52 "$finish" {0 0 0};
    %end;
    .thread T_3;
# The file index is used to find the file name in the following table.
:file_names 5;
    "N/A";
    "<interactive>";
    "-";
    "C:\Users\kapil\OneDrive\Desktop\Practiceverilog\tb\pdf_q19_tb.v";
    "./qa/pdf_q19_q20/q19_divisible_by3_fsm.v";
