#! /c/Source/iverilog-install/bin/vvp
:ivl_version "12.0 (devel)" "(s20150603-1539-g2693dd32b)";
:ivl_delay_selection "TYPICAL";
:vpi_time_precision - 12;
:vpi_module "C:\iverilog\lib\ivl\system.vpi";
:vpi_module "C:\iverilog\lib\ivl\vhdl_sys.vpi";
:vpi_module "C:\iverilog\lib\ivl\vhdl_textio.vpi";
:vpi_module "C:\iverilog\lib\ivl\v2005_math.vpi";
:vpi_module "C:\iverilog\lib\ivl\va_math.vpi";
:vpi_module "C:\iverilog\lib\ivl\v2009.vpi";
S_000002afccca2c80 .scope package, "$unit" "$unit" 2 1;
 .timescale 0 0;
S_000002afccca2e10 .scope module, "pdf_q13_tb" "pdf_q13_tb" 3 4;
 .timescale -9 -12;
v000002afccd1d770_0 .var "clk", 0 0;
v000002afccd1dbd0_0 .var/i "cnt_a", 31 0;
v000002afccd1db30_0 .var/i "cnt_b", 31 0;
v000002afccd1d810_0 .var/i "cnt_c", 31 0;
v000002afccd1e030_0 .var/i "cnt_d", 31 0;
v000002afccd1d130_0 .var/i "i", 31 0;
v000002afccd1d950_0 .var "rst", 0 0;
v000002afccd1e670_0 .var "seq_bits", 7 0;
v000002afccd1e850_0 .var "x", 0 0;
v000002afccd1d270_0 .net "y_a", 0 0, v000002afccca1d90_0;  1 drivers
v000002afccd1e0d0_0 .net "y_b", 0 0, v000002afccca2790_0;  1 drivers
v000002afccd1dc70_0 .net "y_c", 0 0, v000002afccca2830_0;  1 drivers
v000002afccd1cff0_0 .net "y_d", 0 0, v000002afccd1d1d0_0;  1 drivers
E_000002afccc95200 .event posedge, v000002afccca1f70_0;
E_000002afccc95100 .event negedge, v000002afccca1f70_0;
E_000002afccc95440 .event posedge, v000002afccd1d1d0_0;
E_000002afccc95b40 .event posedge, v000002afccca2830_0;
E_000002afccc959c0 .event posedge, v000002afccca2790_0;
E_000002afccc95600 .event posedge, v000002afccca1d90_0;
S_000002afcccb3f10 .scope module, "dut_a" "q13_a" 3 20, 4 7 0, S_000002afccca2e10;
 .timescale -9 -12;
    .port_info 0 /INPUT 1 "clk";
    .port_info 1 /INPUT 1 "rst";
    .port_info 2 /INPUT 1 "x";
    .port_info 3 /OUTPUT 1 "y";
P_000002afccc984c0 .param/l "A" 1 4 15, C4<000>;
P_000002afccc984f8 .param/l "B" 1 4 16, C4<001>;
P_000002afccc98530 .param/l "C" 1 4 17, C4<010>;
P_000002afccc98568 .param/l "D" 1 4 18, C4<011>;
P_000002afccc985a0 .param/l "E" 1 4 19, C4<100>;
v000002afccca1f70_0 .net "clk", 0 0, v000002afccd1d770_0;  1 drivers
v000002afccca2010_0 .var "next_state", 2 0;
v000002afccca1c50_0 .net "rst", 0 0, v000002afccd1d950_0;  1 drivers
v000002afccca28d0_0 .var "state", 2 0;
v000002afccca2970_0 .net "x", 0 0, v000002afccd1e850_0;  1 drivers
v000002afccca1d90_0 .var "y", 0 0;
E_000002afccc95c40 .event anyedge, v000002afccca28d0_0, v000002afccca2970_0;
E_000002afccc95f80 .event posedge, v000002afccca1c50_0, v000002afccca1f70_0;
S_000002afcccb40a0 .scope module, "dut_b" "q13_b" 3 21, 4 50 0, S_000002afccca2e10;
 .timescale -9 -12;
    .port_info 0 /INPUT 1 "clk";
    .port_info 1 /INPUT 1 "rst";
    .port_info 2 /INPUT 1 "x";
    .port_info 3 /OUTPUT 1 "y";
P_000002afccc97620 .param/l "A" 1 4 58, C4<000>;
P_000002afccc97658 .param/l "B" 1 4 59, C4<001>;
P_000002afccc97690 .param/l "C" 1 4 60, C4<010>;
P_000002afccc976c8 .param/l "D" 1 4 61, C4<011>;
P_000002afccc97700 .param/l "E" 1 4 62, C4<100>;
v000002afccca1cf0_0 .net "clk", 0 0, v000002afccd1d770_0;  alias, 1 drivers
v000002afccca26f0_0 .var "next_state", 2 0;
v000002afccca20b0_0 .net "rst", 0 0, v000002afccd1d950_0;  alias, 1 drivers
v000002afccca2330_0 .var "state", 2 0;
v000002afccca2150_0 .net "x", 0 0, v000002afccd1e850_0;  alias, 1 drivers
v000002afccca2790_0 .var "y", 0 0;
E_000002afccc95b00 .event anyedge, v000002afccca2330_0, v000002afccca2970_0;
S_000002afccca8080 .scope module, "dut_c" "q13_c" 3 22, 4 93 0, S_000002afccca2e10;
 .timescale -9 -12;
    .port_info 0 /INPUT 1 "clk";
    .port_info 1 /INPUT 1 "rst";
    .port_info 2 /INPUT 1 "x";
    .port_info 3 /OUTPUT 1 "y";
P_000002afcccb4230 .param/l "A" 1 4 101, C4<000>;
P_000002afcccb4268 .param/l "B" 1 4 102, C4<001>;
P_000002afcccb42a0 .param/l "C" 1 4 103, C4<010>;
P_000002afcccb42d8 .param/l "D" 1 4 104, C4<011>;
P_000002afcccb4310 .param/l "E" 1 4 105, C4<100>;
P_000002afcccb4348 .param/l "F" 1 4 106, C4<101>;
v000002afccca2290_0 .net "clk", 0 0, v000002afccd1d770_0;  alias, 1 drivers
v000002afccca2ab0_0 .var "next_state", 2 0;
v000002afccca21f0_0 .net "rst", 0 0, v000002afccd1d950_0;  alias, 1 drivers
v000002afccca23d0_0 .var "state", 2 0;
v000002afccca25b0_0 .net "x", 0 0, v000002afccd1e850_0;  alias, 1 drivers
v000002afccca2830_0 .var "y", 0 0;
E_000002afccc95580 .event anyedge, v000002afccca23d0_0, v000002afccca2970_0;
S_000002afccca8210 .scope module, "dut_d" "q13_d" 3 23, 4 130 0, S_000002afccca2e10;
 .timescale -9 -12;
    .port_info 0 /INPUT 1 "clk";
    .port_info 1 /INPUT 1 "rst";
    .port_info 2 /INPUT 1 "x";
    .port_info 3 /OUTPUT 1 "y";
P_000002afccca83a0 .param/l "A" 1 4 138, C4<000>;
P_000002afccca83d8 .param/l "B" 1 4 139, C4<001>;
P_000002afccca8410 .param/l "C" 1 4 140, C4<010>;
P_000002afccca8448 .param/l "D" 1 4 141, C4<011>;
P_000002afccca8480 .param/l "E" 1 4 142, C4<100>;
P_000002afccca84b8 .param/l "F" 1 4 143, C4<101>;
v000002afccca2470_0 .net "clk", 0 0, v000002afccd1d770_0;  alias, 1 drivers
v000002afccca2a10_0 .var "next_state", 2 0;
v000002afccca2510_0 .net "rst", 0 0, v000002afccd1d950_0;  alias, 1 drivers
v000002afccca2650_0 .var "state", 2 0;
v000002afccca1bb0_0 .net "x", 0 0, v000002afccd1e850_0;  alias, 1 drivers
v000002afccd1d1d0_0 .var "y", 0 0;
E_000002afccc95140 .event anyedge, v000002afccca2650_0, v000002afccca2970_0;
    .scope S_000002afcccb3f10;
T_0 ;
    %wait E_000002afccc95f80;
    %load/vec4 v000002afccca1c50_0;
    %flag_set/vec4 8;
    %jmp/0xz  T_0.0, 8;
    %pushi/vec4 0, 0, 3;
    %assign/vec4 v000002afccca28d0_0, 0;
    %jmp T_0.1;
T_0.0 ;
    %load/vec4 v000002afccca2010_0;
    %assign/vec4 v000002afccca28d0_0, 0;
T_0.1 ;
    %jmp T_0;
    .thread T_0;
    .scope S_000002afcccb3f10;
T_1 ;
    %wait E_000002afccc95c40;
    %pushi/vec4 0, 0, 1;
    %store/vec4 v000002afccca1d90_0, 0, 1;
    %load/vec4 v000002afccca28d0_0;
    %store/vec4 v000002afccca2010_0, 0, 3;
    %load/vec4 v000002afccca28d0_0;
    %dup/vec4;
    %pushi/vec4 0, 0, 3;
    %cmp/u;
    %jmp/1 T_1.0, 6;
    %dup/vec4;
    %pushi/vec4 1, 0, 3;
    %cmp/u;
    %jmp/1 T_1.1, 6;
    %dup/vec4;
    %pushi/vec4 2, 0, 3;
    %cmp/u;
    %jmp/1 T_1.2, 6;
    %dup/vec4;
    %pushi/vec4 3, 0, 3;
    %cmp/u;
    %jmp/1 T_1.3, 6;
    %dup/vec4;
    %pushi/vec4 4, 0, 3;
    %cmp/u;
    %jmp/1 T_1.4, 6;
    %pushi/vec4 0, 0, 3;
    %store/vec4 v000002afccca2010_0, 0, 3;
    %jmp T_1.6;
T_1.0 ;
    %load/vec4 v000002afccca2970_0;
    %flag_set/vec4 8;
    %jmp/0 T_1.7, 8;
    %pushi/vec4 1, 0, 3;
    %jmp/1 T_1.8, 8;
T_1.7 ; End of true expr.
    %pushi/vec4 0, 0, 3;
    %jmp/0 T_1.8, 8;
 ; End of false expr.
    %blend;
T_1.8;
    %store/vec4 v000002afccca2010_0, 0, 3;
    %jmp T_1.6;
T_1.1 ;
    %load/vec4 v000002afccca2970_0;
    %flag_set/vec4 8;
    %jmp/0 T_1.9, 8;
    %pushi/vec4 1, 0, 3;
    %jmp/1 T_1.10, 8;
T_1.9 ; End of true expr.
    %pushi/vec4 2, 0, 3;
    %jmp/0 T_1.10, 8;
 ; End of false expr.
    %blend;
T_1.10;
    %store/vec4 v000002afccca2010_0, 0, 3;
    %jmp T_1.6;
T_1.2 ;
    %load/vec4 v000002afccca2970_0;
    %flag_set/vec4 8;
    %jmp/0 T_1.11, 8;
    %pushi/vec4 3, 0, 3;
    %jmp/1 T_1.12, 8;
T_1.11 ; End of true expr.
    %pushi/vec4 0, 0, 3;
    %jmp/0 T_1.12, 8;
 ; End of false expr.
    %blend;
T_1.12;
    %store/vec4 v000002afccca2010_0, 0, 3;
    %jmp T_1.6;
T_1.3 ;
    %load/vec4 v000002afccca2970_0;
    %flag_set/vec4 8;
    %jmp/0 T_1.13, 8;
    %pushi/vec4 4, 0, 3;
    %jmp/1 T_1.14, 8;
T_1.13 ; End of true expr.
    %pushi/vec4 2, 0, 3;
    %jmp/0 T_1.14, 8;
 ; End of false expr.
    %blend;
T_1.14;
    %store/vec4 v000002afccca2010_0, 0, 3;
    %jmp T_1.6;
T_1.4 ;
    %load/vec4 v000002afccca2970_0;
    %flag_set/vec4 8;
    %jmp/0xz  T_1.15, 8;
    %pushi/vec4 1, 0, 3;
    %store/vec4 v000002afccca2010_0, 0, 3;
    %jmp T_1.16;
T_1.15 ;
    %pushi/vec4 1, 0, 1;
    %store/vec4 v000002afccca1d90_0, 0, 1;
    %pushi/vec4 2, 0, 3;
    %store/vec4 v000002afccca2010_0, 0, 3;
T_1.16 ;
    %jmp T_1.6;
T_1.6 ;
    %pop/vec4 1;
    %jmp T_1;
    .thread T_1, $push;
    .scope S_000002afcccb40a0;
T_2 ;
    %wait E_000002afccc95f80;
    %load/vec4 v000002afccca20b0_0;
    %flag_set/vec4 8;
    %jmp/0xz  T_2.0, 8;
    %pushi/vec4 0, 0, 3;
    %assign/vec4 v000002afccca2330_0, 0;
    %jmp T_2.1;
T_2.0 ;
    %load/vec4 v000002afccca26f0_0;
    %assign/vec4 v000002afccca2330_0, 0;
T_2.1 ;
    %jmp T_2;
    .thread T_2;
    .scope S_000002afcccb40a0;
T_3 ;
    %wait E_000002afccc95b00;
    %pushi/vec4 0, 0, 1;
    %store/vec4 v000002afccca2790_0, 0, 1;
    %load/vec4 v000002afccca2330_0;
    %store/vec4 v000002afccca26f0_0, 0, 3;
    %load/vec4 v000002afccca2330_0;
    %dup/vec4;
    %pushi/vec4 0, 0, 3;
    %cmp/u;
    %jmp/1 T_3.0, 6;
    %dup/vec4;
    %pushi/vec4 1, 0, 3;
    %cmp/u;
    %jmp/1 T_3.1, 6;
    %dup/vec4;
    %pushi/vec4 2, 0, 3;
    %cmp/u;
    %jmp/1 T_3.2, 6;
    %dup/vec4;
    %pushi/vec4 3, 0, 3;
    %cmp/u;
    %jmp/1 T_3.3, 6;
    %dup/vec4;
    %pushi/vec4 4, 0, 3;
    %cmp/u;
    %jmp/1 T_3.4, 6;
    %pushi/vec4 0, 0, 3;
    %store/vec4 v000002afccca26f0_0, 0, 3;
    %jmp T_3.6;
T_3.0 ;
    %load/vec4 v000002afccca2150_0;
    %flag_set/vec4 8;
    %jmp/0 T_3.7, 8;
    %pushi/vec4 1, 0, 3;
    %jmp/1 T_3.8, 8;
T_3.7 ; End of true expr.
    %pushi/vec4 0, 0, 3;
    %jmp/0 T_3.8, 8;
 ; End of false expr.
    %blend;
T_3.8;
    %store/vec4 v000002afccca26f0_0, 0, 3;
    %jmp T_3.6;
T_3.1 ;
    %load/vec4 v000002afccca2150_0;
    %flag_set/vec4 8;
    %jmp/0 T_3.9, 8;
    %pushi/vec4 1, 0, 3;
    %jmp/1 T_3.10, 8;
T_3.9 ; End of true expr.
    %pushi/vec4 2, 0, 3;
    %jmp/0 T_3.10, 8;
 ; End of false expr.
    %blend;
T_3.10;
    %store/vec4 v000002afccca26f0_0, 0, 3;
    %jmp T_3.6;
T_3.2 ;
    %load/vec4 v000002afccca2150_0;
    %flag_set/vec4 8;
    %jmp/0 T_3.11, 8;
    %pushi/vec4 3, 0, 3;
    %jmp/1 T_3.12, 8;
T_3.11 ; End of true expr.
    %pushi/vec4 0, 0, 3;
    %jmp/0 T_3.12, 8;
 ; End of false expr.
    %blend;
T_3.12;
    %store/vec4 v000002afccca26f0_0, 0, 3;
    %jmp T_3.6;
T_3.3 ;
    %load/vec4 v000002afccca2150_0;
    %flag_set/vec4 8;
    %jmp/0 T_3.13, 8;
    %pushi/vec4 4, 0, 3;
    %jmp/1 T_3.14, 8;
T_3.13 ; End of true expr.
    %pushi/vec4 2, 0, 3;
    %jmp/0 T_3.14, 8;
 ; End of false expr.
    %blend;
T_3.14;
    %store/vec4 v000002afccca26f0_0, 0, 3;
    %jmp T_3.6;
T_3.4 ;
    %load/vec4 v000002afccca2150_0;
    %flag_set/vec4 8;
    %jmp/0xz  T_3.15, 8;
    %pushi/vec4 1, 0, 3;
    %store/vec4 v000002afccca26f0_0, 0, 3;
    %jmp T_3.16;
T_3.15 ;
    %pushi/vec4 1, 0, 1;
    %store/vec4 v000002afccca2790_0, 0, 1;
    %pushi/vec4 0, 0, 3;
    %store/vec4 v000002afccca26f0_0, 0, 3;
T_3.16 ;
    %jmp T_3.6;
T_3.6 ;
    %pop/vec4 1;
    %jmp T_3;
    .thread T_3, $push;
    .scope S_000002afccca8080;
T_4 ;
    %wait E_000002afccc95f80;
    %load/vec4 v000002afccca21f0_0;
    %flag_set/vec4 8;
    %jmp/0xz  T_4.0, 8;
    %pushi/vec4 0, 0, 3;
    %assign/vec4 v000002afccca23d0_0, 0;
    %jmp T_4.1;
T_4.0 ;
    %load/vec4 v000002afccca2ab0_0;
    %assign/vec4 v000002afccca23d0_0, 0;
T_4.1 ;
    %jmp T_4;
    .thread T_4;
    .scope S_000002afccca8080;
T_5 ;
    %wait E_000002afccc95580;
    %load/vec4 v000002afccca23d0_0;
    %pushi/vec4 5, 0, 3;
    %cmp/e;
    %flag_get/vec4 4;
    %store/vec4 v000002afccca2830_0, 0, 1;
    %load/vec4 v000002afccca23d0_0;
    %dup/vec4;
    %pushi/vec4 0, 0, 3;
    %cmp/u;
    %jmp/1 T_5.0, 6;
    %dup/vec4;
    %pushi/vec4 1, 0, 3;
    %cmp/u;
    %jmp/1 T_5.1, 6;
    %dup/vec4;
    %pushi/vec4 2, 0, 3;
    %cmp/u;
    %jmp/1 T_5.2, 6;
    %dup/vec4;
    %pushi/vec4 3, 0, 3;
    %cmp/u;
    %jmp/1 T_5.3, 6;
    %dup/vec4;
    %pushi/vec4 4, 0, 3;
    %cmp/u;
    %jmp/1 T_5.4, 6;
    %dup/vec4;
    %pushi/vec4 5, 0, 3;
    %cmp/u;
    %jmp/1 T_5.5, 6;
    %pushi/vec4 0, 0, 3;
    %store/vec4 v000002afccca2ab0_0, 0, 3;
    %jmp T_5.7;
T_5.0 ;
    %load/vec4 v000002afccca25b0_0;
    %flag_set/vec4 8;
    %jmp/0 T_5.8, 8;
    %pushi/vec4 1, 0, 3;
    %jmp/1 T_5.9, 8;
T_5.8 ; End of true expr.
    %pushi/vec4 0, 0, 3;
    %jmp/0 T_5.9, 8;
 ; End of false expr.
    %blend;
T_5.9;
    %store/vec4 v000002afccca2ab0_0, 0, 3;
    %jmp T_5.7;
T_5.1 ;
    %load/vec4 v000002afccca25b0_0;
    %flag_set/vec4 8;
    %jmp/0 T_5.10, 8;
    %pushi/vec4 1, 0, 3;
    %jmp/1 T_5.11, 8;
T_5.10 ; End of true expr.
    %pushi/vec4 2, 0, 3;
    %jmp/0 T_5.11, 8;
 ; End of false expr.
    %blend;
T_5.11;
    %store/vec4 v000002afccca2ab0_0, 0, 3;
    %jmp T_5.7;
T_5.2 ;
    %load/vec4 v000002afccca25b0_0;
    %flag_set/vec4 8;
    %jmp/0 T_5.12, 8;
    %pushi/vec4 3, 0, 3;
    %jmp/1 T_5.13, 8;
T_5.12 ; End of true expr.
    %pushi/vec4 0, 0, 3;
    %jmp/0 T_5.13, 8;
 ; End of false expr.
    %blend;
T_5.13;
    %store/vec4 v000002afccca2ab0_0, 0, 3;
    %jmp T_5.7;
T_5.3 ;
    %load/vec4 v000002afccca25b0_0;
    %flag_set/vec4 8;
    %jmp/0 T_5.14, 8;
    %pushi/vec4 4, 0, 3;
    %jmp/1 T_5.15, 8;
T_5.14 ; End of true expr.
    %pushi/vec4 2, 0, 3;
    %jmp/0 T_5.15, 8;
 ; End of false expr.
    %blend;
T_5.15;
    %store/vec4 v000002afccca2ab0_0, 0, 3;
    %jmp T_5.7;
T_5.4 ;
    %load/vec4 v000002afccca25b0_0;
    %flag_set/vec4 8;
    %jmp/0 T_5.16, 8;
    %pushi/vec4 1, 0, 3;
    %jmp/1 T_5.17, 8;
T_5.16 ; End of true expr.
    %pushi/vec4 5, 0, 3;
    %jmp/0 T_5.17, 8;
 ; End of false expr.
    %blend;
T_5.17;
    %store/vec4 v000002afccca2ab0_0, 0, 3;
    %jmp T_5.7;
T_5.5 ;
    %load/vec4 v000002afccca25b0_0;
    %flag_set/vec4 8;
    %jmp/0 T_5.18, 8;
    %pushi/vec4 3, 0, 3;
    %jmp/1 T_5.19, 8;
T_5.18 ; End of true expr.
    %pushi/vec4 0, 0, 3;
    %jmp/0 T_5.19, 8;
 ; End of false expr.
    %blend;
T_5.19;
    %store/vec4 v000002afccca2ab0_0, 0, 3;
    %jmp T_5.7;
T_5.7 ;
    %pop/vec4 1;
    %jmp T_5;
    .thread T_5, $push;
    .scope S_000002afccca8210;
T_6 ;
    %wait E_000002afccc95f80;
    %load/vec4 v000002afccca2510_0;
    %flag_set/vec4 8;
    %jmp/0xz  T_6.0, 8;
    %pushi/vec4 0, 0, 3;
    %assign/vec4 v000002afccca2650_0, 0;
    %jmp T_6.1;
T_6.0 ;
    %load/vec4 v000002afccca2a10_0;
    %assign/vec4 v000002afccca2650_0, 0;
T_6.1 ;
    %jmp T_6;
    .thread T_6;
    .scope S_000002afccca8210;
T_7 ;
    %wait E_000002afccc95140;
    %load/vec4 v000002afccca2650_0;
    %pushi/vec4 5, 0, 3;
    %cmp/e;
    %flag_get/vec4 4;
    %store/vec4 v000002afccd1d1d0_0, 0, 1;
    %load/vec4 v000002afccca2650_0;
    %dup/vec4;
    %pushi/vec4 0, 0, 3;
    %cmp/u;
    %jmp/1 T_7.0, 6;
    %dup/vec4;
    %pushi/vec4 1, 0, 3;
    %cmp/u;
    %jmp/1 T_7.1, 6;
    %dup/vec4;
    %pushi/vec4 2, 0, 3;
    %cmp/u;
    %jmp/1 T_7.2, 6;
    %dup/vec4;
    %pushi/vec4 3, 0, 3;
    %cmp/u;
    %jmp/1 T_7.3, 6;
    %dup/vec4;
    %pushi/vec4 4, 0, 3;
    %cmp/u;
    %jmp/1 T_7.4, 6;
    %dup/vec4;
    %pushi/vec4 5, 0, 3;
    %cmp/u;
    %jmp/1 T_7.5, 6;
    %pushi/vec4 0, 0, 3;
    %store/vec4 v000002afccca2a10_0, 0, 3;
    %jmp T_7.7;
T_7.0 ;
    %load/vec4 v000002afccca1bb0_0;
    %flag_set/vec4 8;
    %jmp/0 T_7.8, 8;
    %pushi/vec4 1, 0, 3;
    %jmp/1 T_7.9, 8;
T_7.8 ; End of true expr.
    %pushi/vec4 0, 0, 3;
    %jmp/0 T_7.9, 8;
 ; End of false expr.
    %blend;
T_7.9;
    %store/vec4 v000002afccca2a10_0, 0, 3;
    %jmp T_7.7;
T_7.1 ;
    %load/vec4 v000002afccca1bb0_0;
    %flag_set/vec4 8;
    %jmp/0 T_7.10, 8;
    %pushi/vec4 1, 0, 3;
    %jmp/1 T_7.11, 8;
T_7.10 ; End of true expr.
    %pushi/vec4 2, 0, 3;
    %jmp/0 T_7.11, 8;
 ; End of false expr.
    %blend;
T_7.11;
    %store/vec4 v000002afccca2a10_0, 0, 3;
    %jmp T_7.7;
T_7.2 ;
    %load/vec4 v000002afccca1bb0_0;
    %flag_set/vec4 8;
    %jmp/0 T_7.12, 8;
    %pushi/vec4 3, 0, 3;
    %jmp/1 T_7.13, 8;
T_7.12 ; End of true expr.
    %pushi/vec4 0, 0, 3;
    %jmp/0 T_7.13, 8;
 ; End of false expr.
    %blend;
T_7.13;
    %store/vec4 v000002afccca2a10_0, 0, 3;
    %jmp T_7.7;
T_7.3 ;
    %load/vec4 v000002afccca1bb0_0;
    %flag_set/vec4 8;
    %jmp/0 T_7.14, 8;
    %pushi/vec4 4, 0, 3;
    %jmp/1 T_7.15, 8;
T_7.14 ; End of true expr.
    %pushi/vec4 2, 0, 3;
    %jmp/0 T_7.15, 8;
 ; End of false expr.
    %blend;
T_7.15;
    %store/vec4 v000002afccca2a10_0, 0, 3;
    %jmp T_7.7;
T_7.4 ;
    %load/vec4 v000002afccca1bb0_0;
    %flag_set/vec4 8;
    %jmp/0 T_7.16, 8;
    %pushi/vec4 1, 0, 3;
    %jmp/1 T_7.17, 8;
T_7.16 ; End of true expr.
    %pushi/vec4 5, 0, 3;
    %jmp/0 T_7.17, 8;
 ; End of false expr.
    %blend;
T_7.17;
    %store/vec4 v000002afccca2a10_0, 0, 3;
    %jmp T_7.7;
T_7.5 ;
    %load/vec4 v000002afccca1bb0_0;
    %flag_set/vec4 8;
    %jmp/0 T_7.18, 8;
    %pushi/vec4 1, 0, 3;
    %jmp/1 T_7.19, 8;
T_7.18 ; End of true expr.
    %pushi/vec4 0, 0, 3;
    %jmp/0 T_7.19, 8;
 ; End of false expr.
    %blend;
T_7.19;
    %store/vec4 v000002afccca2a10_0, 0, 3;
    %jmp T_7.7;
T_7.7 ;
    %pop/vec4 1;
    %jmp T_7;
    .thread T_7, $push;
    .scope S_000002afccca2e10;
T_8 ;
    %delay 5000, 0;
    %load/vec4 v000002afccd1d770_0;
    %inv;
    %store/vec4 v000002afccd1d770_0, 0, 1;
    %jmp T_8;
    .thread T_8;
    .scope S_000002afccca2e10;
T_9 ;
    %wait E_000002afccc95600;
    %load/vec4 v000002afccd1d950_0;
    %nor/r;
    %flag_set/vec4 8;
    %jmp/0xz  T_9.0, 8;
    %load/vec4 v000002afccd1dbd0_0;
    %addi 1, 0, 32;
    %store/vec4 v000002afccd1dbd0_0, 0, 32;
T_9.0 ;
    %jmp T_9;
    .thread T_9;
    .scope S_000002afccca2e10;
T_10 ;
    %wait E_000002afccc959c0;
    %load/vec4 v000002afccd1d950_0;
    %nor/r;
    %flag_set/vec4 8;
    %jmp/0xz  T_10.0, 8;
    %load/vec4 v000002afccd1db30_0;
    %addi 1, 0, 32;
    %store/vec4 v000002afccd1db30_0, 0, 32;
T_10.0 ;
    %jmp T_10;
    .thread T_10;
    .scope S_000002afccca2e10;
T_11 ;
    %wait E_000002afccc95b40;
    %load/vec4 v000002afccd1d950_0;
    %nor/r;
    %flag_set/vec4 8;
    %jmp/0xz  T_11.0, 8;
    %load/vec4 v000002afccd1d810_0;
    %addi 1, 0, 32;
    %store/vec4 v000002afccd1d810_0, 0, 32;
T_11.0 ;
    %jmp T_11;
    .thread T_11;
    .scope S_000002afccca2e10;
T_12 ;
    %wait E_000002afccc95440;
    %load/vec4 v000002afccd1d950_0;
    %nor/r;
    %flag_set/vec4 8;
    %jmp/0xz  T_12.0, 8;
    %load/vec4 v000002afccd1e030_0;
    %addi 1, 0, 32;
    %store/vec4 v000002afccd1e030_0, 0, 32;
T_12.0 ;
    %jmp T_12;
    .thread T_12;
    .scope S_000002afccca2e10;
T_13 ;
    %pushi/vec4 0, 0, 1;
    %store/vec4 v000002afccd1d770_0, 0, 1;
    %pushi/vec4 1, 0, 1;
    %store/vec4 v000002afccd1d950_0, 0, 1;
    %pushi/vec4 0, 0, 1;
    %store/vec4 v000002afccd1e850_0, 0, 1;
    %pushi/vec4 0, 0, 32;
    %store/vec4 v000002afccd1dbd0_0, 0, 32;
    %pushi/vec4 0, 0, 32;
    %store/vec4 v000002afccd1db30_0, 0, 32;
    %pushi/vec4 0, 0, 32;
    %store/vec4 v000002afccd1d810_0, 0, 32;
    %pushi/vec4 0, 0, 32;
    %store/vec4 v000002afccd1e030_0, 0, 32;
    %pushi/vec4 182, 0, 8;
    %store/vec4 v000002afccd1e670_0, 0, 8;
    %pushi/vec4 2, 0, 32;
T_13.0 %dup/vec4;
    %pushi/vec4 0, 0, 32;
    %cmp/s;
    %jmp/1xz T_13.1, 5;
    %jmp/1 T_13.1, 4;
    %pushi/vec4 1, 0, 32;
    %sub;
    %wait E_000002afccc95200;
    %jmp T_13.0;
T_13.1 ;
    %pop/vec4 1;
    %pushi/vec4 0, 0, 1;
    %store/vec4 v000002afccd1d950_0, 0, 1;
    %pushi/vec4 7, 0, 32;
    %store/vec4 v000002afccd1d130_0, 0, 32;
T_13.2 ;
    %load/vec4 v000002afccd1d130_0;
    %cmpi/s 0, 0, 32;
    %flag_inv 5; GE is !LT
    %jmp/0xz T_13.3, 5;
    %wait E_000002afccc95100;
    %load/vec4 v000002afccd1e670_0;
    %load/vec4 v000002afccd1d130_0;
    %part/s 1;
    %store/vec4 v000002afccd1e850_0, 0, 1;
    %wait E_000002afccc95200;
    %load/vec4 v000002afccd1d130_0;
    %subi 1, 0, 32;
    %store/vec4 v000002afccd1d130_0, 0, 32;
    %jmp T_13.2;
T_13.3 ;
    %pushi/vec4 2, 0, 32;
T_13.4 %dup/vec4;
    %pushi/vec4 0, 0, 32;
    %cmp/s;
    %jmp/1xz T_13.5, 5;
    %jmp/1 T_13.5, 4;
    %pushi/vec4 1, 0, 32;
    %sub;
    %wait E_000002afccc95100;
    %pushi/vec4 0, 0, 1;
    %store/vec4 v000002afccd1e850_0, 0, 1;
    %wait E_000002afccc95200;
    %jmp T_13.4;
T_13.5 ;
    %pop/vec4 1;
    %load/vec4 v000002afccd1dbd0_0;
    %cmpi/ne 2, 0, 32;
    %jmp/0xz  T_13.6, 6;
    %vpi_call/w 3 56 "$display", "FAIL Q13 A: expected 2 detects, got %0d", v000002afccd1dbd0_0 {0 0 0};
    %vpi_call/w 3 57 "$finish" {0 0 0};
T_13.6 ;
    %load/vec4 v000002afccd1db30_0;
    %cmpi/ne 1, 0, 32;
    %jmp/0xz  T_13.8, 6;
    %vpi_call/w 3 60 "$display", "FAIL Q13 B: expected 1 detect, got %0d", v000002afccd1db30_0 {0 0 0};
    %vpi_call/w 3 61 "$finish" {0 0 0};
T_13.8 ;
    %load/vec4 v000002afccd1d810_0;
    %cmpi/ne 2, 0, 32;
    %jmp/0xz  T_13.10, 6;
    %vpi_call/w 3 64 "$display", "FAIL Q13 C: expected 2 detects, got %0d", v000002afccd1d810_0 {0 0 0};
    %vpi_call/w 3 65 "$finish" {0 0 0};
T_13.10 ;
    %load/vec4 v000002afccd1e030_0;
    %cmpi/ne 1, 0, 32;
    %jmp/0xz  T_13.12, 6;
    %vpi_call/w 3 68 "$display", "FAIL Q13 D: expected 1 detect, got %0d", v000002afccd1e030_0 {0 0 0};
    %vpi_call/w 3 69 "$finish" {0 0 0};
T_13.12 ;
    %vpi_call/w 3 72 "$display", "PASS Q13" {0 0 0};
    %vpi_call/w 3 73 "$finish" {0 0 0};
    %end;
    .thread T_13;
# The file index is used to find the file name in the following table.
:file_names 5;
    "N/A";
    "<interactive>";
    "-";
    "C:\Users\kapil\OneDrive\Desktop\Practiceverilog\tb\pdf_q13_tb.v";
    "./qa/pdf_q12_q18/q13_seq_10110_fsms_abcd.v";
