#! /c/Source/iverilog-install/bin/vvp
:ivl_version "12.0 (devel)" "(s20150603-1539-g2693dd32b)";
:ivl_delay_selection "TYPICAL";
:vpi_time_precision - 12;
:vpi_module "C:\iverilog\lib\ivl\system.vpi";
:vpi_module "C:\iverilog\lib\ivl\vhdl_sys.vpi";
:vpi_module "C:\iverilog\lib\ivl\vhdl_textio.vpi";
:vpi_module "C:\iverilog\lib\ivl\v2005_math.vpi";
:vpi_module "C:\iverilog\lib\ivl\va_math.vpi";
:vpi_module "C:\iverilog\lib\ivl\v2009.vpi";
S_0000016a49d6b010 .scope package, "$unit" "$unit" 2 1;
 .timescale 0 0;
S_0000016a49d6b1a0 .scope module, "pdf_q12_tb" "pdf_q12_tb" 3 4;
 .timescale -9 -12;
v0000016a49e03a60_0 .var "clk", 0 0;
v0000016a49e037e0_0 .var "d", 0 0;
v0000016a49e03920_0 .net "pulse_high", 0 0, L_0000016a49d6ad30;  1 drivers
v0000016a49e03b00_0 .var "rst", 0 0;
E_0000016a49dba120 .event negedge, v0000016a49da7240_0;
E_0000016a49dba3a0 .event posedge, v0000016a49da7240_0;
S_0000016a49d6c5d0 .scope module, "dut" "q12" 3 10, 4 1 0, S_0000016a49d6b1a0;
 .timescale -9 -12;
    .port_info 0 /INPUT 1 "clk";
    .port_info 1 /INPUT 1 "rst";
    .port_info 2 /INPUT 1 "d";
    .port_info 3 /OUTPUT 1 "pulse_high";
L_0000016a49d6acc0 .functor NOT 1, v0000016a49e037e0_0, C4<0>, C4<0>, C4<0>;
L_0000016a49d6a9b0 .functor AND 1, L_0000016a49d6acc0, v0000016a49d6b760_0, C4<1>, C4<1>;
L_0000016a49d6aa20 .functor NOT 1, v0000016a49d6c760_0, C4<0>, C4<0>, C4<0>;
L_0000016a49d6ad30 .functor AND 1, L_0000016a49d6a9b0, L_0000016a49d6aa20, C4<1>, C4<1>;
v0000016a49d6b330_0 .net *"_ivl_0", 0 0, L_0000016a49d6acc0;  1 drivers
v0000016a49d83170_0 .net *"_ivl_2", 0 0, L_0000016a49d6a9b0;  1 drivers
v0000016a49d6b3d0_0 .net *"_ivl_4", 0 0, L_0000016a49d6aa20;  1 drivers
v0000016a49da7240_0 .net "clk", 0 0, v0000016a49e03a60_0;  1 drivers
v0000016a49da72e0_0 .net "d", 0 0, v0000016a49e037e0_0;  1 drivers
v0000016a49d6b6c0_0 .net "pulse_high", 0 0, L_0000016a49d6ad30;  alias, 1 drivers
v0000016a49d6b760_0 .var "q1", 0 0;
v0000016a49d6c760_0 .var "q2", 0 0;
v0000016a49d6c800_0 .net "rst", 0 0, v0000016a49e03b00_0;  1 drivers
E_0000016a49dba920 .event posedge, v0000016a49d6c800_0, v0000016a49da7240_0;
    .scope S_0000016a49d6c5d0;
T_0 ;
    %wait E_0000016a49dba920;
    %load/vec4 v0000016a49d6c800_0;
    %flag_set/vec4 8;
    %jmp/0xz  T_0.0, 8;
    %pushi/vec4 0, 0, 1;
    %assign/vec4 v0000016a49d6b760_0, 0;
    %pushi/vec4 0, 0, 1;
    %assign/vec4 v0000016a49d6c760_0, 0;
    %jmp T_0.1;
T_0.0 ;
    %load/vec4 v0000016a49da72e0_0;
    %assign/vec4 v0000016a49d6b760_0, 0;
    %load/vec4 v0000016a49d6b760_0;
    %assign/vec4 v0000016a49d6c760_0, 0;
T_0.1 ;
    %jmp T_0;
    .thread T_0;
    .scope S_0000016a49d6b1a0;
T_1 ;
    %delay 5000, 0;
    %load/vec4 v0000016a49e03a60_0;
    %inv;
    %store/vec4 v0000016a49e03a60_0, 0, 1;
    %jmp T_1;
    .thread T_1;
    .scope S_0000016a49d6b1a0;
T_2 ;
    %pushi/vec4 0, 0, 1;
    %store/vec4 v0000016a49e03a60_0, 0, 1;
    %pushi/vec4 1, 0, 1;
    %store/vec4 v0000016a49e03b00_0, 0, 1;
    %pushi/vec4 0, 0, 1;
    %store/vec4 v0000016a49e037e0_0, 0, 1;
    %pushi/vec4 2, 0, 32;
T_2.0 %dup/vec4;
    %pushi/vec4 0, 0, 32;
    %cmp/s;
    %jmp/1xz T_2.1, 5;
    %jmp/1 T_2.1, 4;
    %pushi/vec4 1, 0, 32;
    %sub;
    %wait E_0000016a49dba3a0;
    %jmp T_2.0;
T_2.1 ;
    %pop/vec4 1;
    %pushi/vec4 0, 0, 1;
    %store/vec4 v0000016a49e03b00_0, 0, 1;
    %wait E_0000016a49dba120;
    %pushi/vec4 1, 0, 1;
    %store/vec4 v0000016a49e037e0_0, 0, 1;
    %wait E_0000016a49dba120;
    %pushi/vec4 0, 0, 1;
    %store/vec4 v0000016a49e037e0_0, 0, 1;
    %delay 1000, 0;
    %load/vec4 v0000016a49e03920_0;
    %cmpi/ne 1, 0, 1;
    %jmp/0xz  T_2.2, 6;
    %vpi_call/w 3 32 "$display", "FAIL Q12: expected pulse for 1-cycle input high" {0 0 0};
    %vpi_call/w 3 33 "$finish" {0 0 0};
T_2.2 ;
    %wait E_0000016a49dba3a0;
    %delay 1000, 0;
    %load/vec4 v0000016a49e03920_0;
    %cmpi/ne 0, 0, 1;
    %jmp/0xz  T_2.4, 6;
    %vpi_call/w 3 38 "$display", "FAIL Q12: pulse should clear after one cycle" {0 0 0};
    %vpi_call/w 3 39 "$finish" {0 0 0};
T_2.4 ;
    %wait E_0000016a49dba120;
    %pushi/vec4 1, 0, 1;
    %store/vec4 v0000016a49e037e0_0, 0, 1;
    %wait E_0000016a49dba3a0;
    %wait E_0000016a49dba120;
    %pushi/vec4 1, 0, 1;
    %store/vec4 v0000016a49e037e0_0, 0, 1;
    %wait E_0000016a49dba3a0;
    %wait E_0000016a49dba120;
    %pushi/vec4 0, 0, 1;
    %store/vec4 v0000016a49e037e0_0, 0, 1;
    %delay 1000, 0;
    %load/vec4 v0000016a49e03920_0;
    %cmpi/ne 0, 0, 1;
    %jmp/0xz  T_2.6, 6;
    %vpi_call/w 3 50 "$display", "FAIL Q12: false pulse on 2-cycle input high" {0 0 0};
    %vpi_call/w 3 51 "$finish" {0 0 0};
T_2.6 ;
    %vpi_call/w 3 54 "$display", "PASS Q12" {0 0 0};
    %vpi_call/w 3 55 "$finish" {0 0 0};
    %end;
    .thread T_2;
# The file index is used to find the file name in the following table.
:file_names 5;
    "N/A";
    "<interactive>";
    "-";
    "C:\Users\kapil\OneDrive\Desktop\Practiceverilog\tb\pdf_q12_tb.v";
    "./qa/pdf_q12_q18/q12_one_cycle_pulse_detect.v";
