#! /c/Source/iverilog-install/bin/vvp
:ivl_version "12.0 (devel)" "(s20150603-1539-g2693dd32b)";
:ivl_delay_selection "TYPICAL";
:vpi_time_precision - 12;
:vpi_module "C:\iverilog\lib\ivl\system.vpi";
:vpi_module "C:\iverilog\lib\ivl\vhdl_sys.vpi";
:vpi_module "C:\iverilog\lib\ivl\vhdl_textio.vpi";
:vpi_module "C:\iverilog\lib\ivl\v2005_math.vpi";
:vpi_module "C:\iverilog\lib\ivl\va_math.vpi";
:vpi_module "C:\iverilog\lib\ivl\v2009.vpi";
S_0000021800392ce0 .scope package, "$unit" "$unit" 2 1;
 .timescale 0 0;
S_0000021800394c80 .scope module, "pdf_q27_variants_tb" "pdf_q27_variants_tb" 3 4;
 .timescale -9 -12;
v0000021800412170_0 .var "clk", 0 0;
v0000021800412df0_0 .net "clk_div2", 0 0, v0000021800391440_0;  1 drivers
v00000218004132f0_0 .net "clk_div3", 0 0, L_000002180038fe00;  1 drivers
v0000021800413110_0 .net "clk_div4", 0 0, L_0000021800411e50;  1 drivers
v0000021800412490_0 .net "clk_div8", 0 0, L_00000218004122b0;  1 drivers
v0000021800412a30_0 .var/i "cycle_count", 31 0;
v0000021800412f30_0 .var "enable", 0 0;
v00000218004120d0_0 .var/i "last2", 31 0;
v0000021800412b70_0 .var/i "last3", 31 0;
v00000218004131b0_0 .var/i "last4", 31 0;
v00000218004136b0_0 .var/i "last8", 31 0;
v0000021800412210_0 .var/i "last_tick", 31 0;
v0000021800412fd0_0 .var/i "rise2", 31 0;
v00000218004137f0_0 .var/i "rise3", 31 0;
v00000218004127b0_0 .var/i "rise4", 31 0;
v0000021800413570_0 .var/i "rise8", 31 0;
v0000021800413b10_0 .var "rst_n", 0 0;
v00000218004128f0_0 .net "tick", 0 0, v0000021800412850_0;  1 drivers
v0000021800413890_0 .var/i "tick_count", 31 0;
E_00000218003be7b0 .event posedge, v00000218003913a0_0;
E_00000218003bdf70 .event posedge, v00000218003914e0_0;
E_00000218003be5f0 .event posedge, v0000021800390f40_0;
E_00000218003be870 .event posedge, v0000021800390b80_0;
E_00000218003bda70 .event posedge, v0000021800391440_0;
S_0000021800394e10 .scope module, "dut2" "q27_div2_toggle" 3 28, 4 1 0, S_0000021800394c80;
 .timescale -9 -12;
    .port_info 0 /INPUT 1 "clk";
    .port_info 1 /INPUT 1 "rst_n";
    .port_info 2 /OUTPUT 1 "clk_div2";
v00000218003913a0_0 .net "clk", 0 0, v0000021800412170_0;  1 drivers
v0000021800391440_0 .var "clk_div2", 0 0;
v00000218003911c0_0 .net "rst_n", 0 0, v0000021800413b10_0;  1 drivers
E_00000218003bdc30/0 .event negedge, v00000218003911c0_0;
E_00000218003bdc30/1 .event posedge, v00000218003913a0_0;
E_00000218003bdc30 .event/or E_00000218003bdc30/0, E_00000218003bdc30/1;
S_000002180016d8b0 .scope module, "dut3" "q27_div3_duty50" 3 31, 4 55 0, S_0000021800394c80;
 .timescale -9 -12;
    .port_info 0 /INPUT 1 "clk";
    .port_info 1 /INPUT 1 "rst_n";
    .port_info 2 /OUTPUT 1 "clk_div3";
L_000002180038fe00 .functor OR 1, v00000218003919e0_0, v0000021800390e00_0, C4<0>, C4<0>;
v0000021800390ae0_0 .net "clk", 0 0, v0000021800412170_0;  alias, 1 drivers
v00000218003914e0_0 .net "clk_div3", 0 0, L_000002180038fe00;  alias, 1 drivers
v0000021800390d60_0 .var "cnt_p", 1 0;
v0000021800390e00_0 .var "negpulse", 0 0;
v00000218003919e0_0 .var "risepulse", 0 0;
v0000021800391300_0 .net "rst_n", 0 0, v0000021800413b10_0;  alias, 1 drivers
E_00000218003bdab0 .event negedge, v00000218003911c0_0, v00000218003913a0_0;
S_000002180016da40 .scope module, "dut4" "q27_div4_counter" 3 29, 4 16 0, S_0000021800394c80;
 .timescale -9 -12;
    .port_info 0 /INPUT 1 "clk";
    .port_info 1 /INPUT 1 "rst_n";
    .port_info 2 /OUTPUT 1 "clk_div4";
v0000021800390c20_0 .net "clk", 0 0, v0000021800412170_0;  alias, 1 drivers
v0000021800390b80_0 .net "clk_div4", 0 0, L_0000021800411e50;  alias, 1 drivers
v0000021800391760_0 .var "cnt", 1 0;
v0000021800390cc0_0 .net "rst_n", 0 0, v0000021800413b10_0;  alias, 1 drivers
L_0000021800411e50 .part v0000021800391760_0, 1, 1;
S_0000021800395c70 .scope module, "dut8" "q27_div8_counter" 3 30, 4 36 0, S_0000021800394c80;
 .timescale -9 -12;
    .port_info 0 /INPUT 1 "clk";
    .port_info 1 /INPUT 1 "rst_n";
    .port_info 2 /OUTPUT 1 "clk_div8";
v0000021800390ea0_0 .net "clk", 0 0, v0000021800412170_0;  alias, 1 drivers
v0000021800390f40_0 .net "clk_div8", 0 0, L_00000218004122b0;  alias, 1 drivers
v0000021800390fe0_0 .var "cnt", 2 0;
v00000218003918a0_0 .net "rst_n", 0 0, v0000021800413b10_0;  alias, 1 drivers
L_00000218004122b0 .part v0000021800390fe0_0, 2, 1;
S_0000021800395e00 .scope module, "dut_tick" "q27_divn_tick" 3 32, 4 97 0, S_0000021800394c80;
 .timescale -9 -12;
    .port_info 0 /INPUT 1 "clk";
    .port_info 1 /INPUT 1 "rst_n";
    .port_info 2 /INPUT 1 "enable";
    .port_info 3 /OUTPUT 1 "tick";
P_0000021800392e70 .param/l "CNT_W" 1 4 119, +C4<00000000000000000000000000000011>;
P_0000021800392ea8 .param/l "DIV_N" 0 4 98, +C4<00000000000000000000000000000101>;
P_0000021800392ee0 .param/l "DIV_SAFE" 1 4 118, +C4<00000000000000000000000000000101>;
v00000218004123f0_0 .net "clk", 0 0, v0000021800412170_0;  alias, 1 drivers
v0000021800412030_0 .var "cnt", 2 0;
v0000021800412990_0 .net "enable", 0 0, v0000021800412f30_0;  1 drivers
v0000021800412e90_0 .net "rst_n", 0 0, v0000021800413b10_0;  alias, 1 drivers
v0000021800412850_0 .var "tick", 0 0;
S_00000218003977b0 .scope function.vec4.u32, "clog2" "clog2" 4 105, 4 105 0, S_0000021800395e00;
 .timescale -9 -12;
; Variable clog2 is vec4 return value of scope S_00000218003977b0
v0000021800391080_0 .var/i "v", 31 0;
v0000021800391120_0 .var/i "value", 31 0;
TD_pdf_q27_variants_tb.dut_tick.clog2 ;
    %load/vec4 v0000021800391120_0;
    %subi 1, 0, 32;
    %store/vec4 v0000021800391080_0, 0, 32;
    %pushi/vec4 0, 0, 32;
    %ret/vec4 0, 0, 32;  Assign to clog2 (store_vec4_to_lval)
T_0.0 ;
    %load/vec4 v0000021800391080_0;
    %cmpi/s 0, 0, 32;
    %flag_or 5, 4; GT is !LE
    %flag_inv 5;
    %jmp/0xz T_0.1, 5;
    %load/vec4 v0000021800391080_0;
    %ix/load 4, 1, 0;
    %flag_set/imm 4, 0;
    %shiftr 4;
    %store/vec4 v0000021800391080_0, 0, 32;
    %retload/vec4 0; Load clog2 (draw_signal_vec4)
    %addi 1, 0, 32;
    %ret/vec4 0, 0, 32;  Assign to clog2 (store_vec4_to_lval)
    %jmp T_0.0;
T_0.1 ;
    %end;
    .scope S_0000021800394e10;
T_1 ;
    %wait E_00000218003bdc30;
    %load/vec4 v00000218003911c0_0;
    %nor/r;
    %flag_set/vec4 8;
    %jmp/0xz  T_1.0, 8;
    %pushi/vec4 0, 0, 1;
    %assign/vec4 v0000021800391440_0, 0;
    %jmp T_1.1;
T_1.0 ;
    %load/vec4 v0000021800391440_0;
    %inv;
    %assign/vec4 v0000021800391440_0, 0;
T_1.1 ;
    %jmp T_1;
    .thread T_1;
    .scope S_000002180016da40;
T_2 ;
    %wait E_00000218003bdc30;
    %load/vec4 v0000021800390cc0_0;
    %nor/r;
    %flag_set/vec4 8;
    %jmp/0xz  T_2.0, 8;
    %pushi/vec4 0, 0, 2;
    %assign/vec4 v0000021800391760_0, 0;
    %jmp T_2.1;
T_2.0 ;
    %load/vec4 v0000021800391760_0;
    %addi 1, 0, 2;
    %assign/vec4 v0000021800391760_0, 0;
T_2.1 ;
    %jmp T_2;
    .thread T_2;
    .scope S_0000021800395c70;
T_3 ;
    %wait E_00000218003bdc30;
    %load/vec4 v00000218003918a0_0;
    %nor/r;
    %flag_set/vec4 8;
    %jmp/0xz  T_3.0, 8;
    %pushi/vec4 0, 0, 3;
    %assign/vec4 v0000021800390fe0_0, 0;
    %jmp T_3.1;
T_3.0 ;
    %load/vec4 v0000021800390fe0_0;
    %addi 1, 0, 3;
    %assign/vec4 v0000021800390fe0_0, 0;
T_3.1 ;
    %jmp T_3;
    .thread T_3;
    .scope S_000002180016d8b0;
T_4 ;
    %wait E_00000218003bdc30;
    %load/vec4 v0000021800391300_0;
    %nor/r;
    %flag_set/vec4 8;
    %jmp/0xz  T_4.0, 8;
    %pushi/vec4 0, 0, 2;
    %assign/vec4 v0000021800390d60_0, 0;
    %jmp T_4.1;
T_4.0 ;
    %load/vec4 v0000021800390d60_0;
    %cmpi/e 2, 0, 2;
    %jmp/0xz  T_4.2, 4;
    %pushi/vec4 0, 0, 2;
    %assign/vec4 v0000021800390d60_0, 0;
    %jmp T_4.3;
T_4.2 ;
    %load/vec4 v0000021800390d60_0;
    %addi 1, 0, 2;
    %assign/vec4 v0000021800390d60_0, 0;
T_4.3 ;
T_4.1 ;
    %jmp T_4;
    .thread T_4;
    .scope S_000002180016d8b0;
T_5 ;
    %wait E_00000218003bdc30;
    %load/vec4 v0000021800391300_0;
    %nor/r;
    %flag_set/vec4 8;
    %jmp/0xz  T_5.0, 8;
    %pushi/vec4 0, 0, 1;
    %assign/vec4 v00000218003919e0_0, 0;
    %jmp T_5.1;
T_5.0 ;
    %load/vec4 v0000021800390d60_0;
    %cmpi/e 2, 0, 2;
    %jmp/0xz  T_5.2, 4;
    %pushi/vec4 1, 0, 1;
    %assign/vec4 v00000218003919e0_0, 0;
    %jmp T_5.3;
T_5.2 ;
    %pushi/vec4 0, 0, 1;
    %assign/vec4 v00000218003919e0_0, 0;
T_5.3 ;
T_5.1 ;
    %jmp T_5;
    .thread T_5;
    .scope S_000002180016d8b0;
T_6 ;
    %wait E_00000218003bdab0;
    %load/vec4 v0000021800391300_0;
    %nor/r;
    %flag_set/vec4 8;
    %jmp/0xz  T_6.0, 8;
    %pushi/vec4 0, 0, 1;
    %assign/vec4 v0000021800390e00_0, 0;
    %jmp T_6.1;
T_6.0 ;
    %load/vec4 v00000218003919e0_0;
    %assign/vec4 v0000021800390e00_0, 0;
T_6.1 ;
    %jmp T_6;
    .thread T_6;
    .scope S_0000021800395e00;
T_7 ;
    %wait E_00000218003bdc30;
    %load/vec4 v0000021800412e90_0;
    %nor/r;
    %flag_set/vec4 8;
    %jmp/0xz  T_7.0, 8;
    %pushi/vec4 0, 0, 3;
    %assign/vec4 v0000021800412030_0, 0;
    %pushi/vec4 0, 0, 1;
    %assign/vec4 v0000021800412850_0, 0;
    %jmp T_7.1;
T_7.0 ;
    %load/vec4 v0000021800412990_0;
    %flag_set/vec4 8;
    %jmp/0xz  T_7.2, 8;
    %load/vec4 v0000021800412030_0;
    %pad/u 32;
    %cmpi/e 4, 0, 32;
    %jmp/0xz  T_7.4, 4;
    %pushi/vec4 0, 0, 3;
    %assign/vec4 v0000021800412030_0, 0;
    %pushi/vec4 1, 0, 1;
    %assign/vec4 v0000021800412850_0, 0;
    %jmp T_7.5;
T_7.4 ;
    %load/vec4 v0000021800412030_0;
    %addi 1, 0, 3;
    %assign/vec4 v0000021800412030_0, 0;
    %pushi/vec4 0, 0, 1;
    %assign/vec4 v0000021800412850_0, 0;
T_7.5 ;
    %jmp T_7.3;
T_7.2 ;
    %pushi/vec4 0, 0, 1;
    %assign/vec4 v0000021800412850_0, 0;
T_7.3 ;
T_7.1 ;
    %jmp T_7;
    .thread T_7;
    .scope S_0000021800394c80;
T_8 ;
    %delay 5000, 0;
    %load/vec4 v0000021800412170_0;
    %inv;
    %store/vec4 v0000021800412170_0, 0, 1;
    %jmp T_8;
    .thread T_8;
    .scope S_0000021800394c80;
T_9 ;
    %wait E_00000218003be7b0;
    %load/vec4 v0000021800413b10_0;
    %nor/r;
    %flag_set/vec4 8;
    %jmp/0xz  T_9.0, 8;
    %pushi/vec4 0, 0, 32;
    %assign/vec4 v0000021800412a30_0, 0;
    %jmp T_9.1;
T_9.0 ;
    %load/vec4 v0000021800412a30_0;
    %addi 1, 0, 32;
    %assign/vec4 v0000021800412a30_0, 0;
T_9.1 ;
    %jmp T_9;
    .thread T_9;
    .scope S_0000021800394c80;
T_10 ;
    %wait E_00000218003bda70;
    %load/vec4 v0000021800413b10_0;
    %flag_set/vec4 8;
    %jmp/0xz  T_10.0, 8;
    %load/vec4 v0000021800412fd0_0;
    %cmpi/s 0, 0, 32;
    %flag_or 5, 4; GT is !LE
    %flag_inv 5;
    %flag_get/vec4 5;
    %jmp/0 T_10.4, 5;
    %load/vec4 v0000021800412a30_0;
    %load/vec4 v00000218004120d0_0;
    %sub;
    %pushi/vec4 2, 0, 32;
    %cmp/ne;
    %flag_get/vec4 6;
    %and;
T_10.4;
    %flag_set/vec4 8;
    %jmp/0xz  T_10.2, 8;
    %load/vec4 v0000021800412a30_0;
    %load/vec4 v00000218004120d0_0;
    %sub;
    %vpi_call/w 3 46 "$display", "FAIL Q27 variants: div2 spacing %0d", S<0,vec4,s32> {1 0 0};
    %vpi_call/w 3 47 "$finish" {0 0 0};
T_10.2 ;
    %load/vec4 v0000021800412a30_0;
    %assign/vec4 v00000218004120d0_0, 0;
    %load/vec4 v0000021800412fd0_0;
    %addi 1, 0, 32;
    %assign/vec4 v0000021800412fd0_0, 0;
T_10.0 ;
    %jmp T_10;
    .thread T_10;
    .scope S_0000021800394c80;
T_11 ;
    %wait E_00000218003be870;
    %load/vec4 v0000021800413b10_0;
    %flag_set/vec4 8;
    %jmp/0xz  T_11.0, 8;
    %load/vec4 v00000218004127b0_0;
    %cmpi/s 0, 0, 32;
    %flag_or 5, 4; GT is !LE
    %flag_inv 5;
    %flag_get/vec4 5;
    %jmp/0 T_11.4, 5;
    %load/vec4 v0000021800412a30_0;
    %load/vec4 v00000218004131b0_0;
    %sub;
    %pushi/vec4 4, 0, 32;
    %cmp/ne;
    %flag_get/vec4 6;
    %and;
T_11.4;
    %flag_set/vec4 8;
    %jmp/0xz  T_11.2, 8;
    %load/vec4 v0000021800412a30_0;
    %load/vec4 v00000218004131b0_0;
    %sub;
    %vpi_call/w 3 57 "$display", "FAIL Q27 variants: div4 spacing %0d", S<0,vec4,s32> {1 0 0};
    %vpi_call/w 3 58 "$finish" {0 0 0};
T_11.2 ;
    %load/vec4 v0000021800412a30_0;
    %assign/vec4 v00000218004131b0_0, 0;
    %load/vec4 v00000218004127b0_0;
    %addi 1, 0, 32;
    %assign/vec4 v00000218004127b0_0, 0;
T_11.0 ;
    %jmp T_11;
    .thread T_11;
    .scope S_0000021800394c80;
T_12 ;
    %wait E_00000218003be5f0;
    %load/vec4 v0000021800413b10_0;
    %flag_set/vec4 8;
    %jmp/0xz  T_12.0, 8;
    %load/vec4 v0000021800413570_0;
    %cmpi/s 0, 0, 32;
    %flag_or 5, 4; GT is !LE
    %flag_inv 5;
    %flag_get/vec4 5;
    %jmp/0 T_12.4, 5;
    %load/vec4 v0000021800412a30_0;
    %load/vec4 v00000218004136b0_0;
    %sub;
    %pushi/vec4 8, 0, 32;
    %cmp/ne;
    %flag_get/vec4 6;
    %and;
T_12.4;
    %flag_set/vec4 8;
    %jmp/0xz  T_12.2, 8;
    %load/vec4 v0000021800412a30_0;
    %load/vec4 v00000218004136b0_0;
    %sub;
    %vpi_call/w 3 68 "$display", "FAIL Q27 variants: div8 spacing %0d", S<0,vec4,s32> {1 0 0};
    %vpi_call/w 3 69 "$finish" {0 0 0};
T_12.2 ;
    %load/vec4 v0000021800412a30_0;
    %assign/vec4 v00000218004136b0_0, 0;
    %load/vec4 v0000021800413570_0;
    %addi 1, 0, 32;
    %assign/vec4 v0000021800413570_0, 0;
T_12.0 ;
    %jmp T_12;
    .thread T_12;
    .scope S_0000021800394c80;
T_13 ;
    %wait E_00000218003bdf70;
    %load/vec4 v0000021800413b10_0;
    %flag_set/vec4 8;
    %jmp/0xz  T_13.0, 8;
    %load/vec4 v00000218004137f0_0;
    %cmpi/s 0, 0, 32;
    %flag_or 5, 4; GT is !LE
    %flag_inv 5;
    %flag_get/vec4 5;
    %jmp/0 T_13.4, 5;
    %load/vec4 v0000021800412a30_0;
    %load/vec4 v0000021800412b70_0;
    %sub;
    %pushi/vec4 3, 0, 32;
    %cmp/ne;
    %flag_get/vec4 6;
    %and;
T_13.4;
    %flag_set/vec4 8;
    %jmp/0xz  T_13.2, 8;
    %load/vec4 v0000021800412a30_0;
    %load/vec4 v0000021800412b70_0;
    %sub;
    %vpi_call/w 3 79 "$display", "FAIL Q27 variants: div3 spacing %0d", S<0,vec4,s32> {1 0 0};
    %vpi_call/w 3 80 "$finish" {0 0 0};
T_13.2 ;
    %load/vec4 v0000021800412a30_0;
    %assign/vec4 v0000021800412b70_0, 0;
    %load/vec4 v00000218004137f0_0;
    %addi 1, 0, 32;
    %assign/vec4 v00000218004137f0_0, 0;
T_13.0 ;
    %jmp T_13;
    .thread T_13;
    .scope S_0000021800394c80;
T_14 ;
    %wait E_00000218003be7b0;
    %load/vec4 v0000021800413b10_0;
    %flag_set/vec4 9;
    %flag_get/vec4 9;
    %jmp/0 T_14.2, 9;
    %load/vec4 v00000218004128f0_0;
    %and;
T_14.2;
    %flag_set/vec4 8;
    %jmp/0xz  T_14.0, 8;
    %load/vec4 v0000021800413890_0;
    %cmpi/s 0, 0, 32;
    %flag_or 5, 4; GT is !LE
    %flag_inv 5;
    %flag_get/vec4 5;
    %jmp/0 T_14.5, 5;
    %load/vec4 v0000021800412a30_0;
    %load/vec4 v0000021800412210_0;
    %sub;
    %pushi/vec4 5, 0, 32;
    %cmp/ne;
    %flag_get/vec4 6;
    %and;
T_14.5;
    %flag_set/vec4 8;
    %jmp/0xz  T_14.3, 8;
    %load/vec4 v0000021800412a30_0;
    %load/vec4 v0000021800412210_0;
    %sub;
    %vpi_call/w 3 90 "$display", "FAIL Q27 variants: tick spacing %0d", S<0,vec4,s32> {1 0 0};
    %vpi_call/w 3 91 "$finish" {0 0 0};
T_14.3 ;
    %load/vec4 v0000021800412a30_0;
    %assign/vec4 v0000021800412210_0, 0;
    %load/vec4 v0000021800413890_0;
    %addi 1, 0, 32;
    %assign/vec4 v0000021800413890_0, 0;
T_14.0 ;
    %jmp T_14;
    .thread T_14;
    .scope S_0000021800394c80;
T_15 ;
    %pushi/vec4 0, 0, 1;
    %store/vec4 v0000021800412170_0, 0, 1;
    %pushi/vec4 0, 0, 1;
    %store/vec4 v0000021800413b10_0, 0, 1;
    %pushi/vec4 1, 0, 1;
    %store/vec4 v0000021800412f30_0, 0, 1;
    %pushi/vec4 0, 0, 32;
    %store/vec4 v0000021800412a30_0, 0, 32;
    %pushi/vec4 0, 0, 32;
    %store/vec4 v0000021800412fd0_0, 0, 32;
    %pushi/vec4 0, 0, 32;
    %store/vec4 v00000218004127b0_0, 0, 32;
    %pushi/vec4 0, 0, 32;
    %store/vec4 v0000021800413570_0, 0, 32;
    %pushi/vec4 0, 0, 32;
    %store/vec4 v00000218004137f0_0, 0, 32;
    %pushi/vec4 0, 0, 32;
    %store/vec4 v0000021800413890_0, 0, 32;
    %pushi/vec4 0, 0, 32;
    %store/vec4 v00000218004120d0_0, 0, 32;
    %pushi/vec4 0, 0, 32;
    %store/vec4 v00000218004131b0_0, 0, 32;
    %pushi/vec4 0, 0, 32;
    %store/vec4 v00000218004136b0_0, 0, 32;
    %pushi/vec4 0, 0, 32;
    %store/vec4 v0000021800412b70_0, 0, 32;
    %pushi/vec4 0, 0, 32;
    %store/vec4 v0000021800412210_0, 0, 32;
    %pushi/vec4 2, 0, 32;
T_15.0 %dup/vec4;
    %pushi/vec4 0, 0, 32;
    %cmp/s;
    %jmp/1xz T_15.1, 5;
    %jmp/1 T_15.1, 4;
    %pushi/vec4 1, 0, 32;
    %sub;
    %wait E_00000218003be7b0;
    %jmp T_15.0;
T_15.1 ;
    %pop/vec4 1;
    %pushi/vec4 1, 0, 1;
    %store/vec4 v0000021800413b10_0, 0, 1;
    %pushi/vec4 160, 0, 32;
T_15.2 %dup/vec4;
    %pushi/vec4 0, 0, 32;
    %cmp/s;
    %jmp/1xz T_15.3, 5;
    %jmp/1 T_15.3, 4;
    %pushi/vec4 1, 0, 32;
    %sub;
    %wait E_00000218003be7b0;
    %load/vec4 v0000021800412fd0_0;
    %cmpi/s 5, 0, 32;
    %flag_inv 5; GE is !LT
    %flag_get/vec4 5;
    %jmp/0 T_15.9, 5;
    %pushi/vec4 4, 0, 32;
    %load/vec4 v00000218004127b0_0;
    %cmp/s;
    %flag_get/vec4 4;
    %flag_get/vec4 5;
    %or;
    %and;
T_15.9;
    %flag_set/vec4 11;
    %flag_get/vec4 11;
    %jmp/0 T_15.8, 11;
    %pushi/vec4 3, 0, 32;
    %load/vec4 v0000021800413570_0;
    %cmp/s;
    %flag_get/vec4 4;
    %flag_get/vec4 5;
    %or;
    %and;
T_15.8;
    %flag_set/vec4 10;
    %flag_get/vec4 10;
    %jmp/0 T_15.7, 10;
    %pushi/vec4 5, 0, 32;
    %load/vec4 v00000218004137f0_0;
    %cmp/s;
    %flag_get/vec4 4;
    %flag_get/vec4 5;
    %or;
    %and;
T_15.7;
    %flag_set/vec4 9;
    %flag_get/vec4 9;
    %jmp/0 T_15.6, 9;
    %pushi/vec4 5, 0, 32;
    %load/vec4 v0000021800413890_0;
    %cmp/s;
    %flag_get/vec4 4;
    %flag_get/vec4 5;
    %or;
    %and;
T_15.6;
    %flag_set/vec4 8;
    %jmp/0xz  T_15.4, 8;
    %vpi_call/w 3 121 "$display", "PASS Q27 variants" {0 0 0};
    %vpi_call/w 3 122 "$finish" {0 0 0};
T_15.4 ;
    %jmp T_15.2;
T_15.3 ;
    %pop/vec4 1;
    %vpi_call/w 3 126 "$display", "FAIL Q27 variants: timeout" {0 0 0};
    %vpi_call/w 3 127 "$finish" {0 0 0};
    %end;
    .thread T_15;
# The file index is used to find the file name in the following table.
:file_names 5;
    "N/A";
    "<interactive>";
    "-";
    "C:\Users\kapil\OneDrive\Desktop\Practiceverilog\tb\pdf_q27_variants_tb.v";
    "./qa/pdf_q27/q27_clock_divider_variants.v";
