#! /c/Source/iverilog-install/bin/vvp
:ivl_version "12.0 (devel)" "(s20150603-1539-g2693dd32b)";
:ivl_delay_selection "TYPICAL";
:vpi_time_precision - 12;
:vpi_module "C:\iverilog\lib\ivl\system.vpi";
:vpi_module "C:\iverilog\lib\ivl\vhdl_sys.vpi";
:vpi_module "C:\iverilog\lib\ivl\vhdl_textio.vpi";
:vpi_module "C:\iverilog\lib\ivl\v2005_math.vpi";
:vpi_module "C:\iverilog\lib\ivl\va_math.vpi";
:vpi_module "C:\iverilog\lib\ivl\v2009.vpi";
S_000001f0d2797370 .scope package, "$unit" "$unit" 2 1;
 .timescale 0 0;
S_000001f0d2797500 .scope module, "pdf_q16_tb" "pdf_q16_tb" 3 4;
 .timescale -9 -12;
v000001f0d27a3e60_0 .var "async_in", 0 0;
v000001f0d27a38c0_0 .var "clk", 0 0;
v000001f0d27a3dc0_0 .var/i "i", 31 0;
v000001f0d27a3820_0 .var "next_d1", 0 0;
v000001f0d27a4220_0 .var "next_d2", 0 0;
v000001f0d27a3780_0 .var "next_q1", 0 0;
v000001f0d27a4540_0 .var "next_q2", 0 0;
v000001f0d27a3d20_0 .net "pulse", 0 0, L_000001f0d27a8030;  1 drivers
v000001f0d27a45e0_0 .var "ref_d1", 0 0;
v000001f0d27a42c0_0 .var "ref_d2", 0 0;
v000001f0d27a4360_0 .var "ref_pulse", 0 0;
v000001f0d27a3aa0_0 .var "ref_q1", 0 0;
v000001f0d27a3960_0 .var "ref_q2", 0 0;
v000001f0d27a3f00_0 .var "rst", 0 0;
v000001f0d27a4680_0 .var "seq_bits", 11 0;
E_000001f0d2797ec0 .event posedge, v000001f0d290db90_0;
E_000001f0d2797e00 .event negedge, v000001f0d290db90_0;
S_000001f0d290d960 .scope module, "dut" "q16_sync_debounce_onepulse" 3 22, 4 1 0, S_000001f0d2797500;
 .timescale -9 -12;
    .port_info 0 /INPUT 1 "clk";
    .port_info 1 /INPUT 1 "rst";
    .port_info 2 /INPUT 1 "async_in";
    .port_info 3 /OUTPUT 1 "pulse";
L_000001f0d27a8650 .functor AND 1, v000001f0d27a35f0_0, v000001f0d290dc30_0, C4<1>, C4<1>;
L_000001f0d27a8180 .functor NOT 1, v000001f0d290dcd0_0, C4<0>, C4<0>, C4<0>;
L_000001f0d27a8030 .functor AND 1, L_000001f0d27a8650, L_000001f0d27a8180, C4<1>, C4<1>;
v000001f0d2797150_0 .net *"_ivl_0", 0 0, L_000001f0d27a8650;  1 drivers
v000001f0d2773170_0 .net *"_ivl_2", 0 0, L_000001f0d27a8180;  1 drivers
v000001f0d290daf0_0 .net "async_in", 0 0, v000001f0d27a3e60_0;  1 drivers
v000001f0d290db90_0 .net "clk", 0 0, v000001f0d27a38c0_0;  1 drivers
v000001f0d290dc30_0 .var "d1", 0 0;
v000001f0d290dcd0_0 .var "d2", 0 0;
v000001f0d27a34b0_0 .net "pulse", 0 0, L_000001f0d27a8030;  alias, 1 drivers
v000001f0d27a3550_0 .var "q1", 0 0;
v000001f0d27a35f0_0 .var "q2", 0 0;
v000001f0d27a3690_0 .net "rst", 0 0, v000001f0d27a3f00_0;  1 drivers
E_000001f0d27985c0 .event posedge, v000001f0d27a3690_0, v000001f0d290db90_0;
    .scope S_000001f0d290d960;
T_0 ;
    %wait E_000001f0d27985c0;
    %load/vec4 v000001f0d27a3690_0;
    %flag_set/vec4 8;
    %jmp/0xz  T_0.0, 8;
    %pushi/vec4 0, 0, 1;
    %assign/vec4 v000001f0d27a3550_0, 0;
    %pushi/vec4 0, 0, 1;
    %assign/vec4 v000001f0d27a35f0_0, 0;
    %pushi/vec4 0, 0, 1;
    %assign/vec4 v000001f0d290dc30_0, 0;
    %pushi/vec4 0, 0, 1;
    %assign/vec4 v000001f0d290dcd0_0, 0;
    %jmp T_0.1;
T_0.0 ;
    %load/vec4 v000001f0d290daf0_0;
    %assign/vec4 v000001f0d27a3550_0, 0;
    %load/vec4 v000001f0d27a3550_0;
    %assign/vec4 v000001f0d27a35f0_0, 0;
    %load/vec4 v000001f0d27a35f0_0;
    %assign/vec4 v000001f0d290dc30_0, 0;
    %load/vec4 v000001f0d290dc30_0;
    %assign/vec4 v000001f0d290dcd0_0, 0;
T_0.1 ;
    %jmp T_0;
    .thread T_0;
    .scope S_000001f0d2797500;
T_1 ;
    %delay 5000, 0;
    %load/vec4 v000001f0d27a38c0_0;
    %inv;
    %store/vec4 v000001f0d27a38c0_0, 0, 1;
    %jmp T_1;
    .thread T_1;
    .scope S_000001f0d2797500;
T_2 ;
    %pushi/vec4 0, 0, 1;
    %store/vec4 v000001f0d27a38c0_0, 0, 1;
    %pushi/vec4 1, 0, 1;
    %store/vec4 v000001f0d27a3f00_0, 0, 1;
    %pushi/vec4 0, 0, 1;
    %store/vec4 v000001f0d27a3e60_0, 0, 1;
    %pushi/vec4 0, 0, 1;
    %store/vec4 v000001f0d27a3aa0_0, 0, 1;
    %pushi/vec4 0, 0, 1;
    %store/vec4 v000001f0d27a3960_0, 0, 1;
    %pushi/vec4 0, 0, 1;
    %store/vec4 v000001f0d27a45e0_0, 0, 1;
    %pushi/vec4 0, 0, 1;
    %store/vec4 v000001f0d27a42c0_0, 0, 1;
    %pushi/vec4 974, 0, 12;
    %store/vec4 v000001f0d27a4680_0, 0, 12;
    %pushi/vec4 2, 0, 32;
T_2.0 %dup/vec4;
    %pushi/vec4 0, 0, 32;
    %cmp/s;
    %jmp/1xz T_2.1, 5;
    %jmp/1 T_2.1, 4;
    %pushi/vec4 1, 0, 32;
    %sub;
    %wait E_000001f0d2797ec0;
    %jmp T_2.0;
T_2.1 ;
    %pop/vec4 1;
    %pushi/vec4 0, 0, 1;
    %store/vec4 v000001f0d27a3f00_0, 0, 1;
    %pushi/vec4 11, 0, 32;
    %store/vec4 v000001f0d27a3dc0_0, 0, 32;
T_2.2 ;
    %load/vec4 v000001f0d27a3dc0_0;
    %cmpi/s 0, 0, 32;
    %flag_inv 5; GE is !LT
    %jmp/0xz T_2.3, 5;
    %wait E_000001f0d2797e00;
    %load/vec4 v000001f0d27a4680_0;
    %load/vec4 v000001f0d27a3dc0_0;
    %part/s 1;
    %store/vec4 v000001f0d27a3e60_0, 0, 1;
    %wait E_000001f0d2797ec0;
    %load/vec4 v000001f0d27a3e60_0;
    %store/vec4 v000001f0d27a3780_0, 0, 1;
    %load/vec4 v000001f0d27a3aa0_0;
    %store/vec4 v000001f0d27a4540_0, 0, 1;
    %load/vec4 v000001f0d27a3960_0;
    %store/vec4 v000001f0d27a3820_0, 0, 1;
    %load/vec4 v000001f0d27a45e0_0;
    %store/vec4 v000001f0d27a4220_0, 0, 1;
    %load/vec4 v000001f0d27a3780_0;
    %store/vec4 v000001f0d27a3aa0_0, 0, 1;
    %load/vec4 v000001f0d27a4540_0;
    %store/vec4 v000001f0d27a3960_0, 0, 1;
    %load/vec4 v000001f0d27a3820_0;
    %store/vec4 v000001f0d27a45e0_0, 0, 1;
    %load/vec4 v000001f0d27a4220_0;
    %store/vec4 v000001f0d27a42c0_0, 0, 1;
    %load/vec4 v000001f0d27a3960_0;
    %load/vec4 v000001f0d27a45e0_0;
    %and;
    %load/vec4 v000001f0d27a42c0_0;
    %inv;
    %and;
    %store/vec4 v000001f0d27a4360_0, 0, 1;
    %delay 1000, 0;
    %load/vec4 v000001f0d27a3d20_0;
    %load/vec4 v000001f0d27a4360_0;
    %cmp/ne;
    %jmp/0xz  T_2.4, 6;
    %vpi_call/w 3 61 "$display", "FAIL Q16 at step %0d: expected %0b got %0b", v000001f0d27a3dc0_0, v000001f0d27a4360_0, v000001f0d27a3d20_0 {0 0 0};
    %vpi_call/w 3 62 "$finish" {0 0 0};
T_2.4 ;
    %load/vec4 v000001f0d27a3dc0_0;
    %subi 1, 0, 32;
    %store/vec4 v000001f0d27a3dc0_0, 0, 32;
    %jmp T_2.2;
T_2.3 ;
    %vpi_call/w 3 66 "$display", "PASS Q16" {0 0 0};
    %vpi_call/w 3 67 "$finish" {0 0 0};
    %end;
    .thread T_2;
# The file index is used to find the file name in the following table.
:file_names 5;
    "N/A";
    "<interactive>";
    "-";
    "C:\Users\kapil\OneDrive\Desktop\Practiceverilog\tb\pdf_q16_tb.v";
    "./qa/pdf_q12_q18/q16_sync_debounce_onepulse.v";
