#! /c/Source/iverilog-install/bin/vvp
:ivl_version "12.0 (devel)" "(s20150603-1539-g2693dd32b)";
:ivl_delay_selection "TYPICAL";
:vpi_time_precision - 12;
:vpi_module "C:\iverilog\lib\ivl\system.vpi";
:vpi_module "C:\iverilog\lib\ivl\vhdl_sys.vpi";
:vpi_module "C:\iverilog\lib\ivl\vhdl_textio.vpi";
:vpi_module "C:\iverilog\lib\ivl\v2005_math.vpi";
:vpi_module "C:\iverilog\lib\ivl\va_math.vpi";
:vpi_module "C:\iverilog\lib\ivl\v2009.vpi";
S_000001913e30c220 .scope package, "$unit" "$unit" 2 1;
 .timescale 0 0;
S_000001913e30c3b0 .scope module, "pdf_q17_tb" "pdf_q17_tb" 3 4;
 .timescale -9 -12;
v000001913e370fb0_0 .var "clk", 0 0;
v000001913e370a10_0 .var "diff_xor", 3 0;
v000001913e371410_0 .var "expected_case", 2 0;
v000001913e371230_0 .net "gray_case", 2 0, v000001913e2e33d0_0;  1 drivers
v000001913e371370_0 .net "gray_xor", 3 0, L_000001913e30a7f0;  1 drivers
v000001913e3715f0_0 .var/i "i", 31 0;
v000001913e370dd0_0 .var "prev_case", 2 0;
v000001913e370d30_0 .var "prev_gray_xor", 3 0;
v000001913e371050_0 .var "rst", 0 0;
E_000001913e308970 .event posedge, v000001913e30ae10_0;
S_000001913e28e3c0 .scope module, "dut_case" "q17_gray_counter_case_3bit" 3 32, 4 1 0, S_000001913e30c3b0;
 .timescale -9 -12;
    .port_info 0 /INPUT 1 "clk";
    .port_info 1 /INPUT 1 "rst";
    .port_info 2 /OUTPUT 3 "gray";
v000001913e30ae10_0 .net "clk", 0 0, v000001913e370fb0_0;  1 drivers
v000001913e30bec0_0 .var "counter", 2 0;
v000001913e2e33d0_0 .var "gray", 2 0;
v000001913e2e35f0_0 .net "rst", 0 0, v000001913e371050_0;  1 drivers
E_000001913e308c70 .event anyedge, v000001913e30bec0_0;
E_000001913e308a70 .event posedge, v000001913e2e35f0_0, v000001913e30ae10_0;
S_000001913e28e550 .scope module, "dut_xor" "q17_gray_counter_xor" 3 38, 4 30 0, S_000001913e30c3b0;
 .timescale -9 -12;
    .port_info 0 /INPUT 1 "clk";
    .port_info 1 /INPUT 1 "rst";
    .port_info 2 /OUTPUT 4 "gray";
P_000001913e308ab0 .param/l "N" 0 4 30, +C4<00000000000000000000000000000100>;
L_000001913e30a7f0 .functor XOR 4, v000001913e30c5e0_0, L_000001913e370c90, C4<0000>, C4<0000>;
v000001913e309cc0_0 .net *"_ivl_0", 3 0, L_000001913e370c90;  1 drivers
v000001913e309d60_0 .net *"_ivl_2", 2 0, L_000001913e370f10;  1 drivers
L_000001913e371898 .functor BUFT 1, C4<0>, C4<0>, C4<0>, C4<0>;
v000001913e30c540_0 .net *"_ivl_4", 0 0, L_000001913e371898;  1 drivers
v000001913e30c5e0_0 .var "bcd_counter", 3 0;
v000001913e28e6e0_0 .net "clk", 0 0, v000001913e370fb0_0;  alias, 1 drivers
v000001913e28e780_0 .net "gray", 3 0, L_000001913e30a7f0;  alias, 1 drivers
v000001913e371550_0 .net "rst", 0 0, v000001913e371050_0;  alias, 1 drivers
L_000001913e370f10 .part v000001913e30c5e0_0, 1, 3;
L_000001913e370c90 .concat [ 3 1 0 0], L_000001913e370f10, L_000001913e371898;
S_000001913e2e2d70 .scope function.vec4.s3, "next_gray3" "next_gray3" 3 16, 3 16 0, S_000001913e30c3b0;
 .timescale -9 -12;
v000001913e370b50_0 .var "g", 2 0;
; Variable next_gray3 is vec4 return value of scope S_000001913e2e2d70
TD_pdf_q17_tb.next_gray3 ;
    %load/vec4 v000001913e370b50_0;
    %dup/vec4;
    %pushi/vec4 0, 0, 3;
    %cmp/u;
    %jmp/1 T_0.0, 6;
    %dup/vec4;
    %pushi/vec4 1, 0, 3;
    %cmp/u;
    %jmp/1 T_0.1, 6;
    %dup/vec4;
    %pushi/vec4 3, 0, 3;
    %cmp/u;
    %jmp/1 T_0.2, 6;
    %dup/vec4;
    %pushi/vec4 2, 0, 3;
    %cmp/u;
    %jmp/1 T_0.3, 6;
    %dup/vec4;
    %pushi/vec4 6, 0, 3;
    %cmp/u;
    %jmp/1 T_0.4, 6;
    %dup/vec4;
    %pushi/vec4 7, 0, 3;
    %cmp/u;
    %jmp/1 T_0.5, 6;
    %dup/vec4;
    %pushi/vec4 5, 0, 3;
    %cmp/u;
    %jmp/1 T_0.6, 6;
    %pushi/vec4 0, 0, 3;
    %ret/vec4 0, 0, 3;  Assign to next_gray3 (store_vec4_to_lval)
    %jmp T_0.8;
T_0.0 ;
    %pushi/vec4 1, 0, 3;
    %ret/vec4 0, 0, 3;  Assign to next_gray3 (store_vec4_to_lval)
    %jmp T_0.8;
T_0.1 ;
    %pushi/vec4 3, 0, 3;
    %ret/vec4 0, 0, 3;  Assign to next_gray3 (store_vec4_to_lval)
    %jmp T_0.8;
T_0.2 ;
    %pushi/vec4 2, 0, 3;
    %ret/vec4 0, 0, 3;  Assign to next_gray3 (store_vec4_to_lval)
    %jmp T_0.8;
T_0.3 ;
    %pushi/vec4 6, 0, 3;
    %ret/vec4 0, 0, 3;  Assign to next_gray3 (store_vec4_to_lval)
    %jmp T_0.8;
T_0.4 ;
    %pushi/vec4 7, 0, 3;
    %ret/vec4 0, 0, 3;  Assign to next_gray3 (store_vec4_to_lval)
    %jmp T_0.8;
T_0.5 ;
    %pushi/vec4 5, 0, 3;
    %ret/vec4 0, 0, 3;  Assign to next_gray3 (store_vec4_to_lval)
    %jmp T_0.8;
T_0.6 ;
    %pushi/vec4 4, 0, 3;
    %ret/vec4 0, 0, 3;  Assign to next_gray3 (store_vec4_to_lval)
    %jmp T_0.8;
T_0.8 ;
    %pop/vec4 1;
    %end;
    .scope S_000001913e28e3c0;
T_1 ;
    %wait E_000001913e308a70;
    %load/vec4 v000001913e2e35f0_0;
    %flag_set/vec4 8;
    %jmp/0xz  T_1.0, 8;
    %pushi/vec4 0, 0, 3;
    %assign/vec4 v000001913e30bec0_0, 0;
    %jmp T_1.1;
T_1.0 ;
    %load/vec4 v000001913e30bec0_0;
    %addi 1, 0, 3;
    %assign/vec4 v000001913e30bec0_0, 0;
T_1.1 ;
    %jmp T_1;
    .thread T_1;
    .scope S_000001913e28e3c0;
T_2 ;
    %wait E_000001913e308c70;
    %load/vec4 v000001913e30bec0_0;
    %dup/vec4;
    %pushi/vec4 0, 0, 3;
    %cmp/u;
    %jmp/1 T_2.0, 6;
    %dup/vec4;
    %pushi/vec4 1, 0, 3;
    %cmp/u;
    %jmp/1 T_2.1, 6;
    %dup/vec4;
    %pushi/vec4 2, 0, 3;
    %cmp/u;
    %jmp/1 T_2.2, 6;
    %dup/vec4;
    %pushi/vec4 3, 0, 3;
    %cmp/u;
    %jmp/1 T_2.3, 6;
    %dup/vec4;
    %pushi/vec4 4, 0, 3;
    %cmp/u;
    %jmp/1 T_2.4, 6;
    %dup/vec4;
    %pushi/vec4 5, 0, 3;
    %cmp/u;
    %jmp/1 T_2.5, 6;
    %dup/vec4;
    %pushi/vec4 6, 0, 3;
    %cmp/u;
    %jmp/1 T_2.6, 6;
    %pushi/vec4 4, 0, 3;
    %store/vec4 v000001913e2e33d0_0, 0, 3;
    %jmp T_2.8;
T_2.0 ;
    %pushi/vec4 0, 0, 3;
    %store/vec4 v000001913e2e33d0_0, 0, 3;
    %jmp T_2.8;
T_2.1 ;
    %pushi/vec4 1, 0, 3;
    %store/vec4 v000001913e2e33d0_0, 0, 3;
    %jmp T_2.8;
T_2.2 ;
    %pushi/vec4 3, 0, 3;
    %store/vec4 v000001913e2e33d0_0, 0, 3;
    %jmp T_2.8;
T_2.3 ;
    %pushi/vec4 2, 0, 3;
    %store/vec4 v000001913e2e33d0_0, 0, 3;
    %jmp T_2.8;
T_2.4 ;
    %pushi/vec4 6, 0, 3;
    %store/vec4 v000001913e2e33d0_0, 0, 3;
    %jmp T_2.8;
T_2.5 ;
    %pushi/vec4 7, 0, 3;
    %store/vec4 v000001913e2e33d0_0, 0, 3;
    %jmp T_2.8;
T_2.6 ;
    %pushi/vec4 5, 0, 3;
    %store/vec4 v000001913e2e33d0_0, 0, 3;
    %jmp T_2.8;
T_2.8 ;
    %pop/vec4 1;
    %jmp T_2;
    .thread T_2, $push;
    .scope S_000001913e28e550;
T_3 ;
    %wait E_000001913e308a70;
    %load/vec4 v000001913e371550_0;
    %flag_set/vec4 8;
    %jmp/0xz  T_3.0, 8;
    %pushi/vec4 0, 0, 4;
    %assign/vec4 v000001913e30c5e0_0, 0;
    %jmp T_3.1;
T_3.0 ;
    %load/vec4 v000001913e30c5e0_0;
    %addi 1, 0, 4;
    %assign/vec4 v000001913e30c5e0_0, 0;
T_3.1 ;
    %jmp T_3;
    .thread T_3;
    .scope S_000001913e30c3b0;
T_4 ;
    %delay 5000, 0;
    %load/vec4 v000001913e370fb0_0;
    %inv;
    %store/vec4 v000001913e370fb0_0, 0, 1;
    %jmp T_4;
    .thread T_4;
    .scope S_000001913e30c3b0;
T_5 ;
    %pushi/vec4 0, 0, 1;
    %store/vec4 v000001913e370fb0_0, 0, 1;
    %pushi/vec4 1, 0, 1;
    %store/vec4 v000001913e371050_0, 0, 1;
    %pushi/vec4 2, 0, 32;
T_5.0 %dup/vec4;
    %pushi/vec4 0, 0, 32;
    %cmp/s;
    %jmp/1xz T_5.1, 5;
    %jmp/1 T_5.1, 4;
    %pushi/vec4 1, 0, 32;
    %sub;
    %wait E_000001913e308970;
    %jmp T_5.0;
T_5.1 ;
    %pop/vec4 1;
    %pushi/vec4 0, 0, 1;
    %store/vec4 v000001913e371050_0, 0, 1;
    %wait E_000001913e308970;
    %delay 1000, 0;
    %load/vec4 v000001913e371370_0;
    %store/vec4 v000001913e370d30_0, 0, 4;
    %load/vec4 v000001913e371230_0;
    %store/vec4 v000001913e370dd0_0, 0, 3;
    %pushi/vec4 0, 0, 32;
    %store/vec4 v000001913e3715f0_0, 0, 32;
T_5.2 ;
    %load/vec4 v000001913e3715f0_0;
    %cmpi/s 16, 0, 32;
    %jmp/0xz T_5.3, 5;
    %wait E_000001913e308970;
    %delay 1000, 0;
    %load/vec4 v000001913e370dd0_0;
    %store/vec4 v000001913e370b50_0, 0, 3;
    %callf/vec4 TD_pdf_q17_tb.next_gray3, S_000001913e2e2d70;
    %store/vec4 v000001913e371410_0, 0, 3;
    %load/vec4 v000001913e371230_0;
    %load/vec4 v000001913e371410_0;
    %cmp/ne;
    %jmp/0xz  T_5.4, 6;
    %vpi_call/w 3 63 "$display", "FAIL Q17 case at step %0d: expected next %0b got %0b", v000001913e3715f0_0, v000001913e371410_0, v000001913e371230_0 {0 0 0};
    %vpi_call/w 3 64 "$finish" {0 0 0};
T_5.4 ;
    %load/vec4 v000001913e371230_0;
    %store/vec4 v000001913e370dd0_0, 0, 3;
    %load/vec4 v000001913e371370_0;
    %load/vec4 v000001913e370d30_0;
    %xor;
    %store/vec4 v000001913e370a10_0, 0, 4;
    %load/vec4 v000001913e370a10_0;
    %cmpi/e 0, 0, 4;
    %jmp/1 T_5.8, 4;
    %flag_mov 8, 4;
    %load/vec4 v000001913e370a10_0;
    %load/vec4 v000001913e370a10_0;
    %subi 1, 0, 4;
    %and;
    %cmpi/ne 0, 0, 4;
    %flag_or 4, 8;
T_5.8;
    %jmp/0xz  T_5.6, 4;
    %vpi_call/w 3 70 "$display", "FAIL Q17 xor at step %0d: gray transition not one-bit", v000001913e3715f0_0 {0 0 0};
    %vpi_call/w 3 71 "$finish" {0 0 0};
T_5.6 ;
    %load/vec4 v000001913e371370_0;
    %store/vec4 v000001913e370d30_0, 0, 4;
    %load/vec4 v000001913e3715f0_0;
    %addi 1, 0, 32;
    %store/vec4 v000001913e3715f0_0, 0, 32;
    %jmp T_5.2;
T_5.3 ;
    %vpi_call/w 3 76 "$display", "PASS Q17" {0 0 0};
    %vpi_call/w 3 77 "$finish" {0 0 0};
    %end;
    .thread T_5;
# The file index is used to find the file name in the following table.
:file_names 5;
    "N/A";
    "<interactive>";
    "-";
    "C:\Users\kapil\OneDrive\Desktop\Practiceverilog\tb\pdf_q17_tb.v";
    "./qa/pdf_q12_q18/q17_gray_counter_methods.v";
