#! /c/Source/iverilog-install/bin/vvp
:ivl_version "12.0 (devel)" "(s20150603-1539-g2693dd32b)";
:ivl_delay_selection "TYPICAL";
:vpi_time_precision - 12;
:vpi_module "C:\iverilog\lib\ivl\system.vpi";
:vpi_module "C:\iverilog\lib\ivl\vhdl_sys.vpi";
:vpi_module "C:\iverilog\lib\ivl\vhdl_textio.vpi";
:vpi_module "C:\iverilog\lib\ivl\v2005_math.vpi";
:vpi_module "C:\iverilog\lib\ivl\va_math.vpi";
:vpi_module "C:\iverilog\lib\ivl\v2009.vpi";
S_000002820222eb30 .scope package, "$unit" "$unit" 2 1;
 .timescale 0 0;
S_000002820222ecc0 .scope module, "q01_mux_tb" "q01_mux_tb" 3 6;
 .timescale -9 -12;
v00000282020e38d0_0 .var "a", 0 0;
v00000282020e3970_0 .var "b", 0 0;
v00000282020e40f0_0 .var/i "i", 31 0;
v00000282020e3d30_0 .var "sel", 0 0;
v00000282020e3dd0_0 .net "y_bh", 0 0, v00000282020e6b40_0;  1 drivers
v00000282020e3bf0_0 .net "y_df", 0 0, L_00000282020e3510;  1 drivers
v00000282020e3470_0 .net "y_gl", 0 0, L_00000282020d7190;  1 drivers
S_00000282020e6910 .scope module, "u_bh" "mux2_behavioral" 3 11, 4 1 0, S_000002820222ecc0;
 .timescale -9 -12;
    .port_info 0 /INPUT 1 "a";
    .port_info 1 /INPUT 1 "b";
    .port_info 2 /INPUT 1 "sel";
    .port_info 3 /OUTPUT 1 "y";
v00000282020b3610_0 .net "a", 0 0, v00000282020e38d0_0;  1 drivers
v000002820222bcf0_0 .net "b", 0 0, v00000282020e3970_0;  1 drivers
v00000282020e6aa0_0 .net "sel", 0 0, v00000282020e3d30_0;  1 drivers
v00000282020e6b40_0 .var "y", 0 0;
E_00000282020d5770 .event anyedge, v00000282020e6aa0_0, v000002820222bcf0_0, v00000282020b3610_0;
S_00000282020e6be0 .scope module, "u_df" "mux2_dataflow" 3 10, 5 1 0, S_000002820222ecc0;
 .timescale -9 -12;
    .port_info 0 /INPUT 1 "a";
    .port_info 1 /INPUT 1 "b";
    .port_info 2 /INPUT 1 "sel";
    .port_info 3 /OUTPUT 1 "y";
v00000282020b2d70_0 .net "a", 0 0, v00000282020e38d0_0;  alias, 1 drivers
v00000282020b2e10_0 .net "b", 0 0, v00000282020e3970_0;  alias, 1 drivers
v00000282020b2eb0_0 .net "sel", 0 0, v00000282020e3d30_0;  alias, 1 drivers
v00000282020b2f50_0 .net "y", 0 0, L_00000282020e3510;  alias, 1 drivers
L_00000282020e3510 .functor MUXZ 1, v00000282020e38d0_0, v00000282020e3970_0, v00000282020e3d30_0, C4<>;
S_00000282020b2ff0 .scope module, "u_gl" "mux2_gatelevel" 3 12, 6 1 0, S_000002820222ecc0;
 .timescale -9 -12;
    .port_info 0 /INPUT 1 "a";
    .port_info 1 /INPUT 1 "b";
    .port_info 2 /INPUT 1 "sel";
    .port_info 3 /OUTPUT 1 "y";
L_00000282020d7120 .functor NOT 1, v00000282020e3d30_0, C4<0>, C4<0>, C4<0>;
L_00000282020d74a0 .functor AND 1, v00000282020e38d0_0, L_00000282020d7120, C4<1>, C4<1>;
L_00000282020d72e0 .functor AND 1, v00000282020e3970_0, v00000282020e3d30_0, C4<1>, C4<1>;
L_00000282020d7190 .functor OR 1, L_00000282020d74a0, L_00000282020d72e0, C4<0>, C4<0>;
v00000282020b3180_0 .net "a", 0 0, v00000282020e38d0_0;  alias, 1 drivers
v00000282020d7a00_0 .net "b", 0 0, v00000282020e3970_0;  alias, 1 drivers
v00000282020d7aa0_0 .net "nsel", 0 0, L_00000282020d7120;  1 drivers
v00000282020e3e70_0 .net "sel", 0 0, v00000282020e3d30_0;  alias, 1 drivers
v00000282020e4050_0 .net "w0", 0 0, L_00000282020d74a0;  1 drivers
v00000282020e4190_0 .net "w1", 0 0, L_00000282020d72e0;  1 drivers
v00000282020e3790_0 .net "y", 0 0, L_00000282020d7190;  alias, 1 drivers
    .scope S_00000282020e6910;
T_0 ;
    %wait E_00000282020d5770;
    %load/vec4 v00000282020e6aa0_0;
    %flag_set/vec4 8;
    %jmp/0xz  T_0.0, 8;
    %load/vec4 v000002820222bcf0_0;
    %store/vec4 v00000282020e6b40_0, 0, 1;
    %jmp T_0.1;
T_0.0 ;
    %load/vec4 v00000282020b3610_0;
    %store/vec4 v00000282020e6b40_0, 0, 1;
T_0.1 ;
    %jmp T_0;
    .thread T_0, $push;
    .scope S_000002820222ecc0;
T_1 ;
    %pushi/vec4 0, 0, 32;
    %store/vec4 v00000282020e40f0_0, 0, 32;
T_1.0 ;
    %load/vec4 v00000282020e40f0_0;
    %cmpi/s 8, 0, 32;
    %jmp/0xz T_1.1, 5;
    %load/vec4 v00000282020e40f0_0;
    %parti/s 3, 0, 2;
    %split/vec4 1;
    %store/vec4 v00000282020e3d30_0, 0, 1;
    %split/vec4 1;
    %store/vec4 v00000282020e3970_0, 0, 1;
    %store/vec4 v00000282020e38d0_0, 0, 1;
    %delay 1000, 0;
    %load/vec4 v00000282020e3bf0_0;
    %load/vec4 v00000282020e3dd0_0;
    %cmp/ne;
    %jmp/1 T_1.4, 6;
    %flag_mov 8, 6;
    %load/vec4 v00000282020e3bf0_0;
    %load/vec4 v00000282020e3470_0;
    %cmp/ne;
    %flag_or 6, 8;
T_1.4;
    %jmp/0xz  T_1.2, 6;
    %vpi_call/w 3 20 "$display", "FAIL Q01: a=%0b b=%0b sel=%0b -> df=%0b bh=%0b gl=%0b", v00000282020e38d0_0, v00000282020e3970_0, v00000282020e3d30_0, v00000282020e3bf0_0, v00000282020e3dd0_0, v00000282020e3470_0 {0 0 0};
    %vpi_call/w 3 21 "$finish" {0 0 0};
T_1.2 ;
    %load/vec4 v00000282020e40f0_0;
    %addi 1, 0, 32;
    %store/vec4 v00000282020e40f0_0, 0, 32;
    %jmp T_1.0;
T_1.1 ;
    %vpi_call/w 3 24 "$display", "PASS Q01 mux coding styles" {0 0 0};
    %vpi_call/w 3 25 "$finish" {0 0 0};
    %end;
    .thread T_1;
# The file index is used to find the file name in the following table.
:file_names 7;
    "N/A";
    "<interactive>";
    "-";
    "C:\Users\kapil\OneDrive\Desktop\Practiceverilog\tb\q01_mux_tb.v";
    "./qa/q01_mux/mux2_behavioral.v";
    "./qa/q01_mux/mux2_dataflow.v";
    "./qa/q01_mux/mux2_gatelevel.v";
