#! /c/Source/iverilog-install/bin/vvp
:ivl_version "12.0 (devel)" "(s20150603-1539-g2693dd32b)";
:ivl_delay_selection "TYPICAL";
:vpi_time_precision - 12;
:vpi_module "C:\iverilog\lib\ivl\system.vpi";
:vpi_module "C:\iverilog\lib\ivl\vhdl_sys.vpi";
:vpi_module "C:\iverilog\lib\ivl\vhdl_textio.vpi";
:vpi_module "C:\iverilog\lib\ivl\v2005_math.vpi";
:vpi_module "C:\iverilog\lib\ivl\va_math.vpi";
:vpi_module "C:\iverilog\lib\ivl\v2009.vpi";
S_00000270121b5370 .scope package, "$unit" "$unit" 2 1;
 .timescale 0 0;
S_0000027012179ff0 .scope module, "q02_ff_tb" "q02_ff_tb" 3 5;
 .timescale -9 -12;
v00000270121c5dc0_0 .var "clk", 0 0;
v00000270121c5e60_0 .var "d", 0 0;
v00000270121c5f00_0 .net "q_async", 0 0, v00000270121b6e40_0;  1 drivers
v00000270121c5fa0_0 .net "q_sync", 0 0, v00000270121c4e90_0;  1 drivers
v00000270121c6040_0 .var "rst", 0 0;
S_000002701217b220 .scope module, "u_async" "dff_async_reset" 3 9, 4 1 0, S_0000027012179ff0;
 .timescale -9 -12;
    .port_info 0 /INPUT 1 "clk";
    .port_info 1 /INPUT 1 "rst";
    .port_info 2 /INPUT 1 "d";
    .port_info 3 /OUTPUT 1 "q";
v0000027012193610_0 .net "clk", 0 0, v00000270121c5dc0_0;  1 drivers
v00000270121933f0_0 .net "d", 0 0, v00000270121c5e60_0;  1 drivers
v00000270121b6e40_0 .var "q", 0 0;
v000002701217b3b0_0 .net "rst", 0 0, v00000270121c6040_0;  1 drivers
E_00000270121b6910 .event posedge, v000002701217b3b0_0, v0000027012193610_0;
S_00000270121c4d00 .scope module, "u_sync" "dff_sync_reset" 3 10, 5 1 0, S_0000027012179ff0;
 .timescale -9 -12;
    .port_info 0 /INPUT 1 "clk";
    .port_info 1 /INPUT 1 "rst";
    .port_info 2 /INPUT 1 "d";
    .port_info 3 /OUTPUT 1 "q";
v000002701217b450_0 .net "clk", 0 0, v00000270121c5dc0_0;  alias, 1 drivers
v000002701217b4f0_0 .net "d", 0 0, v00000270121c5e60_0;  alias, 1 drivers
v00000270121c4e90_0 .var "q", 0 0;
v00000270121c4f30_0 .net "rst", 0 0, v00000270121c6040_0;  alias, 1 drivers
E_00000270121b60d0 .event posedge, v0000027012193610_0;
    .scope S_000002701217b220;
T_0 ;
    %wait E_00000270121b6910;
    %load/vec4 v000002701217b3b0_0;
    %flag_set/vec4 8;
    %jmp/0xz  T_0.0, 8;
    %pushi/vec4 0, 0, 1;
    %assign/vec4 v00000270121b6e40_0, 0;
    %jmp T_0.1;
T_0.0 ;
    %load/vec4 v00000270121933f0_0;
    %assign/vec4 v00000270121b6e40_0, 0;
T_0.1 ;
    %jmp T_0;
    .thread T_0;
    .scope S_00000270121c4d00;
T_1 ;
    %wait E_00000270121b60d0;
    %load/vec4 v00000270121c4f30_0;
    %flag_set/vec4 8;
    %jmp/0xz  T_1.0, 8;
    %pushi/vec4 0, 0, 1;
    %assign/vec4 v00000270121c4e90_0, 0;
    %jmp T_1.1;
T_1.0 ;
    %load/vec4 v000002701217b4f0_0;
    %assign/vec4 v00000270121c4e90_0, 0;
T_1.1 ;
    %jmp T_1;
    .thread T_1;
    .scope S_0000027012179ff0;
T_2 ;
    %pushi/vec4 0, 0, 1;
    %store/vec4 v00000270121c5dc0_0, 0, 1;
    %end;
    .thread T_2;
    .scope S_0000027012179ff0;
T_3 ;
    %delay 5000, 0;
    %load/vec4 v00000270121c5dc0_0;
    %inv;
    %store/vec4 v00000270121c5dc0_0, 0, 1;
    %jmp T_3;
    .thread T_3;
    .scope S_0000027012179ff0;
T_4 ;
    %pushi/vec4 1, 0, 1;
    %store/vec4 v00000270121c6040_0, 0, 1;
    %pushi/vec4 0, 0, 1;
    %store/vec4 v00000270121c5e60_0, 0, 1;
    %delay 3000, 0;
    %load/vec4 v00000270121c5f00_0;
    %pad/u 32;
    %cmpi/ne 0, 0, 32;
    %jmp/0xz  T_4.0, 6;
    %vpi_call/w 3 19 "$display", "FAIL Q02 async reset behavior" {0 0 0};
    %vpi_call/w 3 20 "$finish" {0 0 0};
T_4.0 ;
    %pushi/vec4 0, 0, 1;
    %store/vec4 v00000270121c6040_0, 0, 1;
    %pushi/vec4 1, 0, 1;
    %store/vec4 v00000270121c5e60_0, 0, 1;
    %wait E_00000270121b60d0;
    %delay 1000, 0;
    %load/vec4 v00000270121c5f00_0;
    %pad/u 32;
    %cmpi/ne 1, 0, 32;
    %jmp/1 T_4.4, 6;
    %flag_mov 8, 6;
    %load/vec4 v00000270121c5fa0_0;
    %pad/u 32;
    %cmpi/ne 1, 0, 32;
    %flag_or 6, 8;
T_4.4;
    %jmp/0xz  T_4.2, 6;
    %vpi_call/w 3 28 "$display", "FAIL Q02 set behavior" {0 0 0};
    %vpi_call/w 3 29 "$finish" {0 0 0};
T_4.2 ;
    %pushi/vec4 0, 0, 1;
    %store/vec4 v00000270121c5e60_0, 0, 1;
    %pushi/vec4 1, 0, 1;
    %store/vec4 v00000270121c6040_0, 0, 1;
    %delay 1000, 0;
    %load/vec4 v00000270121c5f00_0;
    %pad/u 32;
    %cmpi/ne 0, 0, 32;
    %jmp/0xz  T_4.5, 6;
    %vpi_call/w 3 36 "$display", "FAIL Q02 async should reset immediately" {0 0 0};
    %vpi_call/w 3 37 "$finish" {0 0 0};
T_4.5 ;
    %load/vec4 v00000270121c5fa0_0;
    %pad/u 32;
    %cmpi/ne 1, 0, 32;
    %jmp/0xz  T_4.7, 6;
    %vpi_call/w 3 40 "$display", "FAIL Q02 sync should wait for clock edge" {0 0 0};
    %vpi_call/w 3 41 "$finish" {0 0 0};
T_4.7 ;
    %wait E_00000270121b60d0;
    %delay 1000, 0;
    %load/vec4 v00000270121c5fa0_0;
    %pad/u 32;
    %cmpi/ne 0, 0, 32;
    %jmp/0xz  T_4.9, 6;
    %vpi_call/w 3 47 "$display", "FAIL Q02 sync reset on clock edge" {0 0 0};
    %vpi_call/w 3 48 "$finish" {0 0 0};
T_4.9 ;
    %vpi_call/w 3 51 "$display", "PASS Q02 async vs sync DFF" {0 0 0};
    %vpi_call/w 3 52 "$finish" {0 0 0};
    %end;
    .thread T_4;
# The file index is used to find the file name in the following table.
:file_names 6;
    "N/A";
    "<interactive>";
    "-";
    "C:\Users\kapil\OneDrive\Desktop\Practiceverilog\tb\q02_ff_tb.v";
    "./qa/q02_ff/dff_async_reset.v";
    "./qa/q02_ff/dff_sync_reset.v";
