#! /c/Source/iverilog-install/bin/vvp
:ivl_version "12.0 (devel)" "(s20150603-1539-g2693dd32b)";
:ivl_delay_selection "TYPICAL";
:vpi_time_precision - 12;
:vpi_module "C:\iverilog\lib\ivl\system.vpi";
:vpi_module "C:\iverilog\lib\ivl\vhdl_sys.vpi";
:vpi_module "C:\iverilog\lib\ivl\vhdl_textio.vpi";
:vpi_module "C:\iverilog\lib\ivl\v2005_math.vpi";
:vpi_module "C:\iverilog\lib\ivl\va_math.vpi";
:vpi_module "C:\iverilog\lib\ivl\v2009.vpi";
S_00000241d3b76980 .scope package, "$unit" "$unit" 2 1;
 .timescale 0 0;
S_00000241d3b76ea0 .scope module, "edge_detect_both_async_d" "edge_detect_both_async_d" 3 25;
 .timescale -9 -12;
    .port_info 0 /INPUT 1 "clk";
    .port_info 1 /INPUT 1 "rst";
    .port_info 2 /INPUT 1 "d";
    .port_info 3 /OUTPUT 1 "q";
o00000241d3b8ef98 .functor BUFZ 1, C4<z>; HiZ drive
v00000241d3b76840_0 .net "clk", 0 0, o00000241d3b8ef98;  0 drivers
o00000241d3b8efc8 .functor BUFZ 1, C4<z>; HiZ drive
v00000241d3b53610_0 .net "d", 0 0, o00000241d3b8efc8;  0 drivers
v00000241d3b52d70_0 .var "d_sync1", 0 0;
v00000241d3b52e10_0 .var "d_sync2", 0 0;
v00000241d3b52eb0_0 .var "d_sync2_prev", 0 0;
v00000241d3b52f50_0 .var "q", 0 0;
o00000241d3b8f0b8 .functor BUFZ 1, C4<z>; HiZ drive
v00000241d3b52ff0_0 .net "rst", 0 0, o00000241d3b8f0b8;  0 drivers
E_00000241d3959c70 .event posedge, v00000241d3b52ff0_0, v00000241d3b76840_0;
S_00000241d3b77030 .scope module, "q03_edge_detect_tb" "q03_edge_detect_tb" 4 4;
 .timescale -9 -12;
v00000241d3bd8090_0 .var "clk", 0 0;
v00000241d3bd8b30_0 .var "d", 0 0;
v00000241d3bd8d10_0 .net "q", 0 0, v00000241d395bd20_0;  1 drivers
v00000241d3bd84f0_0 .var "rst", 0 0;
E_00000241d3959d30 .event posedge, v00000241d395bb40_0;
S_00000241d3b53090 .scope module, "dut" "edge_detect_both" 4 8, 3 1 0, S_00000241d3b77030;
 .timescale -9 -12;
    .port_info 0 /INPUT 1 "clk";
    .port_info 1 /INPUT 1 "rst";
    .port_info 2 /INPUT 1 "d";
    .port_info 3 /OUTPUT 1 "q";
v00000241d395bb40_0 .net "clk", 0 0, v00000241d3bd8090_0;  1 drivers
v00000241d395bbe0_0 .net "d", 0 0, v00000241d3bd8b30_0;  1 drivers
v00000241d395bc80_0 .var "d_prev", 0 0;
v00000241d395bd20_0 .var "q", 0 0;
v00000241d395bdc0_0 .net "rst", 0 0, v00000241d3bd84f0_0;  1 drivers
E_00000241d3958fb0 .event posedge, v00000241d395bdc0_0, v00000241d395bb40_0;
    .scope S_00000241d3b76ea0;
T_0 ;
    %wait E_00000241d3959c70;
    %load/vec4 v00000241d3b52ff0_0;
    %flag_set/vec4 8;
    %jmp/0xz  T_0.0, 8;
    %pushi/vec4 0, 0, 1;
    %assign/vec4 v00000241d3b52d70_0, 0;
    %pushi/vec4 0, 0, 1;
    %assign/vec4 v00000241d3b52e10_0, 0;
    %pushi/vec4 0, 0, 1;
    %assign/vec4 v00000241d3b52eb0_0, 0;
    %pushi/vec4 0, 0, 1;
    %assign/vec4 v00000241d3b52f50_0, 0;
    %jmp T_0.1;
T_0.0 ;
    %load/vec4 v00000241d3b53610_0;
    %assign/vec4 v00000241d3b52d70_0, 0;
    %load/vec4 v00000241d3b52d70_0;
    %assign/vec4 v00000241d3b52e10_0, 0;
    %load/vec4 v00000241d3b52e10_0;
    %load/vec4 v00000241d3b52eb0_0;
    %xor;
    %assign/vec4 v00000241d3b52f50_0, 0;
    %load/vec4 v00000241d3b52e10_0;
    %assign/vec4 v00000241d3b52eb0_0, 0;
T_0.1 ;
    %jmp T_0;
    .thread T_0;
    .scope S_00000241d3b53090;
T_1 ;
    %wait E_00000241d3958fb0;
    %load/vec4 v00000241d395bdc0_0;
    %flag_set/vec4 8;
    %jmp/0xz  T_1.0, 8;
    %pushi/vec4 0, 0, 1;
    %assign/vec4 v00000241d395bc80_0, 0;
    %pushi/vec4 0, 0, 1;
    %assign/vec4 v00000241d395bd20_0, 0;
    %jmp T_1.1;
T_1.0 ;
    %load/vec4 v00000241d395bbe0_0;
    %load/vec4 v00000241d395bc80_0;
    %xor;
    %assign/vec4 v00000241d395bd20_0, 0;
    %load/vec4 v00000241d395bbe0_0;
    %assign/vec4 v00000241d395bc80_0, 0;
T_1.1 ;
    %jmp T_1;
    .thread T_1;
    .scope S_00000241d3b77030;
T_2 ;
    %pushi/vec4 0, 0, 1;
    %store/vec4 v00000241d3bd8090_0, 0, 1;
    %end;
    .thread T_2;
    .scope S_00000241d3b77030;
T_3 ;
    %delay 5000, 0;
    %load/vec4 v00000241d3bd8090_0;
    %inv;
    %store/vec4 v00000241d3bd8090_0, 0, 1;
    %jmp T_3;
    .thread T_3;
    .scope S_00000241d3b77030;
T_4 ;
    %pushi/vec4 1, 0, 1;
    %store/vec4 v00000241d3bd84f0_0, 0, 1;
    %pushi/vec4 0, 0, 1;
    %store/vec4 v00000241d3bd8b30_0, 0, 1;
    %wait E_00000241d3959d30;
    %delay 1000, 0;
    %pushi/vec4 0, 0, 1;
    %store/vec4 v00000241d3bd84f0_0, 0, 1;
    %pushi/vec4 0, 0, 1;
    %store/vec4 v00000241d3bd8b30_0, 0, 1;
    %wait E_00000241d3959d30;
    %delay 1000, 0;
    %load/vec4 v00000241d3bd8d10_0;
    %pad/u 32;
    %cmpi/ne 0, 0, 32;
    %jmp/0xz  T_4.0, 6;
    %vpi_call/w 4 21 "$display", "FAIL Q03 no edge expected" {0 0 0};
    %vpi_call/w 4 21 "$finish" {0 0 0};
T_4.0 ;
    %pushi/vec4 1, 0, 1;
    %store/vec4 v00000241d3bd8b30_0, 0, 1;
    %wait E_00000241d3959d30;
    %delay 1000, 0;
    %load/vec4 v00000241d3bd8d10_0;
    %pad/u 32;
    %cmpi/ne 1, 0, 32;
    %jmp/0xz  T_4.2, 6;
    %vpi_call/w 4 25 "$display", "FAIL Q03 rising edge expected" {0 0 0};
    %vpi_call/w 4 25 "$finish" {0 0 0};
T_4.2 ;
    %pushi/vec4 1, 0, 1;
    %store/vec4 v00000241d3bd8b30_0, 0, 1;
    %wait E_00000241d3959d30;
    %delay 1000, 0;
    %load/vec4 v00000241d3bd8d10_0;
    %pad/u 32;
    %cmpi/ne 0, 0, 32;
    %jmp/0xz  T_4.4, 6;
    %vpi_call/w 4 29 "$display", "FAIL Q03 stable high expected no pulse" {0 0 0};
    %vpi_call/w 4 29 "$finish" {0 0 0};
T_4.4 ;
    %pushi/vec4 0, 0, 1;
    %store/vec4 v00000241d3bd8b30_0, 0, 1;
    %wait E_00000241d3959d30;
    %delay 1000, 0;
    %load/vec4 v00000241d3bd8d10_0;
    %pad/u 32;
    %cmpi/ne 1, 0, 32;
    %jmp/0xz  T_4.6, 6;
    %vpi_call/w 4 33 "$display", "FAIL Q03 falling edge expected" {0 0 0};
    %vpi_call/w 4 33 "$finish" {0 0 0};
T_4.6 ;
    %pushi/vec4 0, 0, 1;
    %store/vec4 v00000241d3bd8b30_0, 0, 1;
    %wait E_00000241d3959d30;
    %delay 1000, 0;
    %load/vec4 v00000241d3bd8d10_0;
    %pad/u 32;
    %cmpi/ne 0, 0, 32;
    %jmp/0xz  T_4.8, 6;
    %vpi_call/w 4 37 "$display", "FAIL Q03 stable low expected no pulse" {0 0 0};
    %vpi_call/w 4 37 "$finish" {0 0 0};
T_4.8 ;
    %vpi_call/w 4 39 "$display", "PASS Q03 both-edge detector" {0 0 0};
    %vpi_call/w 4 40 "$finish" {0 0 0};
    %end;
    .thread T_4;
# The file index is used to find the file name in the following table.
:file_names 5;
    "N/A";
    "<interactive>";
    "-";
    "./qa/q03_edge_detect/edge_detect_both.v";
    "C:\Users\kapil\OneDrive\Desktop\Practiceverilog\tb\q03_edge_detect_tb.v";
