#! /c/Source/iverilog-install/bin/vvp
:ivl_version "12.0 (devel)" "(s20150603-1539-g2693dd32b)";
:ivl_delay_selection "TYPICAL";
:vpi_time_precision - 12;
:vpi_module "C:\iverilog\lib\ivl\system.vpi";
:vpi_module "C:\iverilog\lib\ivl\vhdl_sys.vpi";
:vpi_module "C:\iverilog\lib\ivl\vhdl_textio.vpi";
:vpi_module "C:\iverilog\lib\ivl\v2005_math.vpi";
:vpi_module "C:\iverilog\lib\ivl\va_math.vpi";
:vpi_module "C:\iverilog\lib\ivl\v2009.vpi";
S_000002bc04cf87b0 .scope package, "$unit" "$unit" 2 1;
 .timescale 0 0;
S_000002bc04cf8940 .scope module, "edge_detect_both" "edge_detect_both" 3 1;
 .timescale -9 -12;
    .port_info 0 /INPUT 1 "clk";
    .port_info 1 /INPUT 1 "rst";
    .port_info 2 /INPUT 1 "d";
    .port_info 3 /OUTPUT 1 "q";
o000002bc04cfdfd8 .functor BUFZ 1, C4<z>; HiZ drive
v000002bc04cc3620_0 .net "clk", 0 0, o000002bc04cfdfd8;  0 drivers
o000002bc04cfe008 .functor BUFZ 1, C4<z>; HiZ drive
v000002bc04ce85b0_0 .net "d", 0 0, o000002bc04cfe008;  0 drivers
v000002bc04cf8ad0_0 .var "d_prev", 0 0;
v000002bc04cf8b70_0 .var "q", 0 0;
o000002bc04cfe098 .functor BUFZ 1, C4<z>; HiZ drive
v000002bc04cab870_0 .net "rst", 0 0, o000002bc04cfe098;  0 drivers
E_000002bc04caa7e0 .event posedge, v000002bc04cab870_0, v000002bc04cc3620_0;
S_000002bc04cc2d80 .scope module, "q03_edge_detect_async_d_tb" "q03_edge_detect_async_d_tb" 4 4;
 .timescale -9 -12;
v000002bc04cf3f30_0 .var "clk", 0 0;
v000002bc04cf4610_0 .var "d", 0 0;
v000002bc04cf3b70_0 .net "q", 0 0, v000002bc04d48910_0;  1 drivers
v000002bc04cf3cb0_0 .var "rst", 0 0;
E_000002bc04caab60 .event posedge, v000002bc04cab910_0;
S_000002bc04cc2f10 .scope module, "dut" "edge_detect_both_async_d" 4 8, 3 25 0, S_000002bc04cc2d80;
 .timescale -9 -12;
    .port_info 0 /INPUT 1 "clk";
    .port_info 1 /INPUT 1 "rst";
    .port_info 2 /INPUT 1 "d";
    .port_info 3 /OUTPUT 1 "q";
v000002bc04cab910_0 .net "clk", 0 0, v000002bc04cf3f30_0;  1 drivers
v000002bc04cea420_0 .net "d", 0 0, v000002bc04cf4610_0;  1 drivers
v000002bc04cc30a0_0 .var "d_sync1", 0 0;
v000002bc04cc3140_0 .var "d_sync2", 0 0;
v000002bc04d48870_0 .var "d_sync2_prev", 0 0;
v000002bc04d48910_0 .var "q", 0 0;
v000002bc04d489b0_0 .net "rst", 0 0, v000002bc04cf3cb0_0;  1 drivers
E_000002bc04caa3a0 .event posedge, v000002bc04d489b0_0, v000002bc04cab910_0;
    .scope S_000002bc04cf8940;
T_0 ;
    %wait E_000002bc04caa7e0;
    %load/vec4 v000002bc04cab870_0;
    %flag_set/vec4 8;
    %jmp/0xz  T_0.0, 8;
    %pushi/vec4 0, 0, 1;
    %assign/vec4 v000002bc04cf8ad0_0, 0;
    %pushi/vec4 0, 0, 1;
    %assign/vec4 v000002bc04cf8b70_0, 0;
    %jmp T_0.1;
T_0.0 ;
    %load/vec4 v000002bc04ce85b0_0;
    %load/vec4 v000002bc04cf8ad0_0;
    %xor;
    %assign/vec4 v000002bc04cf8b70_0, 0;
    %load/vec4 v000002bc04ce85b0_0;
    %assign/vec4 v000002bc04cf8ad0_0, 0;
T_0.1 ;
    %jmp T_0;
    .thread T_0;
    .scope S_000002bc04cc2f10;
T_1 ;
    %wait E_000002bc04caa3a0;
    %load/vec4 v000002bc04d489b0_0;
    %flag_set/vec4 8;
    %jmp/0xz  T_1.0, 8;
    %pushi/vec4 0, 0, 1;
    %assign/vec4 v000002bc04cc30a0_0, 0;
    %pushi/vec4 0, 0, 1;
    %assign/vec4 v000002bc04cc3140_0, 0;
    %pushi/vec4 0, 0, 1;
    %assign/vec4 v000002bc04d48870_0, 0;
    %pushi/vec4 0, 0, 1;
    %assign/vec4 v000002bc04d48910_0, 0;
    %jmp T_1.1;
T_1.0 ;
    %load/vec4 v000002bc04cea420_0;
    %assign/vec4 v000002bc04cc30a0_0, 0;
    %load/vec4 v000002bc04cc30a0_0;
    %assign/vec4 v000002bc04cc3140_0, 0;
    %load/vec4 v000002bc04cc3140_0;
    %load/vec4 v000002bc04d48870_0;
    %xor;
    %assign/vec4 v000002bc04d48910_0, 0;
    %load/vec4 v000002bc04cc3140_0;
    %assign/vec4 v000002bc04d48870_0, 0;
T_1.1 ;
    %jmp T_1;
    .thread T_1;
    .scope S_000002bc04cc2d80;
T_2 ;
    %pushi/vec4 0, 0, 1;
    %store/vec4 v000002bc04cf3f30_0, 0, 1;
    %end;
    .thread T_2;
    .scope S_000002bc04cc2d80;
T_3 ;
    %delay 5000, 0;
    %load/vec4 v000002bc04cf3f30_0;
    %inv;
    %store/vec4 v000002bc04cf3f30_0, 0, 1;
    %jmp T_3;
    .thread T_3;
    .scope S_000002bc04cc2d80;
T_4 ;
    %pushi/vec4 1, 0, 1;
    %store/vec4 v000002bc04cf3cb0_0, 0, 1;
    %pushi/vec4 0, 0, 1;
    %store/vec4 v000002bc04cf4610_0, 0, 1;
    %pushi/vec4 2, 0, 32;
T_4.0 %dup/vec4;
    %pushi/vec4 0, 0, 32;
    %cmp/s;
    %jmp/1xz T_4.1, 5;
    %jmp/1 T_4.1, 4;
    %pushi/vec4 1, 0, 32;
    %sub;
    %wait E_000002bc04caab60;
    %jmp T_4.0;
T_4.1 ;
    %pop/vec4 1;
    %pushi/vec4 0, 0, 1;
    %store/vec4 v000002bc04cf3cb0_0, 0, 1;
    %delay 3000, 0;
    %pushi/vec4 1, 0, 1;
    %store/vec4 v000002bc04cf4610_0, 0, 1;
    %pushi/vec4 3, 0, 32;
T_4.2 %dup/vec4;
    %pushi/vec4 0, 0, 32;
    %cmp/s;
    %jmp/1xz T_4.3, 5;
    %jmp/1 T_4.3, 4;
    %pushi/vec4 1, 0, 32;
    %sub;
    %wait E_000002bc04caab60;
    %jmp T_4.2;
T_4.3 ;
    %pop/vec4 1;
    %delay 1000, 0;
    %load/vec4 v000002bc04cf3b70_0;
    %pad/u 32;
    %cmpi/ne 1, 0, 32;
    %jmp/0xz  T_4.4, 6;
    %vpi_call/w 4 23 "$display", "FAIL Q03A expected pulse for async rise" {0 0 0};
    %vpi_call/w 4 23 "$finish" {0 0 0};
T_4.4 ;
    %wait E_000002bc04caab60;
    %delay 1000, 0;
    %load/vec4 v000002bc04cf3b70_0;
    %pad/u 32;
    %cmpi/ne 0, 0, 32;
    %jmp/0xz  T_4.6, 6;
    %vpi_call/w 4 26 "$display", "FAIL Q03A pulse should be one cycle" {0 0 0};
    %vpi_call/w 4 26 "$finish" {0 0 0};
T_4.6 ;
    %delay 2000, 0;
    %pushi/vec4 0, 0, 1;
    %store/vec4 v000002bc04cf4610_0, 0, 1;
    %pushi/vec4 3, 0, 32;
T_4.8 %dup/vec4;
    %pushi/vec4 0, 0, 32;
    %cmp/s;
    %jmp/1xz T_4.9, 5;
    %jmp/1 T_4.9, 4;
    %pushi/vec4 1, 0, 32;
    %sub;
    %wait E_000002bc04caab60;
    %jmp T_4.8;
T_4.9 ;
    %pop/vec4 1;
    %delay 1000, 0;
    %load/vec4 v000002bc04cf3b70_0;
    %pad/u 32;
    %cmpi/ne 1, 0, 32;
    %jmp/0xz  T_4.10, 6;
    %vpi_call/w 4 32 "$display", "FAIL Q03A expected pulse for async fall" {0 0 0};
    %vpi_call/w 4 32 "$finish" {0 0 0};
T_4.10 ;
    %wait E_000002bc04caab60;
    %delay 1000, 0;
    %load/vec4 v000002bc04cf3b70_0;
    %pad/u 32;
    %cmpi/ne 0, 0, 32;
    %jmp/0xz  T_4.12, 6;
    %vpi_call/w 4 35 "$display", "FAIL Q03A pulse should be one cycle" {0 0 0};
    %vpi_call/w 4 35 "$finish" {0 0 0};
T_4.12 ;
    %vpi_call/w 4 37 "$display", "PASS Q03A both-edge detector with async d" {0 0 0};
    %vpi_call/w 4 38 "$finish" {0 0 0};
    %end;
    .thread T_4;
# The file index is used to find the file name in the following table.
:file_names 5;
    "N/A";
    "<interactive>";
    "-";
    "./qa/q03_edge_detect/edge_detect_both.v";
    "C:\Users\kapil\OneDrive\Desktop\Practiceverilog\tb\q03_edge_detect_async_d_tb.v";
