#! /c/Source/iverilog-install/bin/vvp
:ivl_version "12.0 (devel)" "(s20150603-1539-g2693dd32b)";
:ivl_delay_selection "TYPICAL";
:vpi_time_precision - 12;
:vpi_module "C:\iverilog\lib\ivl\system.vpi";
:vpi_module "C:\iverilog\lib\ivl\vhdl_sys.vpi";
:vpi_module "C:\iverilog\lib\ivl\vhdl_textio.vpi";
:vpi_module "C:\iverilog\lib\ivl\v2005_math.vpi";
:vpi_module "C:\iverilog\lib\ivl\va_math.vpi";
:vpi_module "C:\iverilog\lib\ivl\v2009.vpi";
S_000001c91eccbb80 .scope package, "$unit" "$unit" 2 1;
 .timescale 0 0;
S_000001c91ecca5e0 .scope module, "q04_rise_pulse_tb" "q04_rise_pulse_tb" 3 4;
 .timescale -9 -12;
v000001c91eb72d70_0 .var "clk", 0 0;
v000001c91eb72e10_0 .var "d", 0 0;
v000001c91eb72eb0_0 .net "q", 0 0, v000001c91eb97480_0;  1 drivers
v000001c91eb72f50_0 .var "rst_n", 0 0;
S_000001c91ecca120 .scope module, "dut" "edge_to_1cycle_pulse" 3 8, 4 1 0, S_000001c91ecca5e0;
 .timescale -9 -12;
    .port_info 0 /INPUT 1 "clk";
    .port_info 1 /INPUT 1 "rst_n";
    .port_info 2 /INPUT 1 "d";
    .port_info 3 /OUTPUT 1 "q";
v000001c91eb73610_0 .net "clk", 0 0, v000001c91eb72d70_0;  1 drivers
v000001c91eccbd10_0 .net "d", 0 0, v000001c91eb72e10_0;  1 drivers
v000001c91ecca770_0 .var "prev", 0 0;
v000001c91eb97480_0 .var "q", 0 0;
v000001c91ecca2b0_0 .net "rst_n", 0 0, v000001c91eb72f50_0;  1 drivers
E_000001c91eb95a70 .event posedge, v000001c91eb73610_0;
    .scope S_000001c91ecca120;
T_0 ;
    %wait E_000001c91eb95a70;
    %load/vec4 v000001c91ecca2b0_0;
    %nor/r;
    %flag_set/vec4 8;
    %jmp/0xz  T_0.0, 8;
    %pushi/vec4 0, 0, 1;
    %assign/vec4 v000001c91ecca770_0, 0;
    %pushi/vec4 0, 0, 1;
    %assign/vec4 v000001c91eb97480_0, 0;
    %jmp T_0.1;
T_0.0 ;
    %load/vec4 v000001c91eccbd10_0;
    %load/vec4 v000001c91ecca770_0;
    %inv;
    %and;
    %assign/vec4 v000001c91eb97480_0, 0;
    %load/vec4 v000001c91eccbd10_0;
    %assign/vec4 v000001c91ecca770_0, 0;
T_0.1 ;
    %jmp T_0;
    .thread T_0;
    .scope S_000001c91ecca5e0;
T_1 ;
    %pushi/vec4 0, 0, 1;
    %store/vec4 v000001c91eb72d70_0, 0, 1;
    %end;
    .thread T_1;
    .scope S_000001c91ecca5e0;
T_2 ;
    %delay 5000, 0;
    %load/vec4 v000001c91eb72d70_0;
    %inv;
    %store/vec4 v000001c91eb72d70_0, 0, 1;
    %jmp T_2;
    .thread T_2;
    .scope S_000001c91ecca5e0;
T_3 ;
    %pushi/vec4 0, 0, 1;
    %store/vec4 v000001c91eb72f50_0, 0, 1;
    %pushi/vec4 0, 0, 1;
    %store/vec4 v000001c91eb72e10_0, 0, 1;
    %wait E_000001c91eb95a70;
    %delay 1000, 0;
    %load/vec4 v000001c91eb72eb0_0;
    %pad/u 32;
    %cmpi/ne 0, 0, 32;
    %jmp/0xz  T_3.0, 6;
    %vpi_call/w 3 21 "$display", "FAIL Q04 reset q" {0 0 0};
    %vpi_call/w 3 21 "$finish" {0 0 0};
T_3.0 ;
    %pushi/vec4 1, 0, 1;
    %store/vec4 v000001c91eb72f50_0, 0, 1;
    %pushi/vec4 0, 0, 1;
    %store/vec4 v000001c91eb72e10_0, 0, 1;
    %wait E_000001c91eb95a70;
    %delay 1000, 0;
    %load/vec4 v000001c91eb72eb0_0;
    %pad/u 32;
    %cmpi/ne 0, 0, 32;
    %jmp/0xz  T_3.2, 6;
    %vpi_call/w 3 27 "$display", "FAIL Q04 stable low" {0 0 0};
    %vpi_call/w 3 27 "$finish" {0 0 0};
T_3.2 ;
    %pushi/vec4 1, 0, 1;
    %store/vec4 v000001c91eb72e10_0, 0, 1;
    %wait E_000001c91eb95a70;
    %delay 1000, 0;
    %load/vec4 v000001c91eb72eb0_0;
    %pad/u 32;
    %cmpi/ne 1, 0, 32;
    %jmp/0xz  T_3.4, 6;
    %vpi_call/w 3 31 "$display", "FAIL Q04 rising edge pulse expected" {0 0 0};
    %vpi_call/w 3 31 "$finish" {0 0 0};
T_3.4 ;
    %pushi/vec4 1, 0, 1;
    %store/vec4 v000001c91eb72e10_0, 0, 1;
    %wait E_000001c91eb95a70;
    %delay 1000, 0;
    %load/vec4 v000001c91eb72eb0_0;
    %pad/u 32;
    %cmpi/ne 0, 0, 32;
    %jmp/0xz  T_3.6, 6;
    %vpi_call/w 3 35 "$display", "FAIL Q04 pulse must be one cycle" {0 0 0};
    %vpi_call/w 3 35 "$finish" {0 0 0};
T_3.6 ;
    %pushi/vec4 0, 0, 1;
    %store/vec4 v000001c91eb72e10_0, 0, 1;
    %wait E_000001c91eb95a70;
    %delay 1000, 0;
    %load/vec4 v000001c91eb72eb0_0;
    %pad/u 32;
    %cmpi/ne 0, 0, 32;
    %jmp/0xz  T_3.8, 6;
    %vpi_call/w 3 39 "$display", "FAIL Q04 falling edge no pulse" {0 0 0};
    %vpi_call/w 3 39 "$finish" {0 0 0};
T_3.8 ;
    %pushi/vec4 1, 0, 1;
    %store/vec4 v000001c91eb72e10_0, 0, 1;
    %wait E_000001c91eb95a70;
    %delay 1000, 0;
    %load/vec4 v000001c91eb72eb0_0;
    %pad/u 32;
    %cmpi/ne 1, 0, 32;
    %jmp/0xz  T_3.10, 6;
    %vpi_call/w 3 43 "$display", "FAIL Q04 second rising edge pulse expected" {0 0 0};
    %vpi_call/w 3 43 "$finish" {0 0 0};
T_3.10 ;
    %wait E_000001c91eb95a70;
    %delay 1000, 0;
    %load/vec4 v000001c91eb72eb0_0;
    %pad/u 32;
    %cmpi/ne 0, 0, 32;
    %jmp/0xz  T_3.12, 6;
    %vpi_call/w 3 46 "$display", "FAIL Q04 pulse must clear" {0 0 0};
    %vpi_call/w 3 46 "$finish" {0 0 0};
T_3.12 ;
    %vpi_call/w 3 48 "$display", "PASS Q04 edge_to_1cycle_pulse" {0 0 0};
    %vpi_call/w 3 49 "$finish" {0 0 0};
    %end;
    .thread T_3;
# The file index is used to find the file name in the following table.
:file_names 5;
    "N/A";
    "<interactive>";
    "-";
    "C:\Users\kapil\OneDrive\Desktop\Practiceverilog\tb\q04_rise_pulse_tb.v";
    "./qa/q04_rise_pulse/edge_to_1cycle_pulse.v";
