#! /c/Source/iverilog-install/bin/vvp
:ivl_version "12.0 (devel)" "(s20150603-1539-g2693dd32b)";
:ivl_delay_selection "TYPICAL";
:vpi_time_precision - 12;
:vpi_module "C:\iverilog\lib\ivl\system.vpi";
:vpi_module "C:\iverilog\lib\ivl\vhdl_sys.vpi";
:vpi_module "C:\iverilog\lib\ivl\vhdl_textio.vpi";
:vpi_module "C:\iverilog\lib\ivl\v2005_math.vpi";
:vpi_module "C:\iverilog\lib\ivl\va_math.vpi";
:vpi_module "C:\iverilog\lib\ivl\v2009.vpi";
S_000001c77f07d970 .scope package, "$unit" "$unit" 2 1;
 .timescale 0 0;
S_000001c77f07db00 .scope module, "q05_seq_10110_tb" "q05_seq_10110_tb" 3 4;
 .timescale -9 -12;
P_000001c77f07dc90 .param/l "S0" 1 3 40, C4<000>;
P_000001c77f07dcc8 .param/l "S1" 1 3 41, C4<001>;
P_000001c77f07dd00 .param/l "S2" 1 3 42, C4<010>;
P_000001c77f07dd38 .param/l "S3" 1 3 43, C4<011>;
P_000001c77f07dd70 .param/l "S4" 1 3 44, C4<100>;
P_000001c77f07dda8 .param/l "S5" 1 3 45, C4<101>;
v000001c77f10f3a0_0 .var "bits", 23 0;
v000001c77f10fc60_0 .var "clk", 0 0;
v000001c77f10f6c0_0 .var/i "i", 31 0;
v000001c77f10f760_0 .var "ref_mealy_non", 2 0;
v000001c77f10e220_0 .var "ref_mealy_ov", 2 0;
v000001c77f10ecc0_0 .var "ref_moore_non", 2 0;
v000001c77f10f440_0 .var "ref_moore_ov", 2 0;
v000001c77f10fd00_0 .var "rst_n", 0 0;
v000001c77f10e7c0_0 .var "x", 0 0;
v000001c77f10e720_0 .net "y_mealy_non", 0 0, v000001c77f074bb0_0;  1 drivers
v000001c77f10e860_0 .net "y_mealy_ov", 0 0, v000001c77f10cb10_0;  1 drivers
v000001c77f10eae0_0 .net "y_moore_non", 0 0, v000001c77f10cd90_0;  1 drivers
v000001c77f10ef40_0 .net "y_moore_ov", 0 0, v000001c77f10cf70_0;  1 drivers
S_000001c77f0841e0 .scope task, "drive_bit" "drive_bit" 3 120, 3 120 0, S_000001c77f07db00;
 .timescale -9 -12;
v000001c77f0709a0_0 .var "bit_in", 0 0;
v000001c77f070ae0_0 .var "exp_mealy_non", 0 0;
v000001c77f070720_0 .var "exp_mealy_ov", 0 0;
E_000001c77f069d90 .event posedge, v000001c77f070860_0;
E_000001c77f069d10 .event negedge, v000001c77f070860_0;
TD_q05_seq_10110_tb.drive_bit ;
    %wait E_000001c77f069d10;
    %load/vec4 v000001c77f0709a0_0;
    %store/vec4 v000001c77f10e7c0_0, 0, 1;
    %delay 1000, 0;
    %load/vec4 v000001c77f10e220_0;
    %cmpi/e 4, 0, 3;
    %flag_get/vec4 4;
    %jmp/0 T_0.0, 4;
    %load/vec4 v000001c77f0709a0_0;
    %pushi/vec4 0, 0, 1;
    %cmp/e;
    %flag_get/vec4 4;
    %and;
T_0.0;
    %store/vec4 v000001c77f070720_0, 0, 1;
    %load/vec4 v000001c77f10f760_0;
    %cmpi/e 4, 0, 3;
    %flag_get/vec4 4;
    %jmp/0 T_0.1, 4;
    %load/vec4 v000001c77f0709a0_0;
    %pushi/vec4 0, 0, 1;
    %cmp/e;
    %flag_get/vec4 4;
    %and;
T_0.1;
    %store/vec4 v000001c77f070ae0_0, 0, 1;
    %load/vec4 v000001c77f10e860_0;
    %load/vec4 v000001c77f070720_0;
    %cmp/ne;
    %jmp/0xz  T_0.2, 6;
    %vpi_call/w 3 133 "$display", "FAIL Q05 mealy overlap bit=%0b exp=%0b got=%0b", v000001c77f0709a0_0, v000001c77f070720_0, v000001c77f10e860_0 {0 0 0};
    %vpi_call/w 3 134 "$finish" {0 0 0};
T_0.2 ;
    %load/vec4 v000001c77f10e720_0;
    %load/vec4 v000001c77f070ae0_0;
    %cmp/ne;
    %jmp/0xz  T_0.4, 6;
    %vpi_call/w 3 137 "$display", "FAIL Q05 mealy nonoverlap bit=%0b exp=%0b got=%0b", v000001c77f0709a0_0, v000001c77f070ae0_0, v000001c77f10e720_0 {0 0 0};
    %vpi_call/w 3 138 "$finish" {0 0 0};
T_0.4 ;
    %load/vec4 v000001c77f10e220_0;
    %load/vec4 v000001c77f0709a0_0;
    %store/vec4 v000001c77f10d290_0, 0, 1;
    %store/vec4 v000001c77f10d510_0, 0, 3;
    %callf/vec4 TD_q05_seq_10110_tb.next_mealy_ov, S_000001c77f10d960;
    %store/vec4 v000001c77f10e220_0, 0, 3;
    %load/vec4 v000001c77f10f760_0;
    %load/vec4 v000001c77f0709a0_0;
    %store/vec4 v000001c77f10d1f0_0, 0, 1;
    %store/vec4 v000001c77f10ccf0_0, 0, 3;
    %callf/vec4 TD_q05_seq_10110_tb.next_mealy_non, S_000001c77f10d7d0;
    %store/vec4 v000001c77f10f760_0, 0, 3;
    %load/vec4 v000001c77f10f440_0;
    %load/vec4 v000001c77f0709a0_0;
    %store/vec4 v000001c77f10e400_0, 0, 1;
    %store/vec4 v000001c77f10e0e0_0, 0, 3;
    %callf/vec4 TD_q05_seq_10110_tb.next_moore_ov, S_000001c77f10dc80;
    %store/vec4 v000001c77f10f440_0, 0, 3;
    %load/vec4 v000001c77f10ecc0_0;
    %load/vec4 v000001c77f0709a0_0;
    %store/vec4 v000001c77f10d5b0_0, 0, 1;
    %store/vec4 v000001c77f10c750_0, 0, 3;
    %callf/vec4 TD_q05_seq_10110_tb.next_moore_non, S_000001c77f10daf0;
    %store/vec4 v000001c77f10ecc0_0, 0, 3;
    %wait E_000001c77f069d90;
    %delay 1000, 0;
    %load/vec4 v000001c77f10ef40_0;
    %load/vec4 v000001c77f10f440_0;
    %pushi/vec4 5, 0, 3;
    %cmp/e;
    %flag_get/vec4 4;
    %cmp/ne;
    %jmp/0xz  T_0.6, 6;
    %load/vec4 v000001c77f10f440_0;
    %pushi/vec4 5, 0, 3;
    %cmp/e;
    %flag_get/vec4 4;
    %vpi_call/w 3 150 "$display", "FAIL Q05 moore overlap bit=%0b exp=%0b got=%0b", v000001c77f0709a0_0, S<0,vec4,u1>, v000001c77f10ef40_0 {1 0 0};
    %vpi_call/w 3 151 "$finish" {0 0 0};
T_0.6 ;
    %load/vec4 v000001c77f10eae0_0;
    %load/vec4 v000001c77f10ecc0_0;
    %pushi/vec4 5, 0, 3;
    %cmp/e;
    %flag_get/vec4 4;
    %cmp/ne;
    %jmp/0xz  T_0.8, 6;
    %load/vec4 v000001c77f10ecc0_0;
    %pushi/vec4 5, 0, 3;
    %cmp/e;
    %flag_get/vec4 4;
    %vpi_call/w 3 154 "$display", "FAIL Q05 moore nonoverlap bit=%0b exp=%0b got=%0b", v000001c77f0709a0_0, S<0,vec4,u1>, v000001c77f10eae0_0 {1 0 0};
    %vpi_call/w 3 155 "$finish" {0 0 0};
T_0.8 ;
    %end;
S_000001c77f084370 .scope module, "dut_mealy_non" "seq_10110_mealy_nonoverlap" 3 19, 4 46 0, S_000001c77f07db00;
 .timescale -9 -12;
    .port_info 0 /INPUT 1 "clk";
    .port_info 1 /INPUT 1 "rst_n";
    .port_info 2 /INPUT 1 "x";
    .port_info 3 /OUTPUT 1 "y";
P_000001c77f0687a0 .param/l "S0" 1 4 57, C4<000>;
P_000001c77f0687d8 .param/l "S1" 1 4 58, C4<001>;
P_000001c77f068810 .param/l "S2" 1 4 59, C4<010>;
P_000001c77f068848 .param/l "S3" 1 4 60, C4<011>;
P_000001c77f068880 .param/l "S4" 1 4 61, C4<100>;
v000001c77f070860_0 .net "clk", 0 0, v000001c77f10fc60_0;  1 drivers
v000001c77f0734b0_0 .var "next_state", 2 0;
v000001c77f070c20_0 .net "rst_n", 0 0, v000001c77f10fd00_0;  1 drivers
v000001c77f084500_0 .var "state", 2 0;
v000001c77f0845a0_0 .net "x", 0 0, v000001c77f10e7c0_0;  1 drivers
v000001c77f074bb0_0 .var "y", 0 0;
E_000001c77f069c50 .event anyedge, v000001c77f084500_0, v000001c77f0845a0_0;
S_000001c77f074c50 .scope module, "dut_mealy_ov" "seq_10110_mealy_overlap" 3 12, 4 1 0, S_000001c77f07db00;
 .timescale -9 -12;
    .port_info 0 /INPUT 1 "clk";
    .port_info 1 /INPUT 1 "rst_n";
    .port_info 2 /INPUT 1 "x";
    .port_info 3 /OUTPUT 1 "y";
P_000001c77f068680 .param/l "S0" 1 4 13, C4<000>;
P_000001c77f0686b8 .param/l "S1" 1 4 14, C4<001>;
P_000001c77f0686f0 .param/l "S2" 1 4 15, C4<010>;
P_000001c77f068728 .param/l "S3" 1 4 16, C4<011>;
P_000001c77f068760 .param/l "S4" 1 4 17, C4<100>;
v000001c77f074de0_0 .net "clk", 0 0, v000001c77f10fc60_0;  alias, 1 drivers
v000001c77f074e80_0 .var "next_state", 2 0;
v000001c77f10c9d0_0 .net "rst_n", 0 0, v000001c77f10fd00_0;  alias, 1 drivers
v000001c77f10c930_0 .var "state", 2 0;
v000001c77f10ca70_0 .net "x", 0 0, v000001c77f10e7c0_0;  alias, 1 drivers
v000001c77f10cb10_0 .var "y", 0 0;
E_000001c77f06a190 .event anyedge, v000001c77f10c930_0, v000001c77f0845a0_0;
S_000001c77f042d70 .scope module, "dut_moore_non" "seq_10110_moore_nonoverlap" 3 33, 4 130 0, S_000001c77f07db00;
 .timescale -9 -12;
    .port_info 0 /INPUT 1 "clk";
    .port_info 1 /INPUT 1 "rst_n";
    .port_info 2 /INPUT 1 "x";
    .port_info 3 /OUTPUT 1 "y";
P_000001c77f042f00 .param/l "S0" 1 4 141, C4<000>;
P_000001c77f042f38 .param/l "S1" 1 4 142, C4<001>;
P_000001c77f042f70 .param/l "S2" 1 4 143, C4<010>;
P_000001c77f042fa8 .param/l "S3" 1 4 144, C4<011>;
P_000001c77f042fe0 .param/l "S4" 1 4 145, C4<100>;
P_000001c77f043018 .param/l "S5" 1 4 146, C4<101>;
v000001c77f10d3d0_0 .net "clk", 0 0, v000001c77f10fc60_0;  alias, 1 drivers
v000001c77f10c7f0_0 .var "next_state", 2 0;
v000001c77f10cbb0_0 .net "rst_n", 0 0, v000001c77f10fd00_0;  alias, 1 drivers
v000001c77f10d0b0_0 .var "state", 2 0;
v000001c77f10d150_0 .net "x", 0 0, v000001c77f10e7c0_0;  alias, 1 drivers
v000001c77f10cd90_0 .var "y", 0 0;
E_000001c77f069f90 .event anyedge, v000001c77f10d0b0_0, v000001c77f0845a0_0;
S_000001c77f043060 .scope module, "dut_moore_ov" "seq_10110_moore_overlap" 3 26, 4 90 0, S_000001c77f07db00;
 .timescale -9 -12;
    .port_info 0 /INPUT 1 "clk";
    .port_info 1 /INPUT 1 "rst_n";
    .port_info 2 /INPUT 1 "x";
    .port_info 3 /OUTPUT 1 "y";
P_000001c77f10d670 .param/l "S0" 1 4 101, C4<000>;
P_000001c77f10d6a8 .param/l "S1" 1 4 102, C4<001>;
P_000001c77f10d6e0 .param/l "S2" 1 4 103, C4<010>;
P_000001c77f10d718 .param/l "S3" 1 4 104, C4<011>;
P_000001c77f10d750 .param/l "S4" 1 4 105, C4<100>;
P_000001c77f10d788 .param/l "S5" 1 4 106, C4<101>;
v000001c77f10ce30_0 .net "clk", 0 0, v000001c77f10fc60_0;  alias, 1 drivers
v000001c77f10c890_0 .var "next_state", 2 0;
v000001c77f10d470_0 .net "rst_n", 0 0, v000001c77f10fd00_0;  alias, 1 drivers
v000001c77f10ced0_0 .var "state", 2 0;
v000001c77f10d330_0 .net "x", 0 0, v000001c77f10e7c0_0;  alias, 1 drivers
v000001c77f10cf70_0 .var "y", 0 0;
E_000001c77f069f50 .event anyedge, v000001c77f10ced0_0, v000001c77f0845a0_0;
S_000001c77f10d7d0 .scope function.vec4.s3, "next_mealy_non" "next_mealy_non" 3 73, 3 73 0, S_000001c77f07db00;
 .timescale -9 -12;
v000001c77f10d1f0_0 .var "bit_in", 0 0;
; Variable next_mealy_non is vec4 return value of scope S_000001c77f10d7d0
v000001c77f10ccf0_0 .var "st", 2 0;
TD_q05_seq_10110_tb.next_mealy_non ;
    %load/vec4 v000001c77f10ccf0_0;
    %dup/vec4;
    %pushi/vec4 0, 0, 3;
    %cmp/u;
    %jmp/1 T_1.10, 6;
    %dup/vec4;
    %pushi/vec4 1, 0, 3;
    %cmp/u;
    %jmp/1 T_1.11, 6;
    %dup/vec4;
    %pushi/vec4 2, 0, 3;
    %cmp/u;
    %jmp/1 T_1.12, 6;
    %dup/vec4;
    %pushi/vec4 3, 0, 3;
    %cmp/u;
    %jmp/1 T_1.13, 6;
    %dup/vec4;
    %pushi/vec4 4, 0, 3;
    %cmp/u;
    %jmp/1 T_1.14, 6;
    %pushi/vec4 0, 0, 3;
    %ret/vec4 0, 0, 3;  Assign to next_mealy_non (store_vec4_to_lval)
    %jmp T_1.16;
T_1.10 ;
    %load/vec4 v000001c77f10d1f0_0;
    %flag_set/vec4 8;
    %jmp/0 T_1.17, 8;
    %pushi/vec4 1, 0, 3;
    %jmp/1 T_1.18, 8;
T_1.17 ; End of true expr.
    %pushi/vec4 0, 0, 3;
    %jmp/0 T_1.18, 8;
 ; End of false expr.
    %blend;
T_1.18;
    %ret/vec4 0, 0, 3;  Assign to next_mealy_non (store_vec4_to_lval)
    %jmp T_1.16;
T_1.11 ;
    %load/vec4 v000001c77f10d1f0_0;
    %flag_set/vec4 8;
    %jmp/0 T_1.19, 8;
    %pushi/vec4 1, 0, 3;
    %jmp/1 T_1.20, 8;
T_1.19 ; End of true expr.
    %pushi/vec4 2, 0, 3;
    %jmp/0 T_1.20, 8;
 ; End of false expr.
    %blend;
T_1.20;
    %ret/vec4 0, 0, 3;  Assign to next_mealy_non (store_vec4_to_lval)
    %jmp T_1.16;
T_1.12 ;
    %load/vec4 v000001c77f10d1f0_0;
    %flag_set/vec4 8;
    %jmp/0 T_1.21, 8;
    %pushi/vec4 3, 0, 3;
    %jmp/1 T_1.22, 8;
T_1.21 ; End of true expr.
    %pushi/vec4 0, 0, 3;
    %jmp/0 T_1.22, 8;
 ; End of false expr.
    %blend;
T_1.22;
    %ret/vec4 0, 0, 3;  Assign to next_mealy_non (store_vec4_to_lval)
    %jmp T_1.16;
T_1.13 ;
    %load/vec4 v000001c77f10d1f0_0;
    %flag_set/vec4 8;
    %jmp/0 T_1.23, 8;
    %pushi/vec4 4, 0, 3;
    %jmp/1 T_1.24, 8;
T_1.23 ; End of true expr.
    %pushi/vec4 2, 0, 3;
    %jmp/0 T_1.24, 8;
 ; End of false expr.
    %blend;
T_1.24;
    %ret/vec4 0, 0, 3;  Assign to next_mealy_non (store_vec4_to_lval)
    %jmp T_1.16;
T_1.14 ;
    %load/vec4 v000001c77f10d1f0_0;
    %flag_set/vec4 8;
    %jmp/0 T_1.25, 8;
    %pushi/vec4 1, 0, 3;
    %jmp/1 T_1.26, 8;
T_1.25 ; End of true expr.
    %pushi/vec4 0, 0, 3;
    %jmp/0 T_1.26, 8;
 ; End of false expr.
    %blend;
T_1.26;
    %ret/vec4 0, 0, 3;  Assign to next_mealy_non (store_vec4_to_lval)
    %jmp T_1.16;
T_1.16 ;
    %pop/vec4 1;
    %end;
S_000001c77f10d960 .scope function.vec4.s3, "next_mealy_ov" "next_mealy_ov" 3 58, 3 58 0, S_000001c77f07db00;
 .timescale -9 -12;
v000001c77f10d290_0 .var "bit_in", 0 0;
; Variable next_mealy_ov is vec4 return value of scope S_000001c77f10d960
v000001c77f10d510_0 .var "st", 2 0;
TD_q05_seq_10110_tb.next_mealy_ov ;
    %load/vec4 v000001c77f10d510_0;
    %dup/vec4;
    %pushi/vec4 0, 0, 3;
    %cmp/u;
    %jmp/1 T_2.27, 6;
    %dup/vec4;
    %pushi/vec4 1, 0, 3;
    %cmp/u;
    %jmp/1 T_2.28, 6;
    %dup/vec4;
    %pushi/vec4 2, 0, 3;
    %cmp/u;
    %jmp/1 T_2.29, 6;
    %dup/vec4;
    %pushi/vec4 3, 0, 3;
    %cmp/u;
    %jmp/1 T_2.30, 6;
    %dup/vec4;
    %pushi/vec4 4, 0, 3;
    %cmp/u;
    %jmp/1 T_2.31, 6;
    %pushi/vec4 0, 0, 3;
    %ret/vec4 0, 0, 3;  Assign to next_mealy_ov (store_vec4_to_lval)
    %jmp T_2.33;
T_2.27 ;
    %load/vec4 v000001c77f10d290_0;
    %flag_set/vec4 8;
    %jmp/0 T_2.34, 8;
    %pushi/vec4 1, 0, 3;
    %jmp/1 T_2.35, 8;
T_2.34 ; End of true expr.
    %pushi/vec4 0, 0, 3;
    %jmp/0 T_2.35, 8;
 ; End of false expr.
    %blend;
T_2.35;
    %ret/vec4 0, 0, 3;  Assign to next_mealy_ov (store_vec4_to_lval)
    %jmp T_2.33;
T_2.28 ;
    %load/vec4 v000001c77f10d290_0;
    %flag_set/vec4 8;
    %jmp/0 T_2.36, 8;
    %pushi/vec4 1, 0, 3;
    %jmp/1 T_2.37, 8;
T_2.36 ; End of true expr.
    %pushi/vec4 2, 0, 3;
    %jmp/0 T_2.37, 8;
 ; End of false expr.
    %blend;
T_2.37;
    %ret/vec4 0, 0, 3;  Assign to next_mealy_ov (store_vec4_to_lval)
    %jmp T_2.33;
T_2.29 ;
    %load/vec4 v000001c77f10d290_0;
    %flag_set/vec4 8;
    %jmp/0 T_2.38, 8;
    %pushi/vec4 3, 0, 3;
    %jmp/1 T_2.39, 8;
T_2.38 ; End of true expr.
    %pushi/vec4 0, 0, 3;
    %jmp/0 T_2.39, 8;
 ; End of false expr.
    %blend;
T_2.39;
    %ret/vec4 0, 0, 3;  Assign to next_mealy_ov (store_vec4_to_lval)
    %jmp T_2.33;
T_2.30 ;
    %load/vec4 v000001c77f10d290_0;
    %flag_set/vec4 8;
    %jmp/0 T_2.40, 8;
    %pushi/vec4 4, 0, 3;
    %jmp/1 T_2.41, 8;
T_2.40 ; End of true expr.
    %pushi/vec4 2, 0, 3;
    %jmp/0 T_2.41, 8;
 ; End of false expr.
    %blend;
T_2.41;
    %ret/vec4 0, 0, 3;  Assign to next_mealy_ov (store_vec4_to_lval)
    %jmp T_2.33;
T_2.31 ;
    %load/vec4 v000001c77f10d290_0;
    %flag_set/vec4 8;
    %jmp/0 T_2.42, 8;
    %pushi/vec4 1, 0, 3;
    %jmp/1 T_2.43, 8;
T_2.42 ; End of true expr.
    %pushi/vec4 2, 0, 3;
    %jmp/0 T_2.43, 8;
 ; End of false expr.
    %blend;
T_2.43;
    %ret/vec4 0, 0, 3;  Assign to next_mealy_ov (store_vec4_to_lval)
    %jmp T_2.33;
T_2.33 ;
    %pop/vec4 1;
    %end;
S_000001c77f10daf0 .scope function.vec4.s3, "next_moore_non" "next_moore_non" 3 104, 3 104 0, S_000001c77f07db00;
 .timescale -9 -12;
v000001c77f10d5b0_0 .var "bit_in", 0 0;
; Variable next_moore_non is vec4 return value of scope S_000001c77f10daf0
v000001c77f10c750_0 .var "st", 2 0;
TD_q05_seq_10110_tb.next_moore_non ;
    %load/vec4 v000001c77f10c750_0;
    %dup/vec4;
    %pushi/vec4 0, 0, 3;
    %cmp/u;
    %jmp/1 T_3.44, 6;
    %dup/vec4;
    %pushi/vec4 1, 0, 3;
    %cmp/u;
    %jmp/1 T_3.45, 6;
    %dup/vec4;
    %pushi/vec4 2, 0, 3;
    %cmp/u;
    %jmp/1 T_3.46, 6;
    %dup/vec4;
    %pushi/vec4 3, 0, 3;
    %cmp/u;
    %jmp/1 T_3.47, 6;
    %dup/vec4;
    %pushi/vec4 4, 0, 3;
    %cmp/u;
    %jmp/1 T_3.48, 6;
    %dup/vec4;
    %pushi/vec4 5, 0, 3;
    %cmp/u;
    %jmp/1 T_3.49, 6;
    %pushi/vec4 0, 0, 3;
    %ret/vec4 0, 0, 3;  Assign to next_moore_non (store_vec4_to_lval)
    %jmp T_3.51;
T_3.44 ;
    %load/vec4 v000001c77f10d5b0_0;
    %flag_set/vec4 8;
    %jmp/0 T_3.52, 8;
    %pushi/vec4 1, 0, 3;
    %jmp/1 T_3.53, 8;
T_3.52 ; End of true expr.
    %pushi/vec4 0, 0, 3;
    %jmp/0 T_3.53, 8;
 ; End of false expr.
    %blend;
T_3.53;
    %ret/vec4 0, 0, 3;  Assign to next_moore_non (store_vec4_to_lval)
    %jmp T_3.51;
T_3.45 ;
    %load/vec4 v000001c77f10d5b0_0;
    %flag_set/vec4 8;
    %jmp/0 T_3.54, 8;
    %pushi/vec4 1, 0, 3;
    %jmp/1 T_3.55, 8;
T_3.54 ; End of true expr.
    %pushi/vec4 2, 0, 3;
    %jmp/0 T_3.55, 8;
 ; End of false expr.
    %blend;
T_3.55;
    %ret/vec4 0, 0, 3;  Assign to next_moore_non (store_vec4_to_lval)
    %jmp T_3.51;
T_3.46 ;
    %load/vec4 v000001c77f10d5b0_0;
    %flag_set/vec4 8;
    %jmp/0 T_3.56, 8;
    %pushi/vec4 3, 0, 3;
    %jmp/1 T_3.57, 8;
T_3.56 ; End of true expr.
    %pushi/vec4 0, 0, 3;
    %jmp/0 T_3.57, 8;
 ; End of false expr.
    %blend;
T_3.57;
    %ret/vec4 0, 0, 3;  Assign to next_moore_non (store_vec4_to_lval)
    %jmp T_3.51;
T_3.47 ;
    %load/vec4 v000001c77f10d5b0_0;
    %flag_set/vec4 8;
    %jmp/0 T_3.58, 8;
    %pushi/vec4 4, 0, 3;
    %jmp/1 T_3.59, 8;
T_3.58 ; End of true expr.
    %pushi/vec4 2, 0, 3;
    %jmp/0 T_3.59, 8;
 ; End of false expr.
    %blend;
T_3.59;
    %ret/vec4 0, 0, 3;  Assign to next_moore_non (store_vec4_to_lval)
    %jmp T_3.51;
T_3.48 ;
    %load/vec4 v000001c77f10d5b0_0;
    %flag_set/vec4 8;
    %jmp/0 T_3.60, 8;
    %pushi/vec4 1, 0, 3;
    %jmp/1 T_3.61, 8;
T_3.60 ; End of true expr.
    %pushi/vec4 5, 0, 3;
    %jmp/0 T_3.61, 8;
 ; End of false expr.
    %blend;
T_3.61;
    %ret/vec4 0, 0, 3;  Assign to next_moore_non (store_vec4_to_lval)
    %jmp T_3.51;
T_3.49 ;
    %load/vec4 v000001c77f10d5b0_0;
    %flag_set/vec4 8;
    %jmp/0 T_3.62, 8;
    %pushi/vec4 1, 0, 3;
    %jmp/1 T_3.63, 8;
T_3.62 ; End of true expr.
    %pushi/vec4 0, 0, 3;
    %jmp/0 T_3.63, 8;
 ; End of false expr.
    %blend;
T_3.63;
    %ret/vec4 0, 0, 3;  Assign to next_moore_non (store_vec4_to_lval)
    %jmp T_3.51;
T_3.51 ;
    %pop/vec4 1;
    %end;
S_000001c77f10dc80 .scope function.vec4.s3, "next_moore_ov" "next_moore_ov" 3 88, 3 88 0, S_000001c77f07db00;
 .timescale -9 -12;
v000001c77f10e400_0 .var "bit_in", 0 0;
; Variable next_moore_ov is vec4 return value of scope S_000001c77f10dc80
v000001c77f10e0e0_0 .var "st", 2 0;
TD_q05_seq_10110_tb.next_moore_ov ;
    %load/vec4 v000001c77f10e0e0_0;
    %dup/vec4;
    %pushi/vec4 0, 0, 3;
    %cmp/u;
    %jmp/1 T_4.64, 6;
    %dup/vec4;
    %pushi/vec4 1, 0, 3;
    %cmp/u;
    %jmp/1 T_4.65, 6;
    %dup/vec4;
    %pushi/vec4 2, 0, 3;
    %cmp/u;
    %jmp/1 T_4.66, 6;
    %dup/vec4;
    %pushi/vec4 3, 0, 3;
    %cmp/u;
    %jmp/1 T_4.67, 6;
    %dup/vec4;
    %pushi/vec4 4, 0, 3;
    %cmp/u;
    %jmp/1 T_4.68, 6;
    %dup/vec4;
    %pushi/vec4 5, 0, 3;
    %cmp/u;
    %jmp/1 T_4.69, 6;
    %pushi/vec4 0, 0, 3;
    %ret/vec4 0, 0, 3;  Assign to next_moore_ov (store_vec4_to_lval)
    %jmp T_4.71;
T_4.64 ;
    %load/vec4 v000001c77f10e400_0;
    %flag_set/vec4 8;
    %jmp/0 T_4.72, 8;
    %pushi/vec4 1, 0, 3;
    %jmp/1 T_4.73, 8;
T_4.72 ; End of true expr.
    %pushi/vec4 0, 0, 3;
    %jmp/0 T_4.73, 8;
 ; End of false expr.
    %blend;
T_4.73;
    %ret/vec4 0, 0, 3;  Assign to next_moore_ov (store_vec4_to_lval)
    %jmp T_4.71;
T_4.65 ;
    %load/vec4 v000001c77f10e400_0;
    %flag_set/vec4 8;
    %jmp/0 T_4.74, 8;
    %pushi/vec4 1, 0, 3;
    %jmp/1 T_4.75, 8;
T_4.74 ; End of true expr.
    %pushi/vec4 2, 0, 3;
    %jmp/0 T_4.75, 8;
 ; End of false expr.
    %blend;
T_4.75;
    %ret/vec4 0, 0, 3;  Assign to next_moore_ov (store_vec4_to_lval)
    %jmp T_4.71;
T_4.66 ;
    %load/vec4 v000001c77f10e400_0;
    %flag_set/vec4 8;
    %jmp/0 T_4.76, 8;
    %pushi/vec4 3, 0, 3;
    %jmp/1 T_4.77, 8;
T_4.76 ; End of true expr.
    %pushi/vec4 0, 0, 3;
    %jmp/0 T_4.77, 8;
 ; End of false expr.
    %blend;
T_4.77;
    %ret/vec4 0, 0, 3;  Assign to next_moore_ov (store_vec4_to_lval)
    %jmp T_4.71;
T_4.67 ;
    %load/vec4 v000001c77f10e400_0;
    %flag_set/vec4 8;
    %jmp/0 T_4.78, 8;
    %pushi/vec4 4, 0, 3;
    %jmp/1 T_4.79, 8;
T_4.78 ; End of true expr.
    %pushi/vec4 2, 0, 3;
    %jmp/0 T_4.79, 8;
 ; End of false expr.
    %blend;
T_4.79;
    %ret/vec4 0, 0, 3;  Assign to next_moore_ov (store_vec4_to_lval)
    %jmp T_4.71;
T_4.68 ;
    %load/vec4 v000001c77f10e400_0;
    %flag_set/vec4 8;
    %jmp/0 T_4.80, 8;
    %pushi/vec4 1, 0, 3;
    %jmp/1 T_4.81, 8;
T_4.80 ; End of true expr.
    %pushi/vec4 5, 0, 3;
    %jmp/0 T_4.81, 8;
 ; End of false expr.
    %blend;
T_4.81;
    %ret/vec4 0, 0, 3;  Assign to next_moore_ov (store_vec4_to_lval)
    %jmp T_4.71;
T_4.69 ;
    %load/vec4 v000001c77f10e400_0;
    %flag_set/vec4 8;
    %jmp/0 T_4.82, 8;
    %pushi/vec4 3, 0, 3;
    %jmp/1 T_4.83, 8;
T_4.82 ; End of true expr.
    %pushi/vec4 0, 0, 3;
    %jmp/0 T_4.83, 8;
 ; End of false expr.
    %blend;
T_4.83;
    %ret/vec4 0, 0, 3;  Assign to next_moore_ov (store_vec4_to_lval)
    %jmp T_4.71;
T_4.71 ;
    %pop/vec4 1;
    %end;
    .scope S_000001c77f074c50;
T_5 ;
    %wait E_000001c77f069d90;
    %load/vec4 v000001c77f10c9d0_0;
    %nor/r;
    %flag_set/vec4 8;
    %jmp/0xz  T_5.0, 8;
    %pushi/vec4 0, 0, 3;
    %assign/vec4 v000001c77f10c930_0, 0;
    %jmp T_5.1;
T_5.0 ;
    %load/vec4 v000001c77f074e80_0;
    %assign/vec4 v000001c77f10c930_0, 0;
T_5.1 ;
    %jmp T_5;
    .thread T_5;
    .scope S_000001c77f074c50;
T_6 ;
    %wait E_000001c77f06a190;
    %pushi/vec4 0, 0, 1;
    %store/vec4 v000001c77f10cb10_0, 0, 1;
    %load/vec4 v000001c77f10c930_0;
    %store/vec4 v000001c77f074e80_0, 0, 3;
    %load/vec4 v000001c77f10c930_0;
    %dup/vec4;
    %pushi/vec4 0, 0, 3;
    %cmp/u;
    %jmp/1 T_6.0, 6;
    %dup/vec4;
    %pushi/vec4 1, 0, 3;
    %cmp/u;
    %jmp/1 T_6.1, 6;
    %dup/vec4;
    %pushi/vec4 2, 0, 3;
    %cmp/u;
    %jmp/1 T_6.2, 6;
    %dup/vec4;
    %pushi/vec4 3, 0, 3;
    %cmp/u;
    %jmp/1 T_6.3, 6;
    %dup/vec4;
    %pushi/vec4 4, 0, 3;
    %cmp/u;
    %jmp/1 T_6.4, 6;
    %pushi/vec4 0, 0, 3;
    %store/vec4 v000001c77f074e80_0, 0, 3;
    %jmp T_6.6;
T_6.0 ;
    %load/vec4 v000001c77f10ca70_0;
    %flag_set/vec4 8;
    %jmp/0 T_6.7, 8;
    %pushi/vec4 1, 0, 3;
    %jmp/1 T_6.8, 8;
T_6.7 ; End of true expr.
    %pushi/vec4 0, 0, 3;
    %jmp/0 T_6.8, 8;
 ; End of false expr.
    %blend;
T_6.8;
    %store/vec4 v000001c77f074e80_0, 0, 3;
    %jmp T_6.6;
T_6.1 ;
    %load/vec4 v000001c77f10ca70_0;
    %flag_set/vec4 8;
    %jmp/0 T_6.9, 8;
    %pushi/vec4 1, 0, 3;
    %jmp/1 T_6.10, 8;
T_6.9 ; End of true expr.
    %pushi/vec4 2, 0, 3;
    %jmp/0 T_6.10, 8;
 ; End of false expr.
    %blend;
T_6.10;
    %store/vec4 v000001c77f074e80_0, 0, 3;
    %jmp T_6.6;
T_6.2 ;
    %load/vec4 v000001c77f10ca70_0;
    %flag_set/vec4 8;
    %jmp/0 T_6.11, 8;
    %pushi/vec4 3, 0, 3;
    %jmp/1 T_6.12, 8;
T_6.11 ; End of true expr.
    %pushi/vec4 0, 0, 3;
    %jmp/0 T_6.12, 8;
 ; End of false expr.
    %blend;
T_6.12;
    %store/vec4 v000001c77f074e80_0, 0, 3;
    %jmp T_6.6;
T_6.3 ;
    %load/vec4 v000001c77f10ca70_0;
    %flag_set/vec4 8;
    %jmp/0 T_6.13, 8;
    %pushi/vec4 4, 0, 3;
    %jmp/1 T_6.14, 8;
T_6.13 ; End of true expr.
    %pushi/vec4 2, 0, 3;
    %jmp/0 T_6.14, 8;
 ; End of false expr.
    %blend;
T_6.14;
    %store/vec4 v000001c77f074e80_0, 0, 3;
    %jmp T_6.6;
T_6.4 ;
    %load/vec4 v000001c77f10ca70_0;
    %flag_set/vec4 8;
    %jmp/0xz  T_6.15, 8;
    %pushi/vec4 1, 0, 3;
    %store/vec4 v000001c77f074e80_0, 0, 3;
    %jmp T_6.16;
T_6.15 ;
    %pushi/vec4 1, 0, 1;
    %store/vec4 v000001c77f10cb10_0, 0, 1;
    %pushi/vec4 2, 0, 3;
    %store/vec4 v000001c77f074e80_0, 0, 3;
T_6.16 ;
    %jmp T_6.6;
T_6.6 ;
    %pop/vec4 1;
    %jmp T_6;
    .thread T_6, $push;
    .scope S_000001c77f084370;
T_7 ;
    %wait E_000001c77f069d90;
    %load/vec4 v000001c77f070c20_0;
    %nor/r;
    %flag_set/vec4 8;
    %jmp/0xz  T_7.0, 8;
    %pushi/vec4 0, 0, 3;
    %assign/vec4 v000001c77f084500_0, 0;
    %jmp T_7.1;
T_7.0 ;
    %load/vec4 v000001c77f0734b0_0;
    %assign/vec4 v000001c77f084500_0, 0;
T_7.1 ;
    %jmp T_7;
    .thread T_7;
    .scope S_000001c77f084370;
T_8 ;
    %wait E_000001c77f069c50;
    %pushi/vec4 0, 0, 1;
    %store/vec4 v000001c77f074bb0_0, 0, 1;
    %load/vec4 v000001c77f084500_0;
    %store/vec4 v000001c77f0734b0_0, 0, 3;
    %load/vec4 v000001c77f084500_0;
    %dup/vec4;
    %pushi/vec4 0, 0, 3;
    %cmp/u;
    %jmp/1 T_8.0, 6;
    %dup/vec4;
    %pushi/vec4 1, 0, 3;
    %cmp/u;
    %jmp/1 T_8.1, 6;
    %dup/vec4;
    %pushi/vec4 2, 0, 3;
    %cmp/u;
    %jmp/1 T_8.2, 6;
    %dup/vec4;
    %pushi/vec4 3, 0, 3;
    %cmp/u;
    %jmp/1 T_8.3, 6;
    %dup/vec4;
    %pushi/vec4 4, 0, 3;
    %cmp/u;
    %jmp/1 T_8.4, 6;
    %pushi/vec4 0, 0, 3;
    %store/vec4 v000001c77f0734b0_0, 0, 3;
    %jmp T_8.6;
T_8.0 ;
    %load/vec4 v000001c77f0845a0_0;
    %flag_set/vec4 8;
    %jmp/0 T_8.7, 8;
    %pushi/vec4 1, 0, 3;
    %jmp/1 T_8.8, 8;
T_8.7 ; End of true expr.
    %pushi/vec4 0, 0, 3;
    %jmp/0 T_8.8, 8;
 ; End of false expr.
    %blend;
T_8.8;
    %store/vec4 v000001c77f0734b0_0, 0, 3;
    %jmp T_8.6;
T_8.1 ;
    %load/vec4 v000001c77f0845a0_0;
    %flag_set/vec4 8;
    %jmp/0 T_8.9, 8;
    %pushi/vec4 1, 0, 3;
    %jmp/1 T_8.10, 8;
T_8.9 ; End of true expr.
    %pushi/vec4 2, 0, 3;
    %jmp/0 T_8.10, 8;
 ; End of false expr.
    %blend;
T_8.10;
    %store/vec4 v000001c77f0734b0_0, 0, 3;
    %jmp T_8.6;
T_8.2 ;
    %load/vec4 v000001c77f0845a0_0;
    %flag_set/vec4 8;
    %jmp/0 T_8.11, 8;
    %pushi/vec4 3, 0, 3;
    %jmp/1 T_8.12, 8;
T_8.11 ; End of true expr.
    %pushi/vec4 0, 0, 3;
    %jmp/0 T_8.12, 8;
 ; End of false expr.
    %blend;
T_8.12;
    %store/vec4 v000001c77f0734b0_0, 0, 3;
    %jmp T_8.6;
T_8.3 ;
    %load/vec4 v000001c77f0845a0_0;
    %flag_set/vec4 8;
    %jmp/0 T_8.13, 8;
    %pushi/vec4 4, 0, 3;
    %jmp/1 T_8.14, 8;
T_8.13 ; End of true expr.
    %pushi/vec4 2, 0, 3;
    %jmp/0 T_8.14, 8;
 ; End of false expr.
    %blend;
T_8.14;
    %store/vec4 v000001c77f0734b0_0, 0, 3;
    %jmp T_8.6;
T_8.4 ;
    %load/vec4 v000001c77f0845a0_0;
    %flag_set/vec4 8;
    %jmp/0xz  T_8.15, 8;
    %pushi/vec4 1, 0, 3;
    %store/vec4 v000001c77f0734b0_0, 0, 3;
    %jmp T_8.16;
T_8.15 ;
    %pushi/vec4 1, 0, 1;
    %store/vec4 v000001c77f074bb0_0, 0, 1;
    %pushi/vec4 0, 0, 3;
    %store/vec4 v000001c77f0734b0_0, 0, 3;
T_8.16 ;
    %jmp T_8.6;
T_8.6 ;
    %pop/vec4 1;
    %jmp T_8;
    .thread T_8, $push;
    .scope S_000001c77f043060;
T_9 ;
    %wait E_000001c77f069d90;
    %load/vec4 v000001c77f10d470_0;
    %nor/r;
    %flag_set/vec4 8;
    %jmp/0xz  T_9.0, 8;
    %pushi/vec4 0, 0, 3;
    %assign/vec4 v000001c77f10ced0_0, 0;
    %jmp T_9.1;
T_9.0 ;
    %load/vec4 v000001c77f10c890_0;
    %assign/vec4 v000001c77f10ced0_0, 0;
T_9.1 ;
    %jmp T_9;
    .thread T_9;
    .scope S_000001c77f043060;
T_10 ;
    %wait E_000001c77f069f50;
    %load/vec4 v000001c77f10ced0_0;
    %pushi/vec4 5, 0, 3;
    %cmp/e;
    %flag_get/vec4 4;
    %store/vec4 v000001c77f10cf70_0, 0, 1;
    %load/vec4 v000001c77f10ced0_0;
    %dup/vec4;
    %pushi/vec4 0, 0, 3;
    %cmp/u;
    %jmp/1 T_10.0, 6;
    %dup/vec4;
    %pushi/vec4 1, 0, 3;
    %cmp/u;
    %jmp/1 T_10.1, 6;
    %dup/vec4;
    %pushi/vec4 2, 0, 3;
    %cmp/u;
    %jmp/1 T_10.2, 6;
    %dup/vec4;
    %pushi/vec4 3, 0, 3;
    %cmp/u;
    %jmp/1 T_10.3, 6;
    %dup/vec4;
    %pushi/vec4 4, 0, 3;
    %cmp/u;
    %jmp/1 T_10.4, 6;
    %dup/vec4;
    %pushi/vec4 5, 0, 3;
    %cmp/u;
    %jmp/1 T_10.5, 6;
    %pushi/vec4 0, 0, 3;
    %store/vec4 v000001c77f10c890_0, 0, 3;
    %jmp T_10.7;
T_10.0 ;
    %load/vec4 v000001c77f10d330_0;
    %flag_set/vec4 8;
    %jmp/0 T_10.8, 8;
    %pushi/vec4 1, 0, 3;
    %jmp/1 T_10.9, 8;
T_10.8 ; End of true expr.
    %pushi/vec4 0, 0, 3;
    %jmp/0 T_10.9, 8;
 ; End of false expr.
    %blend;
T_10.9;
    %store/vec4 v000001c77f10c890_0, 0, 3;
    %jmp T_10.7;
T_10.1 ;
    %load/vec4 v000001c77f10d330_0;
    %flag_set/vec4 8;
    %jmp/0 T_10.10, 8;
    %pushi/vec4 1, 0, 3;
    %jmp/1 T_10.11, 8;
T_10.10 ; End of true expr.
    %pushi/vec4 2, 0, 3;
    %jmp/0 T_10.11, 8;
 ; End of false expr.
    %blend;
T_10.11;
    %store/vec4 v000001c77f10c890_0, 0, 3;
    %jmp T_10.7;
T_10.2 ;
    %load/vec4 v000001c77f10d330_0;
    %flag_set/vec4 8;
    %jmp/0 T_10.12, 8;
    %pushi/vec4 3, 0, 3;
    %jmp/1 T_10.13, 8;
T_10.12 ; End of true expr.
    %pushi/vec4 0, 0, 3;
    %jmp/0 T_10.13, 8;
 ; End of false expr.
    %blend;
T_10.13;
    %store/vec4 v000001c77f10c890_0, 0, 3;
    %jmp T_10.7;
T_10.3 ;
    %load/vec4 v000001c77f10d330_0;
    %flag_set/vec4 8;
    %jmp/0 T_10.14, 8;
    %pushi/vec4 4, 0, 3;
    %jmp/1 T_10.15, 8;
T_10.14 ; End of true expr.
    %pushi/vec4 2, 0, 3;
    %jmp/0 T_10.15, 8;
 ; End of false expr.
    %blend;
T_10.15;
    %store/vec4 v000001c77f10c890_0, 0, 3;
    %jmp T_10.7;
T_10.4 ;
    %load/vec4 v000001c77f10d330_0;
    %flag_set/vec4 8;
    %jmp/0 T_10.16, 8;
    %pushi/vec4 1, 0, 3;
    %jmp/1 T_10.17, 8;
T_10.16 ; End of true expr.
    %pushi/vec4 5, 0, 3;
    %jmp/0 T_10.17, 8;
 ; End of false expr.
    %blend;
T_10.17;
    %store/vec4 v000001c77f10c890_0, 0, 3;
    %jmp T_10.7;
T_10.5 ;
    %load/vec4 v000001c77f10d330_0;
    %flag_set/vec4 8;
    %jmp/0 T_10.18, 8;
    %pushi/vec4 3, 0, 3;
    %jmp/1 T_10.19, 8;
T_10.18 ; End of true expr.
    %pushi/vec4 0, 0, 3;
    %jmp/0 T_10.19, 8;
 ; End of false expr.
    %blend;
T_10.19;
    %store/vec4 v000001c77f10c890_0, 0, 3;
    %jmp T_10.7;
T_10.7 ;
    %pop/vec4 1;
    %jmp T_10;
    .thread T_10, $push;
    .scope S_000001c77f042d70;
T_11 ;
    %wait E_000001c77f069d90;
    %load/vec4 v000001c77f10cbb0_0;
    %nor/r;
    %flag_set/vec4 8;
    %jmp/0xz  T_11.0, 8;
    %pushi/vec4 0, 0, 3;
    %assign/vec4 v000001c77f10d0b0_0, 0;
    %jmp T_11.1;
T_11.0 ;
    %load/vec4 v000001c77f10c7f0_0;
    %assign/vec4 v000001c77f10d0b0_0, 0;
T_11.1 ;
    %jmp T_11;
    .thread T_11;
    .scope S_000001c77f042d70;
T_12 ;
    %wait E_000001c77f069f90;
    %load/vec4 v000001c77f10d0b0_0;
    %pushi/vec4 5, 0, 3;
    %cmp/e;
    %flag_get/vec4 4;
    %store/vec4 v000001c77f10cd90_0, 0, 1;
    %load/vec4 v000001c77f10d0b0_0;
    %dup/vec4;
    %pushi/vec4 0, 0, 3;
    %cmp/u;
    %jmp/1 T_12.0, 6;
    %dup/vec4;
    %pushi/vec4 1, 0, 3;
    %cmp/u;
    %jmp/1 T_12.1, 6;
    %dup/vec4;
    %pushi/vec4 2, 0, 3;
    %cmp/u;
    %jmp/1 T_12.2, 6;
    %dup/vec4;
    %pushi/vec4 3, 0, 3;
    %cmp/u;
    %jmp/1 T_12.3, 6;
    %dup/vec4;
    %pushi/vec4 4, 0, 3;
    %cmp/u;
    %jmp/1 T_12.4, 6;
    %dup/vec4;
    %pushi/vec4 5, 0, 3;
    %cmp/u;
    %jmp/1 T_12.5, 6;
    %pushi/vec4 0, 0, 3;
    %store/vec4 v000001c77f10c7f0_0, 0, 3;
    %jmp T_12.7;
T_12.0 ;
    %load/vec4 v000001c77f10d150_0;
    %flag_set/vec4 8;
    %jmp/0 T_12.8, 8;
    %pushi/vec4 1, 0, 3;
    %jmp/1 T_12.9, 8;
T_12.8 ; End of true expr.
    %pushi/vec4 0, 0, 3;
    %jmp/0 T_12.9, 8;
 ; End of false expr.
    %blend;
T_12.9;
    %store/vec4 v000001c77f10c7f0_0, 0, 3;
    %jmp T_12.7;
T_12.1 ;
    %load/vec4 v000001c77f10d150_0;
    %flag_set/vec4 8;
    %jmp/0 T_12.10, 8;
    %pushi/vec4 1, 0, 3;
    %jmp/1 T_12.11, 8;
T_12.10 ; End of true expr.
    %pushi/vec4 2, 0, 3;
    %jmp/0 T_12.11, 8;
 ; End of false expr.
    %blend;
T_12.11;
    %store/vec4 v000001c77f10c7f0_0, 0, 3;
    %jmp T_12.7;
T_12.2 ;
    %load/vec4 v000001c77f10d150_0;
    %flag_set/vec4 8;
    %jmp/0 T_12.12, 8;
    %pushi/vec4 3, 0, 3;
    %jmp/1 T_12.13, 8;
T_12.12 ; End of true expr.
    %pushi/vec4 0, 0, 3;
    %jmp/0 T_12.13, 8;
 ; End of false expr.
    %blend;
T_12.13;
    %store/vec4 v000001c77f10c7f0_0, 0, 3;
    %jmp T_12.7;
T_12.3 ;
    %load/vec4 v000001c77f10d150_0;
    %flag_set/vec4 8;
    %jmp/0 T_12.14, 8;
    %pushi/vec4 4, 0, 3;
    %jmp/1 T_12.15, 8;
T_12.14 ; End of true expr.
    %pushi/vec4 2, 0, 3;
    %jmp/0 T_12.15, 8;
 ; End of false expr.
    %blend;
T_12.15;
    %store/vec4 v000001c77f10c7f0_0, 0, 3;
    %jmp T_12.7;
T_12.4 ;
    %load/vec4 v000001c77f10d150_0;
    %flag_set/vec4 8;
    %jmp/0 T_12.16, 8;
    %pushi/vec4 1, 0, 3;
    %jmp/1 T_12.17, 8;
T_12.16 ; End of true expr.
    %pushi/vec4 5, 0, 3;
    %jmp/0 T_12.17, 8;
 ; End of false expr.
    %blend;
T_12.17;
    %store/vec4 v000001c77f10c7f0_0, 0, 3;
    %jmp T_12.7;
T_12.5 ;
    %load/vec4 v000001c77f10d150_0;
    %flag_set/vec4 8;
    %jmp/0 T_12.18, 8;
    %pushi/vec4 1, 0, 3;
    %jmp/1 T_12.19, 8;
T_12.18 ; End of true expr.
    %pushi/vec4 0, 0, 3;
    %jmp/0 T_12.19, 8;
 ; End of false expr.
    %blend;
T_12.19;
    %store/vec4 v000001c77f10c7f0_0, 0, 3;
    %jmp T_12.7;
T_12.7 ;
    %pop/vec4 1;
    %jmp T_12;
    .thread T_12, $push;
    .scope S_000001c77f07db00;
T_13 ;
    %pushi/vec4 0, 0, 1;
    %store/vec4 v000001c77f10fc60_0, 0, 1;
    %end;
    .thread T_13;
    .scope S_000001c77f07db00;
T_14 ;
    %delay 5000, 0;
    %load/vec4 v000001c77f10fc60_0;
    %inv;
    %store/vec4 v000001c77f10fc60_0, 0, 1;
    %jmp T_14;
    .thread T_14;
    .scope S_000001c77f07db00;
T_15 ;
    %pushi/vec4 0, 0, 1;
    %store/vec4 v000001c77f10fd00_0, 0, 1;
    %pushi/vec4 0, 0, 1;
    %store/vec4 v000001c77f10e7c0_0, 0, 1;
    %pushi/vec4 0, 0, 3;
    %store/vec4 v000001c77f10e220_0, 0, 3;
    %pushi/vec4 0, 0, 3;
    %store/vec4 v000001c77f10f760_0, 0, 3;
    %pushi/vec4 0, 0, 3;
    %store/vec4 v000001c77f10f440_0, 0, 3;
    %pushi/vec4 0, 0, 3;
    %store/vec4 v000001c77f10ecc0_0, 0, 3;
    %pushi/vec4 2, 0, 32;
T_15.0 %dup/vec4;
    %pushi/vec4 0, 0, 32;
    %cmp/s;
    %jmp/1xz T_15.1, 5;
    %jmp/1 T_15.1, 4;
    %pushi/vec4 1, 0, 32;
    %sub;
    %wait E_000001c77f069d90;
    %jmp T_15.0;
T_15.1 ;
    %pop/vec4 1;
    %delay 1000, 0;
    %load/vec4 v000001c77f10e860_0;
    %cmpi/ne 0, 0, 1;
    %jmp/1 T_15.6, 6;
    %flag_mov 8, 6;
    %load/vec4 v000001c77f10e720_0;
    %cmpi/ne 0, 0, 1;
    %flag_or 6, 8;
T_15.6;
    %jmp/1 T_15.5, 6;
    %flag_mov 8, 6;
    %load/vec4 v000001c77f10ef40_0;
    %cmpi/ne 0, 0, 1;
    %flag_or 6, 8;
T_15.5;
    %jmp/1 T_15.4, 6;
    %flag_mov 8, 6;
    %load/vec4 v000001c77f10eae0_0;
    %cmpi/ne 0, 0, 1;
    %flag_or 6, 8;
T_15.4;
    %jmp/0xz  T_15.2, 6;
    %vpi_call/w 3 172 "$display", "FAIL Q05 outputs must be low during reset" {0 0 0};
    %vpi_call/w 3 173 "$finish" {0 0 0};
T_15.2 ;
    %pushi/vec4 1, 0, 1;
    %store/vec4 v000001c77f10fd00_0, 0, 1;
    %pushi/vec4 182, 0, 24;
    %store/vec4 v000001c77f10f3a0_0, 0, 24;
    %pushi/vec4 7, 0, 32;
    %store/vec4 v000001c77f10f6c0_0, 0, 32;
T_15.7 ;
    %load/vec4 v000001c77f10f6c0_0;
    %cmpi/s 0, 0, 32;
    %flag_inv 5; GE is !LT
    %jmp/0xz T_15.8, 5;
    %load/vec4 v000001c77f10f3a0_0;
    %load/vec4 v000001c77f10f6c0_0;
    %part/s 1;
    %store/vec4 v000001c77f0709a0_0, 0, 1;
    %fork TD_q05_seq_10110_tb.drive_bit, S_000001c77f0841e0;
    %join;
    %load/vec4 v000001c77f10f6c0_0;
    %subi 1, 0, 32;
    %store/vec4 v000001c77f10f6c0_0, 0, 32;
    %jmp T_15.7;
T_15.8 ;
    %pushi/vec4 11900630, 0, 24;
    %store/vec4 v000001c77f10f3a0_0, 0, 24;
    %pushi/vec4 23, 0, 32;
    %store/vec4 v000001c77f10f6c0_0, 0, 32;
T_15.9 ;
    %load/vec4 v000001c77f10f6c0_0;
    %cmpi/s 0, 0, 32;
    %flag_inv 5; GE is !LT
    %jmp/0xz T_15.10, 5;
    %load/vec4 v000001c77f10f3a0_0;
    %load/vec4 v000001c77f10f6c0_0;
    %part/s 1;
    %store/vec4 v000001c77f0709a0_0, 0, 1;
    %fork TD_q05_seq_10110_tb.drive_bit, S_000001c77f0841e0;
    %join;
    %load/vec4 v000001c77f10f6c0_0;
    %subi 1, 0, 32;
    %store/vec4 v000001c77f10f6c0_0, 0, 32;
    %jmp T_15.9;
T_15.10 ;
    %vpi_call/w 3 190 "$display", "PASS Q05 seq_10110 all FSM variants" {0 0 0};
    %vpi_call/w 3 191 "$finish" {0 0 0};
    %end;
    .thread T_15;
# The file index is used to find the file name in the following table.
:file_names 5;
    "N/A";
    "<interactive>";
    "-";
    "C:\Users\kapil\OneDrive\Desktop\Practiceverilog\tb\q05_seq_10110_tb.v";
    "./qa/q05_seq_10110/seq_10110_fsms.v";
