#! /c/Source/iverilog-install/bin/vvp
:ivl_version "12.0 (devel)" "(s20150603-1539-g2693dd32b)";
:ivl_delay_selection "TYPICAL";
:vpi_time_precision - 12;
:vpi_module "C:\iverilog\lib\ivl\system.vpi";
:vpi_module "C:\iverilog\lib\ivl\vhdl_sys.vpi";
:vpi_module "C:\iverilog\lib\ivl\vhdl_textio.vpi";
:vpi_module "C:\iverilog\lib\ivl\v2005_math.vpi";
:vpi_module "C:\iverilog\lib\ivl\va_math.vpi";
:vpi_module "C:\iverilog\lib\ivl\v2009.vpi";
S_0000016ba19a65a0 .scope package, "$unit" "$unit" 2 1;
 .timescale 0 0;
S_0000016ba19a6730 .scope module, "q06_detect_tb" "q06_detect_tb" 3 4;
 .timescale -9 -12;
v0000016ba19a4450_0 .var "clk", 0 0;
v0000016ba19a44f0_0 .var "din", 0 0;
v0000016ba19a4590_0 .net "match", 0 0, L_0000016ba19a4ee0;  1 drivers
v0000016ba19a4630_0 .var "rst_n", 0 0;
S_0000016ba1972d70 .scope module, "dut" "detect" 3 12, 4 1 0, S_0000016ba19a6730;
 .timescale -9 -12;
    .port_info 0 /INPUT 1 "clk";
    .port_info 1 /INPUT 1 "rst_n";
    .port_info 2 /INPUT 1 "din";
    .port_info 3 /OUTPUT 1 "match";
L_0000016ba19f0c58 .functor BUFT 1, C4<10110>, C4<0>, C4<0>, C4<0>;
v0000016ba1a9b6f0_0 .net/2u *"_ivl_0", 4 0, L_0000016ba19f0c58;  1 drivers
v0000016ba19a68c0_0 .net "clk", 0 0, v0000016ba19a4450_0;  1 drivers
v0000016ba19a6960_0 .net "din", 0 0, v0000016ba19a44f0_0;  1 drivers
v0000016ba1972f00_0 .net "match", 0 0, L_0000016ba19a4ee0;  alias, 1 drivers
v0000016ba1972fa0_0 .net "rst_n", 0 0, v0000016ba19a4630_0;  1 drivers
v0000016ba1973040_0 .var "shreg", 4 0;
E_0000016ba1a986d0/0 .event negedge, v0000016ba1972fa0_0;
E_0000016ba1a986d0/1 .event posedge, v0000016ba19a68c0_0;
E_0000016ba1a986d0 .event/or E_0000016ba1a986d0/0, E_0000016ba1a986d0/1;
L_0000016ba19a4ee0 .cmp/eq 5, v0000016ba1973040_0, L_0000016ba19f0c58;
S_0000016ba19a42c0 .scope task, "sendbit" "sendbit" 3 25, 3 25 0, S_0000016ba19a6730;
 .timescale -9 -12;
v0000016ba19730e0_0 .var "b", 0 0;
E_0000016ba1a98450 .event posedge, v0000016ba19a68c0_0;
TD_q06_detect_tb.sendbit ;
    %load/vec4 v0000016ba19730e0_0;
    %store/vec4 v0000016ba19a44f0_0, 0, 1;
    %wait E_0000016ba1a98450;
    %delay 1000, 0;
    %vpi_call/w 3 34 "$display", "t=%0t din=%0b match=%0b", $time, v0000016ba19a44f0_0, v0000016ba19a4590_0 {0 0 0};
    %end;
    .scope S_0000016ba1972d70;
T_1 ;
    %wait E_0000016ba1a986d0;
    %load/vec4 v0000016ba1972fa0_0;
    %nor/r;
    %flag_set/vec4 8;
    %jmp/0xz  T_1.0, 8;
    %pushi/vec4 0, 0, 5;
    %assign/vec4 v0000016ba1973040_0, 0;
    %jmp T_1.1;
T_1.0 ;
    %load/vec4 v0000016ba1973040_0;
    %parti/s 4, 0, 2;
    %load/vec4 v0000016ba19a6960_0;
    %concat/vec4; draw_concat_vec4
    %assign/vec4 v0000016ba1973040_0, 0;
T_1.1 ;
    %jmp T_1;
    .thread T_1;
    .scope S_0000016ba19a6730;
T_2 ;
    %pushi/vec4 0, 0, 1;
    %store/vec4 v0000016ba19a4450_0, 0, 1;
    %end;
    .thread T_2;
    .scope S_0000016ba19a6730;
T_3 ;
    %delay 5000, 0;
    %load/vec4 v0000016ba19a4450_0;
    %inv;
    %store/vec4 v0000016ba19a4450_0, 0, 1;
    %jmp T_3;
    .thread T_3;
    .scope S_0000016ba19a6730;
T_4 ;
    %pushi/vec4 0, 0, 1;
    %store/vec4 v0000016ba19a4630_0, 0, 1;
    %pushi/vec4 0, 0, 1;
    %store/vec4 v0000016ba19a44f0_0, 0, 1;
    %pushi/vec4 2, 0, 32;
T_4.0 %dup/vec4;
    %pushi/vec4 0, 0, 32;
    %cmp/s;
    %jmp/1xz T_4.1, 5;
    %jmp/1 T_4.1, 4;
    %pushi/vec4 1, 0, 32;
    %sub;
    %wait E_0000016ba1a98450;
    %jmp T_4.0;
T_4.1 ;
    %pop/vec4 1;
    %pushi/vec4 1, 0, 1;
    %store/vec4 v0000016ba19a4630_0, 0, 1;
    %pushi/vec4 1, 0, 1;
    %store/vec4 v0000016ba19730e0_0, 0, 1;
    %fork TD_q06_detect_tb.sendbit, S_0000016ba19a42c0;
    %join;
    %pushi/vec4 0, 0, 1;
    %store/vec4 v0000016ba19730e0_0, 0, 1;
    %fork TD_q06_detect_tb.sendbit, S_0000016ba19a42c0;
    %join;
    %pushi/vec4 1, 0, 1;
    %store/vec4 v0000016ba19730e0_0, 0, 1;
    %fork TD_q06_detect_tb.sendbit, S_0000016ba19a42c0;
    %join;
    %pushi/vec4 1, 0, 1;
    %store/vec4 v0000016ba19730e0_0, 0, 1;
    %fork TD_q06_detect_tb.sendbit, S_0000016ba19a42c0;
    %join;
    %pushi/vec4 0, 0, 1;
    %store/vec4 v0000016ba19730e0_0, 0, 1;
    %fork TD_q06_detect_tb.sendbit, S_0000016ba19a42c0;
    %join;
    %pushi/vec4 1, 0, 1;
    %store/vec4 v0000016ba19730e0_0, 0, 1;
    %fork TD_q06_detect_tb.sendbit, S_0000016ba19a42c0;
    %join;
    %pushi/vec4 0, 0, 1;
    %store/vec4 v0000016ba19730e0_0, 0, 1;
    %fork TD_q06_detect_tb.sendbit, S_0000016ba19a42c0;
    %join;
    %pushi/vec4 1, 0, 1;
    %store/vec4 v0000016ba19730e0_0, 0, 1;
    %fork TD_q06_detect_tb.sendbit, S_0000016ba19a42c0;
    %join;
    %pushi/vec4 1, 0, 1;
    %store/vec4 v0000016ba19730e0_0, 0, 1;
    %fork TD_q06_detect_tb.sendbit, S_0000016ba19a42c0;
    %join;
    %pushi/vec4 0, 0, 1;
    %store/vec4 v0000016ba19730e0_0, 0, 1;
    %fork TD_q06_detect_tb.sendbit, S_0000016ba19a42c0;
    %join;
    %vpi_call/w 3 53 "$finish" {0 0 0};
    %end;
    .thread T_4;
# The file index is used to find the file name in the following table.
:file_names 5;
    "N/A";
    "<interactive>";
    "-";
    "C:\Users\kapil\OneDrive\Desktop\Practiceverilog\tb\q06_detect_tb.v";
    "./qa/q06_detect/detect.v";
