#! /c/Source/iverilog-install/bin/vvp
:ivl_version "12.0 (devel)" "(s20150603-1539-g2693dd32b)";
:ivl_delay_selection "TYPICAL";
:vpi_time_precision - 12;
:vpi_module "C:\iverilog\lib\ivl\system.vpi";
:vpi_module "C:\iverilog\lib\ivl\vhdl_sys.vpi";
:vpi_module "C:\iverilog\lib\ivl\vhdl_textio.vpi";
:vpi_module "C:\iverilog\lib\ivl\v2005_math.vpi";
:vpi_module "C:\iverilog\lib\ivl\va_math.vpi";
:vpi_module "C:\iverilog\lib\ivl\v2009.vpi";
S_000001cd765ab840 .scope package, "$unit" "$unit" 2 1;
 .timescale 0 0;
S_000001cd765ab9d0 .scope module, "q07_start_and_chipselects_tb" "q07_start_and_chipselects_tb" 3 4;
 .timescale -9 -12;
v000001cd76612fa0_0 .net "CS1", 0 0, L_000001cd765c1c40;  1 drivers
v000001cd766128c0_0 .net "CS2", 0 0, L_000001cd765c2500;  1 drivers
v000001cd76612960_0 .net "CS3", 0 0, L_000001cd765c23b0;  1 drivers
v000001cd76612be0_0 .var "clk", 0 0;
v000001cd766121e0_0 .var/i "cs_count", 31 0;
v000001cd766123c0_0 .var/i "cyc", 31 0;
v000001cd76612460_0 .var/i "phase", 31 0;
v000001cd76612aa0_0 .var "rst_n", 0 0;
v000001cd76612b40_0 .net "start", 0 0, L_000001cd76612dc0;  1 drivers
v000001cd76612d20_0 .var/i "start_count", 31 0;
E_000001cd765a75a0 .event posedge, v000001cd76612640_0;
S_000001cd765b8140 .scope module, "dut" "start_and_chipselects" 3 12, 4 1 0, S_000001cd765ab9d0;
 .timescale -9 -12;
    .port_info 0 /INPUT 1 "clk";
    .port_info 1 /INPUT 1 "rst_n";
    .port_info 2 /OUTPUT 1 "start";
    .port_info 3 /OUTPUT 1 "CS1";
    .port_info 4 /OUTPUT 1 "CS2";
    .port_info 5 /OUTPUT 1 "CS3";
L_000001cd765c1c40 .functor AND 1, v000001cd76612a00_0, L_000001cd76612e60, C4<1>, C4<1>;
L_000001cd765c2500 .functor AND 1, v000001cd76612a00_0, L_000001cd766126e0, C4<1>, C4<1>;
L_000001cd765c23b0 .functor AND 1, v000001cd76612a00_0, L_000001cd76612500, C4<1>, C4<1>;
v000001cd765aa2f0_0 .net "CS1", 0 0, L_000001cd765c1c40;  alias, 1 drivers
v000001cd76583180_0 .net "CS2", 0 0, L_000001cd765c2500;  alias, 1 drivers
v000001cd765abb60_0 .net "CS3", 0 0, L_000001cd765c23b0;  alias, 1 drivers
L_000001cd76613068 .functor BUFT 1, C4<01>, C4<0>, C4<0>, C4<0>;
v000001cd765ade70_0 .net/2u *"_ivl_0", 1 0, L_000001cd76613068;  1 drivers
L_000001cd766130f8 .functor BUFT 1, C4<01>, C4<0>, C4<0>, C4<0>;
v000001cd765b82d0_0 .net/2u *"_ivl_10", 1 0, L_000001cd766130f8;  1 drivers
v000001cd765b8370_0 .net *"_ivl_12", 0 0, L_000001cd766126e0;  1 drivers
L_000001cd76613140 .functor BUFT 1, C4<10>, C4<0>, C4<0>, C4<0>;
v000001cd765b8410_0 .net/2u *"_ivl_16", 1 0, L_000001cd76613140;  1 drivers
v000001cd76612c80_0 .net *"_ivl_18", 0 0, L_000001cd76612500;  1 drivers
L_000001cd766130b0 .functor BUFT 1, C4<00>, C4<0>, C4<0>, C4<0>;
v000001cd76612320_0 .net/2u *"_ivl_4", 1 0, L_000001cd766130b0;  1 drivers
v000001cd766125a0_0 .net *"_ivl_6", 0 0, L_000001cd76612e60;  1 drivers
v000001cd76612640_0 .net "clk", 0 0, v000001cd76612be0_0;  1 drivers
v000001cd76612f00_0 .var "counter", 1 0;
v000001cd766120a0_0 .net "rst_n", 0 0, v000001cd76612aa0_0;  1 drivers
v000001cd76612280_0 .var "sel", 1 0;
v000001cd76612140_0 .net "start", 0 0, L_000001cd76612dc0;  alias, 1 drivers
v000001cd76612a00_0 .var "start_d", 0 0;
E_000001cd765a7620/0 .event negedge, v000001cd766120a0_0;
E_000001cd765a7620/1 .event posedge, v000001cd76612640_0;
E_000001cd765a7620 .event/or E_000001cd765a7620/0, E_000001cd765a7620/1;
L_000001cd76612dc0 .cmp/eq 2, v000001cd76612f00_0, L_000001cd76613068;
L_000001cd76612e60 .cmp/eq 2, v000001cd76612280_0, L_000001cd766130b0;
L_000001cd766126e0 .cmp/eq 2, v000001cd76612280_0, L_000001cd766130f8;
L_000001cd76612500 .cmp/eq 2, v000001cd76612280_0, L_000001cd76613140;
    .scope S_000001cd765b8140;
T_0 ;
    %wait E_000001cd765a7620;
    %load/vec4 v000001cd766120a0_0;
    %nor/r;
    %flag_set/vec4 8;
    %jmp/0xz  T_0.0, 8;
    %pushi/vec4 0, 0, 2;
    %assign/vec4 v000001cd76612f00_0, 0;
    %jmp T_0.1;
T_0.0 ;
    %load/vec4 v000001cd76612f00_0;
    %cmpi/e 2, 0, 2;
    %jmp/0xz  T_0.2, 4;
    %pushi/vec4 0, 0, 2;
    %assign/vec4 v000001cd76612f00_0, 0;
    %jmp T_0.3;
T_0.2 ;
    %load/vec4 v000001cd76612f00_0;
    %addi 1, 0, 2;
    %assign/vec4 v000001cd76612f00_0, 0;
T_0.3 ;
T_0.1 ;
    %jmp T_0;
    .thread T_0;
    .scope S_000001cd765b8140;
T_1 ;
    %wait E_000001cd765a7620;
    %load/vec4 v000001cd766120a0_0;
    %nor/r;
    %flag_set/vec4 8;
    %jmp/0xz  T_1.0, 8;
    %pushi/vec4 0, 0, 1;
    %assign/vec4 v000001cd76612a00_0, 0;
    %pushi/vec4 0, 0, 2;
    %assign/vec4 v000001cd76612280_0, 0;
    %jmp T_1.1;
T_1.0 ;
    %load/vec4 v000001cd76612140_0;
    %assign/vec4 v000001cd76612a00_0, 0;
    %load/vec4 v000001cd76612a00_0;
    %flag_set/vec4 8;
    %jmp/0xz  T_1.2, 8;
    %load/vec4 v000001cd76612280_0;
    %cmpi/e 2, 0, 2;
    %jmp/0xz  T_1.4, 4;
    %pushi/vec4 0, 0, 2;
    %assign/vec4 v000001cd76612280_0, 0;
    %jmp T_1.5;
T_1.4 ;
    %load/vec4 v000001cd76612280_0;
    %addi 1, 0, 2;
    %assign/vec4 v000001cd76612280_0, 0;
T_1.5 ;
T_1.2 ;
T_1.1 ;
    %jmp T_1;
    .thread T_1;
    .scope S_000001cd765ab9d0;
T_2 ;
    %pushi/vec4 0, 0, 1;
    %store/vec4 v000001cd76612be0_0, 0, 1;
    %end;
    .thread T_2;
    .scope S_000001cd765ab9d0;
T_3 ;
    %delay 5000, 0;
    %load/vec4 v000001cd76612be0_0;
    %inv;
    %store/vec4 v000001cd76612be0_0, 0, 1;
    %jmp T_3;
    .thread T_3;
    .scope S_000001cd765ab9d0;
T_4 ;
    %pushi/vec4 0, 0, 1;
    %store/vec4 v000001cd76612aa0_0, 0, 1;
    %pushi/vec4 0, 0, 32;
    %store/vec4 v000001cd76612d20_0, 0, 32;
    %pushi/vec4 0, 0, 32;
    %store/vec4 v000001cd766121e0_0, 0, 32;
    %pushi/vec4 0, 0, 32;
    %store/vec4 v000001cd76612460_0, 0, 32;
    %pushi/vec4 2, 0, 32;
T_4.0 %dup/vec4;
    %pushi/vec4 0, 0, 32;
    %cmp/s;
    %jmp/1xz T_4.1, 5;
    %jmp/1 T_4.1, 4;
    %pushi/vec4 1, 0, 32;
    %sub;
    %wait E_000001cd765a75a0;
    %jmp T_4.0;
T_4.1 ;
    %pop/vec4 1;
    %pushi/vec4 1, 0, 1;
    %store/vec4 v000001cd76612aa0_0, 0, 1;
    %pushi/vec4 0, 0, 32;
    %store/vec4 v000001cd766123c0_0, 0, 32;
T_4.2 ;
    %load/vec4 v000001cd766123c0_0;
    %cmpi/s 18, 0, 32;
    %jmp/0xz T_4.3, 5;
    %wait E_000001cd765a75a0;
    %delay 1000, 0;
    %load/vec4 v000001cd76612b40_0;
    %flag_set/vec4 8;
    %jmp/0xz  T_4.4, 8;
    %load/vec4 v000001cd76612d20_0;
    %addi 1, 0, 32;
    %store/vec4 v000001cd76612d20_0, 0, 32;
T_4.4 ;
    %load/vec4 v000001cd76612fa0_0;
    %pad/u 32;
    %load/vec4 v000001cd766128c0_0;
    %pad/u 32;
    %add;
    %load/vec4 v000001cd76612960_0;
    %pad/u 32;
    %add;
    %cmpi/u 1, 0, 32;
    %flag_or 5, 4; GT is !LE
    %flag_inv 5;
    %jmp/0xz  T_4.6, 5;
    %vpi_call/w 3 45 "$display", "FAIL Q07 multiple CS high t=%0t", $time {0 0 0};
    %vpi_call/w 3 46 "$finish" {0 0 0};
T_4.6 ;
    %load/vec4 v000001cd76612fa0_0;
    %flag_set/vec4 8;
    %jmp/1 T_4.11, 8;
    %load/vec4 v000001cd766128c0_0;
    %flag_set/vec4 9;
    %flag_or 8, 9;
T_4.11;
    %jmp/1 T_4.10, 8;
    %load/vec4 v000001cd76612960_0;
    %flag_set/vec4 9;
    %flag_or 8, 9;
T_4.10;
    %jmp/0xz  T_4.8, 8;
    %load/vec4 v000001cd766121e0_0;
    %addi 1, 0, 32;
    %store/vec4 v000001cd766121e0_0, 0, 32;
    %load/vec4 v000001cd76612460_0;
    %cmpi/e 0, 0, 32;
    %flag_get/vec4 4;
    %jmp/0 T_4.14, 4;
    %load/vec4 v000001cd76612fa0_0;
    %nor/r;
    %and;
T_4.14;
    %flag_set/vec4 8;
    %jmp/0xz  T_4.12, 8;
    %vpi_call/w 3 53 "$display", "FAIL Q07 expected CS1 t=%0t", $time {0 0 0};
    %vpi_call/w 3 54 "$finish" {0 0 0};
T_4.12 ;
    %load/vec4 v000001cd76612460_0;
    %cmpi/e 1, 0, 32;
    %flag_get/vec4 4;
    %jmp/0 T_4.17, 4;
    %load/vec4 v000001cd766128c0_0;
    %nor/r;
    %and;
T_4.17;
    %flag_set/vec4 8;
    %jmp/0xz  T_4.15, 8;
    %vpi_call/w 3 57 "$display", "FAIL Q07 expected CS2 t=%0t", $time {0 0 0};
    %vpi_call/w 3 58 "$finish" {0 0 0};
T_4.15 ;
    %load/vec4 v000001cd76612460_0;
    %cmpi/e 2, 0, 32;
    %flag_get/vec4 4;
    %jmp/0 T_4.20, 4;
    %load/vec4 v000001cd76612960_0;
    %nor/r;
    %and;
T_4.20;
    %flag_set/vec4 8;
    %jmp/0xz  T_4.18, 8;
    %vpi_call/w 3 61 "$display", "FAIL Q07 expected CS3 t=%0t", $time {0 0 0};
    %vpi_call/w 3 62 "$finish" {0 0 0};
T_4.18 ;
    %load/vec4 v000001cd76612460_0;
    %cmpi/e 2, 0, 32;
    %flag_mov 8, 4;
    %jmp/0 T_4.21, 8;
    %pushi/vec4 0, 0, 32;
    %jmp/1 T_4.22, 8;
T_4.21 ; End of true expr.
    %load/vec4 v000001cd76612460_0;
    %addi 1, 0, 32;
    %jmp/0 T_4.22, 8;
 ; End of false expr.
    %blend;
T_4.22;
    %store/vec4 v000001cd76612460_0, 0, 32;
T_4.8 ;
    %vpi_call/w 3 68 "$display", "t=%0t start=%0b CS1=%0b CS2=%0b CS3=%0b", $time, v000001cd76612b40_0, v000001cd76612fa0_0, v000001cd766128c0_0, v000001cd76612960_0 {0 0 0};
    %load/vec4 v000001cd766123c0_0;
    %addi 1, 0, 32;
    %store/vec4 v000001cd766123c0_0, 0, 32;
    %jmp T_4.2;
T_4.3 ;
    %load/vec4 v000001cd76612d20_0;
    %cmpi/ne 6, 0, 32;
    %jmp/0xz  T_4.23, 4;
    %vpi_call/w 3 72 "$display", "FAIL Q07 start_count exp=6 got=%0d", v000001cd76612d20_0 {0 0 0};
    %vpi_call/w 3 73 "$finish" {0 0 0};
T_4.23 ;
    %load/vec4 v000001cd766121e0_0;
    %cmpi/ne 6, 0, 32;
    %jmp/0xz  T_4.25, 4;
    %vpi_call/w 3 77 "$display", "FAIL Q07 cs_count exp=6 got=%0d", v000001cd766121e0_0 {0 0 0};
    %vpi_call/w 3 78 "$finish" {0 0 0};
T_4.25 ;
    %vpi_call/w 3 81 "$display", "PASS Q07 start_and_chipselects" {0 0 0};
    %vpi_call/w 3 82 "$finish" {0 0 0};
    %end;
    .thread T_4;
# The file index is used to find the file name in the following table.
:file_names 5;
    "N/A";
    "<interactive>";
    "-";
    "C:\Users\kapil\OneDrive\Desktop\Practiceverilog\tb\q07_start_and_chipselects_tb.v";
    "./qa/q07_start_and_chipselects/start_and_chipselects.v";
