#! /c/Source/iverilog-install/bin/vvp
:ivl_version "12.0 (devel)" "(s20150603-1539-g2693dd32b)";
:ivl_delay_selection "TYPICAL";
:vpi_time_precision - 12;
:vpi_module "C:\iverilog\lib\ivl\system.vpi";
:vpi_module "C:\iverilog\lib\ivl\vhdl_sys.vpi";
:vpi_module "C:\iverilog\lib\ivl\vhdl_textio.vpi";
:vpi_module "C:\iverilog\lib\ivl\v2005_math.vpi";
:vpi_module "C:\iverilog\lib\ivl\va_math.vpi";
:vpi_module "C:\iverilog\lib\ivl\v2009.vpi";
S_0000015ee243ab60 .scope package, "$unit" "$unit" 2 1;
 .timescale 0 0;
S_0000015ee22da020 .scope module, "q08_sync_debounce_onepulse_tb" "q08_sync_debounce_onepulse_tb" 3 4;
 .timescale -9 -12;
v0000015ee2340e40_0 .var "async_in", 0 0;
v0000015ee2341020_0 .var "clk", 0 0;
v0000015ee2340d00_0 .var/i "phase_pulses", 31 0;
v0000015ee23417a0_0 .net "pulse", 0 0, L_0000015ee22d81b0;  1 drivers
v0000015ee2340b20_0 .var "rst_n", 0 0;
v0000015ee2340f80_0 .var/i "total_pulses", 31 0;
E_0000015ee22d5670 .event negedge, v0000015ee243bd30_0;
S_0000015ee22da1b0 .scope module, "dut" "sync_debounce_onepulse" 3 10, 4 1 0, S_0000015ee22da020;
 .timescale -9 -12;
    .port_info 0 /INPUT 1 "clk";
    .port_info 1 /INPUT 1 "rst_n";
    .port_info 2 /INPUT 1 "async_in";
    .port_info 3 /OUTPUT 1 "pulse";
L_0000015ee22d86f0 .functor AND 1, v0000015ee22b3000_0, v0000015ee22b2d80_0, C4<1>, C4<1>;
L_0000015ee22d8990 .functor NOT 1, v0000015ee22b2e20_0, C4<0>, C4<0>, C4<0>;
L_0000015ee22d81b0 .functor AND 1, L_0000015ee22d86f0, L_0000015ee22d8990, C4<1>, C4<1>;
v0000015ee243a980_0 .net *"_ivl_0", 0 0, L_0000015ee22d86f0;  1 drivers
v0000015ee243aa20_0 .net *"_ivl_2", 0 0, L_0000015ee22d8990;  1 drivers
v0000015ee243bc90_0 .net "async_in", 0 0, v0000015ee2340e40_0;  1 drivers
v0000015ee243bd30_0 .net "clk", 0 0, v0000015ee2341020_0;  1 drivers
v0000015ee22b2d80_0 .var "d1", 0 0;
v0000015ee22b2e20_0 .var "d2", 0 0;
v0000015ee22b2ec0_0 .net "pulse", 0 0, L_0000015ee22d81b0;  alias, 1 drivers
v0000015ee22b2f60_0 .var "q1", 0 0;
v0000015ee22b3000_0 .var "q2", 0 0;
v0000015ee22b30a0_0 .net "rst_n", 0 0, v0000015ee2340b20_0;  1 drivers
E_0000015ee22d58f0/0 .event negedge, v0000015ee22b30a0_0;
E_0000015ee22d58f0/1 .event posedge, v0000015ee243bd30_0;
E_0000015ee22d58f0 .event/or E_0000015ee22d58f0/0, E_0000015ee22d58f0/1;
S_0000015ee22d7040 .scope task, "step" "step" 3 20, 3 20 0, S_0000015ee22da020;
 .timescale -9 -12;
E_0000015ee22d5930 .event posedge, v0000015ee243bd30_0;
TD_q08_sync_debounce_onepulse_tb.step ;
    %wait E_0000015ee22d5930;
    %delay 1000, 0;
    %end;
    .scope S_0000015ee22da1b0;
T_1 ;
    %wait E_0000015ee22d58f0;
    %load/vec4 v0000015ee22b30a0_0;
    %nor/r;
    %flag_set/vec4 8;
    %jmp/0xz  T_1.0, 8;
    %pushi/vec4 0, 0, 1;
    %assign/vec4 v0000015ee22b2f60_0, 0;
    %pushi/vec4 0, 0, 1;
    %assign/vec4 v0000015ee22b3000_0, 0;
    %pushi/vec4 0, 0, 1;
    %assign/vec4 v0000015ee22b2d80_0, 0;
    %pushi/vec4 0, 0, 1;
    %assign/vec4 v0000015ee22b2e20_0, 0;
    %jmp T_1.1;
T_1.0 ;
    %load/vec4 v0000015ee243bc90_0;
    %assign/vec4 v0000015ee22b2f60_0, 0;
    %load/vec4 v0000015ee22b2f60_0;
    %assign/vec4 v0000015ee22b3000_0, 0;
    %load/vec4 v0000015ee22b3000_0;
    %assign/vec4 v0000015ee22b2d80_0, 0;
    %load/vec4 v0000015ee22b2d80_0;
    %assign/vec4 v0000015ee22b2e20_0, 0;
T_1.1 ;
    %jmp T_1;
    .thread T_1;
    .scope S_0000015ee22da020;
T_2 ;
    %pushi/vec4 0, 0, 1;
    %store/vec4 v0000015ee2341020_0, 0, 1;
    %end;
    .thread T_2;
    .scope S_0000015ee22da020;
T_3 ;
    %delay 5000, 0;
    %load/vec4 v0000015ee2341020_0;
    %inv;
    %store/vec4 v0000015ee2341020_0, 0, 1;
    %jmp T_3;
    .thread T_3;
    .scope S_0000015ee22da020;
T_4 ;
    %pushi/vec4 0, 0, 1;
    %store/vec4 v0000015ee2340b20_0, 0, 1;
    %pushi/vec4 0, 0, 1;
    %store/vec4 v0000015ee2340e40_0, 0, 1;
    %pushi/vec4 0, 0, 32;
    %store/vec4 v0000015ee2340f80_0, 0, 32;
    %pushi/vec4 2, 0, 32;
T_4.0 %dup/vec4;
    %pushi/vec4 0, 0, 32;
    %cmp/s;
    %jmp/1xz T_4.1, 5;
    %jmp/1 T_4.1, 4;
    %pushi/vec4 1, 0, 32;
    %sub;
    %fork TD_q08_sync_debounce_onepulse_tb.step, S_0000015ee22d7040;
    %join;
    %jmp T_4.0;
T_4.1 ;
    %pop/vec4 1;
    %load/vec4 v0000015ee23417a0_0;
    %cmpi/ne 0, 0, 1;
    %jmp/0xz  T_4.2, 6;
    %vpi_call/w 3 38 "$display", "FAIL Q08 pulse during reset" {0 0 0};
    %vpi_call/w 3 39 "$finish" {0 0 0};
T_4.2 ;
    %pushi/vec4 1, 0, 1;
    %store/vec4 v0000015ee2340b20_0, 0, 1;
    %pushi/vec4 0, 0, 32;
    %store/vec4 v0000015ee2340d00_0, 0, 32;
    %pushi/vec4 4, 0, 32;
T_4.4 %dup/vec4;
    %pushi/vec4 0, 0, 32;
    %cmp/s;
    %jmp/1xz T_4.5, 5;
    %jmp/1 T_4.5, 4;
    %pushi/vec4 1, 0, 32;
    %sub;
    %fork TD_q08_sync_debounce_onepulse_tb.step, S_0000015ee22d7040;
    %join;
    %load/vec4 v0000015ee23417a0_0;
    %flag_set/vec4 8;
    %jmp/0xz  T_4.6, 8;
    %load/vec4 v0000015ee2340d00_0;
    %addi 1, 0, 32;
    %store/vec4 v0000015ee2340d00_0, 0, 32;
T_4.6 ;
    %jmp T_4.4;
T_4.5 ;
    %pop/vec4 1;
    %load/vec4 v0000015ee2340d00_0;
    %cmpi/ne 0, 0, 32;
    %jmp/0xz  T_4.8, 4;
    %vpi_call/w 3 50 "$display", "FAIL Q08 idle low produced pulse" {0 0 0};
    %vpi_call/w 3 51 "$finish" {0 0 0};
T_4.8 ;
    %wait E_0000015ee22d5670;
    %pushi/vec4 1, 0, 1;
    %store/vec4 v0000015ee2340e40_0, 0, 1;
    %fork TD_q08_sync_debounce_onepulse_tb.step, S_0000015ee22d7040;
    %join;
    %wait E_0000015ee22d5670;
    %pushi/vec4 0, 0, 1;
    %store/vec4 v0000015ee2340e40_0, 0, 1;
    %pushi/vec4 0, 0, 32;
    %store/vec4 v0000015ee2340d00_0, 0, 32;
    %pushi/vec4 8, 0, 32;
T_4.10 %dup/vec4;
    %pushi/vec4 0, 0, 32;
    %cmp/s;
    %jmp/1xz T_4.11, 5;
    %jmp/1 T_4.11, 4;
    %pushi/vec4 1, 0, 32;
    %sub;
    %fork TD_q08_sync_debounce_onepulse_tb.step, S_0000015ee22d7040;
    %join;
    %load/vec4 v0000015ee23417a0_0;
    %flag_set/vec4 8;
    %jmp/0xz  T_4.12, 8;
    %load/vec4 v0000015ee2340d00_0;
    %addi 1, 0, 32;
    %store/vec4 v0000015ee2340d00_0, 0, 32;
T_4.12 ;
    %jmp T_4.10;
T_4.11 ;
    %pop/vec4 1;
    %load/vec4 v0000015ee2340d00_0;
    %cmpi/ne 0, 0, 32;
    %jmp/0xz  T_4.14, 4;
    %vpi_call/w 3 66 "$display", "FAIL Q08 short glitch should be rejected" {0 0 0};
    %vpi_call/w 3 67 "$finish" {0 0 0};
T_4.14 ;
    %wait E_0000015ee22d5670;
    %pushi/vec4 1, 0, 1;
    %store/vec4 v0000015ee2340e40_0, 0, 1;
    %pushi/vec4 0, 0, 32;
    %store/vec4 v0000015ee2340d00_0, 0, 32;
    %pushi/vec4 10, 0, 32;
T_4.16 %dup/vec4;
    %pushi/vec4 0, 0, 32;
    %cmp/s;
    %jmp/1xz T_4.17, 5;
    %jmp/1 T_4.17, 4;
    %pushi/vec4 1, 0, 32;
    %sub;
    %fork TD_q08_sync_debounce_onepulse_tb.step, S_0000015ee22d7040;
    %join;
    %load/vec4 v0000015ee23417a0_0;
    %flag_set/vec4 8;
    %jmp/0xz  T_4.18, 8;
    %load/vec4 v0000015ee2340d00_0;
    %addi 1, 0, 32;
    %store/vec4 v0000015ee2340d00_0, 0, 32;
    %load/vec4 v0000015ee2340f80_0;
    %addi 1, 0, 32;
    %store/vec4 v0000015ee2340f80_0, 0, 32;
T_4.18 ;
    %jmp T_4.16;
T_4.17 ;
    %pop/vec4 1;
    %load/vec4 v0000015ee2340d00_0;
    %cmpi/ne 1, 0, 32;
    %jmp/0xz  T_4.20, 4;
    %vpi_call/w 3 82 "$display", "FAIL Q08 first valid high should create exactly one pulse, got=%0d", v0000015ee2340d00_0 {0 0 0};
    %vpi_call/w 3 83 "$finish" {0 0 0};
T_4.20 ;
    %wait E_0000015ee22d5670;
    %pushi/vec4 0, 0, 1;
    %store/vec4 v0000015ee2340e40_0, 0, 1;
    %pushi/vec4 5, 0, 32;
T_4.22 %dup/vec4;
    %pushi/vec4 0, 0, 32;
    %cmp/s;
    %jmp/1xz T_4.23, 5;
    %jmp/1 T_4.23, 4;
    %pushi/vec4 1, 0, 32;
    %sub;
    %fork TD_q08_sync_debounce_onepulse_tb.step, S_0000015ee22d7040;
    %join;
    %jmp T_4.22;
T_4.23 ;
    %pop/vec4 1;
    %wait E_0000015ee22d5670;
    %pushi/vec4 1, 0, 1;
    %store/vec4 v0000015ee2340e40_0, 0, 1;
    %pushi/vec4 0, 0, 32;
    %store/vec4 v0000015ee2340d00_0, 0, 32;
    %pushi/vec4 10, 0, 32;
T_4.24 %dup/vec4;
    %pushi/vec4 0, 0, 32;
    %cmp/s;
    %jmp/1xz T_4.25, 5;
    %jmp/1 T_4.25, 4;
    %pushi/vec4 1, 0, 32;
    %sub;
    %fork TD_q08_sync_debounce_onepulse_tb.step, S_0000015ee22d7040;
    %join;
    %load/vec4 v0000015ee23417a0_0;
    %flag_set/vec4 8;
    %jmp/0xz  T_4.26, 8;
    %load/vec4 v0000015ee2340d00_0;
    %addi 1, 0, 32;
    %store/vec4 v0000015ee2340d00_0, 0, 32;
    %load/vec4 v0000015ee2340f80_0;
    %addi 1, 0, 32;
    %store/vec4 v0000015ee2340f80_0, 0, 32;
T_4.26 ;
    %jmp T_4.24;
T_4.25 ;
    %pop/vec4 1;
    %load/vec4 v0000015ee2340d00_0;
    %cmpi/ne 1, 0, 32;
    %jmp/0xz  T_4.28, 4;
    %vpi_call/w 3 102 "$display", "FAIL Q08 second valid high should create exactly one pulse, got=%0d", v0000015ee2340d00_0 {0 0 0};
    %vpi_call/w 3 103 "$finish" {0 0 0};
T_4.28 ;
    %load/vec4 v0000015ee2340f80_0;
    %cmpi/ne 2, 0, 32;
    %jmp/0xz  T_4.30, 4;
    %vpi_call/w 3 107 "$display", "FAIL Q08 total pulses expected 2 got=%0d", v0000015ee2340f80_0 {0 0 0};
    %vpi_call/w 3 108 "$finish" {0 0 0};
T_4.30 ;
    %vpi_call/w 3 111 "$display", "PASS Q08 sync_debounce_onepulse" {0 0 0};
    %vpi_call/w 3 112 "$finish" {0 0 0};
    %end;
    .thread T_4;
# The file index is used to find the file name in the following table.
:file_names 5;
    "N/A";
    "<interactive>";
    "-";
    "C:\Users\kapil\OneDrive\Desktop\Practiceverilog\tb\q08_sync_debounce_onepulse_tb.v";
    "./qa/q08_sync_debounce_onepulse/sync_debounce_onepulse.v";
