#! /c/Source/iverilog-install/bin/vvp
:ivl_version "12.0 (devel)" "(s20150603-1539-g2693dd32b)";
:ivl_delay_selection "TYPICAL";
:vpi_time_precision - 12;
:vpi_module "C:\iverilog\lib\ivl\system.vpi";
:vpi_module "C:\iverilog\lib\ivl\vhdl_sys.vpi";
:vpi_module "C:\iverilog\lib\ivl\vhdl_textio.vpi";
:vpi_module "C:\iverilog\lib\ivl\v2005_math.vpi";
:vpi_module "C:\iverilog\lib\ivl\va_math.vpi";
:vpi_module "C:\iverilog\lib\ivl\v2009.vpi";
S_000001f926b6e730 .scope package, "$unit" "$unit" 2 1;
 .timescale 0 0;
S_000001f926b6e8c0 .scope module, "q09_gray_tb" "q09_gray_tb" 3 4;
 .timescale -9 -12;
P_000001f926b5a3c0 .param/l "N" 1 3 5, +C4<00000000000000000000000000000100>;
v000001f926bd5d30_0 .var "bin_in", 3 0;
v000001f926bd6410_0 .net "bin_out_conv", 3 0, v000001f926bd7630_0;  1 drivers
v000001f926bd7590_0 .net "bin_store", 3 0, L_000001f926b788a0;  1 drivers
v000001f926bd5f10_0 .var "clk", 0 0;
v000001f926bd5830_0 .var "exp_bin_ctr", 3 0;
v000001f926bd5dd0_0 .var "exp_gray_ctr", 3 0;
v000001f926bd5970_0 .net "gray_count", 3 0, L_000001f926b787c0;  1 drivers
v000001f926bd6f50_0 .var "gray_in", 3 0;
v000001f926bd64b0_0 .net "gray_out_conv", 3 0, L_000001f926b77cd0;  1 drivers
v000001f926bd58d0_0 .net "gray_store", 3 0, v000001f926bd73b0_0;  1 drivers
v000001f926bd5a10_0 .var/i "i", 31 0;
v000001f926bd6050_0 .var "rst_n", 0 0;
E_000001f926b5a680 .event posedge, v000001f926b64000_0;
S_000001f9268eddf0 .scope function.vec4.s4, "f_bin_to_gray" "f_bin_to_gray" 3 44, 3 44 0, S_000001f926b6e8c0;
 .timescale -9 -12;
v000001f926b63880_0 .var "b", 3 0;
; Variable f_bin_to_gray is vec4 return value of scope S_000001f9268eddf0
TD_q09_gray_tb.f_bin_to_gray ;
    %load/vec4 v000001f926b63880_0;
    %load/vec4 v000001f926b63880_0;
    %ix/load 4, 1, 0;
    %flag_set/imm 4, 0;
    %shiftr 4;
    %xor;
    %ret/vec4 0, 0, 4;  Assign to f_bin_to_gray (store_vec4_to_lval)
    %end;
S_000001f9268edf80 .scope function.vec4.s4, "f_gray_to_bin" "f_gray_to_bin" 3 51, 3 51 0, S_000001f926b6e8c0;
 .timescale -9 -12;
; Variable f_gray_to_bin is vec4 return value of scope S_000001f9268edf80
v000001f926b63600_0 .var "g", 3 0;
v000001f926b636a0_0 .var/i "k", 31 0;
TD_q09_gray_tb.f_gray_to_bin ;
    %load/vec4 v000001f926b63600_0;
    %parti/s 1, 3, 3;
    %ix/load 4, 3, 0;
    %flag_set/imm 4, 0;
    %ret/vec4 0, 4, 1; Assign to f_gray_to_bin (store_vec4_to_lval)
    %pushi/vec4 2, 0, 32;
    %store/vec4 v000001f926b636a0_0, 0, 32;
T_1.0 ;
    %load/vec4 v000001f926b636a0_0;
    %cmpi/s 0, 0, 32;
    %flag_inv 5; GE is !LT
    %jmp/0xz T_1.1, 5;
    %retload/vec4 0; Load f_gray_to_bin (draw_signal_vec4)
    %load/vec4 v000001f926b636a0_0;
    %addi 1, 0, 32;
    %part/s 1;
    %load/vec4 v000001f926b63600_0;
    %load/vec4 v000001f926b636a0_0;
    %part/s 1;
    %xor;
    %ix/getv/s 4, v000001f926b636a0_0;
    %ret/vec4 0, 4, 1; Assign to f_gray_to_bin (store_vec4_to_lval)
    %load/vec4 v000001f926b636a0_0;
    %subi 1, 0, 32;
    %store/vec4 v000001f926b636a0_0, 0, 32;
    %jmp T_1.0;
T_1.1 ;
    %end;
S_000001f926b66610 .scope module, "u_bin_counter_gray_out" "bin_counter_gray_out" 3 28, 4 1 0, S_000001f926b6e8c0;
 .timescale -9 -12;
    .port_info 0 /INPUT 1 "clk";
    .port_info 1 /INPUT 1 "rst_n";
    .port_info 2 /OUTPUT 4 "gray";
P_000001f926b5a040 .param/l "N" 0 4 1, +C4<00000000000000000000000000000100>;
L_000001f926b787c0 .functor XOR 4, v000001f926b63380_0, L_000001f926bd6550, C4<0000>, C4<0000>;
v000001f926b639c0_0 .net *"_ivl_0", 3 0, L_000001f926bd6550;  1 drivers
v000001f926b641e0_0 .net *"_ivl_2", 2 0, L_000001f926bd5e70;  1 drivers
L_000001f926c200d0 .functor BUFT 1, C4<0>, C4<0>, C4<0>, C4<0>;
v000001f926b63740_0 .net *"_ivl_4", 0 0, L_000001f926c200d0;  1 drivers
v000001f926b63380_0 .var "bin", 3 0;
v000001f926b64000_0 .net "clk", 0 0, v000001f926bd5f10_0;  1 drivers
v000001f926b64280_0 .net "gray", 3 0, L_000001f926b787c0;  alias, 1 drivers
v000001f926b63ce0_0 .net "rst_n", 0 0, v000001f926bd6050_0;  1 drivers
E_000001f926b5a780/0 .event negedge, v000001f926b63ce0_0;
E_000001f926b5a780/1 .event posedge, v000001f926b64000_0;
E_000001f926b5a780 .event/or E_000001f926b5a780/0, E_000001f926b5a780/1;
L_000001f926bd5e70 .part v000001f926b63380_0, 1, 3;
L_000001f926bd6550 .concat [ 3 1 0 0], L_000001f926bd5e70, L_000001f926c200d0;
S_000001f926b667a0 .scope module, "u_bin_to_gray" "bin_to_gray" 3 18, 4 19 0, S_000001f926b6e8c0;
 .timescale -9 -12;
    .port_info 0 /INPUT 4 "bin";
    .port_info 1 /OUTPUT 4 "gray";
P_000001f926b5a900 .param/l "N" 0 4 19, +C4<00000000000000000000000000000100>;
L_000001f926b77cd0 .functor XOR 4, v000001f926bd5d30_0, L_000001f926bd60f0, C4<0000>, C4<0000>;
v000001f926b63a60_0 .net *"_ivl_0", 3 0, L_000001f926bd60f0;  1 drivers
v000001f926b640a0_0 .net *"_ivl_2", 2 0, L_000001f926bd7130;  1 drivers
L_000001f926c20088 .functor BUFT 1, C4<0>, C4<0>, C4<0>, C4<0>;
v000001f926b63b00_0 .net *"_ivl_4", 0 0, L_000001f926c20088;  1 drivers
v000001f926b637e0_0 .net "bin", 3 0, v000001f926bd5d30_0;  1 drivers
v000001f926b63420_0 .net "gray", 3 0, L_000001f926b77cd0;  alias, 1 drivers
L_000001f926bd7130 .part v000001f926bd5d30_0, 1, 3;
L_000001f926bd60f0 .concat [ 3 1 0 0], L_000001f926bd7130, L_000001f926c20088;
S_000001f926b60cb0 .scope module, "u_gray_counter_store_gray" "gray_counter_store_gray" 3 34, 4 39 0, S_000001f926b6e8c0;
 .timescale -9 -12;
    .port_info 0 /INPUT 1 "clk";
    .port_info 1 /INPUT 1 "rst_n";
    .port_info 2 /OUTPUT 4 "gray_q";
    .port_info 3 /OUTPUT 4 "bin_q";
P_000001f926b5b2c0 .param/l "N" 0 4 39, +C4<00000000000000000000000000000100>;
L_000001f926b77e20 .functor XOR 4, L_000001f926bd5bf0, L_000001f926bd7310, C4<0000>, C4<0000>;
L_000001f926b788a0 .functor BUFZ 4, v000001f926b64140_0, C4<0000>, C4<0000>, C4<0000>;
L_000001f926c20118 .functor BUFT 1, C4<0001>, C4<0>, C4<0>, C4<0>;
v000001f926b63d80_0 .net/2u *"_ivl_0", 3 0, L_000001f926c20118;  1 drivers
v000001f926b634c0_0 .net *"_ivl_4", 3 0, L_000001f926bd7310;  1 drivers
v000001f926b63e20_0 .net *"_ivl_6", 2 0, L_000001f926bd5fb0;  1 drivers
L_000001f926c20160 .functor BUFT 1, C4<0>, C4<0>, C4<0>, C4<0>;
v000001f926b63f60_0 .net *"_ivl_8", 0 0, L_000001f926c20160;  1 drivers
v000001f926b63ba0_0 .net "bin_next", 3 0, L_000001f926bd5bf0;  1 drivers
v000001f926b64140_0 .var "bin_now", 3 0;
v000001f926b63560_0 .net "bin_q", 3 0, L_000001f926b788a0;  alias, 1 drivers
v000001f926bd62d0_0 .net "clk", 0 0, v000001f926bd5f10_0;  alias, 1 drivers
v000001f926bd6ff0_0 .net "gray_next", 3 0, L_000001f926b77e20;  1 drivers
v000001f926bd73b0_0 .var "gray_q", 3 0;
v000001f926bd7450_0 .var/i "i", 31 0;
v000001f926bd5c90_0 .net "rst_n", 0 0, v000001f926bd6050_0;  alias, 1 drivers
E_000001f926b5b340 .event anyedge, v000001f926bd73b0_0, v000001f926b64140_0;
L_000001f926bd5bf0 .arith/sum 4, v000001f926b64140_0, L_000001f926c20118;
L_000001f926bd5fb0 .part L_000001f926bd5bf0, 1, 3;
L_000001f926bd7310 .concat [ 3 1 0 0], L_000001f926bd5fb0, L_000001f926c20160;
S_000001f926b60e40 .scope module, "u_gray_to_bin" "gray_to_bin" 3 23, 4 26 0, S_000001f926b6e8c0;
 .timescale -9 -12;
    .port_info 0 /INPUT 4 "gray";
    .port_info 1 /OUTPUT 4 "bin";
P_000001f926b5b380 .param/l "N" 0 4 26, +C4<00000000000000000000000000000100>;
v000001f926bd7630_0 .var "bin", 3 0;
v000001f926bd5790_0 .net "gray", 3 0, v000001f926bd6f50_0;  1 drivers
v000001f926bd6eb0_0 .var/i "i", 31 0;
E_000001f926b5b540 .event anyedge, v000001f926bd5790_0, v000001f926bd7630_0;
    .scope S_000001f926b60e40;
T_2 ;
    %wait E_000001f926b5b540;
    %load/vec4 v000001f926bd5790_0;
    %parti/s 1, 3, 3;
    %ix/load 4, 3, 0;
    %flag_set/imm 4, 0;
    %store/vec4 v000001f926bd7630_0, 4, 1;
    %pushi/vec4 2, 0, 32;
    %store/vec4 v000001f926bd6eb0_0, 0, 32;
T_2.0 ;
    %load/vec4 v000001f926bd6eb0_0;
    %cmpi/s 0, 0, 32;
    %flag_inv 5; GE is !LT
    %jmp/0xz T_2.1, 5;
    %load/vec4 v000001f926bd7630_0;
    %load/vec4 v000001f926bd6eb0_0;
    %addi 1, 0, 32;
    %part/s 1;
    %load/vec4 v000001f926bd5790_0;
    %load/vec4 v000001f926bd6eb0_0;
    %part/s 1;
    %xor;
    %ix/getv/s 4, v000001f926bd6eb0_0;
    %store/vec4 v000001f926bd7630_0, 4, 1;
    %load/vec4 v000001f926bd6eb0_0;
    %subi 1, 0, 32;
    %store/vec4 v000001f926bd6eb0_0, 0, 32;
    %jmp T_2.0;
T_2.1 ;
    %jmp T_2;
    .thread T_2, $push;
    .scope S_000001f926b66610;
T_3 ;
    %wait E_000001f926b5a780;
    %load/vec4 v000001f926b63ce0_0;
    %nor/r;
    %flag_set/vec4 8;
    %jmp/0xz  T_3.0, 8;
    %pushi/vec4 0, 0, 4;
    %assign/vec4 v000001f926b63380_0, 0;
    %jmp T_3.1;
T_3.0 ;
    %load/vec4 v000001f926b63380_0;
    %addi 1, 0, 4;
    %assign/vec4 v000001f926b63380_0, 0;
T_3.1 ;
    %jmp T_3;
    .thread T_3;
    .scope S_000001f926b60cb0;
T_4 ;
    %wait E_000001f926b5b340;
    %load/vec4 v000001f926bd73b0_0;
    %parti/s 1, 3, 3;
    %ix/load 4, 3, 0;
    %flag_set/imm 4, 0;
    %store/vec4 v000001f926b64140_0, 4, 1;
    %pushi/vec4 2, 0, 32;
    %store/vec4 v000001f926bd7450_0, 0, 32;
T_4.0 ;
    %load/vec4 v000001f926bd7450_0;
    %cmpi/s 0, 0, 32;
    %flag_inv 5; GE is !LT
    %jmp/0xz T_4.1, 5;
    %load/vec4 v000001f926b64140_0;
    %load/vec4 v000001f926bd7450_0;
    %addi 1, 0, 32;
    %part/s 1;
    %load/vec4 v000001f926bd73b0_0;
    %load/vec4 v000001f926bd7450_0;
    %part/s 1;
    %xor;
    %ix/getv/s 4, v000001f926bd7450_0;
    %store/vec4 v000001f926b64140_0, 4, 1;
    %load/vec4 v000001f926bd7450_0;
    %subi 1, 0, 32;
    %store/vec4 v000001f926bd7450_0, 0, 32;
    %jmp T_4.0;
T_4.1 ;
    %jmp T_4;
    .thread T_4, $push;
    .scope S_000001f926b60cb0;
T_5 ;
    %wait E_000001f926b5a780;
    %load/vec4 v000001f926bd5c90_0;
    %nor/r;
    %flag_set/vec4 8;
    %jmp/0xz  T_5.0, 8;
    %pushi/vec4 0, 0, 4;
    %assign/vec4 v000001f926bd73b0_0, 0;
    %jmp T_5.1;
T_5.0 ;
    %load/vec4 v000001f926bd6ff0_0;
    %assign/vec4 v000001f926bd73b0_0, 0;
T_5.1 ;
    %jmp T_5;
    .thread T_5;
    .scope S_000001f926b6e8c0;
T_6 ;
    %pushi/vec4 0, 0, 1;
    %store/vec4 v000001f926bd5f10_0, 0, 1;
    %end;
    .thread T_6;
    .scope S_000001f926b6e8c0;
T_7 ;
    %delay 5000, 0;
    %load/vec4 v000001f926bd5f10_0;
    %inv;
    %store/vec4 v000001f926bd5f10_0, 0, 1;
    %jmp T_7;
    .thread T_7;
    .scope S_000001f926b6e8c0;
T_8 ;
    %pushi/vec4 0, 0, 1;
    %store/vec4 v000001f926bd6050_0, 0, 1;
    %pushi/vec4 0, 0, 4;
    %store/vec4 v000001f926bd5d30_0, 0, 4;
    %pushi/vec4 0, 0, 4;
    %store/vec4 v000001f926bd6f50_0, 0, 4;
    %pushi/vec4 2, 0, 32;
T_8.0 %dup/vec4;
    %pushi/vec4 0, 0, 32;
    %cmp/s;
    %jmp/1xz T_8.1, 5;
    %jmp/1 T_8.1, 4;
    %pushi/vec4 1, 0, 32;
    %sub;
    %wait E_000001f926b5a680;
    %jmp T_8.0;
T_8.1 ;
    %pop/vec4 1;
    %delay 1000, 0;
    %load/vec4 v000001f926bd5970_0;
    %pad/u 32;
    %cmpi/ne 0, 0, 32;
    %jmp/1 T_8.5, 6;
    %flag_mov 8, 6;
    %load/vec4 v000001f926bd58d0_0;
    %pad/u 32;
    %cmpi/ne 0, 0, 32;
    %flag_or 6, 8;
T_8.5;
    %jmp/1 T_8.4, 6;
    %flag_mov 8, 6;
    %load/vec4 v000001f926bd7590_0;
    %pad/u 32;
    %cmpi/ne 0, 0, 32;
    %flag_or 6, 8;
T_8.4;
    %jmp/0xz  T_8.2, 6;
    %vpi_call/w 3 74 "$display", "FAIL Q09 reset values" {0 0 0};
    %vpi_call/w 3 75 "$finish" {0 0 0};
T_8.2 ;
    %pushi/vec4 0, 0, 32;
    %store/vec4 v000001f926bd5a10_0, 0, 32;
T_8.6 ;
    %load/vec4 v000001f926bd5a10_0;
    %cmpi/s 16, 0, 32;
    %jmp/0xz T_8.7, 5;
    %load/vec4 v000001f926bd5a10_0;
    %parti/s 4, 0, 2;
    %store/vec4 v000001f926bd5d30_0, 0, 4;
    %load/vec4 v000001f926bd5a10_0;
    %parti/s 4, 0, 2;
    %store/vec4 v000001f926b63880_0, 0, 4;
    %callf/vec4 TD_q09_gray_tb.f_bin_to_gray, S_000001f9268eddf0;
    %store/vec4 v000001f926bd6f50_0, 0, 4;
    %delay 1000, 0;
    %load/vec4 v000001f926bd64b0_0;
    %load/vec4 v000001f926bd5d30_0;
    %store/vec4 v000001f926b63880_0, 0, 4;
    %callf/vec4 TD_q09_gray_tb.f_bin_to_gray, S_000001f9268eddf0;
    %cmp/ne;
    %jmp/0xz  T_8.8, 6;
    %load/vec4 v000001f926bd5d30_0;
    %store/vec4 v000001f926b63880_0, 0, 4;
    %callf/vec4 TD_q09_gray_tb.f_bin_to_gray, S_000001f9268eddf0;
    %vpi_call/w 3 83 "$display", "FAIL Q09 bin_to_gray i=%0d exp=%b got=%b", v000001f926bd5a10_0, S<0,vec4,u4>, v000001f926bd64b0_0 {1 0 0};
    %vpi_call/w 3 84 "$finish" {0 0 0};
T_8.8 ;
    %load/vec4 v000001f926bd6410_0;
    %load/vec4 v000001f926bd5a10_0;
    %parti/s 4, 0, 2;
    %cmp/ne;
    %jmp/0xz  T_8.10, 6;
    %vpi_call/w 3 87 "$display", "FAIL Q09 gray_to_bin i=%0d exp=%b got=%b", &PV<v000001f926bd5a10_0, 0, 4>, &PV<v000001f926bd5a10_0, 0, 4>, v000001f926bd6410_0 {0 0 0};
    %vpi_call/w 3 88 "$finish" {0 0 0};
T_8.10 ;
    %load/vec4 v000001f926bd5a10_0;
    %addi 1, 0, 32;
    %store/vec4 v000001f926bd5a10_0, 0, 32;
    %jmp T_8.6;
T_8.7 ;
    %pushi/vec4 1, 0, 1;
    %store/vec4 v000001f926bd6050_0, 0, 1;
    %pushi/vec4 1, 0, 4;
    %store/vec4 v000001f926bd5830_0, 0, 4;
    %pushi/vec4 0, 0, 32;
    %store/vec4 v000001f926bd5a10_0, 0, 32;
T_8.12 ;
    %load/vec4 v000001f926bd5a10_0;
    %cmpi/s 20, 0, 32;
    %jmp/0xz T_8.13, 5;
    %wait E_000001f926b5a680;
    %delay 1000, 0;
    %load/vec4 v000001f926bd5830_0;
    %store/vec4 v000001f926b63880_0, 0, 4;
    %callf/vec4 TD_q09_gray_tb.f_bin_to_gray, S_000001f9268eddf0;
    %store/vec4 v000001f926bd5dd0_0, 0, 4;
    %load/vec4 v000001f926bd5970_0;
    %load/vec4 v000001f926bd5dd0_0;
    %cmp/ne;
    %jmp/0xz  T_8.14, 6;
    %vpi_call/w 3 101 "$display", "FAIL Q09 bin_counter_gray_out cyc=%0d exp=%b got=%b", v000001f926bd5a10_0, v000001f926bd5dd0_0, v000001f926bd5970_0 {0 0 0};
    %vpi_call/w 3 102 "$finish" {0 0 0};
T_8.14 ;
    %load/vec4 v000001f926bd58d0_0;
    %load/vec4 v000001f926bd5dd0_0;
    %cmp/ne;
    %jmp/0xz  T_8.16, 6;
    %vpi_call/w 3 106 "$display", "FAIL Q09 gray_counter_store_gray gray cyc=%0d exp=%b got=%b", v000001f926bd5a10_0, v000001f926bd5dd0_0, v000001f926bd58d0_0 {0 0 0};
    %vpi_call/w 3 107 "$finish" {0 0 0};
T_8.16 ;
    %load/vec4 v000001f926bd7590_0;
    %load/vec4 v000001f926bd5830_0;
    %cmp/ne;
    %jmp/0xz  T_8.18, 6;
    %vpi_call/w 3 111 "$display", "FAIL Q09 gray_counter_store_gray bin cyc=%0d exp=%b got=%b", v000001f926bd5a10_0, v000001f926bd5830_0, v000001f926bd7590_0 {0 0 0};
    %vpi_call/w 3 112 "$finish" {0 0 0};
T_8.18 ;
    %load/vec4 v000001f926bd5830_0;
    %addi 1, 0, 4;
    %store/vec4 v000001f926bd5830_0, 0, 4;
    %load/vec4 v000001f926bd5a10_0;
    %addi 1, 0, 32;
    %store/vec4 v000001f926bd5a10_0, 0, 32;
    %jmp T_8.12;
T_8.13 ;
    %vpi_call/w 3 118 "$display", "PASS Q09 gray modules" {0 0 0};
    %vpi_call/w 3 119 "$finish" {0 0 0};
    %end;
    .thread T_8;
# The file index is used to find the file name in the following table.
:file_names 5;
    "N/A";
    "<interactive>";
    "-";
    "C:\Users\kapil\OneDrive\Desktop\Practiceverilog\tb\q09_gray_tb.v";
    "./qa/q09_gray/gray_blocks.v";
